[INFO  10:18:00] Start training with parametrization:
{
    "batch_size": 500,
    "beta": 1,
    "c_energy": "squared_error",
    "dataset": "mnist",
    "dimensions": [
        784,
        1000,
        10
    ],
    "dynamics": {
        "dt": 0.1,
        "n_relax": 20,
        "tau": 1,
        "tol": 0
    },
    "energy": "cond_gaussian",
    "epochs": 100,
    "fast_ff_init": true,
    "learning_rate": 0.001,
    "log_dir": "",
    "nonlinearity": "relu",
    "optimizer": "adam",
    "seed": 2022
}
[INFO  10:18:00] 0%:	E: 0.00	dE -177.20	batch_acc 0.1140
[INFO  10:18:04] 10%:	E: 0.00	dE -68.21	batch_acc 0.4620
[INFO  10:18:08] 20%:	E: 0.00	dE -38.29	batch_acc 0.7600
[INFO  10:18:12] 30%:	E: 0.00	dE -32.96	batch_acc 0.7880
[INFO  10:18:16] 40%:	E: 0.00	dE -28.04	batch_acc 0.8300
[INFO  10:18:21] 50%:	E: 0.00	dE -28.91	batch_acc 0.8080
[INFO  10:18:26] 60%:	E: 0.00	dE -26.51	batch_acc 0.8160
[INFO  10:18:31] 70%:	E: 0.00	dE -22.74	batch_acc 0.8660
[INFO  10:18:35] 80%:	E: 0.00	dE -22.96	batch_acc 0.8480
[INFO  10:18:40] 90%:	E: 0.00	dE -23.16	batch_acc 0.8500
[INFO  10:18:45] epoch: 1 	 test_acc: 0.8396 	 mean_E: 0.0000
[INFO  10:18:46] 0%:	E: 0.00	dE -22.72	batch_acc 0.8360
[INFO  10:18:50] 10%:	E: 0.00	dE -20.20	batch_acc 0.8860
[INFO  10:18:55] 20%:	E: 0.00	dE -21.13	batch_acc 0.8680
[INFO  10:19:00] 30%:	E: 0.00	dE -21.98	batch_acc 0.8460
[INFO  10:19:04] 40%:	E: 0.00	dE -20.01	batch_acc 0.8800
[INFO  10:19:09] 50%:	E: 0.00	dE -20.45	batch_acc 0.8640
[INFO  10:19:13] 60%:	E: 0.00	dE -20.08	batch_acc 0.8680
[INFO  10:19:18] 70%:	E: 0.00	dE -20.30	batch_acc 0.8720
[INFO  10:19:23] 80%:	E: 0.00	dE -20.37	batch_acc 0.8680
[INFO  10:19:27] 90%:	E: 0.00	dE -18.43	batch_acc 0.8840
[INFO  10:19:33] epoch: 2 	 test_acc: 0.8608 	 mean_E: 0.0000
[INFO  10:19:33] 0%:	E: 0.00	dE -17.36	batch_acc 0.8940
[INFO  10:19:38] 10%:	E: 0.00	dE -19.59	batch_acc 0.8700
[INFO  10:19:43] 20%:	E: 0.00	dE -19.45	batch_acc 0.8680
[INFO  10:19:47] 30%:	E: 0.00	dE -18.79	batch_acc 0.8640
[INFO  10:19:52] 40%:	E: 0.00	dE -20.05	batch_acc 0.8860
[INFO  10:19:56] 50%:	E: 0.00	dE -17.48	batch_acc 0.8980
[INFO  10:20:01] 60%:	E: 0.00	dE -19.10	batch_acc 0.8760
[INFO  10:20:05] 70%:	E: 0.00	dE -16.36	batch_acc 0.9120
[INFO  10:20:10] 80%:	E: 0.00	dE -18.07	batch_acc 0.8840
[INFO  10:20:15] 90%:	E: 0.00	dE -15.78	batch_acc 0.9060
[INFO  10:20:21] epoch: 3 	 test_acc: 0.8658 	 mean_E: 0.0000
[INFO  10:20:21] 0%:	E: 0.00	dE -18.15	batch_acc 0.8820
[INFO  10:20:26] 10%:	E: 0.00	dE -17.10	batch_acc 0.8940
[INFO  10:20:30] 20%:	E: 0.00	dE -15.55	batch_acc 0.9060
[INFO  10:20:35] 30%:	E: 0.00	dE -16.67	batch_acc 0.8960
[INFO  10:20:39] 40%:	E: 0.00	dE -16.88	batch_acc 0.8920
[INFO  10:20:44] 50%:	E: 0.00	dE -17.25	batch_acc 0.8940
[INFO  10:20:49] 60%:	E: 0.00	dE -15.78	batch_acc 0.9100
[INFO  10:20:53] 70%:	E: 0.00	dE -17.58	batch_acc 0.8860
[INFO  10:20:58] 80%:	E: 0.00	dE -16.49	batch_acc 0.9020
[INFO  10:21:02] 90%:	E: 0.00	dE -16.78	batch_acc 0.8920
[INFO  10:21:08] epoch: 4 	 test_acc: 0.8744 	 mean_E: 0.0000
[INFO  10:21:09] 0%:	E: 0.00	dE -13.84	batch_acc 0.9260
[INFO  10:21:13] 10%:	E: 0.00	dE -16.81	batch_acc 0.8920
[INFO  10:21:17] 20%:	E: 0.00	dE -16.63	batch_acc 0.8980
[INFO  10:21:21] 30%:	E: 0.00	dE -17.24	batch_acc 0.9080
[INFO  10:21:26] 40%:	E: 0.00	dE -17.17	batch_acc 0.9000
[INFO  10:21:30] 50%:	E: 0.00	dE -16.46	batch_acc 0.9040
[INFO  10:21:35] 60%:	E: 0.00	dE -16.12	batch_acc 0.8980
[INFO  10:21:40] 70%:	E: 0.00	dE -15.96	batch_acc 0.9080
[INFO  10:21:44] 80%:	E: 0.00	dE -15.17	batch_acc 0.9140
[INFO  10:21:49] 90%:	E: 0.00	dE -16.04	batch_acc 0.9020
[INFO  10:21:55] epoch: 5 	 test_acc: 0.8761 	 mean_E: 0.0000
[INFO  10:21:55] 0%:	E: 0.00	dE -16.50	batch_acc 0.9120
[INFO  10:22:00] 10%:	E: 0.00	dE -16.46	batch_acc 0.8860
[INFO  10:22:04] 20%:	E: 0.00	dE -16.04	batch_acc 0.9000
[INFO  10:22:08] 30%:	E: 0.00	dE -14.66	batch_acc 0.9060
[INFO  10:22:13] 40%:	E: 0.00	dE -16.96	batch_acc 0.8800
[INFO  10:22:18] 50%:	E: 0.00	dE -17.06	batch_acc 0.8980
[INFO  10:22:22] 60%:	E: 0.00	dE -16.64	batch_acc 0.8960
[INFO  10:22:27] 70%:	E: 0.00	dE -13.54	batch_acc 0.9300
[INFO  10:22:32] 80%:	E: 0.00	dE -15.17	batch_acc 0.9080
[INFO  10:22:36] 90%:	E: 0.00	dE -16.62	batch_acc 0.8900
[INFO  10:22:42] epoch: 6 	 test_acc: 0.8792 	 mean_E: 0.0000
[INFO  10:22:42] 0%:	E: 0.00	dE -16.25	batch_acc 0.8980
[INFO  10:22:47] 10%:	E: 0.00	dE -15.62	batch_acc 0.9100
[INFO  10:22:52] 20%:	E: 0.00	dE -15.86	batch_acc 0.8960
[INFO  10:22:57] 30%:	E: 0.00	dE -14.93	batch_acc 0.8980
[INFO  10:23:02] 40%:	E: 0.00	dE -15.38	batch_acc 0.9040
[INFO  10:23:06] 50%:	E: 0.00	dE -14.09	batch_acc 0.9200
[INFO  10:23:11] 60%:	E: 0.00	dE -15.34	batch_acc 0.9120
[INFO  10:23:15] 70%:	E: 0.00	dE -16.62	batch_acc 0.8860
[INFO  10:23:20] 80%:	E: 0.00	dE -14.99	batch_acc 0.9060
[INFO  10:23:25] 90%:	E: 0.00	dE -14.38	batch_acc 0.9060
[INFO  10:23:30] epoch: 7 	 test_acc: 0.8806 	 mean_E: 0.0000
[INFO  10:23:31] 0%:	E: 0.00	dE -14.97	batch_acc 0.9080
[INFO  10:23:36] 10%:	E: 0.00	dE -15.24	batch_acc 0.9160
[INFO  10:23:40] 20%:	E: 0.00	dE -13.63	batch_acc 0.9160
[INFO  10:23:45] 30%:	E: 0.00	dE -14.56	batch_acc 0.9220
[INFO  10:23:50] 40%:	E: 0.00	dE -15.36	batch_acc 0.8980
[INFO  10:23:54] 50%:	E: 0.00	dE -13.20	batch_acc 0.9400
[INFO  10:23:59] 60%:	E: 0.00	dE -13.57	batch_acc 0.9380
[INFO  10:24:04] 70%:	E: 0.00	dE -12.71	batch_acc 0.9260
[INFO  10:24:08] 80%:	E: 0.00	dE -15.79	batch_acc 0.9080
[INFO  10:24:13] 90%:	E: 0.00	dE -15.56	batch_acc 0.9040
[INFO  10:24:19] epoch: 8 	 test_acc: 0.8803 	 mean_E: 0.0000
[INFO  10:24:19] 0%:	E: 0.00	dE -15.35	batch_acc 0.8980
[INFO  10:24:24] 10%:	E: 0.00	dE -14.60	batch_acc 0.9060
[INFO  10:24:29] 20%:	E: 0.00	dE -13.69	batch_acc 0.9260
[INFO  10:24:33] 30%:	E: 0.00	dE -12.10	batch_acc 0.9280
[INFO  10:24:38] 40%:	E: 0.00	dE -15.80	batch_acc 0.9180
[INFO  10:24:43] 50%:	E: 0.00	dE -12.86	batch_acc 0.9240
[INFO  10:24:48] 60%:	E: 0.00	dE -17.37	batch_acc 0.8760
[INFO  10:24:52] 70%:	E: 0.00	dE -14.88	batch_acc 0.9140
[INFO  10:24:57] 80%:	E: 0.00	dE -14.97	batch_acc 0.9080
[INFO  10:25:02] 90%:	E: 0.00	dE -14.51	batch_acc 0.9100
[INFO  10:25:08] epoch: 9 	 test_acc: 0.8835 	 mean_E: 0.0000
[INFO  10:25:08] 0%:	E: 0.00	dE -15.12	batch_acc 0.9060
[INFO  10:25:12] 10%:	E: 0.00	dE -14.55	batch_acc 0.9080
[INFO  10:25:16] 20%:	E: 0.00	dE -14.93	batch_acc 0.9060
[INFO  10:25:20] 30%:	E: 0.00	dE -13.73	batch_acc 0.9120
[INFO  10:25:25] 40%:	E: 0.00	dE -12.22	batch_acc 0.9320
[INFO  10:25:29] 50%:	E: 0.00	dE -11.83	batch_acc 0.9540
[INFO  10:25:33] 60%:	E: 0.00	dE -14.79	batch_acc 0.9160
[INFO  10:25:38] 70%:	E: 0.00	dE -13.88	batch_acc 0.9240
[INFO  10:25:43] 80%:	E: 0.00	dE -14.81	batch_acc 0.9100
[INFO  10:25:47] 90%:	E: 0.00	dE -16.30	batch_acc 0.8880
[INFO  10:25:53] epoch: 10 	 test_acc: 0.8833 	 mean_E: 0.0000
[INFO  10:25:53] 0%:	E: 0.00	dE -13.65	batch_acc 0.9200
[INFO  10:25:58] 10%:	E: 0.00	dE -14.25	batch_acc 0.9100
[INFO  10:26:03] 20%:	E: 0.00	dE -13.39	batch_acc 0.9200
[INFO  10:26:08] 30%:	E: 0.00	dE -14.99	batch_acc 0.9020
[INFO  10:26:12] 40%:	E: 0.00	dE -13.75	batch_acc 0.9200
[INFO  10:26:17] 50%:	E: 0.00	dE -12.05	batch_acc 0.9440
[INFO  10:26:22] 60%:	E: 0.00	dE -12.82	batch_acc 0.9400
[INFO  10:26:27] 70%:	E: 0.00	dE -14.42	batch_acc 0.9080
[INFO  10:26:31] 80%:	E: 0.00	dE -11.40	batch_acc 0.9280
[INFO  10:26:36] 90%:	E: 0.00	dE -14.43	batch_acc 0.9140
[INFO  10:26:42] epoch: 11 	 test_acc: 0.8838 	 mean_E: 0.0000
[INFO  10:26:43] 0%:	E: 0.00	dE -12.90	batch_acc 0.9380
[INFO  10:26:47] 10%:	E: 0.00	dE -13.10	batch_acc 0.9180
[INFO  10:26:51] 20%:	E: 0.00	dE -12.72	batch_acc 0.9260
[INFO  10:26:56] 30%:	E: 0.00	dE -14.43	batch_acc 0.9240
[INFO  10:27:01] 40%:	E: 0.00	dE -14.57	batch_acc 0.9080
[INFO  10:27:05] 50%:	E: 0.00	dE -14.29	batch_acc 0.9140
[INFO  10:27:10] 60%:	E: 0.00	dE -12.87	batch_acc 0.9180
[INFO  10:27:14] 70%:	E: 0.00	dE -14.11	batch_acc 0.9140
[INFO  10:27:19] 80%:	E: 0.00	dE -12.24	batch_acc 0.9240
[INFO  10:27:23] 90%:	E: 0.00	dE -13.53	batch_acc 0.9180
[INFO  10:27:29] epoch: 12 	 test_acc: 0.8856 	 mean_E: 0.0000
[INFO  10:27:29] 0%:	E: 0.00	dE -14.07	batch_acc 0.9200
[INFO  10:27:34] 10%:	E: 0.00	dE -11.53	batch_acc 0.9260
[INFO  10:27:39] 20%:	E: 0.00	dE -11.49	batch_acc 0.9420
[INFO  10:27:43] 30%:	E: 0.00	dE -11.60	batch_acc 0.9380
[INFO  10:27:48] 40%:	E: 0.00	dE -13.11	batch_acc 0.9180
[INFO  10:27:51] 50%:	E: 0.00	dE -13.63	batch_acc 0.9240
[INFO  10:27:55] 60%:	E: 0.00	dE -13.31	batch_acc 0.9260
[INFO  10:27:59] 70%:	E: 0.00	dE -11.73	batch_acc 0.9340
[INFO  10:28:04] 80%:	E: 0.00	dE -11.68	batch_acc 0.9380
[INFO  10:28:08] 90%:	E: 0.00	dE -11.97	batch_acc 0.9200
[INFO  10:28:14] epoch: 13 	 test_acc: 0.8871 	 mean_E: 0.0000
[INFO  10:28:14] 0%:	E: 0.00	dE -10.93	batch_acc 0.9400
[INFO  10:28:19] 10%:	E: 0.00	dE -12.13	batch_acc 0.9360
[INFO  10:28:23] 20%:	E: 0.00	dE -11.23	batch_acc 0.9460
[INFO  10:28:28] 30%:	E: 0.00	dE -13.15	batch_acc 0.9360
[INFO  10:28:32] 40%:	E: 0.00	dE -12.64	batch_acc 0.9340
[INFO  10:28:37] 50%:	E: 0.00	dE -13.81	batch_acc 0.9320
[INFO  10:28:41] 60%:	E: 0.00	dE -12.44	batch_acc 0.9280
[INFO  10:28:46] 70%:	E: 0.00	dE -12.88	batch_acc 0.9300
[INFO  10:28:50] 80%:	E: 0.00	dE -13.08	batch_acc 0.9360
[INFO  10:28:55] 90%:	E: 0.00	dE -12.99	batch_acc 0.9160
[INFO  10:29:00] epoch: 14 	 test_acc: 0.8884 	 mean_E: 0.0000
[INFO  10:29:01] 0%:	E: 0.00	dE -12.74	batch_acc 0.9120
[INFO  10:29:05] 10%:	E: 0.00	dE -12.21	batch_acc 0.9420
[INFO  10:29:10] 20%:	E: 0.00	dE -14.08	batch_acc 0.9200
[INFO  10:29:14] 30%:	E: 0.00	dE -11.69	batch_acc 0.9480
[INFO  10:29:19] 40%:	E: 0.00	dE -11.43	batch_acc 0.9440
[INFO  10:29:24] 50%:	E: 0.00	dE -12.96	batch_acc 0.9340
[INFO  10:29:28] 60%:	E: 0.00	dE -12.09	batch_acc 0.9380
[INFO  10:29:33] 70%:	E: 0.00	dE -11.77	batch_acc 0.9380
[INFO  10:29:38] 80%:	E: 0.00	dE -12.87	batch_acc 0.9280
[INFO  10:29:42] 90%:	E: 0.00	dE -12.83	batch_acc 0.9300
[INFO  10:29:48] epoch: 15 	 test_acc: 0.8885 	 mean_E: 0.0000
[INFO  10:29:49] 0%:	E: 0.00	dE -10.59	batch_acc 0.9540
[INFO  10:29:53] 10%:	E: 0.00	dE -10.24	batch_acc 0.9420
[INFO  10:29:58] 20%:	E: 0.00	dE -12.28	batch_acc 0.9260
[INFO  10:30:02] 30%:	E: 0.00	dE -11.42	batch_acc 0.9460
[INFO  10:30:07] 40%:	E: 0.00	dE -12.32	batch_acc 0.9340
[INFO  10:30:11] 50%:	E: 0.00	dE -11.23	batch_acc 0.9460
[INFO  10:30:16] 60%:	E: 0.00	dE -14.16	batch_acc 0.9360
[INFO  10:30:21] 70%:	E: 0.00	dE -14.06	batch_acc 0.9100
[INFO  10:30:25] 80%:	E: 0.00	dE -12.30	batch_acc 0.9260
[INFO  10:30:30] 90%:	E: 0.00	dE -12.53	batch_acc 0.9300
[INFO  10:30:36] epoch: 16 	 test_acc: 0.8881 	 mean_E: 0.0000
[INFO  10:30:36] 0%:	E: 0.00	dE -13.26	batch_acc 0.9300
[INFO  10:30:40] 10%:	E: 0.00	dE -11.39	batch_acc 0.9420
[INFO  10:30:45] 20%:	E: 0.00	dE -13.35	batch_acc 0.9260
[INFO  10:30:50] 30%:	E: 0.00	dE -12.10	batch_acc 0.9420
[INFO  10:30:54] 40%:	E: 0.00	dE -13.61	batch_acc 0.9160
[INFO  10:30:59] 50%:	E: 0.00	dE -11.12	batch_acc 0.9420
[INFO  10:31:04] 60%:	E: 0.00	dE -11.34	batch_acc 0.9440
[INFO  10:31:08] 70%:	E: 0.00	dE -11.99	batch_acc 0.9420
[INFO  10:31:13] 80%:	E: 0.00	dE -11.48	batch_acc 0.9400
[INFO  10:31:18] 90%:	E: 0.00	dE -13.37	batch_acc 0.9280
[INFO  10:31:23] epoch: 17 	 test_acc: 0.8871 	 mean_E: 0.0000
[INFO  10:31:24] 0%:	E: 0.00	dE -13.05	batch_acc 0.9240
[INFO  10:31:28] 10%:	E: 0.00	dE -11.67	batch_acc 0.9380
[INFO  10:31:33] 20%:	E: 0.00	dE -10.72	batch_acc 0.9420
[INFO  10:31:38] 30%:	E: 0.00	dE -11.95	batch_acc 0.9380
[INFO  10:31:42] 40%:	E: 0.00	dE -11.32	batch_acc 0.9460
[INFO  10:31:47] 50%:	E: 0.00	dE -11.43	batch_acc 0.9420
[INFO  10:31:52] 60%:	E: 0.00	dE -11.39	batch_acc 0.9360
[INFO  10:31:56] 70%:	E: 0.00	dE -13.65	batch_acc 0.9140
[INFO  10:32:01] 80%:	E: 0.00	dE -13.54	batch_acc 0.9240
[INFO  10:32:05] 90%:	E: 0.00	dE -11.98	batch_acc 0.9360
[INFO  10:32:11] epoch: 18 	 test_acc: 0.8909 	 mean_E: 0.0000
[INFO  10:32:11] 0%:	E: 0.00	dE -11.49	batch_acc 0.9340
[INFO  10:32:16] 10%:	E: 0.00	dE -11.15	batch_acc 0.9480
[INFO  10:32:21] 20%:	E: 0.00	dE -12.45	batch_acc 0.9320
[INFO  10:32:25] 30%:	E: 0.00	dE -11.31	batch_acc 0.9380
[INFO  10:32:30] 40%:	E: 0.00	dE -11.70	batch_acc 0.9360
[INFO  10:32:34] 50%:	E: 0.00	dE -10.37	batch_acc 0.9520
[INFO  10:32:38] 60%:	E: 0.00	dE -12.81	batch_acc 0.9440
[INFO  10:32:43] 70%:	E: 0.00	dE -9.95	batch_acc 0.9520
[INFO  10:32:47] 80%:	E: 0.00	dE -10.99	batch_acc 0.9480
[INFO  10:32:52] 90%:	E: 0.00	dE -11.79	batch_acc 0.9360
[INFO  10:32:58] epoch: 19 	 test_acc: 0.8880 	 mean_E: 0.0000
[INFO  10:32:58] 0%:	E: 0.00	dE -11.25	batch_acc 0.9340
[INFO  10:33:03] 10%:	E: 0.00	dE -12.25	batch_acc 0.9360
[INFO  10:33:07] 20%:	E: 0.00	dE -11.45	batch_acc 0.9420
[INFO  10:33:11] 30%:	E: 0.00	dE -10.64	batch_acc 0.9460
[INFO  10:33:16] 40%:	E: 0.00	dE -10.81	batch_acc 0.9420
[INFO  10:33:21] 50%:	E: 0.00	dE -11.05	batch_acc 0.9400
[INFO  10:33:25] 60%:	E: 0.00	dE -9.90	batch_acc 0.9500
[INFO  10:33:30] 70%:	E: 0.00	dE -11.83	batch_acc 0.9400
[INFO  10:33:34] 80%:	E: 0.00	dE -11.77	batch_acc 0.9400
[INFO  10:33:39] 90%:	E: 0.00	dE -12.56	batch_acc 0.9400
[INFO  10:33:45] epoch: 20 	 test_acc: 0.8906 	 mean_E: 0.0000
[INFO  10:33:45] 0%:	E: 0.00	dE -9.95	batch_acc 0.9560
[INFO  10:33:50] 10%:	E: 0.00	dE -10.77	batch_acc 0.9640
[INFO  10:33:54] 20%:	E: 0.00	dE -12.84	batch_acc 0.9380
[INFO  10:33:59] 30%:	E: 0.00	dE -11.25	batch_acc 0.9400
[INFO  10:34:03] 40%:	E: 0.00	dE -9.88	batch_acc 0.9520
[INFO  10:34:08] 50%:	E: 0.00	dE -11.65	batch_acc 0.9300
[INFO  10:34:13] 60%:	E: 0.00	dE -11.57	batch_acc 0.9520
[INFO  10:34:17] 70%:	E: 0.00	dE -12.20	batch_acc 0.9340
[INFO  10:34:22] 80%:	E: 0.00	dE -11.14	batch_acc 0.9480
[INFO  10:34:26] 90%:	E: 0.00	dE -11.30	batch_acc 0.9400
[INFO  10:34:31] epoch: 21 	 test_acc: 0.8878 	 mean_E: 0.0000
[INFO  10:34:32] 0%:	E: 0.00	dE -10.78	batch_acc 0.9480
[INFO  10:34:36] 10%:	E: 0.00	dE -11.24	batch_acc 0.9400
[INFO  10:34:41] 20%:	E: 0.00	dE -11.20	batch_acc 0.9440
[INFO  10:34:45] 30%:	E: 0.00	dE -13.00	batch_acc 0.9220
[INFO  10:34:49] 40%:	E: 0.00	dE -10.62	batch_acc 0.9460
[INFO  10:34:54] 50%:	E: 0.00	dE -14.48	batch_acc 0.9200
[INFO  10:34:58] 60%:	E: 0.00	dE -11.34	batch_acc 0.9420
[INFO  10:35:03] 70%:	E: 0.00	dE -10.46	batch_acc 0.9500
[INFO  10:35:07] 80%:	E: 0.00	dE -10.83	batch_acc 0.9540
[INFO  10:35:12] 90%:	E: 0.00	dE -11.68	batch_acc 0.9400
[INFO  10:35:17] epoch: 22 	 test_acc: 0.8909 	 mean_E: 0.0000
[INFO  10:35:18] 0%:	E: 0.00	dE -10.45	batch_acc 0.9540
[INFO  10:35:22] 10%:	E: 0.00	dE -9.93	batch_acc 0.9560
[INFO  10:35:27] 20%:	E: 0.00	dE -12.07	batch_acc 0.9460
[INFO  10:35:31] 30%:	E: 0.00	dE -11.47	batch_acc 0.9440
[INFO  10:35:36] 40%:	E: 0.00	dE -12.64	batch_acc 0.9320
[INFO  10:35:40] 50%:	E: 0.00	dE -11.45	batch_acc 0.9340
[INFO  10:35:45] 60%:	E: 0.00	dE -9.51	batch_acc 0.9640
[INFO  10:35:49] 70%:	E: 0.00	dE -9.46	batch_acc 0.9560
[INFO  10:35:54] 80%:	E: 0.00	dE -9.41	batch_acc 0.9540
[INFO  10:35:58] 90%:	E: 0.00	dE -9.88	batch_acc 0.9540
[INFO  10:36:04] epoch: 23 	 test_acc: 0.8918 	 mean_E: 0.0000
[INFO  10:36:04] 0%:	E: 0.00	dE -10.32	batch_acc 0.9580
[INFO  10:36:09] 10%:	E: 0.00	dE -9.95	batch_acc 0.9580
[INFO  10:36:13] 20%:	E: 0.00	dE -9.56	batch_acc 0.9660
[INFO  10:36:18] 30%:	E: 0.00	dE -10.66	batch_acc 0.9500
[INFO  10:36:23] 40%:	E: 0.00	dE -10.52	batch_acc 0.9460
[INFO  10:36:27] 50%:	E: 0.00	dE -8.97	batch_acc 0.9680
[INFO  10:36:31] 60%:	E: 0.00	dE -11.66	batch_acc 0.9360
[INFO  10:36:35] 70%:	E: 0.00	dE -12.07	batch_acc 0.9360
[INFO  10:36:40] 80%:	E: 0.00	dE -11.12	batch_acc 0.9480
[INFO  10:36:45] 90%:	E: 0.00	dE -10.85	batch_acc 0.9420
[INFO  10:36:51] epoch: 24 	 test_acc: 0.8910 	 mean_E: 0.0000
[INFO  10:36:51] 0%:	E: 0.00	dE -10.96	batch_acc 0.9440
[INFO  10:36:56] 10%:	E: 0.00	dE -8.28	batch_acc 0.9700
[INFO  10:37:01] 20%:	E: 0.00	dE -9.59	batch_acc 0.9600
[INFO  10:37:05] 30%:	E: 0.00	dE -10.01	batch_acc 0.9500
[INFO  10:37:10] 40%:	E: 0.00	dE -10.00	batch_acc 0.9520
[INFO  10:37:15] 50%:	E: 0.00	dE -10.70	batch_acc 0.9560
[INFO  10:37:20] 60%:	E: 0.00	dE -11.49	batch_acc 0.9520
[INFO  10:37:24] 70%:	E: 0.00	dE -10.61	batch_acc 0.9420
[INFO  10:37:29] 80%:	E: 0.00	dE -10.84	batch_acc 0.9340
[INFO  10:37:34] 90%:	E: 0.00	dE -10.87	batch_acc 0.9360
[INFO  10:37:39] epoch: 25 	 test_acc: 0.8881 	 mean_E: 0.0000
[INFO  10:37:40] 0%:	E: 0.00	dE -11.37	batch_acc 0.9480
[INFO  10:37:44] 10%:	E: 0.00	dE -10.84	batch_acc 0.9460
[INFO  10:37:49] 20%:	E: 0.00	dE -10.11	batch_acc 0.9600
[INFO  10:37:53] 30%:	E: 0.00	dE -10.78	batch_acc 0.9420
[INFO  10:37:58] 40%:	E: 0.00	dE -10.05	batch_acc 0.9500
[INFO  10:38:03] 50%:	E: 0.00	dE -11.16	batch_acc 0.9420
[INFO  10:38:07] 60%:	E: 0.00	dE -10.04	batch_acc 0.9500
[INFO  10:38:12] 70%:	E: 0.00	dE -10.38	batch_acc 0.9480
[INFO  10:38:17] 80%:	E: 0.00	dE -9.99	batch_acc 0.9480
[INFO  10:38:21] 90%:	E: 0.00	dE -11.89	batch_acc 0.9420
[INFO  10:38:27] epoch: 26 	 test_acc: 0.8924 	 mean_E: 0.0000
[INFO  10:38:27] 0%:	E: 0.00	dE -9.19	batch_acc 0.9600
[INFO  10:38:32] 10%:	E: 0.00	dE -11.76	batch_acc 0.9400
[INFO  10:38:36] 20%:	E: 0.00	dE -11.31	batch_acc 0.9400
[INFO  10:38:41] 30%:	E: 0.00	dE -9.98	batch_acc 0.9600
[INFO  10:38:45] 40%:	E: 0.00	dE -10.49	batch_acc 0.9500
[INFO  10:38:50] 50%:	E: 0.00	dE -10.20	batch_acc 0.9540
[INFO  10:38:55] 60%:	E: 0.00	dE -10.21	batch_acc 0.9460
[INFO  10:38:59] 70%:	E: 0.00	dE -11.40	batch_acc 0.9320
[INFO  10:39:04] 80%:	E: 0.00	dE -9.51	batch_acc 0.9480
[INFO  10:39:09] 90%:	E: 0.00	dE -10.50	batch_acc 0.9420
[INFO  10:39:14] epoch: 27 	 test_acc: 0.8890 	 mean_E: 0.0000
[INFO  10:39:15] 0%:	E: 0.00	dE -8.30	batch_acc 0.9600
[INFO  10:39:20] 10%:	E: 0.00	dE -9.49	batch_acc 0.9540
[INFO  10:39:24] 20%:	E: 0.00	dE -9.70	batch_acc 0.9440
[INFO  10:39:28] 30%:	E: 0.00	dE -10.45	batch_acc 0.9500
[INFO  10:39:33] 40%:	E: 0.00	dE -10.12	batch_acc 0.9600
[INFO  10:39:37] 50%:	E: 0.00	dE -11.02	batch_acc 0.9440
[INFO  10:39:42] 60%:	E: 0.00	dE -9.76	batch_acc 0.9540
[INFO  10:39:47] 70%:	E: 0.00	dE -10.11	batch_acc 0.9460
[INFO  10:39:51] 80%:	E: 0.00	dE -9.83	batch_acc 0.9540
[INFO  10:39:56] 90%:	E: 0.00	dE -10.46	batch_acc 0.9480
[INFO  10:40:02] epoch: 28 	 test_acc: 0.8930 	 mean_E: 0.0000
[INFO  10:40:02] 0%:	E: 0.00	dE -9.57	batch_acc 0.9500
[INFO  10:40:07] 10%:	E: 0.00	dE -9.50	batch_acc 0.9480
[INFO  10:40:12] 20%:	E: 0.00	dE -9.62	batch_acc 0.9560
[INFO  10:40:16] 30%:	E: 0.00	dE -8.68	batch_acc 0.9660
[INFO  10:40:21] 40%:	E: 0.00	dE -11.27	batch_acc 0.9360
[INFO  10:40:25] 50%:	E: 0.00	dE -10.80	batch_acc 0.9380
[INFO  10:40:30] 60%:	E: 0.00	dE -8.53	batch_acc 0.9680
[INFO  10:40:35] 70%:	E: 0.00	dE -10.47	batch_acc 0.9540
[INFO  10:40:39] 80%:	E: 0.00	dE -10.92	batch_acc 0.9420
[INFO  10:40:44] 90%:	E: 0.00	dE -10.27	batch_acc 0.9520
[INFO  10:40:50] epoch: 29 	 test_acc: 0.8919 	 mean_E: 0.0000
[INFO  10:40:50] 0%:	E: 0.00	dE -9.78	batch_acc 0.9560
[INFO  10:40:55] 10%:	E: 0.00	dE -9.38	batch_acc 0.9580
[INFO  10:40:59] 20%:	E: 0.00	dE -9.83	batch_acc 0.9580
[INFO  10:41:04] 30%:	E: 0.00	dE -9.18	batch_acc 0.9560
[INFO  10:41:08] 40%:	E: 0.00	dE -8.75	batch_acc 0.9640
[INFO  10:41:13] 50%:	E: 0.00	dE -9.92	batch_acc 0.9520
[INFO  10:41:18] 60%:	E: 0.00	dE -9.19	batch_acc 0.9660
[INFO  10:41:22] 70%:	E: 0.00	dE -10.44	batch_acc 0.9500
[INFO  10:41:27] 80%:	E: 0.00	dE -11.13	batch_acc 0.9440
[INFO  10:41:31] 90%:	E: 0.00	dE -9.37	batch_acc 0.9540
[INFO  10:41:37] epoch: 30 	 test_acc: 0.8930 	 mean_E: 0.0000
[INFO  10:41:37] 0%:	E: 0.00	dE -10.18	batch_acc 0.9580
[INFO  10:41:42] 10%:	E: 0.00	dE -10.69	batch_acc 0.9460
[INFO  10:41:47] 20%:	E: 0.00	dE -10.49	batch_acc 0.9540
[INFO  10:41:51] 30%:	E: 0.00	dE -8.88	batch_acc 0.9640
[INFO  10:41:56] 40%:	E: 0.00	dE -9.47	batch_acc 0.9560
[INFO  10:42:01] 50%:	E: 0.00	dE -9.68	batch_acc 0.9560
[INFO  10:42:05] 60%:	E: 0.00	dE -9.54	batch_acc 0.9560
[INFO  10:42:10] 70%:	E: 0.00	dE -9.41	batch_acc 0.9580
[INFO  10:42:15] 80%:	E: 0.00	dE -10.65	batch_acc 0.9600
[INFO  10:42:20] 90%:	E: 0.00	dE -10.34	batch_acc 0.9620
[INFO  10:42:25] epoch: 31 	 test_acc: 0.8916 	 mean_E: 0.0000
[INFO  10:42:25] 0%:	E: 0.00	dE -8.79	batch_acc 0.9560
[INFO  10:42:30] 10%:	E: 0.00	dE -10.27	batch_acc 0.9580
[INFO  10:42:34] 20%:	E: 0.00	dE -10.38	batch_acc 0.9600
[INFO  10:42:39] 30%:	E: 0.00	dE -9.22	batch_acc 0.9520
[INFO  10:42:43] 40%:	E: 0.00	dE -9.47	batch_acc 0.9560
[INFO  10:42:48] 50%:	E: 0.00	dE -11.42	batch_acc 0.9440
[INFO  10:42:52] 60%:	E: 0.00	dE -9.97	batch_acc 0.9580
[INFO  10:42:57] 70%:	E: 0.00	dE -8.32	batch_acc 0.9740
[INFO  10:43:02] 80%:	E: 0.00	dE -9.48	batch_acc 0.9520
[INFO  10:43:06] 90%:	E: 0.00	dE -11.45	batch_acc 0.9420
[INFO  10:43:12] epoch: 32 	 test_acc: 0.8895 	 mean_E: 0.0000
[INFO  10:43:13] 0%:	E: 0.00	dE -9.11	batch_acc 0.9620
[INFO  10:43:17] 10%:	E: 0.00	dE -9.03	batch_acc 0.9600
[INFO  10:43:22] 20%:	E: 0.00	dE -8.97	batch_acc 0.9560
[INFO  10:43:27] 30%:	E: 0.00	dE -10.73	batch_acc 0.9480
[INFO  10:43:31] 40%:	E: 0.00	dE -9.09	batch_acc 0.9620
[INFO  10:43:35] 50%:	E: 0.00	dE -9.38	batch_acc 0.9640
[INFO  10:43:39] 60%:	E: 0.00	dE -8.36	batch_acc 0.9620
[INFO  10:43:44] 70%:	E: 0.00	dE -9.25	batch_acc 0.9640
[INFO  10:43:48] 80%:	E: 0.00	dE -9.80	batch_acc 0.9600
[INFO  10:43:53] 90%:	E: 0.00	dE -9.61	batch_acc 0.9560
[INFO  10:43:59] epoch: 33 	 test_acc: 0.8917 	 mean_E: 0.0000
[INFO  10:43:59] 0%:	E: 0.00	dE -9.54	batch_acc 0.9500
[INFO  10:44:04] 10%:	E: 0.00	dE -7.64	batch_acc 0.9680
[INFO  10:44:09] 20%:	E: 0.00	dE -9.26	batch_acc 0.9700
[INFO  10:44:13] 30%:	E: 0.00	dE -9.51	batch_acc 0.9600
[INFO  10:44:18] 40%:	E: 0.00	dE -10.62	batch_acc 0.9480
[INFO  10:44:23] 50%:	E: 0.00	dE -8.25	batch_acc 0.9700
[INFO  10:44:27] 60%:	E: 0.00	dE -8.95	batch_acc 0.9640
[INFO  10:44:32] 70%:	E: 0.00	dE -10.10	batch_acc 0.9460
[INFO  10:44:37] 80%:	E: 0.00	dE -8.31	batch_acc 0.9600
[INFO  10:44:42] 90%:	E: 0.00	dE -8.37	batch_acc 0.9700
[INFO  10:44:47] epoch: 34 	 test_acc: 0.8904 	 mean_E: 0.0000
[INFO  10:44:48] 0%:	E: 0.00	dE -9.70	batch_acc 0.9500
[INFO  10:44:53] 10%:	E: 0.00	dE -9.26	batch_acc 0.9560
[INFO  10:44:58] 20%:	E: 0.00	dE -9.17	batch_acc 0.9660
[INFO  10:45:02] 30%:	E: 0.00	dE -8.74	batch_acc 0.9700
[INFO  10:45:07] 40%:	E: 0.00	dE -8.66	batch_acc 0.9640
[INFO  10:45:12] 50%:	E: 0.00	dE -8.99	batch_acc 0.9620
[INFO  10:45:17] 60%:	E: 0.00	dE -9.63	batch_acc 0.9640
[INFO  10:45:21] 70%:	E: 0.00	dE -9.96	batch_acc 0.9460
[INFO  10:45:25] 80%:	E: 0.00	dE -9.36	batch_acc 0.9480
[INFO  10:45:29] 90%:	E: 0.00	dE -9.20	batch_acc 0.9640
[INFO  10:45:35] epoch: 35 	 test_acc: 0.8945 	 mean_E: 0.0000
[INFO  10:45:36] 0%:	E: 0.00	dE -9.40	batch_acc 0.9620
[INFO  10:45:40] 10%:	E: 0.00	dE -10.50	batch_acc 0.9520
[INFO  10:45:45] 20%:	E: 0.00	dE -7.82	batch_acc 0.9780
[INFO  10:45:50] 30%:	E: 0.00	dE -9.13	batch_acc 0.9680
[INFO  10:45:54] 40%:	E: 0.00	dE -9.18	batch_acc 0.9600
[INFO  10:45:59] 50%:	E: 0.00	dE -8.45	batch_acc 0.9680
[INFO  10:46:04] 60%:	E: 0.00	dE -9.23	batch_acc 0.9600
[INFO  10:46:08] 70%:	E: 0.00	dE -8.42	batch_acc 0.9620
[INFO  10:46:13] 80%:	E: 0.00	dE -10.28	batch_acc 0.9540
[INFO  10:46:18] 90%:	E: 0.00	dE -8.90	batch_acc 0.9660
[INFO  10:46:24] epoch: 36 	 test_acc: 0.8956 	 mean_E: 0.0000
[INFO  10:46:24] 0%:	E: 0.00	dE -8.89	batch_acc 0.9460
[INFO  10:46:29] 10%:	E: 0.00	dE -9.57	batch_acc 0.9540
[INFO  10:46:34] 20%:	E: 0.00	dE -7.72	batch_acc 0.9660
[INFO  10:46:38] 30%:	E: 0.00	dE -10.18	batch_acc 0.9480
[INFO  10:46:43] 40%:	E: 0.00	dE -9.12	batch_acc 0.9600
[INFO  10:46:48] 50%:	E: 0.00	dE -10.11	batch_acc 0.9560
[INFO  10:46:52] 60%:	E: 0.00	dE -7.97	batch_acc 0.9660
[INFO  10:46:57] 70%:	E: 0.00	dE -9.23	batch_acc 0.9720
[INFO  10:47:02] 80%:	E: 0.00	dE -9.86	batch_acc 0.9600
[INFO  10:47:06] 90%:	E: 0.00	dE -9.74	batch_acc 0.9540
[INFO  10:47:11] epoch: 37 	 test_acc: 0.8897 	 mean_E: 0.0000
[INFO  10:47:12] 0%:	E: 0.00	dE -8.55	batch_acc 0.9740
[INFO  10:47:16] 10%:	E: 0.00	dE -9.71	batch_acc 0.9580
[INFO  10:47:21] 20%:	E: 0.00	dE -8.16	batch_acc 0.9720
[INFO  10:47:25] 30%:	E: 0.00	dE -9.06	batch_acc 0.9500
[INFO  10:47:29] 40%:	E: 0.00	dE -8.68	batch_acc 0.9680
[INFO  10:47:32] 50%:	E: 0.00	dE -8.91	batch_acc 0.9560
[INFO  10:47:37] 60%:	E: 0.00	dE -9.17	batch_acc 0.9500
[INFO  10:47:41] 70%:	E: 0.00	dE -8.48	batch_acc 0.9520
[INFO  10:47:46] 80%:	E: 0.00	dE -7.92	batch_acc 0.9720
[INFO  10:47:50] 90%:	E: 0.00	dE -8.46	batch_acc 0.9620
[INFO  10:47:56] epoch: 38 	 test_acc: 0.8903 	 mean_E: 0.0000
[INFO  10:47:56] 0%:	E: 0.00	dE -7.57	batch_acc 0.9720
[INFO  10:48:01] 10%:	E: 0.00	dE -8.74	batch_acc 0.9640
[INFO  10:48:05] 20%:	E: 0.00	dE -8.78	batch_acc 0.9680
[INFO  10:48:10] 30%:	E: 0.00	dE -11.14	batch_acc 0.9360
[INFO  10:48:14] 40%:	E: 0.00	dE -10.02	batch_acc 0.9540
[INFO  10:48:19] 50%:	E: 0.00	dE -9.46	batch_acc 0.9600
[INFO  10:48:23] 60%:	E: 0.00	dE -8.80	batch_acc 0.9620
[INFO  10:48:28] 70%:	E: 0.00	dE -8.71	batch_acc 0.9600
[INFO  10:48:33] 80%:	E: 0.00	dE -8.38	batch_acc 0.9640
[INFO  10:48:36] 90%:	E: 0.00	dE -8.20	batch_acc 0.9700
[INFO  10:48:42] epoch: 39 	 test_acc: 0.8876 	 mean_E: 0.0000
[INFO  10:48:42] 0%:	E: 0.00	dE -7.64	batch_acc 0.9780
[INFO  10:48:47] 10%:	E: 0.00	dE -9.02	batch_acc 0.9620
[INFO  10:48:51] 20%:	E: 0.00	dE -8.57	batch_acc 0.9620
[INFO  10:48:56] 30%:	E: 0.00	dE -8.05	batch_acc 0.9760
[INFO  10:49:00] 40%:	E: 0.00	dE -10.01	batch_acc 0.9500
[INFO  10:49:05] 50%:	E: 0.00	dE -7.93	batch_acc 0.9720
[INFO  10:49:09] 60%:	E: 0.00	dE -7.76	batch_acc 0.9660
[INFO  10:49:14] 70%:	E: 0.00	dE -10.83	batch_acc 0.9540
[INFO  10:49:18] 80%:	E: 0.00	dE -8.53	batch_acc 0.9760
[INFO  10:49:23] 90%:	E: 0.00	dE -8.15	batch_acc 0.9660
[INFO  10:49:28] epoch: 40 	 test_acc: 0.8936 	 mean_E: 0.0000
[INFO  10:49:29] 0%:	E: 0.00	dE -7.14	batch_acc 0.9740
[INFO  10:49:33] 10%:	E: 0.00	dE -7.56	batch_acc 0.9780
[INFO  10:49:38] 20%:	E: 0.00	dE -8.17	batch_acc 0.9660
[INFO  10:49:43] 30%:	E: 0.00	dE -9.04	batch_acc 0.9640
[INFO  10:49:47] 40%:	E: 0.00	dE -7.41	batch_acc 0.9740
[INFO  10:49:52] 50%:	E: 0.00	dE -10.75	batch_acc 0.9500
[INFO  10:49:56] 60%:	E: 0.00	dE -9.97	batch_acc 0.9700
[INFO  10:50:01] 70%:	E: 0.00	dE -9.25	batch_acc 0.9520
[INFO  10:50:06] 80%:	E: 0.00	dE -8.09	batch_acc 0.9740
[INFO  10:50:10] 90%:	E: 0.00	dE -7.01	batch_acc 0.9660
[INFO  10:50:16] epoch: 41 	 test_acc: 0.8941 	 mean_E: 0.0000
[INFO  10:50:16] 0%:	E: 0.00	dE -7.84	batch_acc 0.9700
[INFO  10:50:21] 10%:	E: 0.00	dE -7.21	batch_acc 0.9760
[INFO  10:50:26] 20%:	E: 0.00	dE -7.16	batch_acc 0.9800
[INFO  10:50:30] 30%:	E: 0.00	dE -8.93	batch_acc 0.9700
[INFO  10:50:35] 40%:	E: 0.00	dE -8.28	batch_acc 0.9540
[INFO  10:50:40] 50%:	E: 0.00	dE -7.73	batch_acc 0.9720
[INFO  10:50:44] 60%:	E: 0.00	dE -9.74	batch_acc 0.9660
[INFO  10:50:48] 70%:	E: 0.00	dE -9.18	batch_acc 0.9540
[INFO  10:50:53] 80%:	E: 0.00	dE -8.12	batch_acc 0.9680
[INFO  10:50:57] 90%:	E: 0.00	dE -9.10	batch_acc 0.9560
[INFO  10:51:03] epoch: 42 	 test_acc: 0.8900 	 mean_E: 0.0000
[INFO  10:51:04] 0%:	E: 0.00	dE -9.50	batch_acc 0.9640
[INFO  10:51:08] 10%:	E: 0.00	dE -8.98	batch_acc 0.9680
[INFO  10:51:13] 20%:	E: 0.00	dE -9.61	batch_acc 0.9600
[INFO  10:51:18] 30%:	E: 0.00	dE -9.06	batch_acc 0.9640
[INFO  10:51:22] 40%:	E: 0.00	dE -7.24	batch_acc 0.9700
[INFO  10:51:27] 50%:	E: 0.00	dE -8.13	batch_acc 0.9600
[INFO  10:51:32] 60%:	E: 0.00	dE -9.99	batch_acc 0.9660
[INFO  10:51:36] 70%:	E: 0.00	dE -8.49	batch_acc 0.9680
[INFO  10:51:41] 80%:	E: 0.00	dE -9.12	batch_acc 0.9640
[INFO  10:51:46] 90%:	E: 0.00	dE -7.09	batch_acc 0.9860
[INFO  10:51:51] epoch: 43 	 test_acc: 0.8940 	 mean_E: 0.0000
[INFO  10:51:52] 0%:	E: 0.00	dE -8.52	batch_acc 0.9760
[INFO  10:51:57] 10%:	E: 0.00	dE -7.36	batch_acc 0.9780
[INFO  10:52:01] 20%:	E: 0.00	dE -7.95	batch_acc 0.9720
[INFO  10:52:05] 30%:	E: 0.00	dE -6.53	batch_acc 0.9820
[INFO  10:52:10] 40%:	E: 0.00	dE -8.99	batch_acc 0.9600
[INFO  10:52:14] 50%:	E: 0.00	dE -8.78	batch_acc 0.9600
[INFO  10:52:19] 60%:	E: 0.00	dE -9.54	batch_acc 0.9580
[INFO  10:52:23] 70%:	E: 0.00	dE -9.09	batch_acc 0.9560
[INFO  10:52:28] 80%:	E: 0.00	dE -8.24	batch_acc 0.9700
[INFO  10:52:33] 90%:	E: 0.00	dE -8.95	batch_acc 0.9620
[INFO  10:52:38] epoch: 44 	 test_acc: 0.8904 	 mean_E: 0.0000
[INFO  10:52:39] 0%:	E: 0.00	dE -7.29	batch_acc 0.9740
[INFO  10:52:43] 10%:	E: 0.00	dE -8.22	batch_acc 0.9660
[INFO  10:52:48] 20%:	E: 0.00	dE -8.31	batch_acc 0.9700
[INFO  10:52:53] 30%:	E: 0.00	dE -9.79	batch_acc 0.9600
[INFO  10:52:57] 40%:	E: 0.00	dE -7.57	batch_acc 0.9700
[INFO  10:53:02] 50%:	E: 0.00	dE -7.56	batch_acc 0.9720
[INFO  10:53:06] 60%:	E: 0.00	dE -8.41	batch_acc 0.9700
[INFO  10:53:11] 70%:	E: 0.00	dE -8.56	batch_acc 0.9600
[INFO  10:53:16] 80%:	E: 0.00	dE -8.48	batch_acc 0.9800
[INFO  10:53:20] 90%:	E: 0.00	dE -7.22	batch_acc 0.9800
[INFO  10:53:26] epoch: 45 	 test_acc: 0.8926 	 mean_E: 0.0000
[INFO  10:53:26] 0%:	E: 0.00	dE -9.02	batch_acc 0.9560
[INFO  10:53:31] 10%:	E: 0.00	dE -7.24	batch_acc 0.9800
[INFO  10:53:35] 20%:	E: 0.00	dE -8.23	batch_acc 0.9660
[INFO  10:53:40] 30%:	E: 0.00	dE -9.12	batch_acc 0.9640
[INFO  10:53:45] 40%:	E: 0.00	dE -8.12	batch_acc 0.9700
[INFO  10:53:49] 50%:	E: 0.00	dE -9.19	batch_acc 0.9540
[INFO  10:53:54] 60%:	E: 0.00	dE -10.21	batch_acc 0.9500
[INFO  10:53:58] 70%:	E: 0.00	dE -8.24	batch_acc 0.9760
[INFO  10:54:03] 80%:	E: 0.00	dE -9.79	batch_acc 0.9560
[INFO  10:54:08] 90%:	E: 0.00	dE -8.74	batch_acc 0.9740
[INFO  10:54:13] epoch: 46 	 test_acc: 0.8916 	 mean_E: 0.0000
[INFO  10:54:14] 0%:	E: 0.00	dE -8.42	batch_acc 0.9660
[INFO  10:54:18] 10%:	E: 0.00	dE -5.50	batch_acc 0.9880
[INFO  10:54:22] 20%:	E: 0.00	dE -8.80	batch_acc 0.9660
[INFO  10:54:26] 30%:	E: 0.00	dE -7.55	batch_acc 0.9700
[INFO  10:54:31] 40%:	E: 0.00	dE -8.09	batch_acc 0.9640
[INFO  10:54:35] 50%:	E: 0.00	dE -8.83	batch_acc 0.9700
[INFO  10:54:40] 60%:	E: 0.00	dE -7.65	batch_acc 0.9760
[INFO  10:54:44] 70%:	E: 0.00	dE -7.50	batch_acc 0.9700
[INFO  10:54:49] 80%:	E: 0.00	dE -8.51	batch_acc 0.9640
[INFO  10:54:54] 90%:	E: 0.00	dE -8.81	batch_acc 0.9660
[INFO  10:54:59] epoch: 47 	 test_acc: 0.8929 	 mean_E: 0.0000
[INFO  10:55:00] 0%:	E: 0.00	dE -7.50	batch_acc 0.9760
[INFO  10:55:04] 10%:	E: 0.00	dE -7.16	batch_acc 0.9760
[INFO  10:55:09] 20%:	E: 0.00	dE -8.26	batch_acc 0.9640
[INFO  10:55:14] 30%:	E: 0.00	dE -8.44	batch_acc 0.9700
[INFO  10:55:18] 40%:	E: 0.00	dE -8.21	batch_acc 0.9620
[INFO  10:55:22] 50%:	E: 0.00	dE -9.21	batch_acc 0.9640
[INFO  10:55:26] 60%:	E: 0.00	dE -9.30	batch_acc 0.9600
[INFO  10:55:30] 70%:	E: 0.00	dE -8.03	batch_acc 0.9740
[INFO  10:55:35] 80%:	E: 0.00	dE -9.12	batch_acc 0.9540
[INFO  10:55:39] 90%:	E: 0.00	dE -9.00	batch_acc 0.9620
[INFO  10:55:45] epoch: 48 	 test_acc: 0.8909 	 mean_E: 0.0000
[INFO  10:55:45] 0%:	E: 0.00	dE -8.03	batch_acc 0.9660
[INFO  10:55:50] 10%:	E: 0.00	dE -7.44	batch_acc 0.9760
[INFO  10:55:54] 20%:	E: 0.00	dE -7.80	batch_acc 0.9780
[INFO  10:55:59] 30%:	E: 0.00	dE -8.27	batch_acc 0.9640
[INFO  10:56:03] 40%:	E: 0.00	dE -9.59	batch_acc 0.9540
[INFO  10:56:08] 50%:	E: 0.00	dE -8.16	batch_acc 0.9720
[INFO  10:56:12] 60%:	E: 0.00	dE -9.43	batch_acc 0.9440
[INFO  10:56:17] 70%:	E: 0.00	dE -8.46	batch_acc 0.9620
[INFO  10:56:21] 80%:	E: 0.00	dE -7.70	batch_acc 0.9780
[INFO  10:56:26] 90%:	E: 0.00	dE -8.34	batch_acc 0.9640
[INFO  10:56:31] epoch: 49 	 test_acc: 0.8889 	 mean_E: 0.0000
[INFO  10:56:32] 0%:	E: 0.00	dE -7.31	batch_acc 0.9780
[INFO  10:56:36] 10%:	E: 0.00	dE -7.50	batch_acc 0.9620
[INFO  10:56:41] 20%:	E: 0.00	dE -8.05	batch_acc 0.9640
[INFO  10:56:46] 30%:	E: 0.00	dE -7.44	batch_acc 0.9820
[INFO  10:56:50] 40%:	E: 0.00	dE -7.00	batch_acc 0.9800
[INFO  10:56:54] 50%:	E: 0.00	dE -7.00	batch_acc 0.9840
[INFO  10:56:59] 60%:	E: 0.00	dE -8.57	batch_acc 0.9720
[INFO  10:57:04] 70%:	E: 0.00	dE -8.82	batch_acc 0.9700
[INFO  10:57:08] 80%:	E: 0.00	dE -6.46	batch_acc 0.9720
[INFO  10:57:13] 90%:	E: 0.00	dE -8.98	batch_acc 0.9620
[INFO  10:57:19] epoch: 50 	 test_acc: 0.8927 	 mean_E: 0.0000
[INFO  10:57:19] 0%:	E: 0.00	dE -8.17	batch_acc 0.9620
[INFO  10:57:23] 10%:	E: 0.00	dE -7.84	batch_acc 0.9660
[INFO  10:57:27] 20%:	E: 0.00	dE -7.14	batch_acc 0.9840
[INFO  10:57:32] 30%:	E: 0.00	dE -6.93	batch_acc 0.9740
[INFO  10:57:36] 40%:	E: 0.00	dE -7.32	batch_acc 0.9760
[INFO  10:57:41] 50%:	E: 0.00	dE -9.44	batch_acc 0.9540
[INFO  10:57:45] 60%:	E: 0.00	dE -9.29	batch_acc 0.9600
[INFO  10:57:50] 70%:	E: 0.00	dE -7.09	batch_acc 0.9780
[INFO  10:57:55] 80%:	E: 0.00	dE -8.05	batch_acc 0.9700
[INFO  10:57:59] 90%:	E: 0.00	dE -6.85	batch_acc 0.9760
[INFO  10:58:04] epoch: 51 	 test_acc: 0.8911 	 mean_E: 0.0000
[INFO  10:58:05] 0%:	E: 0.00	dE -8.79	batch_acc 0.9620
[INFO  10:58:09] 10%:	E: 0.00	dE -8.62	batch_acc 0.9580
[INFO  10:58:13] 20%:	E: 0.00	dE -7.76	batch_acc 0.9720
[INFO  10:58:18] 30%:	E: 0.00	dE -7.84	batch_acc 0.9720
[INFO  10:58:23] 40%:	E: 0.00	dE -9.31	batch_acc 0.9500
[INFO  10:58:28] 50%:	E: 0.00	dE -8.39	batch_acc 0.9760
[INFO  10:58:32] 60%:	E: 0.00	dE -7.06	batch_acc 0.9740
[INFO  10:58:37] 70%:	E: 0.00	dE -8.57	batch_acc 0.9640
[INFO  10:58:42] 80%:	E: 0.00	dE -8.21	batch_acc 0.9660
[INFO  10:58:46] 90%:	E: 0.00	dE -8.31	batch_acc 0.9520
[INFO  10:58:52] epoch: 52 	 test_acc: 0.8942 	 mean_E: 0.0000
[INFO  10:58:53] 0%:	E: 0.00	dE -6.87	batch_acc 0.9780
[INFO  10:58:57] 10%:	E: 0.00	dE -8.10	batch_acc 0.9720
[INFO  10:59:02] 20%:	E: 0.00	dE -7.61	batch_acc 0.9740
[INFO  10:59:07] 30%:	E: 0.00	dE -8.35	batch_acc 0.9660
[INFO  10:59:12] 40%:	E: 0.00	dE -7.64	batch_acc 0.9740
[INFO  10:59:16] 50%:	E: 0.00	dE -7.93	batch_acc 0.9740
[INFO  10:59:21] 60%:	E: 0.00	dE -7.70	batch_acc 0.9720
[INFO  10:59:25] 70%:	E: 0.00	dE -7.60	batch_acc 0.9760
[INFO  10:59:29] 80%:	E: 0.00	dE -7.03	batch_acc 0.9780
[INFO  10:59:34] 90%:	E: 0.00	dE -7.43	batch_acc 0.9780
[INFO  10:59:40] epoch: 53 	 test_acc: 0.8905 	 mean_E: 0.0000
[INFO  10:59:40] 0%:	E: 0.00	dE -8.70	batch_acc 0.9660
[INFO  10:59:45] 10%:	E: 0.00	dE -7.56	batch_acc 0.9680
[INFO  10:59:49] 20%:	E: 0.00	dE -5.85	batch_acc 0.9840
[INFO  10:59:54] 30%:	E: 0.00	dE -7.73	batch_acc 0.9780
[INFO  10:59:59] 40%:	E: 0.00	dE -6.21	batch_acc 0.9860
[INFO  11:00:03] 50%:	E: 0.00	dE -6.70	batch_acc 0.9720
[INFO  11:00:08] 60%:	E: 0.00	dE -8.37	batch_acc 0.9580
[INFO  11:00:12] 70%:	E: 0.00	dE -8.48	batch_acc 0.9640
[INFO  11:00:17] 80%:	E: 0.00	dE -7.61	batch_acc 0.9760
[INFO  11:00:22] 90%:	E: 0.00	dE -9.68	batch_acc 0.9580
[INFO  11:00:28] epoch: 54 	 test_acc: 0.8929 	 mean_E: 0.0000
[INFO  11:00:28] 0%:	E: 0.00	dE -6.92	batch_acc 0.9760
[INFO  11:00:32] 10%:	E: 0.00	dE -7.64	batch_acc 0.9620
[INFO  11:00:37] 20%:	E: 0.00	dE -7.22	batch_acc 0.9720
[INFO  11:00:41] 30%:	E: 0.00	dE -7.64	batch_acc 0.9800
[INFO  11:00:46] 40%:	E: 0.00	dE -8.46	batch_acc 0.9640
[INFO  11:00:50] 50%:	E: 0.00	dE -6.97	batch_acc 0.9760
[INFO  11:00:55] 60%:	E: 0.00	dE -8.54	batch_acc 0.9720
[INFO  11:01:00] 70%:	E: 0.00	dE -7.24	batch_acc 0.9840
[INFO  11:01:04] 80%:	E: 0.00	dE -7.36	batch_acc 0.9720
[INFO  11:01:09] 90%:	E: 0.00	dE -7.35	batch_acc 0.9780
[INFO  11:01:15] epoch: 55 	 test_acc: 0.8922 	 mean_E: 0.0000
[INFO  11:01:15] 0%:	E: 0.00	dE -8.02	batch_acc 0.9700
[INFO  11:01:20] 10%:	E: 0.00	dE -6.56	batch_acc 0.9800
[INFO  11:01:25] 20%:	E: 0.00	dE -7.27	batch_acc 0.9780
[INFO  11:01:29] 30%:	E: 0.00	dE -7.42	batch_acc 0.9720
[INFO  11:01:34] 40%:	E: 0.00	dE -7.40	batch_acc 0.9660
[INFO  11:01:39] 50%:	E: 0.00	dE -7.47	batch_acc 0.9680
[INFO  11:01:44] 60%:	E: 0.00	dE -6.19	batch_acc 0.9820
[INFO  11:01:49] 70%:	E: 0.00	dE -7.98	batch_acc 0.9680
[INFO  11:01:53] 80%:	E: 0.00	dE -7.35	batch_acc 0.9740
[INFO  11:01:58] 90%:	E: 0.00	dE -6.75	batch_acc 0.9840
[INFO  11:02:04] epoch: 56 	 test_acc: 0.8927 	 mean_E: 0.0000
[INFO  11:02:04] 0%:	E: 0.00	dE -7.66	batch_acc 0.9580
[INFO  11:02:09] 10%:	E: 0.00	dE -6.18	batch_acc 0.9820
[INFO  11:02:14] 20%:	E: 0.00	dE -6.83	batch_acc 0.9780
[INFO  11:02:19] 30%:	E: 0.00	dE -6.56	batch_acc 0.9840
[INFO  11:02:23] 40%:	E: 0.00	dE -6.33	batch_acc 0.9780
[INFO  11:02:28] 50%:	E: 0.00	dE -8.33	batch_acc 0.9740
[INFO  11:02:33] 60%:	E: 0.00	dE -6.74	batch_acc 0.9780
[INFO  11:02:37] 70%:	E: 0.00	dE -7.35	batch_acc 0.9700
[INFO  11:02:42] 80%:	E: 0.00	dE -8.61	batch_acc 0.9600
[INFO  11:02:46] 90%:	E: 0.00	dE -7.12	batch_acc 0.9760
[INFO  11:02:52] epoch: 57 	 test_acc: 0.8932 	 mean_E: 0.0000
[INFO  11:02:53] 0%:	E: 0.00	dE -5.41	batch_acc 0.9860
[INFO  11:02:57] 10%:	E: 0.00	dE -7.24	batch_acc 0.9760
[INFO  11:03:02] 20%:	E: 0.00	dE -8.07	batch_acc 0.9660
[INFO  11:03:07] 30%:	E: 0.00	dE -7.25	batch_acc 0.9700
[INFO  11:03:11] 40%:	E: 0.00	dE -7.16	batch_acc 0.9740
[INFO  11:03:16] 50%:	E: 0.00	dE -7.14	batch_acc 0.9720
[INFO  11:03:21] 60%:	E: 0.00	dE -8.18	batch_acc 0.9760
[INFO  11:03:25] 70%:	E: 0.00	dE -8.04	batch_acc 0.9680
[INFO  11:03:30] 80%:	E: 0.00	dE -6.99	batch_acc 0.9720
[INFO  11:03:34] 90%:	E: 0.00	dE -8.40	batch_acc 0.9720
[INFO  11:03:40] epoch: 58 	 test_acc: 0.8949 	 mean_E: 0.0000
[INFO  11:03:40] 0%:	E: 0.00	dE -6.47	batch_acc 0.9820
[INFO  11:03:45] 10%:	E: 0.00	dE -7.85	batch_acc 0.9740
[INFO  11:03:49] 20%:	E: 0.00	dE -8.31	batch_acc 0.9700
[INFO  11:03:54] 30%:	E: 0.00	dE -7.37	batch_acc 0.9720
[INFO  11:03:58] 40%:	E: 0.00	dE -7.23	batch_acc 0.9740
[INFO  11:04:03] 50%:	E: 0.00	dE -7.16	batch_acc 0.9760
[INFO  11:04:08] 60%:	E: 0.00	dE -7.82	batch_acc 0.9680
[INFO  11:04:13] 70%:	E: 0.00	dE -6.14	batch_acc 0.9860
[INFO  11:04:17] 80%:	E: 0.00	dE -7.51	batch_acc 0.9700
[INFO  11:04:22] 90%:	E: 0.00	dE -6.47	batch_acc 0.9760
[INFO  11:04:27] epoch: 59 	 test_acc: 0.8857 	 mean_E: 0.0000
[INFO  11:04:28] 0%:	E: 0.00	dE -6.39	batch_acc 0.9860
[INFO  11:04:32] 10%:	E: 0.00	dE -7.03	batch_acc 0.9760
[INFO  11:04:37] 20%:	E: 0.00	dE -7.68	batch_acc 0.9680
[INFO  11:04:41] 30%:	E: 0.00	dE -6.76	batch_acc 0.9780
[INFO  11:04:46] 40%:	E: 0.00	dE -8.71	batch_acc 0.9600
[INFO  11:04:51] 50%:	E: 0.00	dE -6.82	batch_acc 0.9780
[INFO  11:04:55] 60%:	E: 0.00	dE -7.92	batch_acc 0.9700
[INFO  11:05:00] 70%:	E: 0.00	dE -7.99	batch_acc 0.9700
[INFO  11:05:05] 80%:	E: 0.00	dE -7.48	batch_acc 0.9680
[INFO  11:05:10] 90%:	E: 0.00	dE -8.05	batch_acc 0.9600
[INFO  11:05:15] epoch: 60 	 test_acc: 0.8917 	 mean_E: 0.0000
[INFO  11:05:16] 0%:	E: 0.00	dE -7.37	batch_acc 0.9760
[INFO  11:05:20] 10%:	E: 0.00	dE -7.38	batch_acc 0.9720
[INFO  11:05:25] 20%:	E: 0.00	dE -6.30	batch_acc 0.9760
[INFO  11:05:30] 30%:	E: 0.00	dE -7.02	batch_acc 0.9820
[INFO  11:05:35] 40%:	E: 0.00	dE -7.06	batch_acc 0.9780
[INFO  11:05:39] 50%:	E: 0.00	dE -6.84	batch_acc 0.9720
[INFO  11:05:44] 60%:	E: 0.00	dE -6.45	batch_acc 0.9880
[INFO  11:05:49] 70%:	E: 0.00	dE -6.41	batch_acc 0.9800
[INFO  11:05:53] 80%:	E: 0.00	dE -7.07	batch_acc 0.9720
[INFO  11:05:57] 90%:	E: 0.00	dE -7.70	batch_acc 0.9680
[INFO  11:06:03] epoch: 61 	 test_acc: 0.8949 	 mean_E: 0.0000
[INFO  11:06:03] 0%:	E: 0.00	dE -7.15	batch_acc 0.9760
[INFO  11:06:08] 10%:	E: 0.00	dE -7.05	batch_acc 0.9660
[INFO  11:06:13] 20%:	E: 0.00	dE -8.18	batch_acc 0.9660
[INFO  11:06:17] 30%:	E: 0.00	dE -7.16	batch_acc 0.9720
[INFO  11:06:21] 40%:	E: 0.00	dE -6.90	batch_acc 0.9780
[INFO  11:06:25] 50%:	E: 0.00	dE -6.78	batch_acc 0.9720
[INFO  11:06:30] 60%:	E: 0.00	dE -7.64	batch_acc 0.9680
[INFO  11:06:34] 70%:	E: 0.00	dE -7.05	batch_acc 0.9780
[INFO  11:06:39] 80%:	E: 0.00	dE -6.62	batch_acc 0.9760
[INFO  11:06:44] 90%:	E: 0.00	dE -7.34	batch_acc 0.9780
[INFO  11:06:49] epoch: 62 	 test_acc: 0.8926 	 mean_E: 0.0000
[INFO  11:06:50] 0%:	E: 0.00	dE -6.23	batch_acc 0.9780
[INFO  11:06:54] 10%:	E: 0.00	dE -6.09	batch_acc 0.9800
[INFO  11:06:59] 20%:	E: 0.00	dE -7.84	batch_acc 0.9680
[INFO  11:07:03] 30%:	E: 0.00	dE -6.74	batch_acc 0.9840
[INFO  11:07:08] 40%:	E: 0.00	dE -6.50	batch_acc 0.9860
[INFO  11:07:13] 50%:	E: 0.00	dE -7.63	batch_acc 0.9680
[INFO  11:07:18] 60%:	E: 0.00	dE -6.36	batch_acc 0.9860
[INFO  11:07:22] 70%:	E: 0.00	dE -7.53	batch_acc 0.9780
[INFO  11:07:27] 80%:	E: 0.00	dE -7.32	batch_acc 0.9780
[INFO  11:07:32] 90%:	E: 0.00	dE -5.49	batch_acc 0.9860
[INFO  11:07:38] epoch: 63 	 test_acc: 0.8922 	 mean_E: 0.0000
[INFO  11:07:38] 0%:	E: 0.00	dE -6.03	batch_acc 0.9880
[INFO  11:07:43] 10%:	E: 0.00	dE -4.97	batch_acc 0.9860
[INFO  11:07:47] 20%:	E: 0.00	dE -6.27	batch_acc 0.9780
[INFO  11:07:52] 30%:	E: 0.00	dE -7.11	batch_acc 0.9760
[INFO  11:07:56] 40%:	E: 0.00	dE -6.54	batch_acc 0.9780
[INFO  11:08:01] 50%:	E: 0.00	dE -7.36	batch_acc 0.9700
[INFO  11:08:06] 60%:	E: 0.00	dE -6.30	batch_acc 0.9820
[INFO  11:08:10] 70%:	E: 0.00	dE -6.56	batch_acc 0.9780
[INFO  11:08:15] 80%:	E: 0.00	dE -8.44	batch_acc 0.9680
[INFO  11:08:20] 90%:	E: 0.00	dE -7.83	batch_acc 0.9680
[INFO  11:08:25] epoch: 64 	 test_acc: 0.8934 	 mean_E: 0.0000
[INFO  11:08:26] 0%:	E: 0.00	dE -6.12	batch_acc 0.9820
[INFO  11:08:30] 10%:	E: 0.00	dE -6.79	batch_acc 0.9780
[INFO  11:08:35] 20%:	E: 0.00	dE -7.26	batch_acc 0.9760
[INFO  11:08:39] 30%:	E: 0.00	dE -6.80	batch_acc 0.9740
[INFO  11:08:44] 40%:	E: 0.00	dE -6.36	batch_acc 0.9740
[INFO  11:08:48] 50%:	E: 0.00	dE -7.86	batch_acc 0.9780
[INFO  11:08:53] 60%:	E: 0.00	dE -6.85	batch_acc 0.9800
[INFO  11:08:58] 70%:	E: 0.00	dE -6.50	batch_acc 0.9740
[INFO  11:09:02] 80%:	E: 0.00	dE -6.92	batch_acc 0.9680
[INFO  11:09:07] 90%:	E: 0.00	dE -7.63	batch_acc 0.9680
[INFO  11:09:13] epoch: 65 	 test_acc: 0.8916 	 mean_E: 0.0000
[INFO  11:09:13] 0%:	E: 0.00	dE -6.90	batch_acc 0.9780
[INFO  11:09:18] 10%:	E: 0.00	dE -6.37	batch_acc 0.9840
[INFO  11:09:22] 20%:	E: 0.00	dE -7.61	batch_acc 0.9740
[INFO  11:09:27] 30%:	E: 0.00	dE -6.71	batch_acc 0.9760
[INFO  11:09:32] 40%:	E: 0.00	dE -6.38	batch_acc 0.9800
[INFO  11:09:36] 50%:	E: 0.00	dE -5.62	batch_acc 0.9900
[INFO  11:09:41] 60%:	E: 0.00	dE -5.51	batch_acc 0.9880
[INFO  11:09:45] 70%:	E: 0.00	dE -7.38	batch_acc 0.9780
[INFO  11:09:49] 80%:	E: 0.00	dE -7.93	batch_acc 0.9660
[INFO  11:09:54] 90%:	E: 0.00	dE -6.62	batch_acc 0.9840
[INFO  11:09:59] epoch: 66 	 test_acc: 0.8909 	 mean_E: 0.0000
[INFO  11:10:00] 0%:	E: 0.00	dE -5.71	batch_acc 0.9880
[INFO  11:10:05] 10%:	E: 0.00	dE -6.49	batch_acc 0.9700
[INFO  11:10:09] 20%:	E: 0.00	dE -5.30	batch_acc 0.9880
[INFO  11:10:14] 30%:	E: 0.00	dE -7.77	batch_acc 0.9660
[INFO  11:10:18] 40%:	E: 0.00	dE -5.60	batch_acc 0.9900
[INFO  11:10:22] 50%:	E: 0.00	dE -8.52	batch_acc 0.9640
[INFO  11:10:26] 60%:	E: 0.00	dE -6.19	batch_acc 0.9860
[INFO  11:10:30] 70%:	E: 0.00	dE -7.08	batch_acc 0.9700
[INFO  11:10:35] 80%:	E: 0.00	dE -8.24	batch_acc 0.9740
[INFO  11:10:39] 90%:	E: 0.00	dE -6.31	batch_acc 0.9780
[INFO  11:10:45] epoch: 67 	 test_acc: 0.8920 	 mean_E: 0.0000
[INFO  11:10:45] 0%:	E: 0.00	dE -7.46	batch_acc 0.9680
[INFO  11:10:50] 10%:	E: 0.00	dE -8.19	batch_acc 0.9700
[INFO  11:10:54] 20%:	E: 0.00	dE -7.26	batch_acc 0.9760
[INFO  11:10:58] 30%:	E: 0.00	dE -7.68	batch_acc 0.9700
[INFO  11:11:03] 40%:	E: 0.00	dE -6.49	batch_acc 0.9780
[INFO  11:11:07] 50%:	E: 0.00	dE -6.11	batch_acc 0.9780
[INFO  11:11:12] 60%:	E: 0.00	dE -5.59	batch_acc 0.9820
[INFO  11:11:17] 70%:	E: 0.00	dE -6.66	batch_acc 0.9820
[INFO  11:11:21] 80%:	E: 0.00	dE -6.18	batch_acc 0.9740
[INFO  11:11:26] 90%:	E: 0.00	dE -6.92	batch_acc 0.9780
[INFO  11:11:32] epoch: 68 	 test_acc: 0.8900 	 mean_E: 0.0000
[INFO  11:11:32] 0%:	E: 0.00	dE -5.87	batch_acc 0.9880
[INFO  11:11:37] 10%:	E: 0.00	dE -6.54	batch_acc 0.9800
[INFO  11:11:42] 20%:	E: 0.00	dE -6.58	batch_acc 0.9820
[INFO  11:11:46] 30%:	E: 0.00	dE -5.90	batch_acc 0.9840
[INFO  11:11:51] 40%:	E: 0.00	dE -7.41	batch_acc 0.9760
[INFO  11:11:56] 50%:	E: 0.00	dE -5.85	batch_acc 0.9880
[INFO  11:12:00] 60%:	E: 0.00	dE -7.46	batch_acc 0.9740
[INFO  11:12:05] 70%:	E: 0.00	dE -6.12	batch_acc 0.9840
[INFO  11:12:10] 80%:	E: 0.00	dE -7.32	batch_acc 0.9680
[INFO  11:12:14] 90%:	E: 0.00	dE -6.39	batch_acc 0.9840
[INFO  11:12:20] epoch: 69 	 test_acc: 0.8922 	 mean_E: 0.0000
[INFO  11:12:21] 0%:	E: 0.00	dE -6.09	batch_acc 0.9920
[INFO  11:12:25] 10%:	E: 0.00	dE -5.76	batch_acc 0.9880
[INFO  11:12:30] 20%:	E: 0.00	dE -5.60	batch_acc 0.9860
[INFO  11:12:35] 30%:	E: 0.00	dE -5.73	batch_acc 0.9760
[INFO  11:12:39] 40%:	E: 0.00	dE -6.90	batch_acc 0.9800
[INFO  11:12:44] 50%:	E: 0.00	dE -6.78	batch_acc 0.9800
[INFO  11:12:48] 60%:	E: 0.00	dE -6.90	batch_acc 0.9820
[INFO  11:12:53] 70%:	E: 0.00	dE -6.88	batch_acc 0.9700
[INFO  11:12:57] 80%:	E: 0.00	dE -6.87	batch_acc 0.9800
[INFO  11:13:02] 90%:	E: 0.00	dE -6.21	batch_acc 0.9720
[INFO  11:13:08] epoch: 70 	 test_acc: 0.8947 	 mean_E: 0.0000
[INFO  11:13:08] 0%:	E: 0.00	dE -6.22	batch_acc 0.9840
[INFO  11:13:13] 10%:	E: 0.00	dE -5.60	batch_acc 0.9860
[INFO  11:13:18] 20%:	E: 0.00	dE -6.62	batch_acc 0.9880
[INFO  11:13:22] 30%:	E: 0.00	dE -6.15	batch_acc 0.9920
[INFO  11:13:27] 40%:	E: 0.00	dE -7.21	batch_acc 0.9800
[INFO  11:13:32] 50%:	E: 0.00	dE -5.49	batch_acc 0.9840
[INFO  11:13:36] 60%:	E: 0.00	dE -5.72	batch_acc 0.9800
[INFO  11:13:40] 70%:	E: 0.00	dE -6.50	batch_acc 0.9820
[INFO  11:13:44] 80%:	E: 0.00	dE -7.08	batch_acc 0.9720
[INFO  11:13:49] 90%:	E: 0.00	dE -8.61	batch_acc 0.9660
[INFO  11:13:54] epoch: 71 	 test_acc: 0.8890 	 mean_E: 0.0000
[INFO  11:13:55] 0%:	E: 0.00	dE -6.71	batch_acc 0.9800
[INFO  11:13:59] 10%:	E: 0.00	dE -5.61	batch_acc 0.9860
[INFO  11:14:04] 20%:	E: 0.00	dE -6.91	batch_acc 0.9720
[INFO  11:14:08] 30%:	E: 0.00	dE -7.15	batch_acc 0.9720
[INFO  11:14:13] 40%:	E: 0.00	dE -6.31	batch_acc 0.9820
[INFO  11:14:18] 50%:	E: 0.00	dE -7.93	batch_acc 0.9660
[INFO  11:14:23] 60%:	E: 0.00	dE -5.42	batch_acc 0.9840
[INFO  11:14:28] 70%:	E: 0.00	dE -6.24	batch_acc 0.9840
[INFO  11:14:32] 80%:	E: 0.00	dE -7.02	batch_acc 0.9760
[INFO  11:14:37] 90%:	E: 0.00	dE -5.79	batch_acc 0.9860
[INFO  11:14:42] epoch: 72 	 test_acc: 0.8922 	 mean_E: 0.0000
[INFO  11:14:42] 0%:	E: 0.00	dE -6.29	batch_acc 0.9780
[INFO  11:14:46] 10%:	E: 0.00	dE -6.87	batch_acc 0.9760
[INFO  11:14:50] 20%:	E: 0.00	dE -5.60	batch_acc 0.9800
[INFO  11:14:54] 30%:	E: 0.00	dE -6.40	batch_acc 0.9740
[INFO  11:14:59] 40%:	E: 0.00	dE -6.01	batch_acc 0.9840
[INFO  11:15:03] 50%:	E: 0.00	dE -5.96	batch_acc 0.9820
[INFO  11:15:08] 60%:	E: 0.00	dE -7.32	batch_acc 0.9740
[INFO  11:15:12] 70%:	E: 0.00	dE -6.37	batch_acc 0.9780
[INFO  11:15:17] 80%:	E: 0.00	dE -6.53	batch_acc 0.9720
[INFO  11:15:21] 90%:	E: 0.00	dE -6.02	batch_acc 0.9820
[INFO  11:15:27] epoch: 73 	 test_acc: 0.8941 	 mean_E: 0.0000
[INFO  11:15:27] 0%:	E: 0.00	dE -6.26	batch_acc 0.9800
[INFO  11:15:32] 10%:	E: 0.00	dE -5.64	batch_acc 0.9760
[INFO  11:15:36] 20%:	E: 0.00	dE -6.06	batch_acc 0.9780
[INFO  11:15:40] 30%:	E: 0.00	dE -6.96	batch_acc 0.9800
[INFO  11:15:45] 40%:	E: 0.00	dE -4.67	batch_acc 0.9940
[INFO  11:15:49] 50%:	E: 0.00	dE -6.77	batch_acc 0.9680
[INFO  11:15:54] 60%:	E: 0.00	dE -6.14	batch_acc 0.9760
[INFO  11:15:58] 70%:	E: 0.00	dE -6.68	batch_acc 0.9860
[INFO  11:16:03] 80%:	E: 0.00	dE -6.87	batch_acc 0.9720
[INFO  11:16:07] 90%:	E: 0.00	dE -6.62	batch_acc 0.9820
[INFO  11:16:13] epoch: 74 	 test_acc: 0.8938 	 mean_E: 0.0000
[INFO  11:16:13] 0%:	E: 0.00	dE -6.82	batch_acc 0.9720
[INFO  11:16:18] 10%:	E: 0.00	dE -4.68	batch_acc 0.9880
[INFO  11:16:22] 20%:	E: 0.00	dE -5.49	batch_acc 0.9820
[INFO  11:16:27] 30%:	E: 0.00	dE -6.09	batch_acc 0.9780
[INFO  11:16:31] 40%:	E: 0.00	dE -5.12	batch_acc 0.9940
[INFO  11:16:36] 50%:	E: 0.00	dE -6.15	batch_acc 0.9940
[INFO  11:16:40] 60%:	E: 0.00	dE -6.56	batch_acc 0.9800
[INFO  11:16:45] 70%:	E: 0.00	dE -6.18	batch_acc 0.9820
[INFO  11:16:49] 80%:	E: 0.00	dE -6.53	batch_acc 0.9740
[INFO  11:16:54] 90%:	E: 0.00	dE -7.57	batch_acc 0.9700
[INFO  11:16:59] epoch: 75 	 test_acc: 0.8941 	 mean_E: 0.0000
[INFO  11:17:00] 0%:	E: 0.00	dE -5.87	batch_acc 0.9800
[INFO  11:17:04] 10%:	E: 0.00	dE -5.32	batch_acc 0.9880
[INFO  11:17:08] 20%:	E: 0.00	dE -6.68	batch_acc 0.9840
[INFO  11:17:12] 30%:	E: 0.00	dE -6.30	batch_acc 0.9820
[INFO  11:17:17] 40%:	E: 0.00	dE -5.95	batch_acc 0.9720
[INFO  11:17:21] 50%:	E: 0.00	dE -6.33	batch_acc 0.9740
[INFO  11:17:26] 60%:	E: 0.00	dE -6.04	batch_acc 0.9840
[INFO  11:17:31] 70%:	E: 0.00	dE -5.77	batch_acc 0.9800
[INFO  11:17:35] 80%:	E: 0.00	dE -7.23	batch_acc 0.9800
[INFO  11:17:40] 90%:	E: 0.00	dE -6.59	batch_acc 0.9700
[INFO  11:17:46] epoch: 76 	 test_acc: 0.8915 	 mean_E: 0.0000
[INFO  11:17:46] 0%:	E: 0.00	dE -7.63	batch_acc 0.9760
[INFO  11:17:51] 10%:	E: 0.00	dE -6.95	batch_acc 0.9760
[INFO  11:17:56] 20%:	E: 0.00	dE -6.19	batch_acc 0.9820
[INFO  11:18:00] 30%:	E: 0.00	dE -6.01	batch_acc 0.9820
[INFO  11:18:04] 40%:	E: 0.00	dE -6.02	batch_acc 0.9880
[INFO  11:18:09] 50%:	E: 0.00	dE -6.55	batch_acc 0.9740
[INFO  11:18:14] 60%:	E: 0.00	dE -6.36	batch_acc 0.9860
[INFO  11:18:18] 70%:	E: 0.00	dE -5.71	batch_acc 0.9840
[INFO  11:18:23] 80%:	E: 0.00	dE -6.75	batch_acc 0.9800
[INFO  11:18:28] 90%:	E: 0.00	dE -5.28	batch_acc 0.9840
[INFO  11:18:33] epoch: 77 	 test_acc: 0.8908 	 mean_E: 0.0000
[INFO  11:18:34] 0%:	E: 0.00	dE -4.71	batch_acc 0.9880
[INFO  11:18:38] 10%:	E: 0.00	dE -5.27	batch_acc 0.9860
[INFO  11:18:43] 20%:	E: 0.00	dE -5.86	batch_acc 0.9760
[INFO  11:18:48] 30%:	E: 0.00	dE -5.61	batch_acc 0.9820
[INFO  11:18:52] 40%:	E: 0.00	dE -5.84	batch_acc 0.9920
[INFO  11:18:57] 50%:	E: 0.00	dE -6.24	batch_acc 0.9740
[INFO  11:19:01] 60%:	E: 0.00	dE -6.15	batch_acc 0.9820
[INFO  11:19:06] 70%:	E: 0.00	dE -6.41	batch_acc 0.9800
[INFO  11:19:10] 80%:	E: 0.00	dE -6.28	batch_acc 0.9760
[INFO  11:19:15] 90%:	E: 0.00	dE -6.06	batch_acc 0.9820
[INFO  11:19:21] epoch: 78 	 test_acc: 0.8900 	 mean_E: 0.0000
[INFO  11:19:21] 0%:	E: 0.00	dE -5.72	batch_acc 0.9760
[INFO  11:19:26] 10%:	E: 0.00	dE -5.62	batch_acc 0.9820
[INFO  11:19:31] 20%:	E: 0.00	dE -6.12	batch_acc 0.9860
[INFO  11:19:35] 30%:	E: 0.00	dE -6.68	batch_acc 0.9860
[INFO  11:19:40] 40%:	E: 0.00	dE -6.42	batch_acc 0.9820
[INFO  11:19:45] 50%:	E: 0.00	dE -7.20	batch_acc 0.9640
[INFO  11:19:50] 60%:	E: 0.00	dE -6.59	batch_acc 0.9800
[INFO  11:19:54] 70%:	E: 0.00	dE -4.61	batch_acc 0.9920
[INFO  11:19:59] 80%:	E: 0.00	dE -6.31	batch_acc 0.9860
[INFO  11:20:03] 90%:	E: 0.00	dE -6.66	batch_acc 0.9800
[INFO  11:20:09] epoch: 79 	 test_acc: 0.8916 	 mean_E: 0.0000
[INFO  11:20:10] 0%:	E: 0.00	dE -5.29	batch_acc 0.9860
[INFO  11:20:14] 10%:	E: 0.00	dE -7.26	batch_acc 0.9760
[INFO  11:20:19] 20%:	E: 0.00	dE -7.24	batch_acc 0.9720
[INFO  11:20:24] 30%:	E: 0.00	dE -5.73	batch_acc 0.9800
[INFO  11:20:28] 40%:	E: 0.00	dE -6.02	batch_acc 0.9800
[INFO  11:20:33] 50%:	E: 0.00	dE -5.66	batch_acc 0.9940
[INFO  11:20:38] 60%:	E: 0.00	dE -5.38	batch_acc 0.9860
[INFO  11:20:42] 70%:	E: 0.00	dE -5.80	batch_acc 0.9820
[INFO  11:20:47] 80%:	E: 0.00	dE -7.03	batch_acc 0.9720
[INFO  11:20:51] 90%:	E: 0.00	dE -6.40	batch_acc 0.9800
[INFO  11:20:57] epoch: 80 	 test_acc: 0.8928 	 mean_E: 0.0000
[INFO  11:20:57] 0%:	E: 0.00	dE -6.36	batch_acc 0.9760
[INFO  11:21:02] 10%:	E: 0.00	dE -6.04	batch_acc 0.9820
[INFO  11:21:07] 20%:	E: 0.00	dE -5.90	batch_acc 0.9900
[INFO  11:21:11] 30%:	E: 0.00	dE -5.67	batch_acc 0.9820
[INFO  11:21:16] 40%:	E: 0.00	dE -6.40	batch_acc 0.9780
[INFO  11:21:20] 50%:	E: 0.00	dE -6.10	batch_acc 0.9820
[INFO  11:21:25] 60%:	E: 0.00	dE -7.01	batch_acc 0.9740
[INFO  11:21:30] 70%:	E: 0.00	dE -6.00	batch_acc 0.9860
[INFO  11:21:34] 80%:	E: 0.00	dE -7.75	batch_acc 0.9700
[INFO  11:21:38] 90%:	E: 0.00	dE -5.52	batch_acc 0.9860
[INFO  11:21:44] epoch: 81 	 test_acc: 0.8901 	 mean_E: 0.0000
[INFO  11:21:44] 0%:	E: 0.00	dE -3.87	batch_acc 0.9960
[INFO  11:21:49] 10%:	E: 0.00	dE -5.87	batch_acc 0.9860
[INFO  11:21:54] 20%:	E: 0.00	dE -6.32	batch_acc 0.9820
[INFO  11:21:59] 30%:	E: 0.00	dE -6.21	batch_acc 0.9840
[INFO  11:22:04] 40%:	E: 0.00	dE -5.51	batch_acc 0.9920
[INFO  11:22:08] 50%:	E: 0.00	dE -5.88	batch_acc 0.9760
[INFO  11:22:13] 60%:	E: 0.00	dE -5.81	batch_acc 0.9860
[INFO  11:22:18] 70%:	E: 0.00	dE -6.66	batch_acc 0.9800
[INFO  11:22:23] 80%:	E: 0.00	dE -6.14	batch_acc 0.9840
[INFO  11:22:28] 90%:	E: 0.00	dE -5.77	batch_acc 0.9920
[INFO  11:22:33] epoch: 82 	 test_acc: 0.8944 	 mean_E: 0.0000
[INFO  11:22:34] 0%:	E: 0.00	dE -5.35	batch_acc 0.9900
[INFO  11:22:38] 10%:	E: 0.00	dE -5.92	batch_acc 0.9780
[INFO  11:22:43] 20%:	E: 0.00	dE -5.39	batch_acc 0.9880
[INFO  11:22:48] 30%:	E: 0.00	dE -5.90	batch_acc 0.9800
[INFO  11:22:53] 40%:	E: 0.00	dE -6.06	batch_acc 0.9760
[INFO  11:22:58] 50%:	E: 0.00	dE -6.63	batch_acc 0.9800
[INFO  11:23:02] 60%:	E: 0.00	dE -6.21	batch_acc 0.9820
[INFO  11:23:07] 70%:	E: 0.00	dE -5.98	batch_acc 0.9880
[INFO  11:23:11] 80%:	E: 0.00	dE -6.38	batch_acc 0.9840
[INFO  11:23:16] 90%:	E: 0.00	dE -6.56	batch_acc 0.9800
[INFO  11:23:22] epoch: 83 	 test_acc: 0.8905 	 mean_E: 0.0000
[INFO  11:23:23] 0%:	E: 0.00	dE -4.80	batch_acc 0.9840
[INFO  11:23:27] 10%:	E: 0.00	dE -5.27	batch_acc 0.9880
[INFO  11:23:32] 20%:	E: 0.00	dE -5.26	batch_acc 0.9900
[INFO  11:23:37] 30%:	E: 0.00	dE -5.30	batch_acc 0.9820
[INFO  11:23:41] 40%:	E: 0.00	dE -5.75	batch_acc 0.9800
[INFO  11:23:46] 50%:	E: 0.00	dE -6.88	batch_acc 0.9800
[INFO  11:23:51] 60%:	E: 0.00	dE -6.94	batch_acc 0.9720
[INFO  11:23:55] 70%:	E: 0.00	dE -6.73	batch_acc 0.9820
[INFO  11:24:00] 80%:	E: 0.00	dE -6.00	batch_acc 0.9800
[INFO  11:24:05] 90%:	E: 0.00	dE -5.59	batch_acc 0.9860
[INFO  11:24:10] epoch: 84 	 test_acc: 0.8893 	 mean_E: 0.0000
[INFO  11:24:11] 0%:	E: 0.00	dE -5.05	batch_acc 0.9880
[INFO  11:24:16] 10%:	E: 0.00	dE -6.63	batch_acc 0.9660
[INFO  11:24:21] 20%:	E: 0.00	dE -5.29	batch_acc 0.9960
[INFO  11:24:25] 30%:	E: 0.00	dE -5.90	batch_acc 0.9800
[INFO  11:24:30] 40%:	E: 0.00	dE -5.17	batch_acc 0.9840
[INFO  11:24:35] 50%:	E: 0.00	dE -5.28	batch_acc 0.9920
[INFO  11:24:40] 60%:	E: 0.00	dE -4.65	batch_acc 0.9940
[INFO  11:24:45] 70%:	E: 0.00	dE -4.72	batch_acc 0.9920
[INFO  11:24:49] 80%:	E: 0.00	dE -7.11	batch_acc 0.9760
[INFO  11:24:54] 90%:	E: 0.00	dE -5.59	batch_acc 0.9860
[INFO  11:24:59] epoch: 85 	 test_acc: 0.8891 	 mean_E: 0.0000
[INFO  11:25:00] 0%:	E: 0.00	dE -4.63	batch_acc 0.9940
[INFO  11:25:05] 10%:	E: 0.00	dE -5.48	batch_acc 0.9800
[INFO  11:25:09] 20%:	E: 0.00	dE -5.14	batch_acc 0.9860
[INFO  11:25:14] 30%:	E: 0.00	dE -6.05	batch_acc 0.9800
[INFO  11:25:19] 40%:	E: 0.00	dE -5.81	batch_acc 0.9860
[INFO  11:25:24] 50%:	E: 0.00	dE -5.41	batch_acc 0.9840
[INFO  11:25:28] 60%:	E: 0.00	dE -6.99	batch_acc 0.9740
[INFO  11:25:33] 70%:	E: 0.00	dE -6.29	batch_acc 0.9860
[INFO  11:25:38] 80%:	E: 0.00	dE -6.02	batch_acc 0.9760
[INFO  11:25:43] 90%:	E: 0.00	dE -5.95	batch_acc 0.9840
[INFO  11:25:49] epoch: 86 	 test_acc: 0.8872 	 mean_E: 0.0000
[INFO  11:25:49] 0%:	E: 0.00	dE -5.55	batch_acc 0.9860
[INFO  11:25:54] 10%:	E: 0.00	dE -5.51	batch_acc 0.9880
[INFO  11:25:59] 20%:	E: 0.00	dE -5.00	batch_acc 0.9860
[INFO  11:26:03] 30%:	E: 0.00	dE -4.98	batch_acc 0.9920
[INFO  11:26:08] 40%:	E: 0.00	dE -5.50	batch_acc 0.9900
[INFO  11:26:12] 50%:	E: 0.00	dE -5.28	batch_acc 0.9760
[INFO  11:26:17] 60%:	E: 0.00	dE -5.59	batch_acc 0.9780
[INFO  11:26:22] 70%:	E: 0.00	dE -6.11	batch_acc 0.9820
[INFO  11:26:26] 80%:	E: 0.00	dE -5.63	batch_acc 0.9800
[INFO  11:26:31] 90%:	E: 0.00	dE -4.81	batch_acc 0.9860
[INFO  11:26:37] epoch: 87 	 test_acc: 0.8926 	 mean_E: 0.0000
[INFO  11:26:37] 0%:	E: 0.00	dE -5.05	batch_acc 0.9800
[INFO  11:26:42] 10%:	E: 0.00	dE -5.17	batch_acc 0.9840
[INFO  11:26:47] 20%:	E: 0.00	dE -5.58	batch_acc 0.9820
[INFO  11:26:52] 30%:	E: 0.00	dE -6.59	batch_acc 0.9760
[INFO  11:26:55] 40%:	E: 0.00	dE -5.18	batch_acc 0.9900
[INFO  11:27:00] 50%:	E: 0.00	dE -5.49	batch_acc 0.9880
[INFO  11:27:05] 60%:	E: 0.00	dE -5.09	batch_acc 0.9880
[INFO  11:27:08] 70%:	E: 0.00	dE -5.71	batch_acc 0.9880
[INFO  11:27:12] 80%:	E: 0.00	dE -6.22	batch_acc 0.9860
[INFO  11:27:16] 90%:	E: 0.00	dE -6.36	batch_acc 0.9820
[INFO  11:27:21] epoch: 88 	 test_acc: 0.8887 	 mean_E: 0.0000
[INFO  11:27:22] 0%:	E: 0.00	dE -5.82	batch_acc 0.9780
[INFO  11:27:26] 10%:	E: 0.00	dE -5.34	batch_acc 0.9880
[INFO  11:27:30] 20%:	E: 0.00	dE -5.74	batch_acc 0.9900
[INFO  11:27:35] 30%:	E: 0.00	dE -6.62	batch_acc 0.9780
[INFO  11:27:39] 40%:	E: 0.00	dE -5.08	batch_acc 0.9880
[INFO  11:27:44] 50%:	E: 0.00	dE -5.33	batch_acc 0.9920
[INFO  11:27:48] 60%:	E: 0.00	dE -4.68	batch_acc 0.9860
[INFO  11:27:53] 70%:	E: 0.00	dE -5.73	batch_acc 0.9820
[INFO  11:27:57] 80%:	E: 0.00	dE -6.69	batch_acc 0.9680
[INFO  11:28:02] 90%:	E: 0.00	dE -6.04	batch_acc 0.9820
[INFO  11:28:07] epoch: 89 	 test_acc: 0.8915 	 mean_E: 0.0000
[INFO  11:28:08] 0%:	E: 0.00	dE -5.33	batch_acc 0.9860
[INFO  11:28:12] 10%:	E: 0.00	dE -6.03	batch_acc 0.9860
[INFO  11:28:17] 20%:	E: 0.00	dE -4.93	batch_acc 0.9860
[INFO  11:28:21] 30%:	E: 0.00	dE -6.32	batch_acc 0.9760
[INFO  11:28:26] 40%:	E: 0.00	dE -5.04	batch_acc 0.9880
[INFO  11:28:30] 50%:	E: 0.00	dE -5.43	batch_acc 0.9740
[INFO  11:28:35] 60%:	E: 0.00	dE -4.69	batch_acc 0.9900
[INFO  11:28:40] 70%:	E: 0.00	dE -4.86	batch_acc 0.9900
[INFO  11:28:44] 80%:	E: 0.00	dE -6.50	batch_acc 0.9720
[INFO  11:28:49] 90%:	E: 0.00	dE -5.17	batch_acc 0.9860
[INFO  11:28:54] epoch: 90 	 test_acc: 0.8930 	 mean_E: 0.0000
[INFO  11:28:54] 0%:	E: 0.00	dE -4.43	batch_acc 0.9940
[INFO  11:28:59] 10%:	E: 0.00	dE -5.00	batch_acc 0.9840
[INFO  11:29:03] 20%:	E: 0.00	dE -5.09	batch_acc 0.9800
[INFO  11:29:08] 30%:	E: 0.00	dE -4.93	batch_acc 0.9940
[INFO  11:29:12] 40%:	E: 0.00	dE -5.24	batch_acc 0.9860
[INFO  11:29:17] 50%:	E: 0.00	dE -5.57	batch_acc 0.9900
[INFO  11:29:21] 60%:	E: 0.00	dE -5.66	batch_acc 0.9820
[INFO  11:29:26] 70%:	E: 0.00	dE -5.96	batch_acc 0.9780
[INFO  11:29:30] 80%:	E: 0.00	dE -6.42	batch_acc 0.9820
[INFO  11:29:35] 90%:	E: 0.00	dE -4.42	batch_acc 0.9940
[INFO  11:29:41] epoch: 91 	 test_acc: 0.8884 	 mean_E: 0.0000
[INFO  11:29:41] 0%:	E: 0.00	dE -4.79	batch_acc 0.9900
[INFO  11:29:46] 10%:	E: 0.00	dE -6.24	batch_acc 0.9740
[INFO  11:29:50] 20%:	E: 0.00	dE -4.52	batch_acc 0.9920
[INFO  11:29:54] 30%:	E: 0.00	dE -6.38	batch_acc 0.9740
[INFO  11:29:59] 40%:	E: 0.00	dE -5.35	batch_acc 0.9820
[INFO  11:30:03] 50%:	E: 0.00	dE -5.21	batch_acc 0.9900
[INFO  11:30:08] 60%:	E: 0.00	dE -5.37	batch_acc 0.9860
[INFO  11:30:13] 70%:	E: 0.00	dE -5.32	batch_acc 0.9840
[INFO  11:30:17] 80%:	E: 0.00	dE -7.71	batch_acc 0.9640
[INFO  11:30:22] 90%:	E: 0.00	dE -6.28	batch_acc 0.9780
[INFO  11:30:28] epoch: 92 	 test_acc: 0.8887 	 mean_E: 0.0000
[INFO  11:30:28] 0%:	E: 0.00	dE -6.77	batch_acc 0.9700
[INFO  11:30:33] 10%:	E: 0.00	dE -4.48	batch_acc 0.9960
[INFO  11:30:38] 20%:	E: 0.00	dE -4.98	batch_acc 0.9860
[INFO  11:30:42] 30%:	E: 0.00	dE -4.13	batch_acc 0.9900
[INFO  11:30:46] 40%:	E: 0.00	dE -5.18	batch_acc 0.9880
[INFO  11:30:51] 50%:	E: 0.00	dE -4.50	batch_acc 0.9920
[INFO  11:30:55] 60%:	E: 0.00	dE -6.07	batch_acc 0.9860
[INFO  11:31:00] 70%:	E: 0.00	dE -6.01	batch_acc 0.9820
[INFO  11:31:05] 80%:	E: 0.00	dE -5.10	batch_acc 0.9880
[INFO  11:31:09] 90%:	E: 0.00	dE -5.47	batch_acc 0.9880
[INFO  11:31:15] epoch: 93 	 test_acc: 0.8895 	 mean_E: 0.0000
[INFO  11:31:16] 0%:	E: 0.00	dE -5.11	batch_acc 0.9880
[INFO  11:31:20] 10%:	E: 0.00	dE -5.57	batch_acc 0.9840
[INFO  11:31:25] 20%:	E: 0.00	dE -4.93	batch_acc 0.9900
[INFO  11:31:29] 30%:	E: 0.00	dE -5.47	batch_acc 0.9840
[INFO  11:31:34] 40%:	E: 0.00	dE -5.17	batch_acc 0.9940
[INFO  11:31:39] 50%:	E: 0.00	dE -5.27	batch_acc 0.9880
[INFO  11:31:43] 60%:	E: 0.00	dE -6.07	batch_acc 0.9820
[INFO  11:31:48] 70%:	E: 0.00	dE -5.52	batch_acc 0.9780
[INFO  11:31:52] 80%:	E: 0.00	dE -5.48	batch_acc 0.9800
[INFO  11:31:57] 90%:	E: 0.00	dE -6.28	batch_acc 0.9800
[INFO  11:32:02] epoch: 94 	 test_acc: 0.8901 	 mean_E: 0.0000
[INFO  11:32:03] 0%:	E: 0.00	dE -5.26	batch_acc 0.9800
[INFO  11:32:07] 10%:	E: 0.00	dE -5.20	batch_acc 0.9880
[INFO  11:32:12] 20%:	E: 0.00	dE -5.75	batch_acc 0.9760
[INFO  11:32:17] 30%:	E: 0.00	dE -5.73	batch_acc 0.9860
[INFO  11:32:21] 40%:	E: 0.00	dE -5.16	batch_acc 0.9880
[INFO  11:32:26] 50%:	E: 0.00	dE -5.84	batch_acc 0.9880
[INFO  11:32:31] 60%:	E: 0.00	dE -5.61	batch_acc 0.9820
[INFO  11:32:35] 70%:	E: 0.00	dE -5.53	batch_acc 0.9860
[INFO  11:32:40] 80%:	E: 0.00	dE -6.19	batch_acc 0.9760
[INFO  11:32:45] 90%:	E: 0.00	dE -5.59	batch_acc 0.9860
[INFO  11:32:50] epoch: 95 	 test_acc: 0.8888 	 mean_E: 0.0000
[INFO  11:32:51] 0%:	E: 0.00	dE -6.11	batch_acc 0.9820
[INFO  11:32:56] 10%:	E: 0.00	dE -4.92	batch_acc 0.9940
[INFO  11:33:00] 20%:	E: 0.00	dE -4.43	batch_acc 0.9900
[INFO  11:33:04] 30%:	E: 0.00	dE -6.05	batch_acc 0.9760
[INFO  11:33:09] 40%:	E: 0.00	dE -5.82	batch_acc 0.9880
[INFO  11:33:13] 50%:	E: 0.00	dE -4.67	batch_acc 0.9920
[INFO  11:33:17] 60%:	E: 0.00	dE -5.19	batch_acc 0.9820
[INFO  11:33:22] 70%:	E: 0.00	dE -5.76	batch_acc 0.9840
[INFO  11:33:26] 80%:	E: 0.00	dE -5.08	batch_acc 0.9880
[INFO  11:33:31] 90%:	E: 0.00	dE -5.30	batch_acc 0.9820
[INFO  11:33:37] epoch: 96 	 test_acc: 0.8895 	 mean_E: 0.0000
[INFO  11:33:37] 0%:	E: 0.00	dE -4.80	batch_acc 0.9860
[INFO  11:33:42] 10%:	E: 0.00	dE -4.57	batch_acc 0.9900
[INFO  11:33:46] 20%:	E: 0.00	dE -5.00	batch_acc 0.9900
[INFO  11:33:51] 30%:	E: 0.00	dE -5.56	batch_acc 0.9820
[INFO  11:33:56] 40%:	E: 0.00	dE -4.89	batch_acc 0.9820
[INFO  11:34:00] 50%:	E: 0.00	dE -5.20	batch_acc 0.9880
[INFO  11:34:05] 60%:	E: 0.00	dE -6.11	batch_acc 0.9800
[INFO  11:34:09] 70%:	E: 0.00	dE -6.74	batch_acc 0.9680
[INFO  11:34:13] 80%:	E: 0.00	dE -5.29	batch_acc 0.9920
[INFO  11:34:18] 90%:	E: 0.00	dE -7.07	batch_acc 0.9660
[INFO  11:34:24] epoch: 97 	 test_acc: 0.8907 	 mean_E: 0.0000
[INFO  11:34:24] 0%:	E: 0.00	dE -4.73	batch_acc 0.9900
[INFO  11:34:29] 10%:	E: 0.00	dE -4.43	batch_acc 0.9880
[INFO  11:34:33] 20%:	E: 0.00	dE -5.10	batch_acc 0.9860
[INFO  11:34:38] 30%:	E: 0.00	dE -5.27	batch_acc 0.9800
[INFO  11:34:42] 40%:	E: 0.00	dE -4.76	batch_acc 0.9880
[INFO  11:34:47] 50%:	E: 0.00	dE -4.69	batch_acc 0.9920
[INFO  11:34:51] 60%:	E: 0.00	dE -6.21	batch_acc 0.9820
[INFO  11:34:56] 70%:	E: 0.00	dE -4.94	batch_acc 0.9840
[INFO  11:35:00] 80%:	E: 0.00	dE -7.13	batch_acc 0.9740
[INFO  11:35:05] 90%:	E: 0.00	dE -5.14	batch_acc 0.9820
[INFO  11:35:11] epoch: 98 	 test_acc: 0.8918 	 mean_E: 0.0000
[INFO  11:35:11] 0%:	E: 0.00	dE -4.17	batch_acc 0.9920
[INFO  11:35:16] 10%:	E: 0.00	dE -4.96	batch_acc 0.9900
[INFO  11:35:21] 20%:	E: 0.00	dE -4.50	batch_acc 0.9880
[INFO  11:35:25] 30%:	E: 0.00	dE -5.34	batch_acc 0.9800
[INFO  11:35:30] 40%:	E: 0.00	dE -5.22	batch_acc 0.9780
[INFO  11:35:35] 50%:	E: 0.00	dE -5.79	batch_acc 0.9880
[INFO  11:35:39] 60%:	E: 0.00	dE -5.65	batch_acc 0.9820
[INFO  11:35:44] 70%:	E: 0.00	dE -5.77	batch_acc 0.9780
[INFO  11:35:48] 80%:	E: 0.00	dE -5.49	batch_acc 0.9840
[INFO  11:35:53] 90%:	E: 0.00	dE -5.36	batch_acc 0.9860
[INFO  11:35:58] epoch: 99 	 test_acc: 0.8877 	 mean_E: 0.0000
[INFO  11:35:58] 0%:	E: 0.00	dE -5.48	batch_acc 0.9880
[INFO  11:36:03] 10%:	E: 0.00	dE -5.37	batch_acc 0.9780
[INFO  11:36:07] 20%:	E: 0.00	dE -5.37	batch_acc 0.9900
[INFO  11:36:12] 30%:	E: 0.00	dE -5.54	batch_acc 0.9860
[INFO  11:36:16] 40%:	E: 0.00	dE -5.54	batch_acc 0.9880
[INFO  11:36:21] 50%:	E: 0.00	dE -6.08	batch_acc 0.9860
[INFO  11:36:25] 60%:	E: 0.00	dE -6.30	batch_acc 0.9780
[INFO  11:36:30] 70%:	E: 0.00	dE -5.87	batch_acc 0.9900
[INFO  11:36:35] 80%:	E: 0.00	dE -5.08	batch_acc 0.9900
[INFO  11:36:39] 90%:	E: 0.00	dE -6.06	batch_acc 0.9800
[INFO  11:36:45] epoch: 100 	 test_acc: 0.8896 	 mean_E: 0.0000
