[INFO  09:29:07] Start training with parametrization:
{
    "batch_size": 200,
    "beta": 1,
    "c_energy": "squared_error",
    "dataset": "mnist",
    "dimensions": [
        784,
        1000,
        10
    ],
    "dynamics": {
        "dt": 0.1,
        "n_relax": 20,
        "tau": 1,
        "tol": 0
    },
    "energy": "cond_gaussian",
    "epochs": 100,
    "fast_ff_init": true,
    "learning_rate": 0.001,
    "log_dir": "",
    "nonlinearity": "leaky_relu",
    "optimizer": "adam",
    "seed": 2022
}
[INFO  09:29:08] 0%:	E: 0.00	dE -70.74	batch_acc 0.1300
[INFO  09:29:09] 10%:	E: 0.00	dE -14.81	batch_acc 0.7900
[INFO  09:29:11] 20%:	E: 0.00	dE -11.61	batch_acc 0.7900
[INFO  09:29:12] 30%:	E: 0.00	dE -11.84	batch_acc 0.7950
[INFO  09:29:14] 40%:	E: 0.00	dE -9.47	batch_acc 0.8600
[INFO  09:29:15] 50%:	E: 0.00	dE -11.49	batch_acc 0.8000
[INFO  09:29:17] 60%:	E: 0.00	dE -9.13	batch_acc 0.8300
[INFO  09:29:18] 70%:	E: 0.00	dE -6.41	batch_acc 0.9100
[INFO  09:29:20] 80%:	E: 0.00	dE -9.49	batch_acc 0.8400
[INFO  09:29:22] 90%:	E: 0.00	dE -8.65	batch_acc 0.8600
[INFO  09:29:25] epoch: 1 	 test_acc: 0.8544 	 mean_E: 0.0000
[INFO  09:29:25] 0%:	E: 0.00	dE -8.61	batch_acc 0.8700
[INFO  09:29:26] 10%:	E: 0.00	dE -7.57	batch_acc 0.8800
[INFO  09:29:28] 20%:	E: 0.00	dE -7.24	batch_acc 0.8850
[INFO  09:29:30] 30%:	E: 0.00	dE -7.56	batch_acc 0.8850
[INFO  09:29:31] 40%:	E: 0.00	dE -6.90	batch_acc 0.9150
[INFO  09:29:33] 50%:	E: 0.00	dE -7.81	batch_acc 0.8700
[INFO  09:29:34] 60%:	E: 0.00	dE -8.40	batch_acc 0.8750
[INFO  09:29:36] 70%:	E: 0.00	dE -7.72	batch_acc 0.8650
[INFO  09:29:37] 80%:	E: 0.00	dE -7.78	batch_acc 0.8600
[INFO  09:29:39] 90%:	E: 0.00	dE -5.63	batch_acc 0.9150
[INFO  09:29:42] epoch: 2 	 test_acc: 0.8683 	 mean_E: 0.0000
[INFO  09:29:42] 0%:	E: 0.00	dE -6.48	batch_acc 0.9000
[INFO  09:29:44] 10%:	E: 0.00	dE -6.74	batch_acc 0.9000
[INFO  09:29:45] 20%:	E: 0.00	dE -5.85	batch_acc 0.9200
[INFO  09:29:47] 30%:	E: 0.00	dE -6.16	batch_acc 0.8950
[INFO  09:29:48] 40%:	E: 0.00	dE -7.12	batch_acc 0.8950
[INFO  09:29:50] 50%:	E: 0.00	dE -7.38	batch_acc 0.9000
[INFO  09:29:51] 60%:	E: 0.00	dE -7.58	batch_acc 0.8650
[INFO  09:29:53] 70%:	E: 0.00	dE -6.11	batch_acc 0.9050
[INFO  09:29:54] 80%:	E: 0.00	dE -6.41	batch_acc 0.9100
[INFO  09:29:56] 90%:	E: 0.00	dE -5.76	batch_acc 0.9250
[INFO  09:29:59] epoch: 3 	 test_acc: 0.8720 	 mean_E: 0.0000
[INFO  09:29:59] 0%:	E: 0.00	dE -6.28	batch_acc 0.9200
[INFO  09:30:01] 10%:	E: 0.00	dE -5.87	batch_acc 0.9050
[INFO  09:30:02] 20%:	E: 0.00	dE -5.50	batch_acc 0.9150
[INFO  09:30:04] 30%:	E: 0.00	dE -6.09	batch_acc 0.9100
[INFO  09:30:05] 40%:	E: 0.00	dE -7.38	batch_acc 0.8900
[INFO  09:30:07] 50%:	E: 0.00	dE -6.49	batch_acc 0.9150
[INFO  09:30:08] 60%:	E: 0.00	dE -5.80	batch_acc 0.9200
[INFO  09:30:10] 70%:	E: 0.00	dE -7.79	batch_acc 0.8700
[INFO  09:30:11] 80%:	E: 0.00	dE -6.27	batch_acc 0.9000
[INFO  09:30:13] 90%:	E: 0.00	dE -6.99	batch_acc 0.8900
[INFO  09:30:16] epoch: 4 	 test_acc: 0.8763 	 mean_E: 0.0000
[INFO  09:30:16] 0%:	E: 0.00	dE -4.76	batch_acc 0.9450
[INFO  09:30:18] 10%:	E: 0.00	dE -6.46	batch_acc 0.9200
[INFO  09:30:19] 20%:	E: 0.00	dE -6.73	batch_acc 0.9000
[INFO  09:30:21] 30%:	E: 0.00	dE -5.56	batch_acc 0.9150
[INFO  09:30:22] 40%:	E: 0.00	dE -6.84	batch_acc 0.8800
[INFO  09:30:24] 50%:	E: 0.00	dE -5.68	batch_acc 0.9250
[INFO  09:30:25] 60%:	E: 0.00	dE -6.05	batch_acc 0.9000
[INFO  09:30:27] 70%:	E: 0.00	dE -5.69	batch_acc 0.9250
[INFO  09:30:28] 80%:	E: 0.00	dE -6.80	batch_acc 0.8750
[INFO  09:30:30] 90%:	E: 0.00	dE -6.30	batch_acc 0.9050
[INFO  09:30:33] epoch: 5 	 test_acc: 0.8788 	 mean_E: 0.0000
[INFO  09:30:33] 0%:	E: 0.00	dE -5.78	batch_acc 0.9100
[INFO  09:30:34] 10%:	E: 0.00	dE -6.47	batch_acc 0.8950
[INFO  09:30:36] 20%:	E: 0.00	dE -5.78	batch_acc 0.9050
[INFO  09:30:38] 30%:	E: 0.00	dE -5.60	batch_acc 0.9050
[INFO  09:30:39] 40%:	E: 0.00	dE -5.76	batch_acc 0.9150
[INFO  09:30:41] 50%:	E: 0.00	dE -6.68	batch_acc 0.8900
[INFO  09:30:42] 60%:	E: 0.00	dE -7.08	batch_acc 0.8800
[INFO  09:30:44] 70%:	E: 0.00	dE -5.04	batch_acc 0.9050
[INFO  09:30:45] 80%:	E: 0.00	dE -6.39	batch_acc 0.8900
[INFO  09:30:47] 90%:	E: 0.00	dE -6.67	batch_acc 0.8950
[INFO  09:30:50] epoch: 6 	 test_acc: 0.8840 	 mean_E: 0.0000
[INFO  09:30:50] 0%:	E: 0.00	dE -6.27	batch_acc 0.9000
[INFO  09:30:52] 10%:	E: 0.00	dE -7.50	batch_acc 0.8900
[INFO  09:30:53] 20%:	E: 0.00	dE -5.99	batch_acc 0.8800
[INFO  09:30:55] 30%:	E: 0.00	dE -6.07	batch_acc 0.8950
[INFO  09:30:56] 40%:	E: 0.00	dE -5.09	batch_acc 0.9250
[INFO  09:30:58] 50%:	E: 0.00	dE -5.10	batch_acc 0.9350
[INFO  09:30:59] 60%:	E: 0.00	dE -5.53	batch_acc 0.9200
[INFO  09:31:01] 70%:	E: 0.00	dE -6.70	batch_acc 0.8850
[INFO  09:31:03] 80%:	E: 0.00	dE -5.54	batch_acc 0.9200
[INFO  09:31:04] 90%:	E: 0.00	dE -6.23	batch_acc 0.9000
[INFO  09:31:07] epoch: 7 	 test_acc: 0.8813 	 mean_E: 0.0000
[INFO  09:31:07] 0%:	E: 0.00	dE -5.34	batch_acc 0.9250
[INFO  09:31:08] 10%:	E: 0.00	dE -5.82	batch_acc 0.9050
[INFO  09:31:10] 20%:	E: 0.00	dE -6.01	batch_acc 0.9050
[INFO  09:31:12] 30%:	E: 0.00	dE -6.33	batch_acc 0.8950
[INFO  09:31:13] 40%:	E: 0.00	dE -5.94	batch_acc 0.9000
[INFO  09:31:15] 50%:	E: 0.00	dE -5.77	batch_acc 0.9150
[INFO  09:31:16] 60%:	E: 0.00	dE -5.54	batch_acc 0.9300
[INFO  09:31:18] 70%:	E: 0.00	dE -5.41	batch_acc 0.9350
[INFO  09:31:19] 80%:	E: 0.00	dE -6.43	batch_acc 0.9250
[INFO  09:31:21] 90%:	E: 0.00	dE -5.93	batch_acc 0.9050
[INFO  09:31:24] epoch: 8 	 test_acc: 0.8822 	 mean_E: 0.0000
[INFO  09:31:24] 0%:	E: 0.00	dE -6.81	batch_acc 0.8900
[INFO  09:31:26] 10%:	E: 0.00	dE -5.22	batch_acc 0.9350
[INFO  09:31:27] 20%:	E: 0.00	dE -5.83	batch_acc 0.9150
[INFO  09:31:29] 30%:	E: 0.00	dE -4.51	batch_acc 0.9400
[INFO  09:31:30] 40%:	E: 0.00	dE -6.36	batch_acc 0.9050
[INFO  09:31:31] 50%:	E: 0.00	dE -5.46	batch_acc 0.9200
[INFO  09:31:33] 60%:	E: 0.00	dE -5.94	batch_acc 0.8950
[INFO  09:31:35] 70%:	E: 0.00	dE -5.73	batch_acc 0.9150
[INFO  09:31:36] 80%:	E: 0.00	dE -6.22	batch_acc 0.9050
[INFO  09:31:38] 90%:	E: 0.00	dE -5.55	batch_acc 0.9250
[INFO  09:31:41] epoch: 9 	 test_acc: 0.8799 	 mean_E: 0.0000
[INFO  09:31:41] 0%:	E: 0.00	dE -5.86	batch_acc 0.9050
[INFO  09:31:42] 10%:	E: 0.00	dE -5.74	batch_acc 0.9300
[INFO  09:31:44] 20%:	E: 0.00	dE -6.03	batch_acc 0.9150
[INFO  09:31:46] 30%:	E: 0.00	dE -5.41	batch_acc 0.9150
[INFO  09:31:47] 40%:	E: 0.00	dE -4.94	batch_acc 0.9100
[INFO  09:31:49] 50%:	E: 0.00	dE -3.81	batch_acc 0.9750
[INFO  09:31:50] 60%:	E: 0.00	dE -5.98	batch_acc 0.9150
[INFO  09:31:52] 70%:	E: 0.00	dE -4.82	batch_acc 0.9550
[INFO  09:31:54] 80%:	E: 0.00	dE -5.15	batch_acc 0.9100
[INFO  09:31:55] 90%:	E: 0.00	dE -7.17	batch_acc 0.8700
[INFO  09:31:58] epoch: 10 	 test_acc: 0.8837 	 mean_E: 0.0000
[INFO  09:31:58] 0%:	E: 0.00	dE -6.12	batch_acc 0.9050
[INFO  09:32:00] 10%:	E: 0.00	dE -4.44	batch_acc 0.9350
[INFO  09:32:01] 20%:	E: 0.00	dE -4.86	batch_acc 0.9350
[INFO  09:32:03] 30%:	E: 0.00	dE -5.15	batch_acc 0.9400
[INFO  09:32:04] 40%:	E: 0.00	dE -5.25	batch_acc 0.9100
[INFO  09:32:06] 50%:	E: 0.00	dE -4.49	batch_acc 0.9500
[INFO  09:32:07] 60%:	E: 0.00	dE -5.37	batch_acc 0.9250
[INFO  09:32:09] 70%:	E: 0.00	dE -5.11	batch_acc 0.9300
[INFO  09:32:11] 80%:	E: 0.00	dE -4.27	batch_acc 0.9300
[INFO  09:32:12] 90%:	E: 0.00	dE -3.68	batch_acc 0.9600
[INFO  09:32:15] epoch: 11 	 test_acc: 0.8881 	 mean_E: 0.0000
[INFO  09:32:15] 0%:	E: 0.00	dE -5.05	batch_acc 0.9350
[INFO  09:32:17] 10%:	E: 0.00	dE -3.95	batch_acc 0.9700
[INFO  09:32:18] 20%:	E: 0.00	dE -5.00	batch_acc 0.9200
[INFO  09:32:20] 30%:	E: 0.00	dE -4.85	batch_acc 0.9450
[INFO  09:32:21] 40%:	E: 0.00	dE -5.06	batch_acc 0.9250
[INFO  09:32:23] 50%:	E: 0.00	dE -5.78	batch_acc 0.9200
[INFO  09:32:24] 60%:	E: 0.00	dE -4.82	batch_acc 0.9350
[INFO  09:32:26] 70%:	E: 0.00	dE -5.21	batch_acc 0.9250
[INFO  09:32:27] 80%:	E: 0.00	dE -5.63	batch_acc 0.9200
[INFO  09:32:29] 90%:	E: 0.00	dE -5.63	batch_acc 0.9450
[INFO  09:32:32] epoch: 12 	 test_acc: 0.8856 	 mean_E: 0.0000
[INFO  09:32:32] 0%:	E: 0.00	dE -5.78	batch_acc 0.9300
[INFO  09:32:33] 10%:	E: 0.00	dE -4.29	batch_acc 0.9400
[INFO  09:32:35] 20%:	E: 0.00	dE -4.53	batch_acc 0.9500
[INFO  09:32:36] 30%:	E: 0.00	dE -4.59	batch_acc 0.9450
[INFO  09:32:38] 40%:	E: 0.00	dE -5.50	batch_acc 0.9400
[INFO  09:32:40] 50%:	E: 0.00	dE -4.71	batch_acc 0.9300
[INFO  09:32:41] 60%:	E: 0.00	dE -5.47	batch_acc 0.9100
[INFO  09:32:43] 70%:	E: 0.00	dE -5.18	batch_acc 0.9300
[INFO  09:32:44] 80%:	E: 0.00	dE -5.30	batch_acc 0.9450
[INFO  09:32:46] 90%:	E: 0.00	dE -4.69	batch_acc 0.9500
[INFO  09:32:49] epoch: 13 	 test_acc: 0.8906 	 mean_E: 0.0000
[INFO  09:32:49] 0%:	E: 0.00	dE -4.11	batch_acc 0.9350
[INFO  09:32:51] 10%:	E: 0.00	dE -4.17	batch_acc 0.9400
[INFO  09:32:52] 20%:	E: 0.00	dE -3.77	batch_acc 0.9700
[INFO  09:32:54] 30%:	E: 0.00	dE -5.30	batch_acc 0.9200
[INFO  09:32:55] 40%:	E: 0.00	dE -4.75	batch_acc 0.9300
[INFO  09:32:57] 50%:	E: 0.00	dE -5.40	batch_acc 0.9300
[INFO  09:32:58] 60%:	E: 0.00	dE -4.33	batch_acc 0.9450
[INFO  09:33:00] 70%:	E: 0.00	dE -5.26	batch_acc 0.9200
[INFO  09:33:01] 80%:	E: 0.00	dE -5.04	batch_acc 0.9450
[INFO  09:33:03] 90%:	E: 0.00	dE -4.53	batch_acc 0.9500
[INFO  09:33:06] epoch: 14 	 test_acc: 0.8863 	 mean_E: 0.0000
[INFO  09:33:06] 0%:	E: 0.00	dE -5.21	batch_acc 0.9150
[INFO  09:33:08] 10%:	E: 0.00	dE -4.21	batch_acc 0.9400
[INFO  09:33:09] 20%:	E: 0.00	dE -5.20	batch_acc 0.9500
[INFO  09:33:11] 30%:	E: 0.00	dE -4.92	batch_acc 0.9350
[INFO  09:33:13] 40%:	E: 0.00	dE -5.52	batch_acc 0.9150
[INFO  09:33:14] 50%:	E: 0.00	dE -4.95	batch_acc 0.9400
[INFO  09:33:16] 60%:	E: 0.00	dE -4.09	batch_acc 0.9450
[INFO  09:33:17] 70%:	E: 0.00	dE -4.54	batch_acc 0.9500
[INFO  09:33:19] 80%:	E: 0.00	dE -4.58	batch_acc 0.9350
[INFO  09:33:20] 90%:	E: 0.00	dE -5.03	batch_acc 0.9200
[INFO  09:33:23] epoch: 15 	 test_acc: 0.8883 	 mean_E: 0.0000
[INFO  09:33:23] 0%:	E: 0.00	dE -4.16	batch_acc 0.9450
[INFO  09:33:25] 10%:	E: 0.00	dE -3.57	batch_acc 0.9550
[INFO  09:33:27] 20%:	E: 0.00	dE -4.55	batch_acc 0.9400
[INFO  09:33:28] 30%:	E: 0.00	dE -4.00	batch_acc 0.9450
[INFO  09:33:30] 40%:	E: 0.00	dE -4.90	batch_acc 0.9600
[INFO  09:33:31] 50%:	E: 0.00	dE -5.22	batch_acc 0.9250
[INFO  09:33:33] 60%:	E: 0.00	dE -4.63	batch_acc 0.9400
[INFO  09:33:34] 70%:	E: 0.00	dE -6.13	batch_acc 0.9100
[INFO  09:33:36] 80%:	E: 0.00	dE -5.29	batch_acc 0.9300
[INFO  09:33:37] 90%:	E: 0.00	dE -4.19	batch_acc 0.9550
[INFO  09:33:40] epoch: 16 	 test_acc: 0.8896 	 mean_E: 0.0000
[INFO  09:33:41] 0%:	E: 0.00	dE -4.79	batch_acc 0.9500
[INFO  09:33:42] 10%:	E: 0.00	dE -4.40	batch_acc 0.9600
[INFO  09:33:44] 20%:	E: 0.00	dE -4.55	batch_acc 0.9350
[INFO  09:33:45] 30%:	E: 0.00	dE -3.65	batch_acc 0.9550
[INFO  09:33:47] 40%:	E: 0.00	dE -5.87	batch_acc 0.9300
[INFO  09:33:49] 50%:	E: 0.00	dE -4.19	batch_acc 0.9500
[INFO  09:33:50] 60%:	E: 0.00	dE -4.68	batch_acc 0.9500
[INFO  09:33:52] 70%:	E: 0.00	dE -4.11	batch_acc 0.9600
[INFO  09:33:53] 80%:	E: 0.00	dE -5.48	batch_acc 0.9350
[INFO  09:33:55] 90%:	E: 0.00	dE -4.29	batch_acc 0.9400
[INFO  09:33:58] epoch: 17 	 test_acc: 0.8923 	 mean_E: 0.0000
[INFO  09:33:58] 0%:	E: 0.00	dE -5.61	batch_acc 0.9050
[INFO  09:34:00] 10%:	E: 0.00	dE -4.52	batch_acc 0.9300
[INFO  09:34:01] 20%:	E: 0.00	dE -3.95	batch_acc 0.9500
[INFO  09:34:03] 30%:	E: 0.00	dE -3.84	batch_acc 0.9600
[INFO  09:34:04] 40%:	E: 0.00	dE -4.68	batch_acc 0.9500
[INFO  09:34:06] 50%:	E: 0.00	dE -4.41	batch_acc 0.9500
[INFO  09:34:08] 60%:	E: 0.00	dE -4.57	batch_acc 0.9400
[INFO  09:34:09] 70%:	E: 0.00	dE -5.49	batch_acc 0.9300
[INFO  09:34:10] 80%:	E: 0.00	dE -5.61	batch_acc 0.9350
[INFO  09:34:12] 90%:	E: 0.00	dE -3.88	batch_acc 0.9650
[INFO  09:34:15] epoch: 18 	 test_acc: 0.8906 	 mean_E: 0.0000
[INFO  09:34:15] 0%:	E: 0.00	dE -4.27	batch_acc 0.9450
[INFO  09:34:17] 10%:	E: 0.00	dE -3.57	batch_acc 0.9700
[INFO  09:34:18] 20%:	E: 0.00	dE -5.17	batch_acc 0.9300
[INFO  09:34:20] 30%:	E: 0.00	dE -4.04	batch_acc 0.9500
[INFO  09:34:21] 40%:	E: 0.00	dE -5.51	batch_acc 0.9050
[INFO  09:34:23] 50%:	E: 0.00	dE -4.90	batch_acc 0.9250
[INFO  09:34:24] 60%:	E: 0.00	dE -5.20	batch_acc 0.9400
[INFO  09:34:26] 70%:	E: 0.00	dE -3.98	batch_acc 0.9750
[INFO  09:34:27] 80%:	E: 0.00	dE -4.39	batch_acc 0.9600
[INFO  09:34:29] 90%:	E: 0.00	dE -3.21	batch_acc 0.9700
[INFO  09:34:32] epoch: 19 	 test_acc: 0.8868 	 mean_E: 0.0000
[INFO  09:34:32] 0%:	E: 0.00	dE -5.07	batch_acc 0.9350
[INFO  09:34:34] 10%:	E: 0.00	dE -4.35	batch_acc 0.9450
[INFO  09:34:35] 20%:	E: 0.00	dE -4.36	batch_acc 0.9350
[INFO  09:34:37] 30%:	E: 0.00	dE -4.55	batch_acc 0.9450
[INFO  09:34:38] 40%:	E: 0.00	dE -3.99	batch_acc 0.9800
[INFO  09:34:40] 50%:	E: 0.00	dE -4.35	batch_acc 0.9250
[INFO  09:34:41] 60%:	E: 0.00	dE -4.60	batch_acc 0.9450
[INFO  09:34:43] 70%:	E: 0.00	dE -5.16	batch_acc 0.9250
[INFO  09:34:44] 80%:	E: 0.00	dE -4.62	batch_acc 0.9400
[INFO  09:34:46] 90%:	E: 0.00	dE -3.88	batch_acc 0.9700
[INFO  09:34:49] epoch: 20 	 test_acc: 0.8908 	 mean_E: 0.0000
[INFO  09:34:49] 0%:	E: 0.00	dE -4.33	batch_acc 0.9450
[INFO  09:34:50] 10%:	E: 0.00	dE -4.63	batch_acc 0.9550
[INFO  09:34:52] 20%:	E: 0.00	dE -5.22	batch_acc 0.9350
[INFO  09:34:54] 30%:	E: 0.00	dE -4.37	batch_acc 0.9550
[INFO  09:34:55] 40%:	E: 0.00	dE -3.78	batch_acc 0.9650
[INFO  09:34:57] 50%:	E: 0.00	dE -4.39	batch_acc 0.9400
[INFO  09:34:58] 60%:	E: 0.00	dE -4.45	batch_acc 0.9450
[INFO  09:35:00] 70%:	E: 0.00	dE -4.60	batch_acc 0.9250
[INFO  09:35:01] 80%:	E: 0.00	dE -4.41	batch_acc 0.9500
[INFO  09:35:03] 90%:	E: 0.00	dE -4.16	batch_acc 0.9650
[INFO  09:35:06] epoch: 21 	 test_acc: 0.8858 	 mean_E: 0.0000
[INFO  09:35:06] 0%:	E: 0.00	dE -4.03	batch_acc 0.9550
[INFO  09:35:07] 10%:	E: 0.00	dE -3.96	batch_acc 0.9500
[INFO  09:35:09] 20%:	E: 0.00	dE -3.29	batch_acc 0.9700
[INFO  09:35:11] 30%:	E: 0.00	dE -5.16	batch_acc 0.9200
[INFO  09:35:12] 40%:	E: 0.00	dE -4.43	batch_acc 0.9550
[INFO  09:35:14] 50%:	E: 0.00	dE -4.22	batch_acc 0.9450
[INFO  09:35:15] 60%:	E: 0.00	dE -4.97	batch_acc 0.9250
[INFO  09:35:17] 70%:	E: 0.00	dE -3.84	batch_acc 0.9450
[INFO  09:35:18] 80%:	E: 0.00	dE -4.21	batch_acc 0.9600
[INFO  09:35:20] 90%:	E: 0.00	dE -4.36	batch_acc 0.9650
[INFO  09:35:23] epoch: 22 	 test_acc: 0.8891 	 mean_E: 0.0000
[INFO  09:35:23] 0%:	E: 0.00	dE -4.19	batch_acc 0.9450
[INFO  09:35:25] 10%:	E: 0.00	dE -4.34	batch_acc 0.9450
[INFO  09:35:26] 20%:	E: 0.00	dE -4.31	batch_acc 0.9350
[INFO  09:35:28] 30%:	E: 0.00	dE -3.33	batch_acc 0.9600
[INFO  09:35:29] 40%:	E: 0.00	dE -5.88	batch_acc 0.9250
[INFO  09:35:31] 50%:	E: 0.00	dE -3.99	batch_acc 0.9350
[INFO  09:35:32] 60%:	E: 0.00	dE -4.08	batch_acc 0.9600
[INFO  09:35:34] 70%:	E: 0.00	dE -4.10	batch_acc 0.9500
[INFO  09:35:36] 80%:	E: 0.00	dE -3.73	batch_acc 0.9700
[INFO  09:35:37] 90%:	E: 0.00	dE -4.65	batch_acc 0.9500
[INFO  09:35:40] epoch: 23 	 test_acc: 0.8880 	 mean_E: 0.0000
[INFO  09:35:40] 0%:	E: 0.00	dE -3.37	batch_acc 0.9800
[INFO  09:35:42] 10%:	E: 0.00	dE -3.54	batch_acc 0.9800
[INFO  09:35:44] 20%:	E: 0.00	dE -3.61	batch_acc 0.9650
[INFO  09:35:45] 30%:	E: 0.00	dE -4.55	batch_acc 0.9650
[INFO  09:35:47] 40%:	E: 0.00	dE -4.21	batch_acc 0.9300
[INFO  09:35:48] 50%:	E: 0.00	dE -3.10	batch_acc 0.9800
[INFO  09:35:50] 60%:	E: 0.00	dE -4.83	batch_acc 0.9300
[INFO  09:35:51] 70%:	E: 0.00	dE -5.78	batch_acc 0.9150
[INFO  09:35:53] 80%:	E: 0.00	dE -3.52	batch_acc 0.9650
[INFO  09:35:54] 90%:	E: 0.00	dE -5.84	batch_acc 0.9450
[INFO  09:35:58] epoch: 24 	 test_acc: 0.8920 	 mean_E: 0.0000
[INFO  09:35:58] 0%:	E: 0.00	dE -3.76	batch_acc 0.9600
[INFO  09:35:59] 10%:	E: 0.00	dE -3.15	batch_acc 0.9850
[INFO  09:36:01] 20%:	E: 0.00	dE -3.91	batch_acc 0.9550
[INFO  09:36:02] 30%:	E: 0.00	dE -3.99	batch_acc 0.9500
[INFO  09:36:04] 40%:	E: 0.00	dE -4.57	batch_acc 0.9350
[INFO  09:36:05] 50%:	E: 0.00	dE -3.62	batch_acc 0.9700
[INFO  09:36:07] 60%:	E: 0.00	dE -4.50	batch_acc 0.9450
[INFO  09:36:08] 70%:	E: 0.00	dE -3.83	batch_acc 0.9500
[INFO  09:36:10] 80%:	E: 0.00	dE -4.06	batch_acc 0.9550
[INFO  09:36:11] 90%:	E: 0.00	dE -4.47	batch_acc 0.9500
[INFO  09:36:14] epoch: 25 	 test_acc: 0.8895 	 mean_E: 0.0000
[INFO  09:36:15] 0%:	E: 0.00	dE -3.09	batch_acc 0.9700
[INFO  09:36:16] 10%:	E: 0.00	dE -4.67	batch_acc 0.9350
[INFO  09:36:18] 20%:	E: 0.00	dE -4.19	batch_acc 0.9350
[INFO  09:36:19] 30%:	E: 0.00	dE -4.12	batch_acc 0.9500
[INFO  09:36:21] 40%:	E: 0.00	dE -3.69	batch_acc 0.9600
[INFO  09:36:22] 50%:	E: 0.00	dE -4.66	batch_acc 0.9450
[INFO  09:36:24] 60%:	E: 0.00	dE -3.73	batch_acc 0.9600
[INFO  09:36:26] 70%:	E: 0.00	dE -4.41	batch_acc 0.9400
[INFO  09:36:27] 80%:	E: 0.00	dE -4.52	batch_acc 0.9400
[INFO  09:36:29] 90%:	E: 0.00	dE -4.98	batch_acc 0.9150
[INFO  09:36:32] epoch: 26 	 test_acc: 0.8908 	 mean_E: 0.0000
[INFO  09:36:32] 0%:	E: 0.00	dE -3.62	batch_acc 0.9700
[INFO  09:36:34] 10%:	E: 0.00	dE -4.07	batch_acc 0.9550
[INFO  09:36:35] 20%:	E: 0.00	dE -4.87	batch_acc 0.9400
[INFO  09:36:37] 30%:	E: 0.00	dE -3.90	batch_acc 0.9700
[INFO  09:36:39] 40%:	E: 0.00	dE -3.83	batch_acc 0.9550
[INFO  09:36:40] 50%:	E: 0.00	dE -4.52	batch_acc 0.9500
[INFO  09:36:42] 60%:	E: 0.00	dE -4.13	batch_acc 0.9500
[INFO  09:36:43] 70%:	E: 0.00	dE -4.06	batch_acc 0.9550
[INFO  09:36:45] 80%:	E: 0.00	dE -3.73	batch_acc 0.9550
[INFO  09:36:46] 90%:	E: 0.00	dE -4.35	batch_acc 0.9500
[INFO  09:36:49] epoch: 27 	 test_acc: 0.8880 	 mean_E: 0.0000
[INFO  09:36:50] 0%:	E: 0.00	dE -3.04	batch_acc 0.9750
[INFO  09:36:51] 10%:	E: 0.00	dE -3.30	batch_acc 0.9600
[INFO  09:36:53] 20%:	E: 0.00	dE -4.45	batch_acc 0.9350
[INFO  09:36:54] 30%:	E: 0.00	dE -3.59	batch_acc 0.9650
[INFO  09:36:56] 40%:	E: 0.00	dE -4.04	batch_acc 0.9500
[INFO  09:36:57] 50%:	E: 0.00	dE -3.78	batch_acc 0.9750
[INFO  09:36:59] 60%:	E: 0.00	dE -3.72	batch_acc 0.9550
[INFO  09:37:00] 70%:	E: 0.00	dE -4.87	batch_acc 0.9150
[INFO  09:37:02] 80%:	E: 0.00	dE -3.65	batch_acc 0.9650
[INFO  09:37:03] 90%:	E: 0.00	dE -4.22	batch_acc 0.9500
[INFO  09:37:06] epoch: 28 	 test_acc: 0.8905 	 mean_E: 0.0000
[INFO  09:37:06] 0%:	E: 0.00	dE -4.35	batch_acc 0.9350
[INFO  09:37:08] 10%:	E: 0.00	dE -3.53	batch_acc 0.9650
[INFO  09:37:09] 20%:	E: 0.00	dE -4.16	batch_acc 0.9550
[INFO  09:37:11] 30%:	E: 0.00	dE -2.55	batch_acc 0.9800
[INFO  09:37:12] 40%:	E: 0.00	dE -4.78	batch_acc 0.9550
[INFO  09:37:14] 50%:	E: 0.00	dE -4.50	batch_acc 0.9300
[INFO  09:37:16] 60%:	E: 0.00	dE -4.05	batch_acc 0.9650
[INFO  09:37:17] 70%:	E: 0.00	dE -3.57	batch_acc 0.9600
[INFO  09:37:19] 80%:	E: 0.00	dE -4.34	batch_acc 0.9500
[INFO  09:37:20] 90%:	E: 0.00	dE -4.10	batch_acc 0.9650
[INFO  09:37:23] epoch: 29 	 test_acc: 0.8889 	 mean_E: 0.0000
[INFO  09:37:24] 0%:	E: 0.00	dE -4.13	batch_acc 0.9550
[INFO  09:37:25] 10%:	E: 0.00	dE -4.50	batch_acc 0.9550
[INFO  09:37:27] 20%:	E: 0.00	dE -3.88	batch_acc 0.9500
[INFO  09:37:28] 30%:	E: 0.00	dE -3.28	batch_acc 0.9650
[INFO  09:37:30] 40%:	E: 0.00	dE -4.11	batch_acc 0.9550
[INFO  09:37:31] 50%:	E: 0.00	dE -4.12	batch_acc 0.9500
[INFO  09:37:33] 60%:	E: 0.00	dE -3.30	batch_acc 0.9650
[INFO  09:37:34] 70%:	E: 0.00	dE -3.55	batch_acc 0.9650
[INFO  09:37:36] 80%:	E: 0.00	dE -3.45	batch_acc 0.9800
[INFO  09:37:37] 90%:	E: 0.00	dE -4.26	batch_acc 0.9350
[INFO  09:37:40] epoch: 30 	 test_acc: 0.8914 	 mean_E: 0.0000
[INFO  09:37:41] 0%:	E: 0.00	dE -3.20	batch_acc 0.9650
[INFO  09:37:42] 10%:	E: 0.00	dE -3.78	batch_acc 0.9600
[INFO  09:37:44] 20%:	E: 0.00	dE -4.71	batch_acc 0.9500
[INFO  09:37:45] 30%:	E: 0.00	dE -3.55	batch_acc 0.9650
[INFO  09:37:47] 40%:	E: 0.00	dE -3.51	batch_acc 0.9650
[INFO  09:37:48] 50%:	E: 0.00	dE -3.12	batch_acc 0.9650
[INFO  09:37:50] 60%:	E: 0.00	dE -3.78	batch_acc 0.9550
[INFO  09:37:51] 70%:	E: 0.00	dE -4.51	batch_acc 0.9600
[INFO  09:37:53] 80%:	E: 0.00	dE -3.41	batch_acc 0.9700
[INFO  09:37:54] 90%:	E: 0.00	dE -4.06	batch_acc 0.9700
[INFO  09:37:57] epoch: 31 	 test_acc: 0.8931 	 mean_E: 0.0000
[INFO  09:37:57] 0%:	E: 0.00	dE -3.98	batch_acc 0.9550
[INFO  09:37:59] 10%:	E: 0.00	dE -3.86	batch_acc 0.9500
[INFO  09:38:00] 20%:	E: 0.00	dE -4.36	batch_acc 0.9400
[INFO  09:38:02] 30%:	E: 0.00	dE -3.03	batch_acc 0.9800
[INFO  09:38:03] 40%:	E: 0.00	dE -4.48	batch_acc 0.9500
[INFO  09:38:05] 50%:	E: 0.00	dE -4.63	batch_acc 0.9550
[INFO  09:38:07] 60%:	E: 0.00	dE -3.21	batch_acc 0.9750
[INFO  09:38:08] 70%:	E: 0.00	dE -4.34	batch_acc 0.9500
[INFO  09:38:10] 80%:	E: 0.00	dE -3.84	batch_acc 0.9650
[INFO  09:38:11] 90%:	E: 0.00	dE -4.71	batch_acc 0.9350
[INFO  09:38:14] epoch: 32 	 test_acc: 0.8910 	 mean_E: 0.0000
[INFO  09:38:14] 0%:	E: 0.00	dE -3.90	batch_acc 0.9650
[INFO  09:38:16] 10%:	E: 0.00	dE -4.22	batch_acc 0.9450
[INFO  09:38:17] 20%:	E: 0.00	dE -3.18	batch_acc 0.9600
[INFO  09:38:19] 30%:	E: 0.00	dE -3.66	batch_acc 0.9600
[INFO  09:38:21] 40%:	E: 0.00	dE -3.60	batch_acc 0.9600
[INFO  09:38:22] 50%:	E: 0.00	dE -3.37	batch_acc 0.9800
[INFO  09:38:24] 60%:	E: 0.00	dE -3.62	batch_acc 0.9650
[INFO  09:38:25] 70%:	E: 0.00	dE -3.53	batch_acc 0.9550
[INFO  09:38:27] 80%:	E: 0.00	dE -3.72	batch_acc 0.9550
[INFO  09:38:28] 90%:	E: 0.00	dE -3.46	batch_acc 0.9450
[INFO  09:38:31] epoch: 33 	 test_acc: 0.8910 	 mean_E: 0.0000
[INFO  09:38:31] 0%:	E: 0.00	dE -3.47	batch_acc 0.9750
[INFO  09:38:33] 10%:	E: 0.00	dE -3.59	batch_acc 0.9650
[INFO  09:38:34] 20%:	E: 0.00	dE -3.34	batch_acc 0.9700
[INFO  09:38:36] 30%:	E: 0.00	dE -2.39	batch_acc 1.0000
[INFO  09:38:37] 40%:	E: 0.00	dE -3.96	batch_acc 0.9550
[INFO  09:38:39] 50%:	E: 0.00	dE -3.47	batch_acc 0.9600
[INFO  09:38:40] 60%:	E: 0.00	dE -3.16	batch_acc 0.9800
[INFO  09:38:42] 70%:	E: 0.00	dE -4.03	batch_acc 0.9400
[INFO  09:38:43] 80%:	E: 0.00	dE -3.43	batch_acc 0.9600
[INFO  09:38:45] 90%:	E: 0.00	dE -3.73	batch_acc 0.9550
[INFO  09:38:48] epoch: 34 	 test_acc: 0.8923 	 mean_E: 0.0000
[INFO  09:38:48] 0%:	E: 0.00	dE -4.80	batch_acc 0.9350
[INFO  09:38:50] 10%:	E: 0.00	dE -3.40	batch_acc 0.9650
[INFO  09:38:51] 20%:	E: 0.00	dE -3.76	batch_acc 0.9550
[INFO  09:38:53] 30%:	E: 0.00	dE -3.29	batch_acc 0.9800
[INFO  09:38:54] 40%:	E: 0.00	dE -2.77	batch_acc 0.9700
[INFO  09:38:56] 50%:	E: 0.00	dE -3.27	batch_acc 0.9700
[INFO  09:38:57] 60%:	E: 0.00	dE -3.17	batch_acc 0.9700
[INFO  09:38:59] 70%:	E: 0.00	dE -4.83	batch_acc 0.9250
[INFO  09:39:00] 80%:	E: 0.00	dE -2.98	batch_acc 0.9700
[INFO  09:39:02] 90%:	E: 0.00	dE -3.53	batch_acc 0.9750
[INFO  09:39:05] epoch: 35 	 test_acc: 0.8922 	 mean_E: 0.0000
[INFO  09:39:05] 0%:	E: 0.00	dE -3.99	batch_acc 0.9500
[INFO  09:39:07] 10%:	E: 0.00	dE -4.37	batch_acc 0.9500
[INFO  09:39:08] 20%:	E: 0.00	dE -4.05	batch_acc 0.9400
[INFO  09:39:09] 30%:	E: 0.00	dE -3.70	batch_acc 0.9750
[INFO  09:39:11] 40%:	E: 0.00	dE -3.55	batch_acc 0.9500
[INFO  09:39:13] 50%:	E: 0.00	dE -3.53	batch_acc 0.9850
[INFO  09:39:14] 60%:	E: 0.00	dE -2.45	batch_acc 0.9850
[INFO  09:39:16] 70%:	E: 0.00	dE -3.31	batch_acc 0.9750
[INFO  09:39:17] 80%:	E: 0.00	dE -3.82	batch_acc 0.9600
[INFO  09:39:19] 90%:	E: 0.00	dE -4.21	batch_acc 0.9700
[INFO  09:39:22] epoch: 36 	 test_acc: 0.8940 	 mean_E: 0.0000
[INFO  09:39:22] 0%:	E: 0.00	dE -3.61	batch_acc 0.9600
[INFO  09:39:24] 10%:	E: 0.00	dE -3.89	batch_acc 0.9350
[INFO  09:39:25] 20%:	E: 0.00	dE -2.53	batch_acc 0.9950
[INFO  09:39:27] 30%:	E: 0.00	dE -3.82	batch_acc 0.9450
[INFO  09:39:28] 40%:	E: 0.00	dE -3.65	batch_acc 0.9600
[INFO  09:39:30] 50%:	E: 0.00	dE -4.16	batch_acc 0.9500
[INFO  09:39:31] 60%:	E: 0.00	dE -2.77	batch_acc 0.9800
[INFO  09:39:33] 70%:	E: 0.00	dE -3.20	batch_acc 0.9650
[INFO  09:39:34] 80%:	E: 0.00	dE -3.26	batch_acc 0.9850
[INFO  09:39:36] 90%:	E: 0.00	dE -3.55	batch_acc 0.9700
[INFO  09:39:39] epoch: 37 	 test_acc: 0.8906 	 mean_E: 0.0000
[INFO  09:39:39] 0%:	E: 0.00	dE -2.83	batch_acc 0.9850
[INFO  09:39:41] 10%:	E: 0.00	dE -3.36	batch_acc 0.9700
[INFO  09:39:42] 20%:	E: 0.00	dE -3.20	batch_acc 0.9650
[INFO  09:39:44] 30%:	E: 0.00	dE -3.90	batch_acc 0.9600
[INFO  09:39:45] 40%:	E: 0.00	dE -3.41	batch_acc 0.9550
[INFO  09:39:47] 50%:	E: 0.00	dE -2.88	batch_acc 0.9750
[INFO  09:39:48] 60%:	E: 0.00	dE -3.77	batch_acc 0.9500
[INFO  09:39:50] 70%:	E: 0.00	dE -3.49	batch_acc 0.9550
[INFO  09:39:51] 80%:	E: 0.00	dE -3.05	batch_acc 0.9750
[INFO  09:39:53] 90%:	E: 0.00	dE -2.82	batch_acc 0.9750
[INFO  09:39:56] epoch: 38 	 test_acc: 0.8928 	 mean_E: 0.0000
[INFO  09:39:56] 0%:	E: 0.00	dE -2.90	batch_acc 0.9750
[INFO  09:39:58] 10%:	E: 0.00	dE -3.36	batch_acc 0.9650
[INFO  09:39:59] 20%:	E: 0.00	dE -3.35	batch_acc 0.9750
[INFO  09:40:01] 30%:	E: 0.00	dE -4.55	batch_acc 0.9250
[INFO  09:40:02] 40%:	E: 0.00	dE -4.34	batch_acc 0.9450
[INFO  09:40:04] 50%:	E: 0.00	dE -3.89	batch_acc 0.9450
[INFO  09:40:05] 60%:	E: 0.00	dE -3.15	batch_acc 0.9600
[INFO  09:40:07] 70%:	E: 0.00	dE -3.82	batch_acc 0.9750
[INFO  09:40:09] 80%:	E: 0.00	dE -2.87	batch_acc 0.9900
[INFO  09:40:10] 90%:	E: 0.00	dE -3.09	batch_acc 0.9650
[INFO  09:40:13] epoch: 39 	 test_acc: 0.8894 	 mean_E: 0.0000
[INFO  09:40:13] 0%:	E: 0.00	dE -2.69	batch_acc 0.9800
[INFO  09:40:15] 10%:	E: 0.00	dE -3.80	batch_acc 0.9400
[INFO  09:40:17] 20%:	E: 0.00	dE -3.33	batch_acc 0.9600
[INFO  09:40:18] 30%:	E: 0.00	dE -3.87	batch_acc 0.9600
[INFO  09:40:20] 40%:	E: 0.00	dE -4.20	batch_acc 0.9450
[INFO  09:40:21] 50%:	E: 0.00	dE -2.87	batch_acc 0.9700
[INFO  09:40:23] 60%:	E: 0.00	dE -2.80	batch_acc 0.9750
[INFO  09:40:24] 70%:	E: 0.00	dE -3.84	batch_acc 0.9600
[INFO  09:40:26] 80%:	E: 0.00	dE -2.91	batch_acc 0.9750
[INFO  09:40:28] 90%:	E: 0.00	dE -3.31	batch_acc 0.9700
[INFO  09:40:31] epoch: 40 	 test_acc: 0.8923 	 mean_E: 0.0000
[INFO  09:40:31] 0%:	E: 0.00	dE -3.36	batch_acc 0.9800
[INFO  09:40:32] 10%:	E: 0.00	dE -3.18	batch_acc 0.9700
[INFO  09:40:34] 20%:	E: 0.00	dE -2.70	batch_acc 0.9800
[INFO  09:40:35] 30%:	E: 0.00	dE -3.73	batch_acc 0.9550
[INFO  09:40:37] 40%:	E: 0.00	dE -3.46	batch_acc 0.9750
[INFO  09:40:38] 50%:	E: 0.00	dE -4.65	batch_acc 0.9350
[INFO  09:40:40] 60%:	E: 0.00	dE -3.00	batch_acc 0.9750
[INFO  09:40:41] 70%:	E: 0.00	dE -4.09	batch_acc 0.9600
[INFO  09:40:43] 80%:	E: 0.00	dE -2.62	batch_acc 0.9900
[INFO  09:40:45] 90%:	E: 0.00	dE -2.68	batch_acc 0.9700
[INFO  09:40:48] epoch: 41 	 test_acc: 0.8916 	 mean_E: 0.0000
[INFO  09:40:48] 0%:	E: 0.00	dE -2.98	batch_acc 0.9750
[INFO  09:40:49] 10%:	E: 0.00	dE -3.00	batch_acc 0.9650
[INFO  09:40:51] 20%:	E: 0.00	dE -3.24	batch_acc 0.9550
[INFO  09:40:52] 30%:	E: 0.00	dE -3.38	batch_acc 0.9650
[INFO  09:40:54] 40%:	E: 0.00	dE -3.77	batch_acc 0.9600
[INFO  09:40:55] 50%:	E: 0.00	dE -3.30	batch_acc 0.9650
[INFO  09:40:57] 60%:	E: 0.00	dE -3.81	batch_acc 0.9700
[INFO  09:40:58] 70%:	E: 0.00	dE -3.39	batch_acc 0.9750
[INFO  09:41:00] 80%:	E: 0.00	dE -3.55	batch_acc 0.9500
[INFO  09:41:01] 90%:	E: 0.00	dE -4.49	batch_acc 0.9350
[INFO  09:41:04] epoch: 42 	 test_acc: 0.8916 	 mean_E: 0.0000
[INFO  09:41:05] 0%:	E: 0.00	dE -3.36	batch_acc 0.9600
[INFO  09:41:06] 10%:	E: 0.00	dE -3.75	batch_acc 0.9750
[INFO  09:41:07] 20%:	E: 0.00	dE -2.78	batch_acc 0.9850
[INFO  09:41:09] 30%:	E: 0.00	dE -4.21	batch_acc 0.9450
[INFO  09:41:10] 40%:	E: 0.00	dE -3.04	batch_acc 0.9750
[INFO  09:41:12] 50%:	E: 0.00	dE -2.92	batch_acc 0.9650
[INFO  09:41:13] 60%:	E: 0.00	dE -5.31	batch_acc 0.9650
[INFO  09:41:15] 70%:	E: 0.00	dE -3.26	batch_acc 0.9550
[INFO  09:41:17] 80%:	E: 0.00	dE -3.11	batch_acc 0.9750
[INFO  09:41:18] 90%:	E: 0.00	dE -2.97	batch_acc 0.9850
[INFO  09:41:21] epoch: 43 	 test_acc: 0.8935 	 mean_E: 0.0000
[INFO  09:41:22] 0%:	E: 0.00	dE -2.85	batch_acc 0.9650
[INFO  09:41:23] 10%:	E: 0.00	dE -3.10	batch_acc 0.9700
[INFO  09:41:25] 20%:	E: 0.00	dE -2.69	batch_acc 0.9800
[INFO  09:41:26] 30%:	E: 0.00	dE -3.13	batch_acc 0.9650
[INFO  09:41:28] 40%:	E: 0.00	dE -2.66	batch_acc 0.9800
[INFO  09:41:30] 50%:	E: 0.00	dE -3.49	batch_acc 0.9600
[INFO  09:41:31] 60%:	E: 0.00	dE -3.59	batch_acc 0.9650
[INFO  09:41:33] 70%:	E: 0.00	dE -3.66	batch_acc 0.9500
[INFO  09:41:34] 80%:	E: 0.00	dE -3.54	batch_acc 0.9550
[INFO  09:41:36] 90%:	E: 0.00	dE -3.25	batch_acc 0.9750
[INFO  09:41:39] epoch: 44 	 test_acc: 0.8915 	 mean_E: 0.0000
[INFO  09:41:39] 0%:	E: 0.00	dE -2.89	batch_acc 0.9750
[INFO  09:41:40] 10%:	E: 0.00	dE -2.88	batch_acc 0.9750
[INFO  09:41:42] 20%:	E: 0.00	dE -2.73	batch_acc 0.9850
[INFO  09:41:43] 30%:	E: 0.00	dE -3.54	batch_acc 0.9750
[INFO  09:41:45] 40%:	E: 0.00	dE -3.59	batch_acc 0.9650
[INFO  09:41:46] 50%:	E: 0.00	dE -3.09	batch_acc 0.9700
[INFO  09:41:48] 60%:	E: 0.00	dE -3.41	batch_acc 0.9650
[INFO  09:41:49] 70%:	E: 0.00	dE -3.54	batch_acc 0.9600
[INFO  09:41:51] 80%:	E: 0.00	dE -3.28	batch_acc 0.9700
[INFO  09:41:53] 90%:	E: 0.00	dE -3.33	batch_acc 0.9700
[INFO  09:41:56] epoch: 45 	 test_acc: 0.8933 	 mean_E: 0.0000
[INFO  09:41:56] 0%:	E: 0.00	dE -3.12	batch_acc 0.9600
[INFO  09:41:57] 10%:	E: 0.00	dE -2.03	batch_acc 0.9850
[INFO  09:41:59] 20%:	E: 0.00	dE -3.13	batch_acc 0.9750
[INFO  09:42:00] 30%:	E: 0.00	dE -3.78	batch_acc 0.9450
[INFO  09:42:02] 40%:	E: 0.00	dE -3.86	batch_acc 0.9650
[INFO  09:42:03] 50%:	E: 0.00	dE -3.66	batch_acc 0.9650
[INFO  09:42:05] 60%:	E: 0.00	dE -4.07	batch_acc 0.9600
[INFO  09:42:07] 70%:	E: 0.00	dE -3.24	batch_acc 0.9550
[INFO  09:42:08] 80%:	E: 0.00	dE -4.16	batch_acc 0.9450
[INFO  09:42:09] 90%:	E: 0.00	dE -3.61	batch_acc 0.9550
[INFO  09:42:12] epoch: 46 	 test_acc: 0.8917 	 mean_E: 0.0000
[INFO  09:42:13] 0%:	E: 0.00	dE -3.35	batch_acc 0.9650
[INFO  09:42:14] 10%:	E: 0.00	dE -2.40	batch_acc 0.9750
[INFO  09:42:16] 20%:	E: 0.00	dE -3.02	batch_acc 0.9600
[INFO  09:42:17] 30%:	E: 0.00	dE -4.33	batch_acc 0.9650
[INFO  09:42:19] 40%:	E: 0.00	dE -3.53	batch_acc 0.9700
[INFO  09:42:20] 50%:	E: 0.00	dE -3.78	batch_acc 0.9500
[INFO  09:42:22] 60%:	E: 0.00	dE -2.66	batch_acc 0.9800
[INFO  09:42:23] 70%:	E: 0.00	dE -3.60	batch_acc 0.9400
[INFO  09:42:25] 80%:	E: 0.00	dE -3.89	batch_acc 0.9600
[INFO  09:42:27] 90%:	E: 0.00	dE -2.91	batch_acc 0.9550
[INFO  09:42:30] epoch: 47 	 test_acc: 0.8927 	 mean_E: 0.0000
[INFO  09:42:30] 0%:	E: 0.00	dE -2.33	batch_acc 0.9900
[INFO  09:42:31] 10%:	E: 0.00	dE -2.54	batch_acc 0.9900
[INFO  09:42:33] 20%:	E: 0.00	dE -2.85	batch_acc 0.9850
[INFO  09:42:35] 30%:	E: 0.00	dE -3.04	batch_acc 0.9750
[INFO  09:42:36] 40%:	E: 0.00	dE -3.32	batch_acc 0.9700
[INFO  09:42:38] 50%:	E: 0.00	dE -3.88	batch_acc 0.9600
[INFO  09:42:39] 60%:	E: 0.00	dE -3.69	batch_acc 0.9650
[INFO  09:42:41] 70%:	E: 0.00	dE -2.80	batch_acc 0.9800
[INFO  09:42:42] 80%:	E: 0.00	dE -3.22	batch_acc 0.9750
[INFO  09:42:44] 90%:	E: 0.00	dE -3.91	batch_acc 0.9550
[INFO  09:42:47] epoch: 48 	 test_acc: 0.8926 	 mean_E: 0.0000
[INFO  09:42:47] 0%:	E: 0.00	dE -3.19	batch_acc 0.9800
[INFO  09:42:48] 10%:	E: 0.00	dE -2.93	batch_acc 0.9800
[INFO  09:42:50] 20%:	E: 0.00	dE -3.03	batch_acc 0.9800
[INFO  09:42:52] 30%:	E: 0.00	dE -2.80	batch_acc 0.9800
[INFO  09:42:53] 40%:	E: 0.00	dE -3.19	batch_acc 0.9650
[INFO  09:42:55] 50%:	E: 0.00	dE -3.28	batch_acc 0.9650
[INFO  09:42:56] 60%:	E: 0.00	dE -4.47	batch_acc 0.9400
[INFO  09:42:58] 70%:	E: 0.00	dE -2.96	batch_acc 0.9750
[INFO  09:42:59] 80%:	E: 0.00	dE -2.96	batch_acc 0.9750
[INFO  09:43:01] 90%:	E: 0.00	dE -3.78	batch_acc 0.9600
[INFO  09:43:04] epoch: 49 	 test_acc: 0.8921 	 mean_E: 0.0000
[INFO  09:43:04] 0%:	E: 0.00	dE -2.40	batch_acc 0.9950
[INFO  09:43:06] 10%:	E: 0.00	dE -2.67	batch_acc 0.9900
[INFO  09:43:07] 20%:	E: 0.00	dE -3.21	batch_acc 0.9700
[INFO  09:43:09] 30%:	E: 0.00	dE -2.38	batch_acc 0.9750
[INFO  09:43:10] 40%:	E: 0.00	dE -3.06	batch_acc 0.9600
[INFO  09:43:12] 50%:	E: 0.00	dE -2.47	batch_acc 0.9800
[INFO  09:43:13] 60%:	E: 0.00	dE -2.95	batch_acc 0.9700
[INFO  09:43:15] 70%:	E: 0.00	dE -3.39	batch_acc 0.9600
[INFO  09:43:16] 80%:	E: 0.00	dE -3.05	batch_acc 0.9750
[INFO  09:43:18] 90%:	E: 0.00	dE -2.64	batch_acc 0.9750
[INFO  09:43:21] epoch: 50 	 test_acc: 0.8873 	 mean_E: 0.0000
[INFO  09:43:21] 0%:	E: 0.00	dE -2.42	batch_acc 0.9750
[INFO  09:43:23] 10%:	E: 0.00	dE -3.66	batch_acc 0.9550
[INFO  09:43:24] 20%:	E: 0.00	dE -2.52	batch_acc 0.9800
[INFO  09:43:26] 30%:	E: 0.00	dE -2.50	batch_acc 0.9800
[INFO  09:43:27] 40%:	E: 0.00	dE -2.81	batch_acc 0.9600
[INFO  09:43:29] 50%:	E: 0.00	dE -3.10	batch_acc 0.9600
[INFO  09:43:30] 60%:	E: 0.00	dE -2.95	batch_acc 0.9700
[INFO  09:43:32] 70%:	E: 0.00	dE -2.66	batch_acc 0.9850
[INFO  09:43:33] 80%:	E: 0.00	dE -2.94	batch_acc 0.9600
[INFO  09:43:35] 90%:	E: 0.00	dE -3.83	batch_acc 0.9600
[INFO  09:43:38] epoch: 51 	 test_acc: 0.8909 	 mean_E: 0.0000
[INFO  09:43:38] 0%:	E: 0.00	dE -3.89	batch_acc 0.9600
[INFO  09:43:40] 10%:	E: 0.00	dE -2.70	batch_acc 0.9600
[INFO  09:43:41] 20%:	E: 0.00	dE -3.14	batch_acc 0.9600
[INFO  09:43:43] 30%:	E: 0.00	dE -2.90	batch_acc 0.9750
[INFO  09:43:45] 40%:	E: 0.00	dE -4.30	batch_acc 0.9450
[INFO  09:43:46] 50%:	E: 0.00	dE -2.59	batch_acc 0.9750
[INFO  09:43:48] 60%:	E: 0.00	dE -1.96	batch_acc 0.9850
[INFO  09:43:49] 70%:	E: 0.00	dE -4.68	batch_acc 0.9400
[INFO  09:43:51] 80%:	E: 0.00	dE -3.78	batch_acc 0.9450
[INFO  09:43:53] 90%:	E: 0.00	dE -3.98	batch_acc 0.9450
[INFO  09:43:56] epoch: 52 	 test_acc: 0.8926 	 mean_E: 0.0000
[INFO  09:43:56] 0%:	E: 0.00	dE -2.76	batch_acc 0.9750
[INFO  09:43:57] 10%:	E: 0.00	dE -2.64	batch_acc 0.9750
[INFO  09:43:59] 20%:	E: 0.00	dE -3.23	batch_acc 0.9750
[INFO  09:44:00] 30%:	E: 0.00	dE -2.70	batch_acc 0.9700
[INFO  09:44:02] 40%:	E: 0.00	dE -3.69	batch_acc 0.9600
[INFO  09:44:04] 50%:	E: 0.00	dE -2.74	batch_acc 0.9600
[INFO  09:44:05] 60%:	E: 0.00	dE -1.91	batch_acc 0.9950
[INFO  09:44:07] 70%:	E: 0.00	dE -2.96	batch_acc 0.9650
[INFO  09:44:08] 80%:	E: 0.00	dE -2.19	batch_acc 0.9850
[INFO  09:44:10] 90%:	E: 0.00	dE -3.20	batch_acc 0.9750
[INFO  09:44:13] epoch: 53 	 test_acc: 0.8916 	 mean_E: 0.0000
[INFO  09:44:13] 0%:	E: 0.00	dE -3.17	batch_acc 0.9650
[INFO  09:44:15] 10%:	E: 0.00	dE -2.69	batch_acc 0.9800
[INFO  09:44:16] 20%:	E: 0.00	dE -2.44	batch_acc 0.9900
[INFO  09:44:17] 30%:	E: 0.00	dE -3.03	batch_acc 0.9850
[INFO  09:44:19] 40%:	E: 0.00	dE -2.39	batch_acc 0.9800
[INFO  09:44:20] 50%:	E: 0.00	dE -2.83	batch_acc 0.9600
[INFO  09:44:22] 60%:	E: 0.00	dE -2.36	batch_acc 0.9750
[INFO  09:44:24] 70%:	E: 0.00	dE -2.65	batch_acc 0.9800
[INFO  09:44:25] 80%:	E: 0.00	dE -2.46	batch_acc 0.9800
[INFO  09:44:27] 90%:	E: 0.00	dE -4.09	batch_acc 0.9550
[INFO  09:44:30] epoch: 54 	 test_acc: 0.8909 	 mean_E: 0.0000
[INFO  09:44:30] 0%:	E: 0.00	dE -2.74	batch_acc 0.9800
[INFO  09:44:31] 10%:	E: 0.00	dE -3.07	batch_acc 0.9650
[INFO  09:44:33] 20%:	E: 0.00	dE -2.94	batch_acc 0.9800
[INFO  09:44:34] 30%:	E: 0.00	dE -3.04	batch_acc 0.9650
[INFO  09:44:36] 40%:	E: 0.00	dE -3.50	batch_acc 0.9500
[INFO  09:44:37] 50%:	E: 0.00	dE -2.70	batch_acc 0.9750
[INFO  09:44:39] 60%:	E: 0.00	dE -2.53	batch_acc 0.9900
[INFO  09:44:41] 70%:	E: 0.00	dE -3.27	batch_acc 0.9700
[INFO  09:44:42] 80%:	E: 0.00	dE -2.90	batch_acc 0.9850
[INFO  09:44:44] 90%:	E: 0.00	dE -3.32	batch_acc 0.9550
[INFO  09:44:47] epoch: 55 	 test_acc: 0.8889 	 mean_E: 0.0000
[INFO  09:44:47] 0%:	E: 0.00	dE -2.65	batch_acc 0.9700
[INFO  09:44:49] 10%:	E: 0.00	dE -2.49	batch_acc 0.9800
[INFO  09:44:50] 20%:	E: 0.00	dE -2.34	batch_acc 0.9800
[INFO  09:44:52] 30%:	E: 0.00	dE -3.28	batch_acc 0.9550
[INFO  09:44:53] 40%:	E: 0.00	dE -3.13	batch_acc 0.9600
[INFO  09:44:55] 50%:	E: 0.00	dE -2.90	batch_acc 0.9700
[INFO  09:44:56] 60%:	E: 0.00	dE -2.46	batch_acc 0.9850
[INFO  09:44:58] 70%:	E: 0.00	dE -2.55	batch_acc 0.9800
[INFO  09:44:59] 80%:	E: 0.00	dE -3.03	batch_acc 0.9750
[INFO  09:45:01] 90%:	E: 0.00	dE -2.96	batch_acc 0.9800
[INFO  09:45:04] epoch: 56 	 test_acc: 0.8912 	 mean_E: 0.0000
[INFO  09:45:04] 0%:	E: 0.00	dE -2.91	batch_acc 0.9700
[INFO  09:45:05] 10%:	E: 0.00	dE -2.85	batch_acc 0.9850
[INFO  09:45:07] 20%:	E: 0.00	dE -2.90	batch_acc 0.9600
[INFO  09:45:08] 30%:	E: 0.00	dE -2.49	batch_acc 0.9700
[INFO  09:45:10] 40%:	E: 0.00	dE -3.37	batch_acc 0.9600
[INFO  09:45:11] 50%:	E: 0.00	dE -3.11	batch_acc 0.9700
[INFO  09:45:13] 60%:	E: 0.00	dE -2.61	batch_acc 0.9850
[INFO  09:45:14] 70%:	E: 0.00	dE -3.49	batch_acc 0.9700
[INFO  09:45:16] 80%:	E: 0.00	dE -3.77	batch_acc 0.9550
[INFO  09:45:18] 90%:	E: 0.00	dE -2.92	batch_acc 0.9700
[INFO  09:45:21] epoch: 57 	 test_acc: 0.8944 	 mean_E: 0.0000
[INFO  09:45:21] 0%:	E: 0.00	dE -2.27	batch_acc 0.9850
[INFO  09:45:22] 10%:	E: 0.00	dE -2.79	batch_acc 0.9650
[INFO  09:45:24] 20%:	E: 0.00	dE -2.77	batch_acc 0.9750
[INFO  09:45:25] 30%:	E: 0.00	dE -2.96	batch_acc 0.9700
[INFO  09:45:27] 40%:	E: 0.00	dE -2.77	batch_acc 0.9700
[INFO  09:45:28] 50%:	E: 0.00	dE -2.85	batch_acc 0.9700
[INFO  09:45:30] 60%:	E: 0.00	dE -2.56	batch_acc 0.9750
[INFO  09:45:32] 70%:	E: 0.00	dE -2.50	batch_acc 0.9700
[INFO  09:45:33] 80%:	E: 0.00	dE -2.29	batch_acc 0.9800
[INFO  09:45:35] 90%:	E: 0.00	dE -2.83	batch_acc 0.9650
[INFO  09:45:38] epoch: 58 	 test_acc: 0.8900 	 mean_E: 0.0000
[INFO  09:45:38] 0%:	E: 0.00	dE -2.38	batch_acc 0.9800
[INFO  09:45:40] 10%:	E: 0.00	dE -2.84	batch_acc 0.9750
[INFO  09:45:41] 20%:	E: 0.00	dE -3.70	batch_acc 0.9550
[INFO  09:45:43] 30%:	E: 0.00	dE -2.84	batch_acc 0.9750
[INFO  09:45:44] 40%:	E: 0.00	dE -3.14	batch_acc 0.9650
[INFO  09:45:46] 50%:	E: 0.00	dE -3.01	batch_acc 0.9600
[INFO  09:45:47] 60%:	E: 0.00	dE -3.43	batch_acc 0.9700
[INFO  09:45:49] 70%:	E: 0.00	dE -2.65	batch_acc 0.9800
[INFO  09:45:50] 80%:	E: 0.00	dE -2.58	batch_acc 0.9750
[INFO  09:45:52] 90%:	E: 0.00	dE -3.13	batch_acc 0.9650
[INFO  09:45:55] epoch: 59 	 test_acc: 0.8887 	 mean_E: 0.0000
[INFO  09:45:55] 0%:	E: 0.00	dE -2.98	batch_acc 0.9700
[INFO  09:45:57] 10%:	E: 0.00	dE -2.88	batch_acc 0.9750
[INFO  09:45:58] 20%:	E: 0.00	dE -3.43	batch_acc 0.9700
[INFO  09:46:00] 30%:	E: 0.00	dE -1.93	batch_acc 0.9900
[INFO  09:46:02] 40%:	E: 0.00	dE -4.51	batch_acc 0.9300
[INFO  09:46:03] 50%:	E: 0.00	dE -2.50	batch_acc 0.9750
[INFO  09:46:05] 60%:	E: 0.00	dE -3.22	batch_acc 0.9750
[INFO  09:46:06] 70%:	E: 0.00	dE -2.26	batch_acc 0.9850
[INFO  09:46:08] 80%:	E: 0.00	dE -2.92	batch_acc 0.9650
[INFO  09:46:10] 90%:	E: 0.00	dE -2.60	batch_acc 0.9750
[INFO  09:46:13] epoch: 60 	 test_acc: 0.8934 	 mean_E: 0.0000
[INFO  09:46:13] 0%:	E: 0.00	dE -2.36	batch_acc 0.9850
[INFO  09:46:14] 10%:	E: 0.00	dE -2.50	batch_acc 0.9900
[INFO  09:46:16] 20%:	E: 0.00	dE -2.85	batch_acc 0.9800
[INFO  09:46:17] 30%:	E: 0.00	dE -2.54	batch_acc 0.9750
[INFO  09:46:19] 40%:	E: 0.00	dE -2.71	batch_acc 0.9800
[INFO  09:46:21] 50%:	E: 0.00	dE -2.97	batch_acc 0.9600
[INFO  09:46:22] 60%:	E: 0.00	dE -2.58	batch_acc 0.9750
[INFO  09:46:24] 70%:	E: 0.00	dE -2.17	batch_acc 0.9900
[INFO  09:46:25] 80%:	E: 0.00	dE -2.62	batch_acc 0.9850
[INFO  09:46:27] 90%:	E: 0.00	dE -2.09	batch_acc 0.9900
[INFO  09:46:30] epoch: 61 	 test_acc: 0.8905 	 mean_E: 0.0000
[INFO  09:46:30] 0%:	E: 0.00	dE -2.34	batch_acc 0.9800
[INFO  09:46:31] 10%:	E: 0.00	dE -2.55	batch_acc 0.9850
[INFO  09:46:33] 20%:	E: 0.00	dE -3.07	batch_acc 0.9700
[INFO  09:46:34] 30%:	E: 0.00	dE -2.95	batch_acc 0.9650
[INFO  09:46:36] 40%:	E: 0.00	dE -2.75	batch_acc 0.9750
[INFO  09:46:37] 50%:	E: 0.00	dE -2.17	batch_acc 0.9750
[INFO  09:46:39] 60%:	E: 0.00	dE -2.68	batch_acc 0.9750
[INFO  09:46:40] 70%:	E: 0.00	dE -3.03	batch_acc 0.9650
[INFO  09:46:42] 80%:	E: 0.00	dE -2.88	batch_acc 0.9750
[INFO  09:46:43] 90%:	E: 0.00	dE -2.87	batch_acc 0.9750
[INFO  09:46:46] epoch: 62 	 test_acc: 0.8916 	 mean_E: 0.0000
[INFO  09:46:46] 0%:	E: 0.00	dE -2.55	batch_acc 0.9850
[INFO  09:46:48] 10%:	E: 0.00	dE -2.66	batch_acc 0.9700
[INFO  09:46:49] 20%:	E: 0.00	dE -2.93	batch_acc 0.9750
[INFO  09:46:51] 30%:	E: 0.00	dE -2.14	batch_acc 0.9850
[INFO  09:46:52] 40%:	E: 0.00	dE -1.97	batch_acc 0.9950
[INFO  09:46:54] 50%:	E: 0.00	dE -2.82	batch_acc 0.9750
[INFO  09:46:55] 60%:	E: 0.00	dE -2.55	batch_acc 0.9750
[INFO  09:46:57] 70%:	E: 0.00	dE -2.72	batch_acc 0.9900
[INFO  09:46:58] 80%:	E: 0.00	dE -2.75	batch_acc 0.9650
[INFO  09:47:00] 90%:	E: 0.00	dE -2.68	batch_acc 0.9800
[INFO  09:47:03] epoch: 63 	 test_acc: 0.8859 	 mean_E: 0.0000
[INFO  09:47:03] 0%:	E: 0.00	dE -2.09	batch_acc 0.9850
[INFO  09:47:05] 10%:	E: 0.00	dE -2.11	batch_acc 0.9850
[INFO  09:47:06] 20%:	E: 0.00	dE -2.02	batch_acc 0.9850
[INFO  09:47:08] 30%:	E: 0.00	dE -2.59	batch_acc 0.9900
[INFO  09:47:09] 40%:	E: 0.00	dE -2.57	batch_acc 0.9700
[INFO  09:47:11] 50%:	E: 0.00	dE -3.32	batch_acc 0.9400
[INFO  09:47:13] 60%:	E: 0.00	dE -3.08	batch_acc 0.9800
[INFO  09:47:14] 70%:	E: 0.00	dE -3.40	batch_acc 0.9650
[INFO  09:47:16] 80%:	E: 0.00	dE -3.00	batch_acc 0.9750
[INFO  09:47:17] 90%:	E: 0.00	dE -3.45	batch_acc 0.9700
[INFO  09:47:20] epoch: 64 	 test_acc: 0.8914 	 mean_E: 0.0000
[INFO  09:47:20] 0%:	E: 0.00	dE -2.72	batch_acc 0.9800
[INFO  09:47:22] 10%:	E: 0.00	dE -3.31	batch_acc 0.9650
[INFO  09:47:23] 20%:	E: 0.00	dE -3.23	batch_acc 0.9750
[INFO  09:47:25] 30%:	E: 0.00	dE -2.54	batch_acc 0.9800
[INFO  09:47:26] 40%:	E: 0.00	dE -2.02	batch_acc 0.9900
[INFO  09:47:28] 50%:	E: 0.00	dE -3.24	batch_acc 0.9850
[INFO  09:47:30] 60%:	E: 0.00	dE -2.96	batch_acc 0.9800
[INFO  09:47:31] 70%:	E: 0.00	dE -3.02	batch_acc 0.9750
[INFO  09:47:33] 80%:	E: 0.00	dE -2.50	batch_acc 0.9750
[INFO  09:47:34] 90%:	E: 0.00	dE -2.74	batch_acc 0.9750
[INFO  09:47:37] epoch: 65 	 test_acc: 0.8915 	 mean_E: 0.0000
[INFO  09:47:37] 0%:	E: 0.00	dE -3.14	batch_acc 0.9650
[INFO  09:47:39] 10%:	E: 0.00	dE -2.81	batch_acc 0.9750
[INFO  09:47:40] 20%:	E: 0.00	dE -2.69	batch_acc 0.9750
[INFO  09:47:42] 30%:	E: 0.00	dE -2.11	batch_acc 0.9800
[INFO  09:47:43] 40%:	E: 0.00	dE -3.27	batch_acc 0.9650
[INFO  09:47:45] 50%:	E: 0.00	dE -2.23	batch_acc 0.9800
[INFO  09:47:46] 60%:	E: 0.00	dE -2.29	batch_acc 0.9850
[INFO  09:47:48] 70%:	E: 0.00	dE -3.13	batch_acc 0.9850
[INFO  09:47:50] 80%:	E: 0.00	dE -3.00	batch_acc 0.9750
[INFO  09:47:51] 90%:	E: 0.00	dE -2.22	batch_acc 0.9850
[INFO  09:47:54] epoch: 66 	 test_acc: 0.8924 	 mean_E: 0.0000
[INFO  09:47:54] 0%:	E: 0.00	dE -2.40	batch_acc 0.9750
[INFO  09:47:56] 10%:	E: 0.00	dE -2.67	batch_acc 0.9800
[INFO  09:47:57] 20%:	E: 0.00	dE -1.91	batch_acc 0.9900
[INFO  09:47:59] 30%:	E: 0.00	dE -4.16	batch_acc 0.9550
[INFO  09:48:00] 40%:	E: 0.00	dE -2.26	batch_acc 1.0000
[INFO  09:48:02] 50%:	E: 0.00	dE -3.13	batch_acc 0.9650
[INFO  09:48:04] 60%:	E: 0.00	dE -2.43	batch_acc 0.9850
[INFO  09:48:05] 70%:	E: 0.00	dE -2.30	batch_acc 0.9850
[INFO  09:48:07] 80%:	E: 0.00	dE -2.06	batch_acc 0.9900
[INFO  09:48:08] 90%:	E: 0.00	dE -2.07	batch_acc 0.9750
[INFO  09:48:11] epoch: 67 	 test_acc: 0.8909 	 mean_E: 0.0000
[INFO  09:48:11] 0%:	E: 0.00	dE -2.58	batch_acc 0.9650
[INFO  09:48:13] 10%:	E: 0.00	dE -2.56	batch_acc 0.9800
[INFO  09:48:14] 20%:	E: 0.00	dE -2.42	batch_acc 0.9850
[INFO  09:48:16] 30%:	E: 0.00	dE -3.60	batch_acc 0.9600
[INFO  09:48:17] 40%:	E: 0.00	dE -2.37	batch_acc 0.9750
[INFO  09:48:19] 50%:	E: 0.00	dE -2.11	batch_acc 0.9850
[INFO  09:48:20] 60%:	E: 0.00	dE -2.11	batch_acc 0.9850
[INFO  09:48:22] 70%:	E: 0.00	dE -2.42	batch_acc 0.9900
[INFO  09:48:23] 80%:	E: 0.00	dE -2.18	batch_acc 0.9800
[INFO  09:48:25] 90%:	E: 0.00	dE -2.25	batch_acc 0.9900
[INFO  09:48:28] epoch: 68 	 test_acc: 0.8884 	 mean_E: 0.0000
[INFO  09:48:28] 0%:	E: 0.00	dE -2.67	batch_acc 0.9800
[INFO  09:48:30] 10%:	E: 0.00	dE -2.31	batch_acc 0.9800
[INFO  09:48:31] 20%:	E: 0.00	dE -2.15	batch_acc 1.0000
[INFO  09:48:33] 30%:	E: 0.00	dE -1.99	batch_acc 0.9950
[INFO  09:48:35] 40%:	E: 0.00	dE -2.44	batch_acc 0.9750
[INFO  09:48:36] 50%:	E: 0.00	dE -2.40	batch_acc 0.9750
[INFO  09:48:38] 60%:	E: 0.00	dE -2.74	batch_acc 0.9800
[INFO  09:48:39] 70%:	E: 0.00	dE -2.48	batch_acc 0.9750
[INFO  09:48:41] 80%:	E: 0.00	dE -2.41	batch_acc 0.9800
[INFO  09:48:42] 90%:	E: 0.00	dE -2.64	batch_acc 0.9800
[INFO  09:48:45] epoch: 69 	 test_acc: 0.8912 	 mean_E: 0.0000
[INFO  09:48:46] 0%:	E: 0.00	dE -1.97	batch_acc 0.9950
[INFO  09:48:47] 10%:	E: 0.00	dE -2.31	batch_acc 0.9850
[INFO  09:48:49] 20%:	E: 0.00	dE -2.56	batch_acc 0.9850
[INFO  09:48:50] 30%:	E: 0.00	dE -1.87	batch_acc 0.9900
[INFO  09:48:52] 40%:	E: 0.00	dE -2.97	batch_acc 0.9550
[INFO  09:48:53] 50%:	E: 0.00	dE -2.47	batch_acc 0.9900
[INFO  09:48:55] 60%:	E: 0.00	dE -2.46	batch_acc 0.9750
[INFO  09:48:56] 70%:	E: 0.00	dE -2.61	batch_acc 0.9850
[INFO  09:48:58] 80%:	E: 0.00	dE -3.05	batch_acc 0.9750
[INFO  09:48:59] 90%:	E: 0.00	dE -1.91	batch_acc 0.9750
[INFO  09:49:02] epoch: 70 	 test_acc: 0.8882 	 mean_E: 0.0000
[INFO  09:49:03] 0%:	E: 0.00	dE -2.71	batch_acc 0.9750
[INFO  09:49:04] 10%:	E: 0.00	dE -2.08	batch_acc 0.9900
[INFO  09:49:06] 20%:	E: 0.00	dE -2.51	batch_acc 0.9750
[INFO  09:49:07] 30%:	E: 0.00	dE -1.93	batch_acc 0.9750
[INFO  09:49:09] 40%:	E: 0.00	dE -2.62	batch_acc 0.9800
[INFO  09:49:10] 50%:	E: 0.00	dE -1.73	batch_acc 1.0000
[INFO  09:49:12] 60%:	E: 0.00	dE -2.21	batch_acc 0.9800
[INFO  09:49:13] 70%:	E: 0.00	dE -2.09	batch_acc 0.9800
[INFO  09:49:15] 80%:	E: 0.00	dE -2.16	batch_acc 0.9800
[INFO  09:49:16] 90%:	E: 0.00	dE -3.21	batch_acc 0.9600
[INFO  09:49:19] epoch: 71 	 test_acc: 0.8867 	 mean_E: 0.0000
[INFO  09:49:20] 0%:	E: 0.00	dE -2.90	batch_acc 0.9700
[INFO  09:49:21] 10%:	E: 0.00	dE -2.03	batch_acc 0.9950
[INFO  09:49:23] 20%:	E: 0.00	dE -1.88	batch_acc 0.9900
[INFO  09:49:24] 30%:	E: 0.00	dE -2.58	batch_acc 0.9800
[INFO  09:49:26] 40%:	E: 0.00	dE -2.73	batch_acc 0.9700
[INFO  09:49:27] 50%:	E: 0.00	dE -3.48	batch_acc 0.9650
[INFO  09:49:29] 60%:	E: 0.00	dE -2.36	batch_acc 0.9750
[INFO  09:49:30] 70%:	E: 0.00	dE -2.10	batch_acc 0.9900
[INFO  09:49:32] 80%:	E: 0.00	dE -2.16	batch_acc 0.9800
[INFO  09:49:33] 90%:	E: 0.00	dE -2.54	batch_acc 0.9750
[INFO  09:49:36] epoch: 72 	 test_acc: 0.8905 	 mean_E: 0.0000
[INFO  09:49:37] 0%:	E: 0.00	dE -3.05	batch_acc 0.9700
[INFO  09:49:38] 10%:	E: 0.00	dE -2.16	batch_acc 0.9900
[INFO  09:49:40] 20%:	E: 0.00	dE -2.56	batch_acc 0.9850
[INFO  09:49:41] 30%:	E: 0.00	dE -2.76	batch_acc 0.9700
[INFO  09:49:43] 40%:	E: 0.00	dE -2.23	batch_acc 0.9800
[INFO  09:49:44] 50%:	E: 0.00	dE -2.65	batch_acc 0.9750
[INFO  09:49:46] 60%:	E: 0.00	dE -3.41	batch_acc 0.9700
[INFO  09:49:47] 70%:	E: 0.00	dE -2.17	batch_acc 0.9750
[INFO  09:49:49] 80%:	E: 0.00	dE -1.83	batch_acc 0.9900
[INFO  09:49:51] 90%:	E: 0.00	dE -2.20	batch_acc 0.9850
[INFO  09:49:54] epoch: 73 	 test_acc: 0.8863 	 mean_E: 0.0000
[INFO  09:49:54] 0%:	E: 0.00	dE -2.58	batch_acc 0.9750
[INFO  09:49:55] 10%:	E: 0.00	dE -2.20	batch_acc 0.9800
[INFO  09:49:57] 20%:	E: 0.00	dE -1.93	batch_acc 0.9800
[INFO  09:49:58] 30%:	E: 0.00	dE -2.41	batch_acc 0.9700
[INFO  09:50:00] 40%:	E: 0.00	dE -3.27	batch_acc 0.9600
[INFO  09:50:01] 50%:	E: 0.00	dE -2.88	batch_acc 0.9750
[INFO  09:50:03] 60%:	E: 0.00	dE -2.14	batch_acc 0.9850
[INFO  09:50:04] 70%:	E: 0.00	dE -2.44	batch_acc 0.9950
[INFO  09:50:06] 80%:	E: 0.00	dE -2.90	batch_acc 0.9650
[INFO  09:50:07] 90%:	E: 0.00	dE -2.32	batch_acc 0.9850
[INFO  09:50:10] epoch: 74 	 test_acc: 0.8892 	 mean_E: 0.0000
[INFO  09:50:11] 0%:	E: 0.00	dE -3.30	batch_acc 0.9650
[INFO  09:50:12] 10%:	E: 0.00	dE -1.77	batch_acc 0.9900
[INFO  09:50:14] 20%:	E: 0.00	dE -1.90	batch_acc 0.9900
[INFO  09:50:15] 30%:	E: 0.00	dE -2.98	batch_acc 0.9750
[INFO  09:50:17] 40%:	E: 0.00	dE -1.87	batch_acc 0.9900
[INFO  09:50:18] 50%:	E: 0.00	dE -2.29	batch_acc 0.9800
[INFO  09:50:20] 60%:	E: 0.00	dE -2.60	batch_acc 0.9800
[INFO  09:50:22] 70%:	E: 0.00	dE -2.57	batch_acc 0.9700
[INFO  09:50:23] 80%:	E: 0.00	dE -2.83	batch_acc 0.9800
[INFO  09:50:24] 90%:	E: 0.00	dE -2.98	batch_acc 0.9600
[INFO  09:50:28] epoch: 75 	 test_acc: 0.8924 	 mean_E: 0.0000
[INFO  09:50:28] 0%:	E: 0.00	dE -2.60	batch_acc 0.9800
[INFO  09:50:29] 10%:	E: 0.00	dE -1.82	batch_acc 0.9900
[INFO  09:50:31] 20%:	E: 0.00	dE -2.51	batch_acc 0.9850
[INFO  09:50:32] 30%:	E: 0.00	dE -2.48	batch_acc 0.9800
[INFO  09:50:34] 40%:	E: 0.00	dE -2.23	batch_acc 0.9800
[INFO  09:50:36] 50%:	E: 0.00	dE -2.29	batch_acc 0.9800
[INFO  09:50:37] 60%:	E: 0.00	dE -2.69	batch_acc 0.9800
[INFO  09:50:39] 70%:	E: 0.00	dE -2.77	batch_acc 0.9850
[INFO  09:50:40] 80%:	E: 0.00	dE -2.23	batch_acc 0.9800
[INFO  09:50:42] 90%:	E: 0.00	dE -2.02	batch_acc 0.9800
[INFO  09:50:45] epoch: 76 	 test_acc: 0.8869 	 mean_E: 0.0000
[INFO  09:50:45] 0%:	E: 0.00	dE -3.55	batch_acc 0.9600
[INFO  09:50:47] 10%:	E: 0.00	dE -2.92	batch_acc 0.9900
[INFO  09:50:48] 20%:	E: 0.00	dE -2.23	batch_acc 0.9800
[INFO  09:50:50] 30%:	E: 0.00	dE -2.42	batch_acc 0.9850
[INFO  09:50:52] 40%:	E: 0.00	dE -2.15	batch_acc 0.9800
[INFO  09:50:53] 50%:	E: 0.00	dE -2.06	batch_acc 0.9950
[INFO  09:50:55] 60%:	E: 0.00	dE -2.37	batch_acc 0.9850
[INFO  09:50:56] 70%:	E: 0.00	dE -2.82	batch_acc 0.9850
[INFO  09:50:58] 80%:	E: 0.00	dE -2.90	batch_acc 0.9750
[INFO  09:51:00] 90%:	E: 0.00	dE -2.77	batch_acc 0.9750
[INFO  09:51:03] epoch: 77 	 test_acc: 0.8933 	 mean_E: 0.0000
[INFO  09:51:03] 0%:	E: 0.00	dE -1.99	batch_acc 0.9900
[INFO  09:51:04] 10%:	E: 0.00	dE -2.29	batch_acc 0.9700
[INFO  09:51:06] 20%:	E: 0.00	dE -2.03	batch_acc 0.9900
[INFO  09:51:07] 30%:	E: 0.00	dE -2.13	batch_acc 0.9950
[INFO  09:51:09] 40%:	E: 0.00	dE -1.81	batch_acc 0.9900
[INFO  09:51:10] 50%:	E: 0.00	dE -2.40	batch_acc 0.9850
[INFO  09:51:12] 60%:	E: 0.00	dE -2.50	batch_acc 0.9700
[INFO  09:51:13] 70%:	E: 0.00	dE -2.53	batch_acc 0.9750
[INFO  09:51:15] 80%:	E: 0.00	dE -3.14	batch_acc 0.9700
[INFO  09:51:16] 90%:	E: 0.00	dE -1.84	batch_acc 0.9900
[INFO  09:51:19] epoch: 78 	 test_acc: 0.8926 	 mean_E: 0.0000
[INFO  09:51:19] 0%:	E: 0.00	dE -2.42	batch_acc 0.9800
[INFO  09:51:21] 10%:	E: 0.00	dE -2.20	batch_acc 0.9750
[INFO  09:51:22] 20%:	E: 0.00	dE -2.49	batch_acc 0.9850
[INFO  09:51:24] 30%:	E: 0.00	dE -2.72	batch_acc 0.9850
[INFO  09:51:25] 40%:	E: 0.00	dE -2.59	batch_acc 0.9750
[INFO  09:51:27] 50%:	E: 0.00	dE -1.97	batch_acc 0.9950
[INFO  09:51:28] 60%:	E: 0.00	dE -2.62	batch_acc 0.9850
[INFO  09:51:30] 70%:	E: 0.00	dE -2.15	batch_acc 0.9900
[INFO  09:51:31] 80%:	E: 0.00	dE -2.40	batch_acc 0.9750
[INFO  09:51:33] 90%:	E: 0.00	dE -2.33	batch_acc 0.9800
[INFO  09:51:36] epoch: 79 	 test_acc: 0.8898 	 mean_E: 0.0000
[INFO  09:51:36] 0%:	E: 0.00	dE -1.86	batch_acc 0.9900
[INFO  09:51:38] 10%:	E: 0.00	dE -2.73	batch_acc 0.9650
[INFO  09:51:39] 20%:	E: 0.00	dE -2.84	batch_acc 0.9700
[INFO  09:51:41] 30%:	E: 0.00	dE -2.67	batch_acc 0.9750
[INFO  09:51:42] 40%:	E: 0.00	dE -1.92	batch_acc 0.9900
[INFO  09:51:44] 50%:	E: 0.00	dE -1.97	batch_acc 0.9850
[INFO  09:51:45] 60%:	E: 0.00	dE -1.51	batch_acc 0.9950
[INFO  09:51:46] 70%:	E: 0.00	dE -2.12	batch_acc 0.9950
[INFO  09:51:48] 80%:	E: 0.00	dE -2.04	batch_acc 0.9850
[INFO  09:51:49] 90%:	E: 0.00	dE -2.28	batch_acc 0.9800
[INFO  09:51:52] epoch: 80 	 test_acc: 0.8895 	 mean_E: 0.0000
[INFO  09:51:52] 0%:	E: 0.00	dE -2.25	batch_acc 0.9850
[INFO  09:51:54] 10%:	E: 0.00	dE -2.31	batch_acc 0.9850
[INFO  09:51:55] 20%:	E: 0.00	dE -2.10	batch_acc 1.0000
[INFO  09:51:57] 30%:	E: 0.00	dE -2.46	batch_acc 0.9850
[INFO  09:51:58] 40%:	E: 0.00	dE -1.80	batch_acc 0.9850
[INFO  09:52:00] 50%:	E: 0.00	dE -1.90	batch_acc 1.0000
[INFO  09:52:01] 60%:	E: 0.00	dE -2.62	batch_acc 0.9700
[INFO  09:52:03] 70%:	E: 0.00	dE -3.03	batch_acc 0.9600
[INFO  09:52:04] 80%:	E: 0.00	dE -2.63	batch_acc 0.9850
[INFO  09:52:06] 90%:	E: 0.00	dE -1.98	batch_acc 0.9750
[INFO  09:52:09] epoch: 81 	 test_acc: 0.8891 	 mean_E: 0.0000
[INFO  09:52:09] 0%:	E: 0.00	dE -2.21	batch_acc 0.9800
[INFO  09:52:11] 10%:	E: 0.00	dE -2.88	batch_acc 0.9700
[INFO  09:52:12] 20%:	E: 0.00	dE -2.48	batch_acc 0.9800
[INFO  09:52:14] 30%:	E: 0.00	dE -2.29	batch_acc 0.9800
[INFO  09:52:15] 40%:	E: 0.00	dE -2.02	batch_acc 0.9900
[INFO  09:52:17] 50%:	E: 0.00	dE -2.32	batch_acc 0.9750
[INFO  09:52:18] 60%:	E: 0.00	dE -2.76	batch_acc 0.9750
[INFO  09:52:20] 70%:	E: 0.00	dE -2.34	batch_acc 0.9800
[INFO  09:52:21] 80%:	E: 0.00	dE -2.78	batch_acc 0.9550
[INFO  09:52:23] 90%:	E: 0.00	dE -2.79	batch_acc 0.9750
[INFO  09:52:26] epoch: 82 	 test_acc: 0.8906 	 mean_E: 0.0000
[INFO  09:52:26] 0%:	E: 0.00	dE -1.94	batch_acc 0.9850
[INFO  09:52:28] 10%:	E: 0.00	dE -2.58	batch_acc 0.9750
[INFO  09:52:29] 20%:	E: 0.00	dE -2.24	batch_acc 0.9900
[INFO  09:52:30] 30%:	E: 0.00	dE -2.22	batch_acc 0.9800
[INFO  09:52:32] 40%:	E: 0.00	dE -2.49	batch_acc 0.9850
[INFO  09:52:34] 50%:	E: 0.00	dE -2.31	batch_acc 0.9750
[INFO  09:52:35] 60%:	E: 0.00	dE -2.35	batch_acc 0.9900
[INFO  09:52:36] 70%:	E: 0.00	dE -2.27	batch_acc 0.9700
[INFO  09:52:38] 80%:	E: 0.00	dE -2.28	batch_acc 0.9700
[INFO  09:52:39] 90%:	E: 0.00	dE -2.91	batch_acc 0.9750
[INFO  09:52:42] epoch: 83 	 test_acc: 0.8905 	 mean_E: 0.0000
[INFO  09:52:43] 0%:	E: 0.00	dE -2.07	batch_acc 0.9900
[INFO  09:52:44] 10%:	E: 0.00	dE -2.34	batch_acc 0.9800
[INFO  09:52:45] 20%:	E: 0.00	dE -1.85	batch_acc 0.9900
[INFO  09:52:47] 30%:	E: 0.00	dE -1.83	batch_acc 0.9800
[INFO  09:52:48] 40%:	E: 0.00	dE -1.77	batch_acc 0.9900
[INFO  09:52:50] 50%:	E: 0.00	dE -2.48	batch_acc 0.9800
[INFO  09:52:51] 60%:	E: 0.00	dE -2.60	batch_acc 0.9550
[INFO  09:52:53] 70%:	E: 0.00	dE -1.83	batch_acc 0.9900
[INFO  09:52:54] 80%:	E: 0.00	dE -2.42	batch_acc 0.9800
[INFO  09:52:56] 90%:	E: 0.00	dE -2.57	batch_acc 0.9700
[INFO  09:52:59] epoch: 84 	 test_acc: 0.8876 	 mean_E: 0.0000
[INFO  09:52:59] 0%:	E: 0.00	dE -1.75	batch_acc 1.0000
[INFO  09:53:01] 10%:	E: 0.00	dE -3.17	batch_acc 0.9600
[INFO  09:53:02] 20%:	E: 0.00	dE -1.78	batch_acc 0.9900
[INFO  09:53:04] 30%:	E: 0.00	dE -2.18	batch_acc 0.9850
[INFO  09:53:05] 40%:	E: 0.00	dE -1.96	batch_acc 0.9850
[INFO  09:53:07] 50%:	E: 0.00	dE -2.71	batch_acc 0.9650
[INFO  09:53:09] 60%:	E: 0.00	dE -1.83	batch_acc 0.9900
[INFO  09:53:10] 70%:	E: 0.00	dE -1.54	batch_acc 0.9900
[INFO  09:53:12] 80%:	E: 0.00	dE -2.45	batch_acc 0.9850
[INFO  09:53:13] 90%:	E: 0.00	dE -2.65	batch_acc 0.9850
[INFO  09:53:16] epoch: 85 	 test_acc: 0.8906 	 mean_E: 0.0000
[INFO  09:53:16] 0%:	E: 0.00	dE -1.81	batch_acc 0.9850
[INFO  09:53:18] 10%:	E: 0.00	dE -2.58	batch_acc 0.9750
[INFO  09:53:20] 20%:	E: 0.00	dE -2.04	batch_acc 0.9950
[INFO  09:53:21] 30%:	E: 0.00	dE -1.86	batch_acc 0.9950
[INFO  09:53:23] 40%:	E: 0.00	dE -2.03	batch_acc 0.9950
[INFO  09:53:24] 50%:	E: 0.00	dE -2.48	batch_acc 0.9700
[INFO  09:53:26] 60%:	E: 0.00	dE -2.75	batch_acc 0.9700
[INFO  09:53:27] 70%:	E: 0.00	dE -2.60	batch_acc 0.9650
[INFO  09:53:29] 80%:	E: 0.00	dE -2.53	batch_acc 0.9900
[INFO  09:53:31] 90%:	E: 0.00	dE -2.70	batch_acc 0.9700
[INFO  09:53:34] epoch: 86 	 test_acc: 0.8861 	 mean_E: 0.0000
[INFO  09:53:34] 0%:	E: 0.00	dE -2.16	batch_acc 0.9850
[INFO  09:53:35] 10%:	E: 0.00	dE -1.93	batch_acc 0.9950
[INFO  09:53:37] 20%:	E: 0.00	dE -1.70	batch_acc 0.9900
[INFO  09:53:39] 30%:	E: 0.00	dE -1.88	batch_acc 0.9800
[INFO  09:53:40] 40%:	E: 0.00	dE -1.90	batch_acc 1.0000
[INFO  09:53:42] 50%:	E: 0.00	dE -2.55	batch_acc 0.9700
[INFO  09:53:43] 60%:	E: 0.00	dE -2.44	batch_acc 0.9900
[INFO  09:53:45] 70%:	E: 0.00	dE -2.45	batch_acc 0.9950
[INFO  09:53:46] 80%:	E: 0.00	dE -2.29	batch_acc 0.9800
[INFO  09:53:48] 90%:	E: 0.00	dE -2.14	batch_acc 0.9800
[INFO  09:53:51] epoch: 87 	 test_acc: 0.8885 	 mean_E: 0.0000
[INFO  09:53:51] 0%:	E: 0.00	dE -1.96	batch_acc 0.9950
[INFO  09:53:53] 10%:	E: 0.00	dE -1.69	batch_acc 0.9950
[INFO  09:53:54] 20%:	E: 0.00	dE -1.88	batch_acc 1.0000
[INFO  09:53:56] 30%:	E: 0.00	dE -2.35	batch_acc 0.9850
[INFO  09:53:57] 40%:	E: 0.00	dE -2.12	batch_acc 0.9900
[INFO  09:53:59] 50%:	E: 0.00	dE -2.38	batch_acc 0.9850
[INFO  09:54:01] 60%:	E: 0.00	dE -1.87	batch_acc 0.9850
[INFO  09:54:02] 70%:	E: 0.00	dE -2.45	batch_acc 0.9700
[INFO  09:54:04] 80%:	E: 0.00	dE -1.91	batch_acc 0.9850
[INFO  09:54:05] 90%:	E: 0.00	dE -1.95	batch_acc 0.9800
[INFO  09:54:08] epoch: 88 	 test_acc: 0.8901 	 mean_E: 0.0000
[INFO  09:54:09] 0%:	E: 0.00	dE -3.10	batch_acc 0.9700
[INFO  09:54:10] 10%:	E: 0.00	dE -2.20	batch_acc 0.9800
[INFO  09:54:12] 20%:	E: 0.00	dE -1.86	batch_acc 0.9900
[INFO  09:54:13] 30%:	E: 0.00	dE -2.12	batch_acc 0.9750
[INFO  09:54:15] 40%:	E: 0.00	dE -1.96	batch_acc 0.9900
[INFO  09:54:16] 50%:	E: 0.00	dE -1.77	batch_acc 0.9850
[INFO  09:54:18] 60%:	E: 0.00	dE -1.68	batch_acc 0.9900
[INFO  09:54:20] 70%:	E: 0.00	dE -2.33	batch_acc 0.9700
[INFO  09:54:21] 80%:	E: 0.00	dE -2.56	batch_acc 0.9850
[INFO  09:54:23] 90%:	E: 0.00	dE -2.05	batch_acc 0.9900
[INFO  09:54:26] epoch: 89 	 test_acc: 0.8888 	 mean_E: 0.0000
[INFO  09:54:26] 0%:	E: 0.00	dE -2.05	batch_acc 0.9900
[INFO  09:54:28] 10%:	E: 0.00	dE -2.39	batch_acc 0.9650
[INFO  09:54:29] 20%:	E: 0.00	dE -2.66	batch_acc 0.9900
[INFO  09:54:31] 30%:	E: 0.00	dE -1.52	batch_acc 0.9950
[INFO  09:54:32] 40%:	E: 0.00	dE -2.26	batch_acc 0.9800
[INFO  09:54:34] 50%:	E: 0.00	dE -2.25	batch_acc 0.9900
[INFO  09:54:35] 60%:	E: 0.00	dE -2.35	batch_acc 0.9800
[INFO  09:54:37] 70%:	E: 0.00	dE -1.52	batch_acc 0.9950
[INFO  09:54:38] 80%:	E: 0.00	dE -3.13	batch_acc 0.9750
[INFO  09:54:40] 90%:	E: 0.00	dE -2.19	batch_acc 0.9800
[INFO  09:54:43] epoch: 90 	 test_acc: 0.8881 	 mean_E: 0.0000
[INFO  09:54:43] 0%:	E: 0.00	dE -2.43	batch_acc 0.9850
[INFO  09:54:44] 10%:	E: 0.00	dE -2.10	batch_acc 0.9800
[INFO  09:54:46] 20%:	E: 0.00	dE -1.98	batch_acc 0.9850
[INFO  09:54:48] 30%:	E: 0.00	dE -2.01	batch_acc 0.9950
[INFO  09:54:49] 40%:	E: 0.00	dE -1.69	batch_acc 1.0000
[INFO  09:54:51] 50%:	E: 0.00	dE -2.17	batch_acc 0.9800
[INFO  09:54:52] 60%:	E: 0.00	dE -2.65	batch_acc 0.9700
[INFO  09:54:54] 70%:	E: 0.00	dE -1.82	batch_acc 0.9950
[INFO  09:54:55] 80%:	E: 0.00	dE -2.71	batch_acc 0.9700
[INFO  09:54:57] 90%:	E: 0.00	dE -2.21	batch_acc 0.9900
[INFO  09:55:00] epoch: 91 	 test_acc: 0.8847 	 mean_E: 0.0000
[INFO  09:55:00] 0%:	E: 0.00	dE -2.55	batch_acc 0.9800
[INFO  09:55:01] 10%:	E: 0.00	dE -2.57	batch_acc 0.9750
[INFO  09:55:03] 20%:	E: 0.00	dE -1.71	batch_acc 0.9900
[INFO  09:55:04] 30%:	E: 0.00	dE -2.34	batch_acc 0.9800
[INFO  09:55:06] 40%:	E: 0.00	dE -1.82	batch_acc 0.9900
[INFO  09:55:07] 50%:	E: 0.00	dE -2.36	batch_acc 0.9750
[INFO  09:55:09] 60%:	E: 0.00	dE -2.25	batch_acc 0.9850
[INFO  09:55:11] 70%:	E: 0.00	dE -2.22	batch_acc 0.9850
[INFO  09:55:12] 80%:	E: 0.00	dE -2.50	batch_acc 0.9800
[INFO  09:55:14] 90%:	E: 0.00	dE -2.51	batch_acc 0.9700
[INFO  09:55:17] epoch: 92 	 test_acc: 0.8893 	 mean_E: 0.0000
[INFO  09:55:17] 0%:	E: 0.00	dE -2.57	batch_acc 0.9750
[INFO  09:55:19] 10%:	E: 0.00	dE -1.83	batch_acc 0.9900
[INFO  09:55:20] 20%:	E: 0.00	dE -1.66	batch_acc 0.9850
[INFO  09:55:22] 30%:	E: 0.00	dE -1.94	batch_acc 0.9800
[INFO  09:55:23] 40%:	E: 0.00	dE -2.06	batch_acc 0.9750
[INFO  09:55:25] 50%:	E: 0.00	dE -1.87	batch_acc 0.9900
[INFO  09:55:26] 60%:	E: 0.00	dE -2.39	batch_acc 0.9700
[INFO  09:55:28] 70%:	E: 0.00	dE -2.15	batch_acc 0.9850
[INFO  09:55:29] 80%:	E: 0.00	dE -2.25	batch_acc 0.9950
[INFO  09:55:31] 90%:	E: 0.00	dE -2.52	batch_acc 0.9900
[INFO  09:55:34] epoch: 93 	 test_acc: 0.8876 	 mean_E: 0.0000
[INFO  09:55:34] 0%:	E: 0.00	dE -2.25	batch_acc 0.9750
[INFO  09:55:36] 10%:	E: 0.00	dE -2.31	batch_acc 0.9850
[INFO  09:55:37] 20%:	E: 0.00	dE -1.68	batch_acc 0.9900
[INFO  09:55:39] 30%:	E: 0.00	dE -2.08	batch_acc 0.9800
[INFO  09:55:40] 40%:	E: 0.00	dE -1.64	batch_acc 1.0000
[INFO  09:55:42] 50%:	E: 0.00	dE -1.81	batch_acc 0.9900
[INFO  09:55:43] 60%:	E: 0.00	dE -1.87	batch_acc 0.9900
[INFO  09:55:45] 70%:	E: 0.00	dE -2.22	batch_acc 0.9750
[INFO  09:55:46] 80%:	E: 0.00	dE -2.27	batch_acc 0.9750
[INFO  09:55:48] 90%:	E: 0.00	dE -2.41	batch_acc 0.9700
[INFO  09:55:51] epoch: 94 	 test_acc: 0.8913 	 mean_E: 0.0000
[INFO  09:55:51] 0%:	E: 0.00	dE -1.59	batch_acc 0.9900
[INFO  09:55:53] 10%:	E: 0.00	dE -2.60	batch_acc 0.9750
[INFO  09:55:54] 20%:	E: 0.00	dE -2.24	batch_acc 0.9750
[INFO  09:55:56] 30%:	E: 0.00	dE -2.21	batch_acc 0.9900
[INFO  09:55:57] 40%:	E: 0.00	dE -1.61	batch_acc 0.9900
[INFO  09:55:59] 50%:	E: 0.00	dE -2.34	batch_acc 0.9850
[INFO  09:56:00] 60%:	E: 0.00	dE -2.73	batch_acc 0.9600
[INFO  09:56:02] 70%:	E: 0.00	dE -2.51	batch_acc 0.9850
[INFO  09:56:03] 80%:	E: 0.00	dE -3.05	batch_acc 0.9700
[INFO  09:56:05] 90%:	E: 0.00	dE -2.42	batch_acc 0.9850
[INFO  09:56:08] epoch: 95 	 test_acc: 0.8886 	 mean_E: 0.0000
[INFO  09:56:08] 0%:	E: 0.00	dE -1.98	batch_acc 0.9800
[INFO  09:56:10] 10%:	E: 0.00	dE -2.22	batch_acc 0.9850
[INFO  09:56:11] 20%:	E: 0.00	dE -2.11	batch_acc 0.9800
[INFO  09:56:13] 30%:	E: 0.00	dE -2.24	batch_acc 0.9750
[INFO  09:56:14] 40%:	E: 0.00	dE -1.59	batch_acc 0.9950
[INFO  09:56:16] 50%:	E: 0.00	dE -2.05	batch_acc 0.9750
[INFO  09:56:18] 60%:	E: 0.00	dE -1.88	batch_acc 0.9850
[INFO  09:56:19] 70%:	E: 0.00	dE -2.25	batch_acc 0.9750
[INFO  09:56:21] 80%:	E: 0.00	dE -2.34	batch_acc 0.9800
[INFO  09:56:22] 90%:	E: 0.00	dE -1.84	batch_acc 0.9900
[INFO  09:56:25] epoch: 96 	 test_acc: 0.8867 	 mean_E: 0.0000
[INFO  09:56:26] 0%:	E: 0.00	dE -2.06	batch_acc 0.9850
[INFO  09:56:27] 10%:	E: 0.00	dE -1.85	batch_acc 0.9850
[INFO  09:56:29] 20%:	E: 0.00	dE -1.61	batch_acc 0.9950
[INFO  09:56:30] 30%:	E: 0.00	dE -2.52	batch_acc 0.9750
[INFO  09:56:32] 40%:	E: 0.00	dE -1.81	batch_acc 0.9950
[INFO  09:56:33] 50%:	E: 0.00	dE -2.46	batch_acc 0.9650
[INFO  09:56:35] 60%:	E: 0.00	dE -1.58	batch_acc 0.9900
[INFO  09:56:36] 70%:	E: 0.00	dE -2.26	batch_acc 0.9750
[INFO  09:56:38] 80%:	E: 0.00	dE -1.47	batch_acc 1.0000
[INFO  09:56:39] 90%:	E: 0.00	dE -2.99	batch_acc 0.9600
[INFO  09:56:42] epoch: 97 	 test_acc: 0.8883 	 mean_E: 0.0000
[INFO  09:56:43] 0%:	E: 0.00	dE -2.26	batch_acc 0.9900
[INFO  09:56:44] 10%:	E: 0.00	dE -2.31	batch_acc 0.9900
[INFO  09:56:46] 20%:	E: 0.00	dE -2.15	batch_acc 0.9900
[INFO  09:56:47] 30%:	E: 0.00	dE -2.35	batch_acc 0.9800
[INFO  09:56:49] 40%:	E: 0.00	dE -1.36	batch_acc 0.9900
[INFO  09:56:50] 50%:	E: 0.00	dE -1.89	batch_acc 0.9900
[INFO  09:56:52] 60%:	E: 0.00	dE -2.46	batch_acc 0.9850
[INFO  09:56:53] 70%:	E: 0.00	dE -2.31	batch_acc 0.9750
[INFO  09:56:55] 80%:	E: 0.00	dE -2.48	batch_acc 0.9800
[INFO  09:56:56] 90%:	E: 0.00	dE -1.61	batch_acc 0.9850
[INFO  09:56:59] epoch: 98 	 test_acc: 0.8894 	 mean_E: 0.0000
[INFO  09:57:00] 0%:	E: 0.00	dE -1.66	batch_acc 0.9850
[INFO  09:57:01] 10%:	E: 0.00	dE -2.05	batch_acc 0.9850
[INFO  09:57:03] 20%:	E: 0.00	dE -1.73	batch_acc 1.0000
[INFO  09:57:04] 30%:	E: 0.00	dE -3.45	batch_acc 0.9600
[INFO  09:57:06] 40%:	E: 0.00	dE -2.00	batch_acc 0.9900
[INFO  09:57:07] 50%:	E: 0.00	dE -2.20	batch_acc 0.9950
[INFO  09:57:09] 60%:	E: 0.00	dE -2.21	batch_acc 0.9800
[INFO  09:57:11] 70%:	E: 0.00	dE -2.47	batch_acc 0.9800
[INFO  09:57:12] 80%:	E: 0.00	dE -2.50	batch_acc 0.9750
[INFO  09:57:14] 90%:	E: 0.00	dE -1.89	batch_acc 0.9850
[INFO  09:57:17] epoch: 99 	 test_acc: 0.8883 	 mean_E: 0.0000
[INFO  09:57:17] 0%:	E: 0.00	dE -1.52	batch_acc 1.0000
[INFO  09:57:19] 10%:	E: 0.00	dE -1.97	batch_acc 0.9950
[INFO  09:57:20] 20%:	E: 0.00	dE -2.48	batch_acc 0.9800
[INFO  09:57:22] 30%:	E: 0.00	dE -1.82	batch_acc 0.9900
[INFO  09:57:23] 40%:	E: 0.00	dE -1.83	batch_acc 0.9950
[INFO  09:57:25] 50%:	E: 0.00	dE -1.98	batch_acc 0.9950
[INFO  09:57:26] 60%:	E: 0.00	dE -1.84	batch_acc 0.9800
[INFO  09:57:28] 70%:	E: 0.00	dE -2.11	batch_acc 0.9850
[INFO  09:57:29] 80%:	E: 0.00	dE -1.90	batch_acc 0.9900
[INFO  09:57:31] 90%:	E: 0.00	dE -2.37	batch_acc 0.9800
[INFO  09:57:34] epoch: 100 	 test_acc: 0.8880 	 mean_E: 0.0000
