[INFO  13:33:41] Start training with parametrization:
{
    "batch_size": 100,
    "beta": 1,
    "c_energy": "squared_error",
    "dataset": "mnist",
    "dimensions": [
        784,
        1000,
        10
    ],
    "dynamics": {
        "dt": 0.1,
        "n_relax": 20,
        "tau": 1,
        "tol": 0
    },
    "energy": "cond_gaussian",
    "epochs": 100,
    "fast_ff_init": true,
    "learning_rate": 0.001,
    "log_dir": "",
    "nonlinearity": "softplus",
    "optimizer": "adam",
    "seed": 2022
}
[INFO  13:33:41] 0%:	E: 0.00	dE -39.86	batch_acc 0.1600
[INFO  13:33:43] 10%:	E: 0.00	dE -7.04	batch_acc 0.7700
[INFO  13:33:46] 20%:	E: 0.00	dE -5.97	batch_acc 0.8200
[INFO  13:33:48] 30%:	E: 0.00	dE -6.61	batch_acc 0.7700
[INFO  13:33:50] 40%:	E: 0.00	dE -5.08	batch_acc 0.8500
[INFO  13:33:53] 50%:	E: 0.00	dE -6.39	batch_acc 0.7800
[INFO  13:33:55] 60%:	E: 0.00	dE -4.25	batch_acc 0.8300
[INFO  13:33:57] 70%:	E: 0.00	dE -3.46	batch_acc 0.9000
[INFO  13:34:00] 80%:	E: 0.00	dE -4.86	batch_acc 0.8100
[INFO  13:34:02] 90%:	E: 0.00	dE -4.92	batch_acc 0.8500
[INFO  13:34:06] epoch: 1 	 test_acc: 0.8425 	 mean_E: 0.0000
[INFO  13:34:06] 0%:	E: 0.00	dE -4.82	batch_acc 0.8300
[INFO  13:34:08] 10%:	E: 0.00	dE -3.44	batch_acc 0.9100
[INFO  13:34:10] 20%:	E: 0.00	dE -4.25	batch_acc 0.8700
[INFO  13:34:12] 30%:	E: 0.00	dE -3.90	batch_acc 0.8700
[INFO  13:34:15] 40%:	E: 0.00	dE -3.93	batch_acc 0.8800
[INFO  13:34:17] 50%:	E: 0.00	dE -4.10	batch_acc 0.8800
[INFO  13:34:19] 60%:	E: 0.00	dE -4.20	batch_acc 0.8700
[INFO  13:34:21] 70%:	E: 0.00	dE -4.53	batch_acc 0.8500
[INFO  13:34:23] 80%:	E: 0.00	dE -4.33	batch_acc 0.8300
[INFO  13:34:25] 90%:	E: 0.00	dE -2.57	batch_acc 0.9300
[INFO  13:34:29] epoch: 2 	 test_acc: 0.8598 	 mean_E: 0.0000
[INFO  13:34:29] 0%:	E: 0.00	dE -3.48	batch_acc 0.8900
[INFO  13:34:31] 10%:	E: 0.00	dE -3.13	batch_acc 0.9300
[INFO  13:34:32] 20%:	E: 0.00	dE -3.50	batch_acc 0.8700
[INFO  13:34:35] 30%:	E: 0.00	dE -3.11	batch_acc 0.9000
[INFO  13:34:37] 40%:	E: 0.00	dE -3.51	batch_acc 0.9200
[INFO  13:34:39] 50%:	E: 0.00	dE -4.33	batch_acc 0.8600
[INFO  13:34:41] 60%:	E: 0.00	dE -3.72	batch_acc 0.8700
[INFO  13:34:44] 70%:	E: 0.00	dE -3.51	batch_acc 0.9000
[INFO  13:34:46] 80%:	E: 0.00	dE -3.70	batch_acc 0.8900
[INFO  13:34:49] 90%:	E: 0.00	dE -2.61	batch_acc 0.9300
[INFO  13:34:53] epoch: 3 	 test_acc: 0.8673 	 mean_E: 0.0000
[INFO  13:34:53] 0%:	E: 0.00	dE -3.06	batch_acc 0.9500
[INFO  13:34:54] 10%:	E: 0.00	dE -3.04	batch_acc 0.9200
[INFO  13:34:57] 20%:	E: 0.00	dE -2.89	batch_acc 0.9100
[INFO  13:34:59] 30%:	E: 0.00	dE -2.64	batch_acc 0.9400
[INFO  13:35:02] 40%:	E: 0.00	dE -3.76	batch_acc 0.9000
[INFO  13:35:04] 50%:	E: 0.00	dE -3.80	batch_acc 0.8900
[INFO  13:35:06] 60%:	E: 0.00	dE -3.47	batch_acc 0.9000
[INFO  13:35:09] 70%:	E: 0.00	dE -4.23	batch_acc 0.8800
[INFO  13:35:11] 80%:	E: 0.00	dE -4.10	batch_acc 0.8600
[INFO  13:35:14] 90%:	E: 0.00	dE -3.60	batch_acc 0.8900
[INFO  13:35:18] epoch: 4 	 test_acc: 0.8712 	 mean_E: 0.0000
[INFO  13:35:18] 0%:	E: 0.00	dE -2.88	batch_acc 0.9100
[INFO  13:35:19] 10%:	E: 0.00	dE -2.33	batch_acc 0.9400
[INFO  13:35:22] 20%:	E: 0.00	dE -3.80	batch_acc 0.9000
[INFO  13:35:24] 30%:	E: 0.00	dE -2.60	batch_acc 0.9400
[INFO  13:35:26] 40%:	E: 0.00	dE -4.18	batch_acc 0.8300
[INFO  13:35:29] 50%:	E: 0.00	dE -2.90	batch_acc 0.9100
[INFO  13:35:31] 60%:	E: 0.00	dE -3.66	batch_acc 0.9000
[INFO  13:35:33] 70%:	E: 0.00	dE -3.49	batch_acc 0.8800
[INFO  13:35:35] 80%:	E: 0.00	dE -3.64	batch_acc 0.8700
[INFO  13:35:37] 90%:	E: 0.00	dE -3.52	batch_acc 0.8700
[INFO  13:35:41] epoch: 5 	 test_acc: 0.8747 	 mean_E: 0.0000
[INFO  13:35:41] 0%:	E: 0.00	dE -2.74	batch_acc 0.9300
[INFO  13:35:43] 10%:	E: 0.00	dE -3.65	batch_acc 0.8800
[INFO  13:35:46] 20%:	E: 0.00	dE -2.95	batch_acc 0.9100
[INFO  13:35:48] 30%:	E: 0.00	dE -2.53	batch_acc 0.9000
[INFO  13:35:50] 40%:	E: 0.00	dE -3.30	batch_acc 0.9100
[INFO  13:35:53] 50%:	E: 0.00	dE -3.10	batch_acc 0.9100
[INFO  13:35:55] 60%:	E: 0.00	dE -4.39	batch_acc 0.8600
[INFO  13:35:57] 70%:	E: 0.00	dE -2.09	batch_acc 0.9700
[INFO  13:35:59] 80%:	E: 0.00	dE -2.83	batch_acc 0.9100
[INFO  13:36:00] 90%:	E: 0.00	dE -3.44	batch_acc 0.8800
[INFO  13:36:04] epoch: 6 	 test_acc: 0.8772 	 mean_E: 0.0000
[INFO  13:36:04] 0%:	E: 0.00	dE -3.42	batch_acc 0.8800
[INFO  13:36:06] 10%:	E: 0.00	dE -4.13	batch_acc 0.8300
[INFO  13:36:09] 20%:	E: 0.00	dE -2.93	batch_acc 0.9100
[INFO  13:36:11] 30%:	E: 0.00	dE -2.95	batch_acc 0.9100
[INFO  13:36:13] 40%:	E: 0.00	dE -2.30	batch_acc 0.9400
[INFO  13:36:16] 50%:	E: 0.00	dE -2.77	batch_acc 0.9200
[INFO  13:36:18] 60%:	E: 0.00	dE -3.07	batch_acc 0.9000
[INFO  13:36:21] 70%:	E: 0.00	dE -2.84	batch_acc 0.8900
[INFO  13:36:24] 80%:	E: 0.00	dE -2.79	batch_acc 0.9200
[INFO  13:36:26] 90%:	E: 0.00	dE -3.65	batch_acc 0.8500
[INFO  13:36:29] epoch: 7 	 test_acc: 0.8821 	 mean_E: 0.0000
[INFO  13:36:30] 0%:	E: 0.00	dE -3.02	batch_acc 0.8900
[INFO  13:36:32] 10%:	E: 0.00	dE -2.99	batch_acc 0.9100
[INFO  13:36:34] 20%:	E: 0.00	dE -3.69	batch_acc 0.8700
[INFO  13:36:36] 30%:	E: 0.00	dE -3.84	batch_acc 0.8500
[INFO  13:36:39] 40%:	E: 0.00	dE -3.50	batch_acc 0.8800
[INFO  13:36:41] 50%:	E: 0.00	dE -2.91	batch_acc 0.9300
[INFO  13:36:44] 60%:	E: 0.00	dE -2.48	batch_acc 0.9400
[INFO  13:36:45] 70%:	E: 0.00	dE -2.96	batch_acc 0.9200
[INFO  13:36:48] 80%:	E: 0.00	dE -3.69	batch_acc 0.8800
[INFO  13:36:50] 90%:	E: 0.00	dE -2.98	batch_acc 0.9100
[INFO  13:36:54] epoch: 8 	 test_acc: 0.8860 	 mean_E: 0.0000
[INFO  13:36:54] 0%:	E: 0.00	dE -3.97	batch_acc 0.8600
[INFO  13:36:57] 10%:	E: 0.00	dE -3.04	batch_acc 0.8900
[INFO  13:36:59] 20%:	E: 0.00	dE -3.22	batch_acc 0.8900
[INFO  13:37:01] 30%:	E: 0.00	dE -1.90	batch_acc 0.9500
[INFO  13:37:04] 40%:	E: 0.00	dE -3.06	batch_acc 0.9100
[INFO  13:37:06] 50%:	E: 0.00	dE -2.26	batch_acc 0.9400
[INFO  13:37:09] 60%:	E: 0.00	dE -2.48	batch_acc 0.9200
[INFO  13:37:11] 70%:	E: 0.00	dE -3.84	batch_acc 0.8700
[INFO  13:37:13] 80%:	E: 0.00	dE -2.87	batch_acc 0.9100
[INFO  13:37:15] 90%:	E: 0.00	dE -2.67	batch_acc 0.9400
[INFO  13:37:19] epoch: 9 	 test_acc: 0.8803 	 mean_E: 0.0000
[INFO  13:37:20] 0%:	E: 0.00	dE -2.72	batch_acc 0.9000
[INFO  13:37:22] 10%:	E: 0.00	dE -2.75	batch_acc 0.9100
[INFO  13:37:25] 20%:	E: 0.00	dE -2.90	batch_acc 0.9300
[INFO  13:37:27] 30%:	E: 0.00	dE -1.63	batch_acc 0.9700
[INFO  13:37:30] 40%:	E: 0.00	dE -2.57	batch_acc 0.9100
[INFO  13:37:32] 50%:	E: 0.00	dE -1.84	batch_acc 0.9700
[INFO  13:37:34] 60%:	E: 0.00	dE -3.11	batch_acc 0.9400
[INFO  13:37:36] 70%:	E: 0.00	dE -2.71	batch_acc 0.9400
[INFO  13:37:39] 80%:	E: 0.00	dE -2.24	batch_acc 0.9400
[INFO  13:37:41] 90%:	E: 0.00	dE -4.16	batch_acc 0.8600
[INFO  13:37:45] epoch: 10 	 test_acc: 0.8839 	 mean_E: 0.0000
[INFO  13:37:45] 0%:	E: 0.00	dE -3.04	batch_acc 0.9200
[INFO  13:37:48] 10%:	E: 0.00	dE -2.48	batch_acc 0.9400
[INFO  13:37:50] 20%:	E: 0.00	dE -2.55	batch_acc 0.9300
[INFO  13:37:52] 30%:	E: 0.00	dE -3.18	batch_acc 0.8900
[INFO  13:37:55] 40%:	E: 0.00	dE -3.19	batch_acc 0.9000
[INFO  13:37:57] 50%:	E: 0.00	dE -2.18	batch_acc 0.9600
[INFO  13:37:59] 60%:	E: 0.00	dE -2.71	batch_acc 0.9300
[INFO  13:38:01] 70%:	E: 0.00	dE -2.99	batch_acc 0.9000
[INFO  13:38:04] 80%:	E: 0.00	dE -2.23	batch_acc 0.9200
[INFO  13:38:06] 90%:	E: 0.00	dE -1.97	batch_acc 0.9600
[INFO  13:38:09] epoch: 11 	 test_acc: 0.8835 	 mean_E: 0.0000
[INFO  13:38:10] 0%:	E: 0.00	dE -2.69	batch_acc 0.9100
[INFO  13:38:11] 10%:	E: 0.00	dE -1.83	batch_acc 0.9900
[INFO  13:38:14] 20%:	E: 0.00	dE -2.29	batch_acc 0.9400
[INFO  13:38:16] 30%:	E: 0.00	dE -1.84	batch_acc 0.9700
[INFO  13:38:19] 40%:	E: 0.00	dE -2.59	batch_acc 0.9100
[INFO  13:38:21] 50%:	E: 0.00	dE -2.69	batch_acc 0.9300
[INFO  13:38:24] 60%:	E: 0.00	dE -2.18	batch_acc 0.9600
[INFO  13:38:26] 70%:	E: 0.00	dE -2.73	batch_acc 0.9200
[INFO  13:38:28] 80%:	E: 0.00	dE -2.87	batch_acc 0.9000
[INFO  13:38:30] 90%:	E: 0.00	dE -2.39	batch_acc 0.9500
[INFO  13:38:35] epoch: 12 	 test_acc: 0.8870 	 mean_E: 0.0000
[INFO  13:38:35] 0%:	E: 0.00	dE -2.80	batch_acc 0.9200
[INFO  13:38:37] 10%:	E: 0.00	dE -2.45	batch_acc 0.9200
[INFO  13:38:39] 20%:	E: 0.00	dE -2.39	batch_acc 0.9600
[INFO  13:38:41] 30%:	E: 0.00	dE -2.03	batch_acc 0.9600
[INFO  13:38:44] 40%:	E: 0.00	dE -2.81	batch_acc 0.9400
[INFO  13:38:46] 50%:	E: 0.00	dE -2.54	batch_acc 0.9400
[INFO  13:38:48] 60%:	E: 0.00	dE -2.61	batch_acc 0.9300
[INFO  13:38:51] 70%:	E: 0.00	dE -3.00	batch_acc 0.9100
[INFO  13:38:53] 80%:	E: 0.00	dE -2.75	batch_acc 0.9200
[INFO  13:38:55] 90%:	E: 0.00	dE -2.38	batch_acc 0.9400
[INFO  13:38:59] epoch: 13 	 test_acc: 0.8853 	 mean_E: 0.0000
[INFO  13:38:59] 0%:	E: 0.00	dE -1.95	batch_acc 0.9700
[INFO  13:39:02] 10%:	E: 0.00	dE -2.68	batch_acc 0.9100
[INFO  13:39:04] 20%:	E: 0.00	dE -1.72	batch_acc 0.9500
[INFO  13:39:06] 30%:	E: 0.00	dE -3.06	batch_acc 0.9200
[INFO  13:39:09] 40%:	E: 0.00	dE -2.48	batch_acc 0.9300
[INFO  13:39:11] 50%:	E: 0.00	dE -2.65	batch_acc 0.9300
[INFO  13:39:12] 60%:	E: 0.00	dE -1.90	batch_acc 0.9400
[INFO  13:39:15] 70%:	E: 0.00	dE -3.29	batch_acc 0.8800
[INFO  13:39:17] 80%:	E: 0.00	dE -3.04	batch_acc 0.9200
[INFO  13:39:20] 90%:	E: 0.00	dE -2.27	batch_acc 0.9300
[INFO  13:39:23] epoch: 14 	 test_acc: 0.8841 	 mean_E: 0.0000
[INFO  13:39:23] 0%:	E: 0.00	dE -2.18	batch_acc 0.9500
[INFO  13:39:26] 10%:	E: 0.00	dE -2.38	batch_acc 0.9500
[INFO  13:39:28] 20%:	E: 0.00	dE -2.82	batch_acc 0.9200
[INFO  13:39:30] 30%:	E: 0.00	dE -2.84	batch_acc 0.9400
[INFO  13:39:32] 40%:	E: 0.00	dE -2.55	batch_acc 0.9600
[INFO  13:39:35] 50%:	E: 0.00	dE -2.33	batch_acc 0.9600
[INFO  13:39:37] 60%:	E: 0.00	dE -2.84	batch_acc 0.9200
[INFO  13:39:39] 70%:	E: 0.00	dE -2.54	batch_acc 0.9300
[INFO  13:39:42] 80%:	E: 0.00	dE -2.71	batch_acc 0.9200
[INFO  13:39:44] 90%:	E: 0.00	dE -2.77	batch_acc 0.9200
[INFO  13:39:48] epoch: 15 	 test_acc: 0.8861 	 mean_E: 0.0000
[INFO  13:39:48] 0%:	E: 0.00	dE -1.95	batch_acc 0.9500
[INFO  13:39:50] 10%:	E: 0.00	dE -2.17	batch_acc 0.9200
[INFO  13:39:53] 20%:	E: 0.00	dE -2.99	batch_acc 0.9100
[INFO  13:39:55] 30%:	E: 0.00	dE -2.31	batch_acc 0.9400
[INFO  13:39:57] 40%:	E: 0.00	dE -2.67	batch_acc 0.9200
[INFO  13:39:59] 50%:	E: 0.00	dE -3.24	batch_acc 0.8700
[INFO  13:40:01] 60%:	E: 0.00	dE -2.26	batch_acc 0.9500
[INFO  13:40:03] 70%:	E: 0.00	dE -3.25	batch_acc 0.8900
[INFO  13:40:05] 80%:	E: 0.00	dE -2.37	batch_acc 0.9400
[INFO  13:40:07] 90%:	E: 0.00	dE -2.56	batch_acc 0.9200
[INFO  13:40:11] epoch: 16 	 test_acc: 0.8871 	 mean_E: 0.0000
[INFO  13:40:11] 0%:	E: 0.00	dE -1.99	batch_acc 0.9500
[INFO  13:40:13] 10%:	E: 0.00	dE -2.69	batch_acc 0.9000
[INFO  13:40:15] 20%:	E: 0.00	dE -1.49	batch_acc 0.9700
[INFO  13:40:17] 30%:	E: 0.00	dE -2.03	batch_acc 0.9500
[INFO  13:40:19] 40%:	E: 0.00	dE -2.93	batch_acc 0.9100
[INFO  13:40:21] 50%:	E: 0.00	dE -2.34	batch_acc 0.9300
[INFO  13:40:23] 60%:	E: 0.00	dE -1.99	batch_acc 0.9600
[INFO  13:40:26] 70%:	E: 0.00	dE -1.85	batch_acc 0.9700
[INFO  13:40:28] 80%:	E: 0.00	dE -2.54	batch_acc 0.9500
[INFO  13:40:30] 90%:	E: 0.00	dE -2.19	batch_acc 0.9200
[INFO  13:40:34] epoch: 17 	 test_acc: 0.8887 	 mean_E: 0.0000
[INFO  13:40:34] 0%:	E: 0.00	dE -2.44	batch_acc 0.9500
[INFO  13:40:37] 10%:	E: 0.00	dE -2.77	batch_acc 0.8900
[INFO  13:40:39] 20%:	E: 0.00	dE -2.16	batch_acc 0.9400
[INFO  13:40:41] 30%:	E: 0.00	dE -1.62	batch_acc 0.9500
[INFO  13:40:44] 40%:	E: 0.00	dE -2.73	batch_acc 0.9000
[INFO  13:40:46] 50%:	E: 0.00	dE -2.49	batch_acc 0.9500
[INFO  13:40:49] 60%:	E: 0.00	dE -1.86	batch_acc 0.9800
[INFO  13:40:51] 70%:	E: 0.00	dE -3.67	batch_acc 0.8800
[INFO  13:40:53] 80%:	E: 0.00	dE -2.19	batch_acc 0.9200
[INFO  13:40:55] 90%:	E: 0.00	dE -1.97	batch_acc 0.9600
[INFO  13:40:59] epoch: 18 	 test_acc: 0.8875 	 mean_E: 0.0000
[INFO  13:40:59] 0%:	E: 0.00	dE -2.02	batch_acc 0.9400
[INFO  13:41:02] 10%:	E: 0.00	dE -1.78	batch_acc 0.9700
[INFO  13:41:04] 20%:	E: 0.00	dE -2.91	batch_acc 0.9400
[INFO  13:41:06] 30%:	E: 0.00	dE -1.88	batch_acc 0.9600
[INFO  13:41:08] 40%:	E: 0.00	dE -2.76	batch_acc 0.9000
[INFO  13:41:10] 50%:	E: 0.00	dE -1.80	batch_acc 0.9700
[INFO  13:41:12] 60%:	E: 0.00	dE -2.66	batch_acc 0.9200
[INFO  13:41:15] 70%:	E: 0.00	dE -1.61	batch_acc 0.9700
[INFO  13:41:17] 80%:	E: 0.00	dE -2.26	batch_acc 0.9400
[INFO  13:41:19] 90%:	E: 0.00	dE -1.73	batch_acc 0.9600
[INFO  13:41:23] epoch: 19 	 test_acc: 0.8870 	 mean_E: 0.0000
[INFO  13:41:23] 0%:	E: 0.00	dE -1.98	batch_acc 0.9600
[INFO  13:41:26] 10%:	E: 0.00	dE -2.42	batch_acc 0.9100
[INFO  13:41:28] 20%:	E: 0.00	dE -2.09	batch_acc 0.9600
[INFO  13:41:30] 30%:	E: 0.00	dE -1.97	batch_acc 0.9600
[INFO  13:41:32] 40%:	E: 0.00	dE -1.59	batch_acc 0.9800
[INFO  13:41:35] 50%:	E: 0.00	dE -2.35	batch_acc 0.9300
[INFO  13:41:37] 60%:	E: 0.00	dE -2.08	batch_acc 0.9400
[INFO  13:41:40] 70%:	E: 0.00	dE -1.87	batch_acc 0.9600
[INFO  13:41:42] 80%:	E: 0.00	dE -2.63	batch_acc 0.9200
[INFO  13:41:44] 90%:	E: 0.00	dE -2.12	batch_acc 0.9500
[INFO  13:41:48] epoch: 20 	 test_acc: 0.8894 	 mean_E: 0.0000
[INFO  13:41:48] 0%:	E: 0.00	dE -2.18	batch_acc 0.9500
[INFO  13:41:51] 10%:	E: 0.00	dE -2.30	batch_acc 0.9600
[INFO  13:41:53] 20%:	E: 0.00	dE -2.13	batch_acc 0.9500
[INFO  13:41:56] 30%:	E: 0.00	dE -2.03	batch_acc 0.9600
[INFO  13:41:58] 40%:	E: 0.00	dE -1.54	batch_acc 0.9600
[INFO  13:42:00] 50%:	E: 0.00	dE -1.94	batch_acc 0.9400
[INFO  13:42:02] 60%:	E: 0.00	dE -1.94	batch_acc 0.9400
[INFO  13:42:04] 70%:	E: 0.00	dE -2.55	batch_acc 0.9300
[INFO  13:42:07] 80%:	E: 0.00	dE -1.91	batch_acc 0.9600
[INFO  13:42:09] 90%:	E: 0.00	dE -1.78	batch_acc 0.9600
[INFO  13:42:12] epoch: 21 	 test_acc: 0.8847 	 mean_E: 0.0000
[INFO  13:42:13] 0%:	E: 0.00	dE -1.88	batch_acc 0.9300
[INFO  13:42:15] 10%:	E: 0.00	dE -1.57	batch_acc 0.9600
[INFO  13:42:18] 20%:	E: 0.00	dE -1.63	batch_acc 0.9700
[INFO  13:42:20] 30%:	E: 0.00	dE -2.55	batch_acc 0.9000
[INFO  13:42:22] 40%:	E: 0.00	dE -2.21	batch_acc 0.9500
[INFO  13:42:24] 50%:	E: 0.00	dE -2.78	batch_acc 0.9000
[INFO  13:42:27] 60%:	E: 0.00	dE -2.77	batch_acc 0.9000
[INFO  13:42:29] 70%:	E: 0.00	dE -2.01	batch_acc 0.9500
[INFO  13:42:31] 80%:	E: 0.00	dE -1.83	batch_acc 0.9700
[INFO  13:42:33] 90%:	E: 0.00	dE -1.73	batch_acc 0.9800
[INFO  13:42:37] epoch: 22 	 test_acc: 0.8905 	 mean_E: 0.0000
[INFO  13:42:37] 0%:	E: 0.00	dE -2.15	batch_acc 0.9300
[INFO  13:42:40] 10%:	E: 0.00	dE -2.05	batch_acc 0.9600
[INFO  13:42:42] 20%:	E: 0.00	dE -2.27	batch_acc 0.9200
[INFO  13:42:44] 30%:	E: 0.00	dE -2.15	batch_acc 0.9600
[INFO  13:42:47] 40%:	E: 0.00	dE -2.90	batch_acc 0.9300
[INFO  13:42:49] 50%:	E: 0.00	dE -1.92	batch_acc 0.9500
[INFO  13:42:51] 60%:	E: 0.00	dE -2.19	batch_acc 0.9800
[INFO  13:42:53] 70%:	E: 0.00	dE -2.20	batch_acc 0.9300
[INFO  13:42:56] 80%:	E: 0.00	dE -1.66	batch_acc 0.9600
[INFO  13:42:58] 90%:	E: 0.00	dE -3.04	batch_acc 0.9400
[INFO  13:43:01] epoch: 23 	 test_acc: 0.8905 	 mean_E: 0.0000
[INFO  13:43:02] 0%:	E: 0.00	dE -1.33	batch_acc 0.9900
[INFO  13:43:04] 10%:	E: 0.00	dE -2.00	batch_acc 0.9400
[INFO  13:43:06] 20%:	E: 0.00	dE -1.73	batch_acc 0.9700
[INFO  13:43:08] 30%:	E: 0.00	dE -2.54	batch_acc 0.9500
[INFO  13:43:11] 40%:	E: 0.00	dE -2.58	batch_acc 0.9000
[INFO  13:43:13] 50%:	E: 0.00	dE -1.94	batch_acc 0.9500
[INFO  13:43:15] 60%:	E: 0.00	dE -2.41	batch_acc 0.9000
[INFO  13:43:17] 70%:	E: 0.00	dE -3.02	batch_acc 0.9100
[INFO  13:43:19] 80%:	E: 0.00	dE -1.44	batch_acc 0.9900
[INFO  13:43:22] 90%:	E: 0.00	dE -1.89	batch_acc 0.9600
[INFO  13:43:26] epoch: 24 	 test_acc: 0.8906 	 mean_E: 0.0000
[INFO  13:43:26] 0%:	E: 0.00	dE -1.98	batch_acc 0.9600
[INFO  13:43:28] 10%:	E: 0.00	dE -1.62	batch_acc 0.9800
[INFO  13:43:30] 20%:	E: 0.00	dE -2.11	batch_acc 0.9500
[INFO  13:43:33] 30%:	E: 0.00	dE -1.93	batch_acc 0.9500
[INFO  13:43:35] 40%:	E: 0.00	dE -2.07	batch_acc 0.9400
[INFO  13:43:37] 50%:	E: 0.00	dE -1.68	batch_acc 0.9700
[INFO  13:43:39] 60%:	E: 0.00	dE -1.70	batch_acc 0.9700
[INFO  13:43:41] 70%:	E: 0.00	dE -1.71	batch_acc 0.9600
[INFO  13:43:43] 80%:	E: 0.00	dE -2.52	batch_acc 0.9200
[INFO  13:43:46] 90%:	E: 0.00	dE -1.87	batch_acc 0.9500
[INFO  13:43:49] epoch: 25 	 test_acc: 0.8909 	 mean_E: 0.0000
[INFO  13:43:49] 0%:	E: 0.00	dE -2.12	batch_acc 0.9400
[INFO  13:43:51] 10%:	E: 0.00	dE -2.56	batch_acc 0.9400
[INFO  13:43:54] 20%:	E: 0.00	dE -2.23	batch_acc 0.9300
[INFO  13:43:56] 30%:	E: 0.00	dE -1.99	batch_acc 0.9400
[INFO  13:43:58] 40%:	E: 0.00	dE -1.72	batch_acc 0.9600
[INFO  13:44:00] 50%:	E: 0.00	dE -1.81	batch_acc 0.9600
[INFO  13:44:03] 60%:	E: 0.00	dE -1.44	batch_acc 0.9700
[INFO  13:44:05] 70%:	E: 0.00	dE -2.29	batch_acc 0.9300
[INFO  13:44:07] 80%:	E: 0.00	dE -2.38	batch_acc 0.9100
[INFO  13:44:09] 90%:	E: 0.00	dE -2.57	batch_acc 0.8900
[INFO  13:44:14] epoch: 26 	 test_acc: 0.8891 	 mean_E: 0.0000
[INFO  13:44:14] 0%:	E: 0.00	dE -1.77	batch_acc 0.9800
[INFO  13:44:16] 10%:	E: 0.00	dE -2.39	batch_acc 0.9400
[INFO  13:44:18] 20%:	E: 0.00	dE -2.35	batch_acc 0.9300
[INFO  13:44:21] 30%:	E: 0.00	dE -2.21	batch_acc 0.9200
[INFO  13:44:23] 40%:	E: 0.00	dE -2.01	batch_acc 0.9400
[INFO  13:44:25] 50%:	E: 0.00	dE -2.06	batch_acc 0.9400
[INFO  13:44:28] 60%:	E: 0.00	dE -2.45	batch_acc 0.9300
[INFO  13:44:30] 70%:	E: 0.00	dE -1.73	batch_acc 0.9600
[INFO  13:44:32] 80%:	E: 0.00	dE -1.59	batch_acc 0.9700
[INFO  13:44:35] 90%:	E: 0.00	dE -2.05	batch_acc 0.9700
[INFO  13:44:38] epoch: 27 	 test_acc: 0.8873 	 mean_E: 0.0000
[INFO  13:44:38] 0%:	E: 0.00	dE -1.83	batch_acc 0.9700
[INFO  13:44:40] 10%:	E: 0.00	dE -1.29	batch_acc 0.9800
[INFO  13:44:43] 20%:	E: 0.00	dE -2.39	batch_acc 0.9400
[INFO  13:44:45] 30%:	E: 0.00	dE -1.82	batch_acc 0.9600
[INFO  13:44:47] 40%:	E: 0.00	dE -1.93	batch_acc 0.9400
[INFO  13:44:50] 50%:	E: 0.00	dE -1.57	batch_acc 0.9600
[INFO  13:44:52] 60%:	E: 0.00	dE -1.96	batch_acc 0.9400
[INFO  13:44:54] 70%:	E: 0.00	dE -1.92	batch_acc 0.9500
[INFO  13:44:57] 80%:	E: 0.00	dE -1.99	batch_acc 0.9700
[INFO  13:44:59] 90%:	E: 0.00	dE -2.16	batch_acc 0.9300
[INFO  13:45:03] epoch: 28 	 test_acc: 0.8902 	 mean_E: 0.0000
[INFO  13:45:03] 0%:	E: 0.00	dE -3.09	batch_acc 0.8600
[INFO  13:45:06] 10%:	E: 0.00	dE -2.03	batch_acc 0.9500
[INFO  13:45:08] 20%:	E: 0.00	dE -2.07	batch_acc 0.9400
[INFO  13:45:10] 30%:	E: 0.00	dE -1.23	batch_acc 0.9800
[INFO  13:45:12] 40%:	E: 0.00	dE -2.00	batch_acc 0.9500
[INFO  13:45:14] 50%:	E: 0.00	dE -2.11	batch_acc 0.9300
[INFO  13:45:17] 60%:	E: 0.00	dE -1.74	batch_acc 0.9400
[INFO  13:45:19] 70%:	E: 0.00	dE -1.82	batch_acc 0.9600
[INFO  13:45:21] 80%:	E: 0.00	dE -2.13	batch_acc 0.9500
[INFO  13:45:24] 90%:	E: 0.00	dE -1.51	batch_acc 0.9800
[INFO  13:45:28] epoch: 29 	 test_acc: 0.8870 	 mean_E: 0.0000
[INFO  13:45:28] 0%:	E: 0.00	dE -2.46	batch_acc 0.9400
[INFO  13:45:30] 10%:	E: 0.00	dE -1.84	batch_acc 0.9600
[INFO  13:45:32] 20%:	E: 0.00	dE -2.46	batch_acc 0.9200
[INFO  13:45:35] 30%:	E: 0.00	dE -1.47	batch_acc 0.9700
[INFO  13:45:37] 40%:	E: 0.00	dE -1.39	batch_acc 0.9900
[INFO  13:45:40] 50%:	E: 0.00	dE -2.15	batch_acc 0.9400
[INFO  13:45:42] 60%:	E: 0.00	dE -1.75	batch_acc 0.9700
[INFO  13:45:44] 70%:	E: 0.00	dE -1.25	batch_acc 0.9800
[INFO  13:45:47] 80%:	E: 0.00	dE -1.95	batch_acc 0.9600
[INFO  13:45:49] 90%:	E: 0.00	dE -2.02	batch_acc 0.9500
[INFO  13:45:52] epoch: 30 	 test_acc: 0.8892 	 mean_E: 0.0000
[INFO  13:45:52] 0%:	E: 0.00	dE -1.23	batch_acc 0.9800
[INFO  13:45:54] 10%:	E: 0.00	dE -1.72	batch_acc 0.9600
[INFO  13:45:56] 20%:	E: 0.00	dE -2.34	batch_acc 0.9400
[INFO  13:45:59] 30%:	E: 0.00	dE -2.66	batch_acc 0.9200
[INFO  13:46:01] 40%:	E: 0.00	dE -1.73	batch_acc 0.9800
[INFO  13:46:03] 50%:	E: 0.00	dE -1.86	batch_acc 0.9700
[INFO  13:46:05] 60%:	E: 0.00	dE -1.61	batch_acc 0.9600
[INFO  13:46:08] 70%:	E: 0.00	dE -1.63	batch_acc 0.9600
[INFO  13:46:10] 80%:	E: 0.00	dE -1.91	batch_acc 0.9500
[INFO  13:46:12] 90%:	E: 0.00	dE -2.01	batch_acc 0.9600
[INFO  13:46:16] epoch: 31 	 test_acc: 0.8893 	 mean_E: 0.0000
[INFO  13:46:16] 0%:	E: 0.00	dE -2.09	batch_acc 0.9400
[INFO  13:46:18] 10%:	E: 0.00	dE -1.86	batch_acc 0.9700
[INFO  13:46:21] 20%:	E: 0.00	dE -2.50	batch_acc 0.9300
[INFO  13:46:23] 30%:	E: 0.00	dE -2.06	batch_acc 0.9400
[INFO  13:46:26] 40%:	E: 0.00	dE -2.33	batch_acc 0.9100
[INFO  13:46:28] 50%:	E: 0.00	dE -2.58	batch_acc 0.9200
[INFO  13:46:30] 60%:	E: 0.00	dE -1.44	batch_acc 0.9900
[INFO  13:46:32] 70%:	E: 0.00	dE -2.23	batch_acc 0.9500
[INFO  13:46:35] 80%:	E: 0.00	dE -1.84	batch_acc 0.9600
[INFO  13:46:37] 90%:	E: 0.00	dE -2.40	batch_acc 0.9400
[INFO  13:46:41] epoch: 32 	 test_acc: 0.8867 	 mean_E: 0.0000
[INFO  13:46:41] 0%:	E: 0.00	dE -2.58	batch_acc 0.9400
[INFO  13:46:43] 10%:	E: 0.00	dE -1.46	batch_acc 0.9800
[INFO  13:46:46] 20%:	E: 0.00	dE -1.17	batch_acc 0.9800
[INFO  13:46:48] 30%:	E: 0.00	dE -1.71	batch_acc 0.9400
[INFO  13:46:50] 40%:	E: 0.00	dE -1.65	batch_acc 0.9500
[INFO  13:46:53] 50%:	E: 0.00	dE -2.22	batch_acc 0.9600
[INFO  13:46:55] 60%:	E: 0.00	dE -1.95	batch_acc 0.9500
[INFO  13:46:58] 70%:	E: 0.00	dE -1.90	batch_acc 0.9500
[INFO  13:46:59] 80%:	E: 0.00	dE -1.81	batch_acc 0.9600
[INFO  13:47:01] 90%:	E: 0.00	dE -1.70	batch_acc 0.9600
[INFO  13:47:05] epoch: 33 	 test_acc: 0.8872 	 mean_E: 0.0000
[INFO  13:47:05] 0%:	E: 0.00	dE -1.34	batch_acc 0.9900
[INFO  13:47:07] 10%:	E: 0.00	dE -1.80	batch_acc 0.9500
[INFO  13:47:10] 20%:	E: 0.00	dE -1.70	batch_acc 0.9600
[INFO  13:47:12] 30%:	E: 0.00	dE -1.28	batch_acc 1.0000
[INFO  13:47:14] 40%:	E: 0.00	dE -1.95	batch_acc 0.9500
[INFO  13:47:16] 50%:	E: 0.00	dE -1.75	batch_acc 0.9500
[INFO  13:47:18] 60%:	E: 0.00	dE -1.64	batch_acc 0.9600
[INFO  13:47:21] 70%:	E: 0.00	dE -2.00	batch_acc 0.9600
[INFO  13:47:23] 80%:	E: 0.00	dE -1.86	batch_acc 0.9500
[INFO  13:47:25] 90%:	E: 0.00	dE -1.73	batch_acc 0.9500
[INFO  13:47:29] epoch: 34 	 test_acc: 0.8901 	 mean_E: 0.0000
[INFO  13:47:29] 0%:	E: 0.00	dE -2.05	batch_acc 0.9300
[INFO  13:47:31] 10%:	E: 0.00	dE -1.43	batch_acc 0.9600
[INFO  13:47:32] 20%:	E: 0.00	dE -1.61	batch_acc 0.9800
[INFO  13:47:34] 30%:	E: 0.00	dE -2.00	batch_acc 0.9700
[INFO  13:47:36] 40%:	E: 0.00	dE -1.28	batch_acc 0.9700
[INFO  13:47:39] 50%:	E: 0.00	dE -1.85	batch_acc 0.9500
[INFO  13:47:41] 60%:	E: 0.00	dE -1.75	batch_acc 0.9600
[INFO  13:47:44] 70%:	E: 0.00	dE -2.25	batch_acc 0.9200
[INFO  13:47:46] 80%:	E: 0.00	dE -2.30	batch_acc 0.9600
[INFO  13:47:48] 90%:	E: 0.00	dE -1.62	batch_acc 0.9700
[INFO  13:47:52] epoch: 35 	 test_acc: 0.8905 	 mean_E: 0.0000
[INFO  13:47:52] 0%:	E: 0.00	dE -2.48	batch_acc 0.9200
[INFO  13:47:55] 10%:	E: 0.00	dE -2.14	batch_acc 0.9300
[INFO  13:47:57] 20%:	E: 0.00	dE -1.68	batch_acc 0.9600
[INFO  13:47:59] 30%:	E: 0.00	dE -1.54	batch_acc 0.9700
[INFO  13:48:02] 40%:	E: 0.00	dE -1.39	batch_acc 0.9700
[INFO  13:48:04] 50%:	E: 0.00	dE -2.15	batch_acc 0.9500
[INFO  13:48:06] 60%:	E: 0.00	dE -1.09	batch_acc 0.9800
[INFO  13:48:08] 70%:	E: 0.00	dE -1.61	batch_acc 0.9800
[INFO  13:48:11] 80%:	E: 0.00	dE -1.62	batch_acc 0.9700
[INFO  13:48:13] 90%:	E: 0.00	dE -1.87	batch_acc 0.9500
[INFO  13:48:17] epoch: 36 	 test_acc: 0.8915 	 mean_E: 0.0000
[INFO  13:48:17] 0%:	E: 0.00	dE -1.69	batch_acc 0.9500
[INFO  13:48:20] 10%:	E: 0.00	dE -1.58	batch_acc 0.9600
[INFO  13:48:22] 20%:	E: 0.00	dE -1.16	batch_acc 1.0000
[INFO  13:48:24] 30%:	E: 0.00	dE -2.11	batch_acc 0.9300
[INFO  13:48:27] 40%:	E: 0.00	dE -1.90	batch_acc 0.9400
[INFO  13:48:29] 50%:	E: 0.00	dE -2.33	batch_acc 0.9400
[INFO  13:48:31] 60%:	E: 0.00	dE -1.78	batch_acc 0.9800
[INFO  13:48:32] 70%:	E: 0.00	dE -1.57	batch_acc 0.9600
[INFO  13:48:34] 80%:	E: 0.00	dE -1.79	batch_acc 0.9600
[INFO  13:48:36] 90%:	E: 0.00	dE -1.72	batch_acc 0.9500
[INFO  13:48:40] epoch: 37 	 test_acc: 0.8881 	 mean_E: 0.0000
[INFO  13:48:40] 0%:	E: 0.00	dE -1.52	batch_acc 0.9800
[INFO  13:48:43] 10%:	E: 0.00	dE -1.76	batch_acc 0.9700
[INFO  13:48:45] 20%:	E: 0.00	dE -1.60	batch_acc 0.9700
[INFO  13:48:47] 30%:	E: 0.00	dE -1.57	batch_acc 0.9800
[INFO  13:48:50] 40%:	E: 0.00	dE -1.76	batch_acc 0.9500
[INFO  13:48:52] 50%:	E: 0.00	dE -1.44	batch_acc 0.9700
[INFO  13:48:54] 60%:	E: 0.00	dE -2.18	batch_acc 0.9400
[INFO  13:48:56] 70%:	E: 0.00	dE -1.95	batch_acc 0.9500
[INFO  13:48:59] 80%:	E: 0.00	dE -1.50	batch_acc 0.9600
[INFO  13:49:01] 90%:	E: 0.00	dE -1.47	batch_acc 0.9700
[INFO  13:49:05] epoch: 38 	 test_acc: 0.8913 	 mean_E: 0.0000
[INFO  13:49:05] 0%:	E: 0.00	dE -1.16	batch_acc 0.9900
[INFO  13:49:08] 10%:	E: 0.00	dE -1.34	batch_acc 0.9900
[INFO  13:49:10] 20%:	E: 0.00	dE -1.55	batch_acc 0.9700
[INFO  13:49:12] 30%:	E: 0.00	dE -1.93	batch_acc 0.9500
[INFO  13:49:15] 40%:	E: 0.00	dE -3.01	batch_acc 0.9300
[INFO  13:49:17] 50%:	E: 0.00	dE -1.87	batch_acc 0.9500
[INFO  13:49:19] 60%:	E: 0.00	dE -1.76	batch_acc 0.9500
[INFO  13:49:22] 70%:	E: 0.00	dE -1.50	batch_acc 0.9900
[INFO  13:49:24] 80%:	E: 0.00	dE -1.30	batch_acc 0.9900
[INFO  13:49:26] 90%:	E: 0.00	dE -1.47	batch_acc 0.9600
[INFO  13:49:31] epoch: 39 	 test_acc: 0.8875 	 mean_E: 0.0000
[INFO  13:49:31] 0%:	E: 0.00	dE -1.05	batch_acc 0.9900
[INFO  13:49:33] 10%:	E: 0.00	dE -2.48	batch_acc 0.9200
[INFO  13:49:35] 20%:	E: 0.00	dE -1.66	batch_acc 0.9500
[INFO  13:49:38] 30%:	E: 0.00	dE -2.22	batch_acc 0.9700
[INFO  13:49:40] 40%:	E: 0.00	dE -1.92	batch_acc 0.9500
[INFO  13:49:43] 50%:	E: 0.00	dE -1.50	batch_acc 0.9700
[INFO  13:49:45] 60%:	E: 0.00	dE -1.72	batch_acc 0.9400
[INFO  13:49:47] 70%:	E: 0.00	dE -2.10	batch_acc 0.9400
[INFO  13:49:50] 80%:	E: 0.00	dE -1.86	batch_acc 0.9500
[INFO  13:49:51] 90%:	E: 0.00	dE -1.90	batch_acc 0.9600
[INFO  13:49:55] epoch: 40 	 test_acc: 0.8886 	 mean_E: 0.0000
[INFO  13:49:55] 0%:	E: 0.00	dE -1.79	batch_acc 0.9600
[INFO  13:49:58] 10%:	E: 0.00	dE -1.53	batch_acc 0.9600
[INFO  13:50:00] 20%:	E: 0.00	dE -1.20	batch_acc 0.9800
[INFO  13:50:03] 30%:	E: 0.00	dE -2.58	batch_acc 0.9200
[INFO  13:50:05] 40%:	E: 0.00	dE -2.11	batch_acc 0.9500
[INFO  13:50:07] 50%:	E: 0.00	dE -2.13	batch_acc 0.9400
[INFO  13:50:09] 60%:	E: 0.00	dE -1.39	batch_acc 0.9700
[INFO  13:50:11] 70%:	E: 0.00	dE -1.66	batch_acc 0.9700
[INFO  13:50:14] 80%:	E: 0.00	dE -1.09	batch_acc 0.9800
[INFO  13:50:16] 90%:	E: 0.00	dE -1.62	batch_acc 0.9400
[INFO  13:50:20] epoch: 41 	 test_acc: 0.8873 	 mean_E: 0.0000
[INFO  13:50:20] 0%:	E: 0.00	dE -1.60	batch_acc 0.9700
[INFO  13:50:22] 10%:	E: 0.00	dE -1.25	batch_acc 0.9700
[INFO  13:50:24] 20%:	E: 0.00	dE -1.75	batch_acc 0.9700
[INFO  13:50:27] 30%:	E: 0.00	dE -1.71	batch_acc 0.9700
[INFO  13:50:28] 40%:	E: 0.00	dE -1.67	batch_acc 0.9600
[INFO  13:50:31] 50%:	E: 0.00	dE -1.98	batch_acc 0.9700
[INFO  13:50:32] 60%:	E: 0.00	dE -2.38	batch_acc 0.9400
[INFO  13:50:34] 70%:	E: 0.00	dE -1.94	batch_acc 0.9500
[INFO  13:50:37] 80%:	E: 0.00	dE -1.64	batch_acc 0.9500
[INFO  13:50:39] 90%:	E: 0.00	dE -2.50	batch_acc 0.9100
[INFO  13:50:43] epoch: 42 	 test_acc: 0.8903 	 mean_E: 0.0000
[INFO  13:50:43] 0%:	E: 0.00	dE -1.90	batch_acc 0.9600
[INFO  13:50:45] 10%:	E: 0.00	dE -1.56	batch_acc 0.9800
[INFO  13:50:48] 20%:	E: 0.00	dE -1.59	batch_acc 0.9700
[INFO  13:50:50] 30%:	E: 0.00	dE -2.12	batch_acc 0.9200
[INFO  13:50:52] 40%:	E: 0.00	dE -1.81	batch_acc 0.9300
[INFO  13:50:54] 50%:	E: 0.00	dE -1.80	batch_acc 0.9500
[INFO  13:50:57] 60%:	E: 0.00	dE -1.96	batch_acc 0.9400
[INFO  13:50:59] 70%:	E: 0.00	dE -1.68	batch_acc 0.9800
[INFO  13:51:00] 80%:	E: 0.00	dE -1.75	batch_acc 0.9700
[INFO  13:51:03] 90%:	E: 0.00	dE -1.54	batch_acc 0.9700
[INFO  13:51:06] epoch: 43 	 test_acc: 0.8899 	 mean_E: 0.0000
[INFO  13:51:06] 0%:	E: 0.00	dE -1.07	batch_acc 0.9800
[INFO  13:51:09] 10%:	E: 0.00	dE -1.67	batch_acc 0.9800
[INFO  13:51:10] 20%:	E: 0.00	dE -1.71	batch_acc 0.9600
[INFO  13:51:13] 30%:	E: 0.00	dE -1.31	batch_acc 0.9800
[INFO  13:51:15] 40%:	E: 0.00	dE -1.29	batch_acc 0.9800
[INFO  13:51:17] 50%:	E: 0.00	dE -2.14	batch_acc 0.9400
[INFO  13:51:20] 60%:	E: 0.00	dE -2.15	batch_acc 0.9500
[INFO  13:51:22] 70%:	E: 0.00	dE -2.52	batch_acc 0.9300
[INFO  13:51:25] 80%:	E: 0.00	dE -1.53	batch_acc 0.9700
[INFO  13:51:27] 90%:	E: 0.00	dE -1.69	batch_acc 0.9600
[INFO  13:51:31] epoch: 44 	 test_acc: 0.8903 	 mean_E: 0.0000
[INFO  13:51:31] 0%:	E: 0.00	dE -1.31	batch_acc 0.9900
[INFO  13:51:33] 10%:	E: 0.00	dE -1.52	batch_acc 0.9700
[INFO  13:51:35] 20%:	E: 0.00	dE -1.36	batch_acc 0.9800
[INFO  13:51:37] 30%:	E: 0.00	dE -2.25	batch_acc 0.9500
[INFO  13:51:40] 40%:	E: 0.00	dE -1.65	batch_acc 0.9300
[INFO  13:51:42] 50%:	E: 0.00	dE -1.18	batch_acc 0.9800
[INFO  13:51:44] 60%:	E: 0.00	dE -2.04	batch_acc 0.9500
[INFO  13:51:46] 70%:	E: 0.00	dE -1.58	batch_acc 0.9600
[INFO  13:51:48] 80%:	E: 0.00	dE -1.31	batch_acc 0.9900
[INFO  13:51:51] 90%:	E: 0.00	dE -1.98	batch_acc 0.9700
[INFO  13:51:55] epoch: 45 	 test_acc: 0.8914 	 mean_E: 0.0000
[INFO  13:51:55] 0%:	E: 0.00	dE -1.56	batch_acc 0.9600
[INFO  13:51:57] 10%:	E: 0.00	dE -1.28	batch_acc 0.9800
[INFO  13:52:00] 20%:	E: 0.00	dE -1.79	batch_acc 0.9500
[INFO  13:52:02] 30%:	E: 0.00	dE -2.41	batch_acc 0.9400
[INFO  13:52:04] 40%:	E: 0.00	dE -1.81	batch_acc 0.9600
[INFO  13:52:06] 50%:	E: 0.00	dE -1.42	batch_acc 0.9900
[INFO  13:52:09] 60%:	E: 0.00	dE -2.18	batch_acc 0.9500
[INFO  13:52:11] 70%:	E: 0.00	dE -1.08	batch_acc 1.0000
[INFO  13:52:13] 80%:	E: 0.00	dE -2.04	batch_acc 0.9500
[INFO  13:52:16] 90%:	E: 0.00	dE -1.64	batch_acc 0.9700
[INFO  13:52:19] epoch: 46 	 test_acc: 0.8921 	 mean_E: 0.0000
[INFO  13:52:19] 0%:	E: 0.00	dE -2.01	batch_acc 0.9400
[INFO  13:52:22] 10%:	E: 0.00	dE -1.27	batch_acc 0.9900
[INFO  13:52:24] 20%:	E: 0.00	dE -1.38	batch_acc 0.9700
[INFO  13:52:26] 30%:	E: 0.00	dE -1.48	batch_acc 0.9800
[INFO  13:52:29] 40%:	E: 0.00	dE -1.48	batch_acc 0.9800
[INFO  13:52:31] 50%:	E: 0.00	dE -1.92	batch_acc 0.9400
[INFO  13:52:33] 60%:	E: 0.00	dE -1.63	batch_acc 0.9600
[INFO  13:52:34] 70%:	E: 0.00	dE -1.80	batch_acc 0.9300
[INFO  13:52:37] 80%:	E: 0.00	dE -1.96	batch_acc 0.9600
[INFO  13:52:39] 90%:	E: 0.00	dE -1.43	batch_acc 0.9600
[INFO  13:52:42] epoch: 47 	 test_acc: 0.8928 	 mean_E: 0.0000
[INFO  13:52:42] 0%:	E: 0.00	dE -1.08	batch_acc 0.9700
[INFO  13:52:45] 10%:	E: 0.00	dE -2.05	batch_acc 0.9400
[INFO  13:52:47] 20%:	E: 0.00	dE -1.54	batch_acc 0.9700
[INFO  13:52:50] 30%:	E: 0.00	dE -1.74	batch_acc 0.9500
[INFO  13:52:52] 40%:	E: 0.00	dE -1.47	batch_acc 0.9700
[INFO  13:52:54] 50%:	E: 0.00	dE -1.57	batch_acc 0.9800
[INFO  13:52:56] 60%:	E: 0.00	dE -2.14	batch_acc 0.9500
[INFO  13:52:59] 70%:	E: 0.00	dE -1.71	batch_acc 0.9700
[INFO  13:53:01] 80%:	E: 0.00	dE -1.61	batch_acc 0.9800
[INFO  13:53:03] 90%:	E: 0.00	dE -1.81	batch_acc 0.9500
[INFO  13:53:07] epoch: 48 	 test_acc: 0.8884 	 mean_E: 0.0000
[INFO  13:53:08] 0%:	E: 0.00	dE -2.20	batch_acc 0.9400
[INFO  13:53:10] 10%:	E: 0.00	dE -1.74	batch_acc 0.9500
[INFO  13:53:12] 20%:	E: 0.00	dE -1.36	batch_acc 0.9900
[INFO  13:53:14] 30%:	E: 0.00	dE -1.68	batch_acc 0.9500
[INFO  13:53:16] 40%:	E: 0.00	dE -1.43	batch_acc 0.9700
[INFO  13:53:19] 50%:	E: 0.00	dE -1.99	batch_acc 0.9500
[INFO  13:53:21] 60%:	E: 0.00	dE -2.24	batch_acc 0.9300
[INFO  13:53:24] 70%:	E: 0.00	dE -1.43	batch_acc 0.9700
[INFO  13:53:26] 80%:	E: 0.00	dE -1.44	batch_acc 0.9400
[INFO  13:53:28] 90%:	E: 0.00	dE -2.41	batch_acc 0.9400
[INFO  13:53:32] epoch: 49 	 test_acc: 0.8878 	 mean_E: 0.0000
[INFO  13:53:32] 0%:	E: 0.00	dE -1.70	batch_acc 0.9600
[INFO  13:53:34] 10%:	E: 0.00	dE -1.42	batch_acc 0.9800
[INFO  13:53:37] 20%:	E: 0.00	dE -1.28	batch_acc 0.9700
[INFO  13:53:39] 30%:	E: 0.00	dE -1.00	batch_acc 0.9800
[INFO  13:53:41] 40%:	E: 0.00	dE -1.92	batch_acc 0.9500
[INFO  13:53:43] 50%:	E: 0.00	dE -1.01	batch_acc 0.9800
[INFO  13:53:46] 60%:	E: 0.00	dE -1.45	batch_acc 0.9800
[INFO  13:53:48] 70%:	E: 0.00	dE -1.35	batch_acc 0.9800
[INFO  13:53:50] 80%:	E: 0.00	dE -1.39	batch_acc 0.9800
[INFO  13:53:53] 90%:	E: 0.00	dE -1.21	batch_acc 0.9800
[INFO  13:53:56] epoch: 50 	 test_acc: 0.8882 	 mean_E: 0.0000
[INFO  13:53:56] 0%:	E: 0.00	dE -1.06	batch_acc 0.9900
[INFO  13:53:59] 10%:	E: 0.00	dE -2.01	batch_acc 0.9500
[INFO  13:54:01] 20%:	E: 0.00	dE -1.63	batch_acc 0.9700
[INFO  13:54:03] 30%:	E: 0.00	dE -1.24	batch_acc 0.9700
[INFO  13:54:05] 40%:	E: 0.00	dE -1.60	batch_acc 0.9600
[INFO  13:54:08] 50%:	E: 0.00	dE -1.56	batch_acc 0.9600
[INFO  13:54:10] 60%:	E: 0.00	dE -1.71	batch_acc 0.9700
[INFO  13:54:12] 70%:	E: 0.00	dE -1.57	batch_acc 0.9700
[INFO  13:54:14] 80%:	E: 0.00	dE -1.28	batch_acc 0.9800
[INFO  13:54:16] 90%:	E: 0.00	dE -1.58	batch_acc 0.9600
[INFO  13:54:20] epoch: 51 	 test_acc: 0.8877 	 mean_E: 0.0000
[INFO  13:54:20] 0%:	E: 0.00	dE -2.14	batch_acc 0.9500
[INFO  13:54:23] 10%:	E: 0.00	dE -2.09	batch_acc 0.9400
[INFO  13:54:24] 20%:	E: 0.00	dE -1.47	batch_acc 0.9600
[INFO  13:54:26] 30%:	E: 0.00	dE -0.92	batch_acc 0.9800
[INFO  13:54:29] 40%:	E: 0.00	dE -2.01	batch_acc 0.9500
[INFO  13:54:32] 50%:	E: 0.00	dE -1.50	batch_acc 0.9700
[INFO  13:54:34] 60%:	E: 0.00	dE -1.51	batch_acc 0.9700
[INFO  13:54:36] 70%:	E: 0.00	dE -2.89	batch_acc 0.9100
[INFO  13:54:39] 80%:	E: 0.00	dE -1.63	batch_acc 0.9700
[INFO  13:54:41] 90%:	E: 0.00	dE -1.97	batch_acc 0.9000
[INFO  13:54:45] epoch: 52 	 test_acc: 0.8858 	 mean_E: 0.0000
[INFO  13:54:45] 0%:	E: 0.00	dE -1.14	batch_acc 0.9900
[INFO  13:54:47] 10%:	E: 0.00	dE -0.94	batch_acc 1.0000
[INFO  13:54:49] 20%:	E: 0.00	dE -1.88	batch_acc 0.9700
[INFO  13:54:51] 30%:	E: 0.00	dE -1.04	batch_acc 0.9800
[INFO  13:54:53] 40%:	E: 0.00	dE -1.99	batch_acc 0.9400
[INFO  13:54:56] 50%:	E: 0.00	dE -1.16	batch_acc 0.9700
[INFO  13:54:58] 60%:	E: 0.00	dE -1.54	batch_acc 0.9700
[INFO  13:55:00] 70%:	E: 0.00	dE -1.60	batch_acc 0.9700
[INFO  13:55:03] 80%:	E: 0.00	dE -1.13	batch_acc 0.9900
[INFO  13:55:05] 90%:	E: 0.00	dE -1.75	batch_acc 0.9700
[INFO  13:55:09] epoch: 53 	 test_acc: 0.8866 	 mean_E: 0.0000
[INFO  13:55:09] 0%:	E: 0.00	dE -2.00	batch_acc 0.9500
[INFO  13:55:11] 10%:	E: 0.00	dE -2.05	batch_acc 0.9500
[INFO  13:55:14] 20%:	E: 0.00	dE -1.50	batch_acc 0.9700
[INFO  13:55:16] 30%:	E: 0.00	dE -1.53	batch_acc 0.9700
[INFO  13:55:19] 40%:	E: 0.00	dE -1.19	batch_acc 0.9600
[INFO  13:55:21] 50%:	E: 0.00	dE -1.97	batch_acc 0.9500
[INFO  13:55:23] 60%:	E: 0.00	dE -2.32	batch_acc 0.9100
[INFO  13:55:26] 70%:	E: 0.00	dE -1.30	batch_acc 0.9800
[INFO  13:55:27] 80%:	E: 0.00	dE -1.21	batch_acc 0.9700
[INFO  13:55:29] 90%:	E: 0.00	dE -2.23	batch_acc 0.9400
[INFO  13:55:33] epoch: 54 	 test_acc: 0.8912 	 mean_E: 0.0000
[INFO  13:55:33] 0%:	E: 0.00	dE -1.18	batch_acc 0.9800
[INFO  13:55:36] 10%:	E: 0.00	dE -1.60	batch_acc 0.9600
[INFO  13:55:38] 20%:	E: 0.00	dE -1.59	batch_acc 0.9800
[INFO  13:55:40] 30%:	E: 0.00	dE -1.28	batch_acc 0.9900
[INFO  13:55:43] 40%:	E: 0.00	dE -1.49	batch_acc 0.9500
[INFO  13:55:45] 50%:	E: 0.00	dE -1.11	batch_acc 0.9800
[INFO  13:55:47] 60%:	E: 0.00	dE -6.21	batch_acc 0.9900
[INFO  13:55:49] 70%:	E: 0.00	dE -1.54	batch_acc 0.9700
[INFO  13:55:52] 80%:	E: 0.00	dE -1.53	batch_acc 0.9700
[INFO  13:55:54] 90%:	E: 0.00	dE -1.27	batch_acc 0.9700
[INFO  13:55:58] epoch: 55 	 test_acc: 0.8886 	 mean_E: 0.0000
[INFO  13:55:58] 0%:	E: 0.00	dE -1.69	batch_acc 0.9500
[INFO  13:56:00] 10%:	E: 0.00	dE -1.58	batch_acc 0.9600
[INFO  13:56:03] 20%:	E: 0.00	dE -1.47	batch_acc 0.9700
[INFO  13:56:05] 30%:	E: 0.00	dE -1.52	batch_acc 0.9500
[INFO  13:56:07] 40%:	E: 0.00	dE -1.55	batch_acc 0.9600
[INFO  13:56:10] 50%:	E: 0.00	dE -1.38	batch_acc 0.9700
[INFO  13:56:12] 60%:	E: 0.00	dE -1.74	batch_acc 0.9400
[INFO  13:56:14] 70%:	E: 0.00	dE -1.20	batch_acc 0.9900
[INFO  13:56:17] 80%:	E: 0.00	dE -1.61	batch_acc 0.9700
[INFO  13:56:19] 90%:	E: 0.00	dE -1.59	batch_acc 0.9500
[INFO  13:56:23] epoch: 56 	 test_acc: 0.8889 	 mean_E: 0.0000
[INFO  13:56:23] 0%:	E: 0.00	dE -1.36	batch_acc 0.9800
[INFO  13:56:25] 10%:	E: 0.00	dE -1.15	batch_acc 0.9900
[INFO  13:56:28] 20%:	E: 0.00	dE -1.19	batch_acc 0.9700
[INFO  13:56:30] 30%:	E: 0.00	dE -1.26	batch_acc 0.9800
[INFO  13:56:32] 40%:	E: 0.00	dE -1.92	batch_acc 0.9400
[INFO  13:56:34] 50%:	E: 0.00	dE -1.30	batch_acc 0.9800
[INFO  13:56:37] 60%:	E: 0.00	dE -1.38	batch_acc 0.9800
[INFO  13:56:39] 70%:	E: 0.00	dE -1.34	batch_acc 0.9800
[INFO  13:56:41] 80%:	E: 0.00	dE -2.20	batch_acc 0.9100
[INFO  13:56:43] 90%:	E: 0.00	dE -1.70	batch_acc 0.9600
[INFO  13:56:47] epoch: 57 	 test_acc: 0.8921 	 mean_E: 0.0000
[INFO  13:56:47] 0%:	E: 0.00	dE -0.89	batch_acc 0.9900
[INFO  13:56:50] 10%:	E: 0.00	dE -1.20	batch_acc 0.9700
[INFO  13:56:52] 20%:	E: 0.00	dE -1.55	batch_acc 0.9700
[INFO  13:56:55] 30%:	E: 0.00	dE -1.60	batch_acc 0.9600
[INFO  13:56:57] 40%:	E: 0.00	dE -1.77	batch_acc 0.9500
[INFO  13:56:59] 50%:	E: 0.00	dE -1.22	batch_acc 0.9800
[INFO  13:57:02] 60%:	E: 0.00	dE -1.73	batch_acc 0.9600
[INFO  13:57:04] 70%:	E: 0.00	dE -1.62	batch_acc 0.9600
[INFO  13:57:06] 80%:	E: 0.00	dE -1.50	batch_acc 0.9800
[INFO  13:57:09] 90%:	E: 0.00	dE -2.04	batch_acc 0.9400
[INFO  13:57:13] epoch: 58 	 test_acc: 0.8874 	 mean_E: 0.0000
[INFO  13:57:13] 0%:	E: 0.00	dE -1.48	batch_acc 0.9600
[INFO  13:57:15] 10%:	E: 0.00	dE -1.65	batch_acc 0.9600
[INFO  13:57:17] 20%:	E: 0.00	dE -2.00	batch_acc 0.9500
[INFO  13:57:19] 30%:	E: 0.00	dE -1.42	batch_acc 0.9700
[INFO  13:57:22] 40%:	E: 0.00	dE -1.81	batch_acc 0.9600
[INFO  13:57:24] 50%:	E: 0.00	dE -1.81	batch_acc 0.9300
[INFO  13:57:27] 60%:	E: 0.00	dE -1.95	batch_acc 0.9700
[INFO  13:57:29] 70%:	E: 0.00	dE -1.34	batch_acc 0.9700
[INFO  13:57:31] 80%:	E: 0.00	dE -1.22	batch_acc 0.9700
[INFO  13:57:34] 90%:	E: 0.00	dE -1.12	batch_acc 0.9700
[INFO  13:57:37] epoch: 59 	 test_acc: 0.8881 	 mean_E: 0.0000
[INFO  13:57:38] 0%:	E: 0.00	dE -1.39	batch_acc 0.9800
[INFO  13:57:40] 10%:	E: 0.00	dE -1.46	batch_acc 0.9900
[INFO  13:57:42] 20%:	E: 0.00	dE -1.75	batch_acc 0.9400
[INFO  13:57:44] 30%:	E: 0.00	dE -0.92	batch_acc 0.9800
[INFO  13:57:47] 40%:	E: 0.00	dE -2.70	batch_acc 0.9300
[INFO  13:57:49] 50%:	E: 0.00	dE -1.13	batch_acc 0.9700
[INFO  13:57:51] 60%:	E: 0.00	dE -1.48	batch_acc 0.9600
[INFO  13:57:54] 70%:	E: 0.00	dE -1.62	batch_acc 0.9600
[INFO  13:57:56] 80%:	E: 0.00	dE -1.67	batch_acc 0.9500
[INFO  13:57:58] 90%:	E: 0.00	dE -1.44	batch_acc 0.9600
[INFO  13:58:02] epoch: 60 	 test_acc: 0.8883 	 mean_E: 0.0000
[INFO  13:58:02] 0%:	E: 0.00	dE -1.72	batch_acc 0.9600
[INFO  13:58:04] 10%:	E: 0.00	dE -1.75	batch_acc 0.9700
[INFO  13:58:07] 20%:	E: 0.00	dE -1.77	batch_acc 0.9800
[INFO  13:58:09] 30%:	E: 0.00	dE -1.06	batch_acc 1.0000
[INFO  13:58:11] 40%:	E: 0.00	dE -1.45	batch_acc 0.9900
[INFO  13:58:14] 50%:	E: 0.00	dE -1.89	batch_acc 0.9400
[INFO  13:58:16] 60%:	E: 0.00	dE -1.60	batch_acc 0.9700
[INFO  13:58:18] 70%:	E: 0.00	dE -1.29	batch_acc 0.9800
[INFO  13:58:20] 80%:	E: 0.00	dE -1.25	batch_acc 0.9700
[INFO  13:58:23] 90%:	E: 0.00	dE -1.45	batch_acc 0.9600
[INFO  13:58:27] epoch: 61 	 test_acc: 0.8872 	 mean_E: 0.0000
[INFO  13:58:27] 0%:	E: 0.00	dE -1.68	batch_acc 0.9500
[INFO  13:58:29] 10%:	E: 0.00	dE -1.16	batch_acc 0.9900
[INFO  13:58:31] 20%:	E: 0.00	dE -1.40	batch_acc 0.9800
[INFO  13:58:33] 30%:	E: 0.00	dE -1.46	batch_acc 0.9700
[INFO  13:58:36] 40%:	E: 0.00	dE -1.55	batch_acc 0.9400
[INFO  13:58:38] 50%:	E: 0.00	dE -1.50	batch_acc 0.9500
[INFO  13:58:40] 60%:	E: 0.00	dE -1.36	batch_acc 0.9700
[INFO  13:58:43] 70%:	E: 0.00	dE -1.94	batch_acc 0.9300
[INFO  13:58:45] 80%:	E: 0.00	dE -1.48	batch_acc 0.9800
[INFO  13:58:47] 90%:	E: 0.00	dE -1.52	batch_acc 0.9700
[INFO  13:58:51] epoch: 62 	 test_acc: 0.8919 	 mean_E: 0.0000
[INFO  13:58:51] 0%:	E: 0.00	dE -1.28	batch_acc 0.9600
[INFO  13:58:53] 10%:	E: 0.00	dE -2.23	batch_acc 0.9400
[INFO  13:58:55] 20%:	E: 0.00	dE -1.40	batch_acc 0.9800
[INFO  13:58:57] 30%:	E: 0.00	dE -1.25	batch_acc 0.9800
[INFO  13:59:00] 40%:	E: 0.00	dE -0.89	batch_acc 1.0000
[INFO  13:59:02] 50%:	E: 0.00	dE -1.45	batch_acc 0.9700
[INFO  13:59:04] 60%:	E: 0.00	dE -1.18	batch_acc 0.9800
[INFO  13:59:06] 70%:	E: 0.00	dE -1.32	batch_acc 0.9900
[INFO  13:59:09] 80%:	E: 0.00	dE -1.71	batch_acc 0.9600
[INFO  13:59:11] 90%:	E: 0.00	dE -1.67	batch_acc 0.9800
[INFO  13:59:15] epoch: 63 	 test_acc: 0.8890 	 mean_E: 0.0000
[INFO  13:59:15] 0%:	E: 0.00	dE -0.83	batch_acc 1.0000
[INFO  13:59:17] 10%:	E: 0.00	dE -1.20	batch_acc 0.9900
[INFO  13:59:20] 20%:	E: 0.00	dE -1.29	batch_acc 0.9700
[INFO  13:59:22] 30%:	E: 0.00	dE -1.73	batch_acc 0.9500
[INFO  13:59:24] 40%:	E: 0.00	dE -1.44	batch_acc 0.9700
[INFO  13:59:26] 50%:	E: 0.00	dE -1.54	batch_acc 0.9600
[INFO  13:59:29] 60%:	E: 0.00	dE -1.61	batch_acc 0.9700
[INFO  13:59:31] 70%:	E: 0.00	dE -1.85	batch_acc 0.9500
[INFO  13:59:33] 80%:	E: 0.00	dE -1.59	batch_acc 0.9500
[INFO  13:59:34] 90%:	E: 0.00	dE -1.65	batch_acc 0.9500
[INFO  13:59:38] epoch: 64 	 test_acc: 0.8885 	 mean_E: 0.0000
[INFO  13:59:38] 0%:	E: 0.00	dE -2.08	batch_acc 0.9600
[INFO  13:59:41] 10%:	E: 0.00	dE -1.34	batch_acc 0.9700
[INFO  13:59:43] 20%:	E: 0.00	dE -1.97	batch_acc 0.9500
[INFO  13:59:46] 30%:	E: 0.00	dE -1.40	batch_acc 0.9600
[INFO  13:59:48] 40%:	E: 0.00	dE -1.40	batch_acc 0.9800
[INFO  13:59:50] 50%:	E: 0.00	dE -1.63	batch_acc 0.9600
[INFO  13:59:53] 60%:	E: 0.00	dE -1.46	batch_acc 0.9900
[INFO  13:59:55] 70%:	E: 0.00	dE -1.04	batch_acc 0.9800
[INFO  13:59:57] 80%:	E: 0.00	dE -1.75	batch_acc 0.9500
[INFO  13:59:59] 90%:	E: 0.00	dE -1.50	batch_acc 0.9800
[INFO  14:00:03] epoch: 65 	 test_acc: 0.8916 	 mean_E: 0.0000
[INFO  14:00:03] 0%:	E: 0.00	dE -1.58	batch_acc 0.9800
[INFO  14:00:06] 10%:	E: 0.00	dE -1.09	batch_acc 0.9900
[INFO  14:00:08] 20%:	E: 0.00	dE -1.39	batch_acc 0.9600
[INFO  14:00:10] 30%:	E: 0.00	dE -1.39	batch_acc 0.9700
[INFO  14:00:12] 40%:	E: 0.00	dE -1.35	batch_acc 0.9700
[INFO  14:00:14] 50%:	E: 0.00	dE -1.05	batch_acc 1.0000
[INFO  14:00:17] 60%:	E: 0.00	dE -0.69	batch_acc 1.0000
[INFO  14:00:18] 70%:	E: 0.00	dE -1.68	batch_acc 0.9500
[INFO  14:00:21] 80%:	E: 0.00	dE -1.56	batch_acc 0.9700
[INFO  14:00:23] 90%:	E: 0.00	dE -1.38	batch_acc 0.9800
[INFO  14:00:27] epoch: 66 	 test_acc: 0.8914 	 mean_E: 0.0000
[INFO  14:00:27] 0%:	E: 0.00	dE -1.06	batch_acc 0.9800
[INFO  14:00:29] 10%:	E: 0.00	dE -1.30	batch_acc 0.9600
[INFO  14:00:31] 20%:	E: 0.00	dE -0.87	batch_acc 1.0000
[INFO  14:00:34] 30%:	E: 0.00	dE -2.57	batch_acc 0.9200
[INFO  14:00:36] 40%:	E: 0.00	dE -1.16	batch_acc 0.9800
[INFO  14:00:38] 50%:	E: 0.00	dE -2.26	batch_acc 0.9400
[INFO  14:00:41] 60%:	E: 0.00	dE -1.02	batch_acc 0.9900
[INFO  14:00:43] 70%:	E: 0.00	dE -1.49	batch_acc 0.9700
[INFO  14:00:46] 80%:	E: 0.00	dE -1.13	batch_acc 1.0000
[INFO  14:00:48] 90%:	E: 0.00	dE -1.31	batch_acc 0.9700
[INFO  14:00:52] epoch: 67 	 test_acc: 0.8899 	 mean_E: 0.0000
[INFO  14:00:52] 0%:	E: 0.00	dE -1.71	batch_acc 0.9400
[INFO  14:00:54] 10%:	E: 0.00	dE -1.52	batch_acc 0.9500
[INFO  14:00:56] 20%:	E: 0.00	dE -1.56	batch_acc 0.9800
[INFO  14:00:59] 30%:	E: 0.00	dE -1.59	batch_acc 0.9700
[INFO  14:01:01] 40%:	E: 0.00	dE -1.09	batch_acc 0.9800
[INFO  14:01:04] 50%:	E: 0.00	dE -1.21	batch_acc 0.9900
[INFO  14:01:06] 60%:	E: 0.00	dE -1.25	batch_acc 0.9800
[INFO  14:01:09] 70%:	E: 0.00	dE -4.77	batch_acc 0.9700
[INFO  14:01:11] 80%:	E: 0.00	dE -1.02	batch_acc 0.9900
[INFO  14:01:14] 90%:	E: 0.00	dE -1.23	batch_acc 0.9800
[INFO  14:01:17] epoch: 68 	 test_acc: 0.8881 	 mean_E: 0.0000
[INFO  14:01:17] 0%:	E: 0.00	dE -1.11	batch_acc 0.9900
[INFO  14:01:19] 10%:	E: 0.00	dE -1.59	batch_acc 0.9500
[INFO  14:01:22] 20%:	E: 0.00	dE -1.26	batch_acc 0.9900
[INFO  14:01:24] 30%:	E: 0.00	dE -1.15	batch_acc 0.9800
[INFO  14:01:27] 40%:	E: 0.00	dE -1.46	batch_acc 0.9600
[INFO  14:01:29] 50%:	E: 0.00	dE -1.71	batch_acc 0.9700
[INFO  14:01:31] 60%:	E: 0.00	dE -2.08	batch_acc 0.9300
[INFO  14:01:33] 70%:	E: 0.00	dE -1.24	batch_acc 0.9700
[INFO  14:01:36] 80%:	E: 0.00	dE -1.13	batch_acc 0.9700
[INFO  14:01:38] 90%:	E: 0.00	dE -1.75	batch_acc 0.9400
[INFO  14:01:42] epoch: 69 	 test_acc: 0.8881 	 mean_E: 0.0000
[INFO  14:01:42] 0%:	E: 0.00	dE -1.22	batch_acc 0.9900
[INFO  14:01:45] 10%:	E: 0.00	dE -1.16	batch_acc 0.9900
[INFO  14:01:47] 20%:	E: 0.00	dE -1.17	batch_acc 0.9700
[INFO  14:01:49] 30%:	E: 0.00	dE -1.08	batch_acc 0.9700
[INFO  14:01:52] 40%:	E: 0.00	dE -1.75	batch_acc 0.9400
[INFO  14:01:54] 50%:	E: 0.00	dE -1.59	batch_acc 0.9900
[INFO  14:01:57] 60%:	E: 0.00	dE -1.82	batch_acc 0.9600
[INFO  14:01:59] 70%:	E: 0.00	dE -1.55	batch_acc 0.9600
[INFO  14:02:01] 80%:	E: 0.00	dE -1.68	batch_acc 0.9700
[INFO  14:02:03] 90%:	E: 0.00	dE -1.11	batch_acc 1.0000
[INFO  14:02:07] epoch: 70 	 test_acc: 0.8893 	 mean_E: 0.0000
[INFO  14:02:07] 0%:	E: 0.00	dE -1.64	batch_acc 0.9600
[INFO  14:02:09] 10%:	E: 0.00	dE -1.07	batch_acc 0.9800
[INFO  14:02:11] 20%:	E: 0.00	dE -1.42	batch_acc 0.9600
[INFO  14:02:14] 30%:	E: 0.00	dE -1.25	batch_acc 0.9800
[INFO  14:02:16] 40%:	E: 0.00	dE -1.40	batch_acc 0.9800
[INFO  14:02:18] 50%:	E: 0.00	dE -1.23	batch_acc 0.9700
[INFO  14:02:21] 60%:	E: 0.00	dE -1.09	batch_acc 0.9900
[INFO  14:02:23] 70%:	E: 0.00	dE -1.17	batch_acc 0.9600
[INFO  14:02:24] 80%:	E: 0.00	dE -1.76	batch_acc 0.9600
[INFO  14:02:27] 90%:	E: 0.00	dE -1.70	batch_acc 0.9600
[INFO  14:02:30] epoch: 71 	 test_acc: 0.8897 	 mean_E: 0.0000
[INFO  14:02:31] 0%:	E: 0.00	dE -1.91	batch_acc 0.9600
[INFO  14:02:33] 10%:	E: 0.00	dE -0.76	batch_acc 0.9900
[INFO  14:02:35] 20%:	E: 0.00	dE -1.23	batch_acc 0.9800
[INFO  14:02:37] 30%:	E: 0.00	dE -1.20	batch_acc 0.9900
[INFO  14:02:39] 40%:	E: 0.00	dE -1.36	batch_acc 0.9700
[INFO  14:02:41] 50%:	E: 0.00	dE -1.71	batch_acc 0.9600
[INFO  14:02:43] 60%:	E: 0.00	dE -1.55	batch_acc 0.9700
[INFO  14:02:45] 70%:	E: 0.00	dE -1.55	batch_acc 0.9800
[INFO  14:02:48] 80%:	E: 0.00	dE -1.17	batch_acc 0.9700
[INFO  14:02:50] 90%:	E: 0.00	dE -1.91	batch_acc 0.9500
[INFO  14:02:54] epoch: 72 	 test_acc: 0.8885 	 mean_E: 0.0000
[INFO  14:02:54] 0%:	E: 0.00	dE -1.54	batch_acc 0.9600
[INFO  14:02:56] 10%:	E: 0.00	dE -1.56	batch_acc 0.9700
[INFO  14:02:58] 20%:	E: 0.00	dE -1.61	batch_acc 0.9800
[INFO  14:03:00] 30%:	E: 0.00	dE -1.71	batch_acc 0.9600
[INFO  14:03:03] 40%:	E: 0.00	dE -1.42	batch_acc 0.9800
[INFO  14:03:05] 50%:	E: 0.00	dE -1.31	batch_acc 0.9800
[INFO  14:03:08] 60%:	E: 0.00	dE -1.29	batch_acc 0.9700
[INFO  14:03:10] 70%:	E: 0.00	dE -1.71	batch_acc 0.9700
[INFO  14:03:12] 80%:	E: 0.00	dE -1.47	batch_acc 0.9700
[INFO  14:03:15] 90%:	E: 0.00	dE -1.27	batch_acc 0.9700
[INFO  14:03:18] epoch: 73 	 test_acc: 0.8855 	 mean_E: 0.0000
[INFO  14:03:18] 0%:	E: 0.00	dE -1.65	batch_acc 0.9500
[INFO  14:03:21] 10%:	E: 0.00	dE -1.29	batch_acc 0.9600
[INFO  14:03:23] 20%:	E: 0.00	dE -1.13	batch_acc 0.9700
[INFO  14:03:24] 30%:	E: 0.00	dE -1.39	batch_acc 0.9800
[INFO  14:03:26] 40%:	E: 0.00	dE -1.41	batch_acc 0.9700
[INFO  14:03:29] 50%:	E: 0.00	dE -0.97	batch_acc 1.0000
[INFO  14:03:31] 60%:	E: 0.00	dE -1.13	batch_acc 0.9800
[INFO  14:03:33] 70%:	E: 0.00	dE -0.95	batch_acc 1.0000
[INFO  14:03:36] 80%:	E: 0.00	dE -1.76	batch_acc 0.9400
[INFO  14:03:38] 90%:	E: 0.00	dE -1.42	batch_acc 0.9600
[INFO  14:03:42] epoch: 74 	 test_acc: 0.8881 	 mean_E: 0.0000
[INFO  14:03:42] 0%:	E: 0.00	dE -1.50	batch_acc 0.9600
[INFO  14:03:44] 10%:	E: 0.00	dE -1.03	batch_acc 0.9800
[INFO  14:03:47] 20%:	E: 0.00	dE -1.13	batch_acc 0.9800
[INFO  14:03:49] 30%:	E: 0.00	dE -1.42	batch_acc 0.9700
[INFO  14:03:51] 40%:	E: 0.00	dE -0.81	batch_acc 0.9900
[INFO  14:03:54] 50%:	E: 0.00	dE -1.09	batch_acc 0.9900
[INFO  14:03:56] 60%:	E: 0.00	dE -1.63	batch_acc 0.9600
[INFO  14:03:58] 70%:	E: 0.00	dE -0.85	batch_acc 0.9900
[INFO  14:04:00] 80%:	E: 0.00	dE -1.33	batch_acc 0.9600
[INFO  14:04:02] 90%:	E: 0.00	dE -1.48	batch_acc 0.9800
[INFO  14:04:05] epoch: 75 	 test_acc: 0.8863 	 mean_E: 0.0000
[INFO  14:04:06] 0%:	E: 0.00	dE -0.89	batch_acc 0.9900
[INFO  14:04:08] 10%:	E: 0.00	dE -1.21	batch_acc 0.9800
[INFO  14:04:10] 20%:	E: 0.00	dE -1.33	batch_acc 0.9700
[INFO  14:04:12] 30%:	E: 0.00	dE -1.39	batch_acc 0.9700
[INFO  14:04:15] 40%:	E: 0.00	dE -1.37	batch_acc 0.9700
[INFO  14:04:17] 50%:	E: 0.00	dE -1.29	batch_acc 0.9700
[INFO  14:04:20] 60%:	E: 0.00	dE -1.15	batch_acc 0.9700
[INFO  14:04:22] 70%:	E: 0.00	dE -2.23	batch_acc 0.9300
[INFO  14:04:24] 80%:	E: 0.00	dE -1.49	batch_acc 0.9800
[INFO  14:04:26] 90%:	E: 0.00	dE -0.92	batch_acc 1.0000
[INFO  14:04:30] epoch: 76 	 test_acc: 0.8909 	 mean_E: 0.0000
[INFO  14:04:30] 0%:	E: 0.00	dE -1.44	batch_acc 0.9600
[INFO  14:04:33] 10%:	E: 0.00	dE -1.80	batch_acc 0.9700
[INFO  14:04:35] 20%:	E: 0.00	dE -1.11	batch_acc 0.9800
[INFO  14:04:38] 30%:	E: 0.00	dE -1.26	batch_acc 0.9900
[INFO  14:04:40] 40%:	E: 0.00	dE -0.93	batch_acc 1.0000
[INFO  14:04:42] 50%:	E: 0.00	dE -1.09	batch_acc 0.9800
[INFO  14:04:44] 60%:	E: 0.00	dE -1.17	batch_acc 0.9900
[INFO  14:04:47] 70%:	E: 0.00	dE -1.21	batch_acc 0.9900
[INFO  14:04:49] 80%:	E: 0.00	dE -1.77	batch_acc 0.9600
[INFO  14:04:51] 90%:	E: 0.00	dE -1.15	batch_acc 0.9700
[INFO  14:04:55] epoch: 77 	 test_acc: 0.8894 	 mean_E: 0.0000
[INFO  14:04:55] 0%:	E: 0.00	dE -0.70	batch_acc 0.9800
[INFO  14:04:57] 10%:	E: 0.00	dE -0.91	batch_acc 0.9700
[INFO  14:04:59] 20%:	E: 0.00	dE -1.30	batch_acc 0.9700
[INFO  14:05:02] 30%:	E: 0.00	dE -1.24	batch_acc 0.9900
[INFO  14:05:04] 40%:	E: 0.00	dE -1.16	batch_acc 0.9900
[INFO  14:05:06] 50%:	E: 0.00	dE -1.52	batch_acc 0.9600
[INFO  14:05:08] 60%:	E: 0.00	dE -1.53	batch_acc 0.9500
[INFO  14:05:11] 70%:	E: 0.00	dE -1.45	batch_acc 0.9900
[INFO  14:05:13] 80%:	E: 0.00	dE -2.04	batch_acc 0.9500
[INFO  14:05:16] 90%:	E: 0.00	dE -0.88	batch_acc 0.9900
[INFO  14:05:19] epoch: 78 	 test_acc: 0.8868 	 mean_E: 0.0000
[INFO  14:05:20] 0%:	E: 0.00	dE -1.28	batch_acc 0.9800
[INFO  14:05:22] 10%:	E: 0.00	dE -0.80	batch_acc 1.0000
[INFO  14:05:24] 20%:	E: 0.00	dE -1.07	batch_acc 0.9900
[INFO  14:05:26] 30%:	E: 0.00	dE -1.57	batch_acc 0.9600
[INFO  14:05:28] 40%:	E: 0.00	dE -1.50	batch_acc 0.9700
[INFO  14:05:30] 50%:	E: 0.00	dE -1.12	batch_acc 0.9800
[INFO  14:05:32] 60%:	E: 0.00	dE -1.44	batch_acc 0.9800
[INFO  14:05:35] 70%:	E: 0.00	dE -1.18	batch_acc 0.9800
[INFO  14:05:37] 80%:	E: 0.00	dE -1.27	batch_acc 0.9800
[INFO  14:05:40] 90%:	E: 0.00	dE -1.94	batch_acc 0.9600
[INFO  14:05:43] epoch: 79 	 test_acc: 0.8887 	 mean_E: 0.0000
[INFO  14:05:44] 0%:	E: 0.00	dE -0.91	batch_acc 0.9900
[INFO  14:05:45] 10%:	E: 0.00	dE -1.25	batch_acc 0.9800
[INFO  14:05:48] 20%:	E: 0.00	dE -1.02	batch_acc 0.9900
[INFO  14:05:50] 30%:	E: 0.00	dE -1.39	batch_acc 0.9500
[INFO  14:05:52] 40%:	E: 0.00	dE -0.87	batch_acc 1.0000
[INFO  14:05:55] 50%:	E: 0.00	dE -1.58	batch_acc 0.9700
[INFO  14:05:57] 60%:	E: 0.00	dE -1.24	batch_acc 0.9800
[INFO  14:05:59] 70%:	E: 0.00	dE -1.51	batch_acc 0.9800
[INFO  14:06:02] 80%:	E: 0.00	dE -1.00	batch_acc 0.9700
[INFO  14:06:04] 90%:	E: 0.00	dE -1.39	batch_acc 0.9800
[INFO  14:06:08] epoch: 80 	 test_acc: 0.8876 	 mean_E: 0.0000
[INFO  14:06:08] 0%:	E: 0.00	dE -1.45	batch_acc 0.9500
[INFO  14:06:10] 10%:	E: 0.00	dE -1.30	batch_acc 0.9700
[INFO  14:06:13] 20%:	E: 0.00	dE -1.56	batch_acc 0.9700
[INFO  14:06:15] 30%:	E: 0.00	dE -1.42	batch_acc 1.0000
[INFO  14:06:17] 40%:	E: 0.00	dE -1.03	batch_acc 0.9900
[INFO  14:06:20] 50%:	E: 0.00	dE -1.14	batch_acc 0.9800
[INFO  14:06:22] 60%:	E: 0.00	dE -1.71	batch_acc 0.9300
[INFO  14:06:25] 70%:	E: 0.00	dE -2.15	batch_acc 0.9400
[INFO  14:06:27] 80%:	E: 0.00	dE -1.26	batch_acc 0.9800
[INFO  14:06:29] 90%:	E: 0.00	dE -1.15	batch_acc 0.9700
[INFO  14:06:33] epoch: 81 	 test_acc: 0.8879 	 mean_E: 0.0000
[INFO  14:06:33] 0%:	E: 0.00	dE -1.00	batch_acc 0.9900
[INFO  14:06:36] 10%:	E: 0.00	dE -1.68	batch_acc 0.9500
[INFO  14:06:38] 20%:	E: 0.00	dE -1.75	batch_acc 0.9500
[INFO  14:06:40] 30%:	E: 0.00	dE -1.18	batch_acc 0.9800
[INFO  14:06:42] 40%:	E: 0.00	dE -1.32	batch_acc 0.9700
[INFO  14:06:44] 50%:	E: 0.00	dE -1.83	batch_acc 0.9400
[INFO  14:06:47] 60%:	E: 0.00	dE -1.22	batch_acc 0.9700
[INFO  14:06:49] 70%:	E: 0.00	dE -1.16	batch_acc 0.9900
[INFO  14:06:52] 80%:	E: 0.00	dE -1.39	batch_acc 0.9600
[INFO  14:06:54] 90%:	E: 0.00	dE -1.49	batch_acc 0.9900
[INFO  14:06:58] epoch: 82 	 test_acc: 0.8886 	 mean_E: 0.0000
[INFO  14:06:58] 0%:	E: 0.00	dE -0.77	batch_acc 1.0000
[INFO  14:07:01] 10%:	E: 0.00	dE -1.28	batch_acc 0.9600
[INFO  14:07:03] 20%:	E: 0.00	dE -1.42	batch_acc 0.9700
[INFO  14:07:05] 30%:	E: 0.00	dE -1.16	batch_acc 0.9600
[INFO  14:07:08] 40%:	E: 0.00	dE -1.13	batch_acc 0.9900
[INFO  14:07:10] 50%:	E: 0.00	dE -1.14	batch_acc 0.9700
[INFO  14:07:12] 60%:	E: 0.00	dE -1.30	batch_acc 0.9800
[INFO  14:07:15] 70%:	E: 0.00	dE -1.29	batch_acc 0.9800
[INFO  14:07:17] 80%:	E: 0.00	dE -1.60	batch_acc 0.9500
[INFO  14:07:19] 90%:	E: 0.00	dE -0.91	batch_acc 1.0000
[INFO  14:07:23] epoch: 83 	 test_acc: 0.8908 	 mean_E: 0.0000
[INFO  14:07:23] 0%:	E: 0.00	dE -1.14	batch_acc 0.9900
[INFO  14:07:26] 10%:	E: 0.00	dE -1.35	batch_acc 0.9900
[INFO  14:07:28] 20%:	E: 0.00	dE -0.84	batch_acc 1.0000
[INFO  14:07:31] 30%:	E: 0.00	dE -1.12	batch_acc 0.9800
[INFO  14:07:33] 40%:	E: 0.00	dE -1.31	batch_acc 1.0000
[INFO  14:07:35] 50%:	E: 0.00	dE -1.52	batch_acc 0.9600
[INFO  14:07:38] 60%:	E: 0.00	dE -1.87	batch_acc 0.9400
[INFO  14:07:40] 70%:	E: 0.00	dE -0.79	batch_acc 1.0000
[INFO  14:07:42] 80%:	E: 0.00	dE -1.09	batch_acc 0.9900
[INFO  14:07:44] 90%:	E: 0.00	dE -1.35	batch_acc 0.9800
[INFO  14:07:48] epoch: 84 	 test_acc: 0.8872 	 mean_E: 0.0000
[INFO  14:07:48] 0%:	E: 0.00	dE -0.87	batch_acc 1.0000
[INFO  14:07:50] 10%:	E: 0.00	dE -1.60	batch_acc 0.9700
[INFO  14:07:52] 20%:	E: 0.00	dE -0.93	batch_acc 0.9900
[INFO  14:07:54] 30%:	E: 0.00	dE -1.13	batch_acc 0.9800
[INFO  14:07:57] 40%:	E: 0.00	dE -1.15	batch_acc 0.9800
[INFO  14:07:59] 50%:	E: 0.00	dE -1.17	batch_acc 0.9800
[INFO  14:08:02] 60%:	E: 0.00	dE -1.04	batch_acc 0.9900
[INFO  14:08:04] 70%:	E: 0.00	dE -1.04	batch_acc 0.9900
[INFO  14:08:05] 80%:	E: 0.00	dE -1.18	batch_acc 0.9800
[INFO  14:08:08] 90%:	E: 0.00	dE -1.16	batch_acc 0.9900
[INFO  14:08:12] epoch: 85 	 test_acc: 0.8860 	 mean_E: 0.0000
[INFO  14:08:13] 0%:	E: 0.00	dE -1.55	batch_acc 0.9600
[INFO  14:08:15] 10%:	E: 0.00	dE -1.19	batch_acc 0.9900
[INFO  14:08:17] 20%:	E: 0.00	dE -1.01	batch_acc 0.9800
[INFO  14:08:20] 30%:	E: 0.00	dE -0.82	batch_acc 0.9800
[INFO  14:08:22] 40%:	E: 0.00	dE -1.20	batch_acc 1.0000
[INFO  14:08:24] 50%:	E: 0.00	dE -1.05	batch_acc 1.0000
[INFO  14:08:27] 60%:	E: 0.00	dE -1.16	batch_acc 0.9800
[INFO  14:08:29] 70%:	E: 0.00	dE -1.68	batch_acc 0.9600
[INFO  14:08:32] 80%:	E: 0.00	dE -1.22	batch_acc 0.9800
[INFO  14:08:34] 90%:	E: 0.00	dE -1.19	batch_acc 0.9800
[INFO  14:08:38] epoch: 86 	 test_acc: 0.8859 	 mean_E: 0.0000
[INFO  14:08:38] 0%:	E: 0.00	dE -1.08	batch_acc 0.9800
[INFO  14:08:40] 10%:	E: 0.00	dE -1.17	batch_acc 0.9900
[INFO  14:08:42] 20%:	E: 0.00	dE -0.79	batch_acc 0.9900
[INFO  14:08:44] 30%:	E: 0.00	dE -0.99	batch_acc 0.9800
[INFO  14:08:47] 40%:	E: 0.00	dE -0.80	batch_acc 0.9900
[INFO  14:08:49] 50%:	E: 0.00	dE -1.34	batch_acc 0.9700
[INFO  14:08:51] 60%:	E: 0.00	dE -0.97	batch_acc 0.9800
[INFO  14:08:54] 70%:	E: 0.00	dE -1.46	batch_acc 0.9800
[INFO  14:08:56] 80%:	E: 0.00	dE -1.10	batch_acc 0.9900
[INFO  14:08:58] 90%:	E: 0.00	dE -1.28	batch_acc 0.9800
[INFO  14:09:02] epoch: 87 	 test_acc: 0.8874 	 mean_E: 0.0000
[INFO  14:09:02] 0%:	E: 0.00	dE -0.95	batch_acc 0.9900
[INFO  14:09:05] 10%:	E: 0.00	dE -0.70	batch_acc 1.0000
[INFO  14:09:07] 20%:	E: 0.00	dE -1.31	batch_acc 0.9900
[INFO  14:09:09] 30%:	E: 0.00	dE -1.46	batch_acc 0.9500
[INFO  14:09:10] 40%:	E: 0.00	dE -1.25	batch_acc 0.9800
[INFO  14:09:13] 50%:	E: 0.00	dE -1.27	batch_acc 0.9900
[INFO  14:09:15] 60%:	E: 0.00	dE -1.03	batch_acc 0.9700
[INFO  14:09:18] 70%:	E: 0.00	dE -1.07	batch_acc 0.9900
[INFO  14:09:20] 80%:	E: 0.00	dE -1.02	batch_acc 0.9900
[INFO  14:09:22] 90%:	E: 0.00	dE -0.93	batch_acc 0.9800
[INFO  14:09:26] epoch: 88 	 test_acc: 0.8865 	 mean_E: 0.0000
[INFO  14:09:26] 0%:	E: 0.00	dE -1.02	batch_acc 0.9800
[INFO  14:09:28] 10%:	E: 0.00	dE -1.25	batch_acc 0.9900
[INFO  14:09:30] 20%:	E: 0.00	dE -1.01	batch_acc 0.9900
[INFO  14:09:32] 30%:	E: 0.00	dE -1.32	batch_acc 0.9700
[INFO  14:09:35] 40%:	E: 0.00	dE -0.97	batch_acc 1.0000
[INFO  14:09:37] 50%:	E: 0.00	dE -0.96	batch_acc 0.9900
[INFO  14:09:39] 60%:	E: 0.00	dE -1.58	batch_acc 0.9700
[INFO  14:09:41] 70%:	E: 0.00	dE -1.35	batch_acc 0.9600
[INFO  14:09:43] 80%:	E: 0.00	dE -1.23	batch_acc 0.9800
[INFO  14:09:46] 90%:	E: 0.00	dE -0.87	batch_acc 0.9900
[INFO  14:09:50] epoch: 89 	 test_acc: 0.8893 	 mean_E: 0.0000
[INFO  14:09:50] 0%:	E: 0.00	dE -0.92	batch_acc 0.9900
[INFO  14:09:52] 10%:	E: 0.00	dE -0.97	batch_acc 0.9900
[INFO  14:09:54] 20%:	E: 0.00	dE -1.21	batch_acc 0.9800
[INFO  14:09:56] 30%:	E: 0.00	dE -0.63	batch_acc 1.0000
[INFO  14:09:59] 40%:	E: 0.00	dE -1.08	batch_acc 0.9800
[INFO  14:10:01] 50%:	E: 0.00	dE -1.41	batch_acc 0.9700
[INFO  14:10:03] 60%:	E: 0.00	dE -1.04	batch_acc 0.9900
[INFO  14:10:05] 70%:	E: 0.00	dE -0.82	batch_acc 0.9900
[INFO  14:10:08] 80%:	E: 0.00	dE -1.81	batch_acc 0.9500
[INFO  14:10:10] 90%:	E: 0.00	dE -1.08	batch_acc 0.9900
[INFO  14:10:14] epoch: 90 	 test_acc: 0.8847 	 mean_E: 0.0000
[INFO  14:10:14] 0%:	E: 0.00	dE -1.24	batch_acc 0.9800
[INFO  14:10:16] 10%:	E: 0.00	dE -0.88	batch_acc 0.9900
[INFO  14:10:19] 20%:	E: 0.00	dE -1.14	batch_acc 0.9800
[INFO  14:10:21] 30%:	E: 0.00	dE -0.95	batch_acc 1.0000
[INFO  14:10:24] 40%:	E: 0.00	dE -1.17	batch_acc 0.9800
[INFO  14:10:26] 50%:	E: 0.00	dE -1.37	batch_acc 0.9600
[INFO  14:10:28] 60%:	E: 0.00	dE -1.43	batch_acc 0.9800
[INFO  14:10:31] 70%:	E: 0.00	dE -1.16	batch_acc 0.9700
[INFO  14:10:33] 80%:	E: 0.00	dE -1.65	batch_acc 0.9700
[INFO  14:10:36] 90%:	E: 0.00	dE -0.93	batch_acc 0.9900
[INFO  14:10:39] epoch: 91 	 test_acc: 0.8848 	 mean_E: 0.0000
[INFO  14:10:39] 0%:	E: 0.00	dE -1.53	batch_acc 0.9800
[INFO  14:10:41] 10%:	E: 0.00	dE -1.08	batch_acc 0.9600
[INFO  14:10:43] 20%:	E: 0.00	dE -0.99	batch_acc 0.9800
[INFO  14:10:45] 30%:	E: 0.00	dE -1.10	batch_acc 0.9900
[INFO  14:10:48] 40%:	E: 0.00	dE -1.42	batch_acc 0.9800
[INFO  14:10:50] 50%:	E: 0.00	dE -1.45	batch_acc 0.9900
[INFO  14:10:53] 60%:	E: 0.00	dE -1.31	batch_acc 0.9700
[INFO  14:10:55] 70%:	E: 0.00	dE -1.21	batch_acc 0.9900
[INFO  14:10:57] 80%:	E: 0.00	dE -1.54	batch_acc 0.9800
[INFO  14:11:00] 90%:	E: 0.00	dE -1.56	batch_acc 0.9800
[INFO  14:11:04] epoch: 92 	 test_acc: 0.8862 	 mean_E: 0.0000
[INFO  14:11:04] 0%:	E: 0.00	dE -1.53	batch_acc 0.9700
[INFO  14:11:06] 10%:	E: 0.00	dE -0.96	batch_acc 0.9900
[INFO  14:11:08] 20%:	E: 0.00	dE -1.04	batch_acc 0.9800
[INFO  14:11:10] 30%:	E: 0.00	dE -1.17	batch_acc 0.9700
[INFO  14:11:12] 40%:	E: 0.00	dE -1.34	batch_acc 0.9800
[INFO  14:11:14] 50%:	E: 0.00	dE -0.96	batch_acc 0.9800
[INFO  14:11:16] 60%:	E: 0.00	dE -1.17	batch_acc 0.9700
[INFO  14:11:18] 70%:	E: 0.00	dE -1.68	batch_acc 0.9500
[INFO  14:11:21] 80%:	E: 0.00	dE -1.30	batch_acc 0.9700
[INFO  14:11:23] 90%:	E: 0.00	dE -1.28	batch_acc 0.9700
[INFO  14:11:27] epoch: 93 	 test_acc: 0.8864 	 mean_E: 0.0000
[INFO  14:11:27] 0%:	E: 0.00	dE -1.12	batch_acc 0.9800
[INFO  14:11:29] 10%:	E: 0.00	dE -1.78	batch_acc 0.9700
[INFO  14:11:31] 20%:	E: 0.00	dE -0.91	batch_acc 0.9900
[INFO  14:11:33] 30%:	E: 0.00	dE -1.34	batch_acc 0.9700
[INFO  14:11:36] 40%:	E: 0.00	dE -0.84	batch_acc 0.9900
[INFO  14:11:38] 50%:	E: 0.00	dE -1.12	batch_acc 0.9800
[INFO  14:11:40] 60%:	E: 0.00	dE -1.06	batch_acc 0.9900
[INFO  14:11:42] 70%:	E: 0.00	dE -1.39	batch_acc 0.9700
[INFO  14:11:44] 80%:	E: 0.00	dE -1.17	batch_acc 0.9700
[INFO  14:11:46] 90%:	E: 0.00	dE -1.26	batch_acc 0.9800
[INFO  14:11:50] epoch: 94 	 test_acc: 0.8840 	 mean_E: 0.0000
[INFO  14:11:50] 0%:	E: 0.00	dE -0.96	batch_acc 0.9900
[INFO  14:11:52] 10%:	E: 0.00	dE -1.39	batch_acc 0.9600
[INFO  14:11:55] 20%:	E: 0.00	dE -1.27	batch_acc 0.9800
[INFO  14:11:57] 30%:	E: 0.00	dE -1.46	batch_acc 0.9700
[INFO  14:11:59] 40%:	E: 0.00	dE -0.62	batch_acc 1.0000
[INFO  14:12:02] 50%:	E: 0.00	dE -1.21	batch_acc 0.9800
[INFO  14:12:04] 60%:	E: 0.00	dE -1.88	batch_acc 0.9400
[INFO  14:12:06] 70%:	E: 0.00	dE -1.14	batch_acc 0.9800
[INFO  14:12:08] 80%:	E: 0.00	dE -1.86	batch_acc 0.9700
[INFO  14:12:11] 90%:	E: 0.00	dE -1.29	batch_acc 0.9800
[INFO  14:12:15] epoch: 95 	 test_acc: 0.8855 	 mean_E: 0.0000
[INFO  14:12:15] 0%:	E: 0.00	dE -1.39	batch_acc 0.9800
[INFO  14:12:17] 10%:	E: 0.00	dE -1.16	batch_acc 0.9600
[INFO  14:12:19] 20%:	E: 0.00	dE -0.78	batch_acc 0.9800
[INFO  14:12:22] 30%:	E: 0.00	dE -1.57	batch_acc 0.9500
[INFO  14:12:24] 40%:	E: 0.00	dE -1.09	batch_acc 0.9800
[INFO  14:12:26] 50%:	E: 0.00	dE -0.76	batch_acc 0.9900
[INFO  14:12:29] 60%:	E: 0.00	dE -1.00	batch_acc 0.9800
[INFO  14:12:31] 70%:	E: 0.00	dE -1.49	batch_acc 0.9500
[INFO  14:12:33] 80%:	E: 0.00	dE -1.16	batch_acc 0.9900
[INFO  14:12:36] 90%:	E: 0.00	dE -1.56	batch_acc 0.9700
[INFO  14:12:40] epoch: 96 	 test_acc: 0.8887 	 mean_E: 0.0000
[INFO  14:12:40] 0%:	E: 0.00	dE -1.24	batch_acc 0.9700
[INFO  14:12:42] 10%:	E: 0.00	dE -1.60	batch_acc 0.9800
[INFO  14:12:45] 20%:	E: 0.00	dE -0.96	batch_acc 0.9900
[INFO  14:12:47] 30%:	E: 0.00	dE -1.12	batch_acc 0.9800
[INFO  14:12:49] 40%:	E: 0.00	dE -1.24	batch_acc 0.9900
[INFO  14:12:52] 50%:	E: 0.00	dE -1.49	batch_acc 0.9600
[INFO  14:12:54] 60%:	E: 0.00	dE -0.84	batch_acc 1.0000
[INFO  14:12:57] 70%:	E: 0.00	dE -0.94	batch_acc 0.9800
[INFO  14:12:59] 80%:	E: 0.00	dE -1.33	batch_acc 0.9800
[INFO  14:13:01] 90%:	E: 0.00	dE -1.04	batch_acc 0.9800
[INFO  14:13:05] epoch: 97 	 test_acc: 0.8867 	 mean_E: 0.0000
[INFO  14:13:06] 0%:	E: 0.00	dE -1.17	batch_acc 0.9700
[INFO  14:13:08] 10%:	E: 0.00	dE -1.19	batch_acc 0.9500
[INFO  14:13:10] 20%:	E: 0.00	dE -1.08	batch_acc 0.9800
[INFO  14:13:12] 30%:	E: 0.00	dE -1.02	batch_acc 0.9800
[INFO  14:13:15] 40%:	E: 0.00	dE -0.70	batch_acc 1.0000
[INFO  14:13:17] 50%:	E: 0.00	dE -1.03	batch_acc 0.9800
[INFO  14:13:20] 60%:	E: 0.00	dE -1.31	batch_acc 0.9900
[INFO  14:13:22] 70%:	E: 0.00	dE -1.42	batch_acc 0.9700
[INFO  14:13:24] 80%:	E: 0.00	dE -1.37	batch_acc 0.9700
[INFO  14:13:26] 90%:	E: 0.00	dE -1.19	batch_acc 0.9700
[INFO  14:13:30] epoch: 98 	 test_acc: 0.8875 	 mean_E: 0.0000
[INFO  14:13:30] 0%:	E: 0.00	dE -0.74	batch_acc 0.9900
[INFO  14:13:32] 10%:	E: 0.00	dE -1.12	batch_acc 0.9800
[INFO  14:13:34] 20%:	E: 0.00	dE -1.19	batch_acc 0.9800
[INFO  14:13:37] 30%:	E: 0.00	dE -1.34	batch_acc 0.9700
[INFO  14:13:39] 40%:	E: 0.00	dE -1.20	batch_acc 0.9700
[INFO  14:13:42] 50%:	E: 0.00	dE -1.43	batch_acc 0.9900
[INFO  14:13:44] 60%:	E: 0.00	dE -1.02	batch_acc 0.9900
[INFO  14:13:47] 70%:	E: 0.00	dE -1.75	batch_acc 0.9700
[INFO  14:13:49] 80%:	E: 0.00	dE -1.16	batch_acc 0.9900
[INFO  14:13:51] 90%:	E: 0.00	dE -0.66	batch_acc 1.0000
[INFO  14:13:55] epoch: 99 	 test_acc: 0.8885 	 mean_E: 0.0000
[INFO  14:13:56] 0%:	E: 0.00	dE -0.99	batch_acc 0.9900
[INFO  14:13:58] 10%:	E: 0.00	dE -1.23	batch_acc 0.9700
[INFO  14:14:00] 20%:	E: 0.00	dE -1.49	batch_acc 0.9700
[INFO  14:14:03] 30%:	E: 0.00	dE -1.27	batch_acc 0.9700
[INFO  14:14:05] 40%:	E: 0.00	dE -1.40	batch_acc 0.9600
[INFO  14:14:08] 50%:	E: 0.00	dE -1.13	batch_acc 0.9800
[INFO  14:14:10] 60%:	E: 0.00	dE -0.96	batch_acc 0.9800
[INFO  14:14:13] 70%:	E: 0.00	dE -1.29	batch_acc 0.9800
[INFO  14:14:15] 80%:	E: 0.00	dE -1.30	batch_acc 0.9900
[INFO  14:14:18] 90%:	E: 0.00	dE -1.45	batch_acc 0.9900
[INFO  14:14:21] epoch: 100 	 test_acc: 0.8849 	 mean_E: 0.0000
