[INFO  10:15:31] Start training with parametrization:
{
    "batch_size": 200,
    "beta": 1,
    "c_energy": "squared_error",
    "dataset": "mnist",
    "dimensions": [
        784,
        1000,
        10
    ],
    "dynamics": {
        "dt": 0.1,
        "n_relax": 20,
        "tau": 1,
        "tol": 0
    },
    "energy": "cond_gaussian",
    "epochs": 100,
    "fast_ff_init": true,
    "learning_rate": 0.001,
    "log_dir": "",
    "nonlinearity": "sigmoid",
    "optimizer": "adam",
    "seed": 2022
}
[INFO  10:15:32] 0%:	E: 0.00	dE -46.24	batch_acc 0.3700
[INFO  10:15:33] 10%:	E: 0.00	dE -15.13	batch_acc 0.8050
[INFO  10:15:35] 20%:	E: 0.00	dE -12.21	batch_acc 0.8050
[INFO  10:15:36] 30%:	E: 0.00	dE -13.00	batch_acc 0.7800
[INFO  10:15:38] 40%:	E: 0.00	dE -10.40	batch_acc 0.8400
[INFO  10:15:39] 50%:	E: 0.00	dE -12.22	batch_acc 0.7550
[INFO  10:15:41] 60%:	E: 0.00	dE -10.91	batch_acc 0.7900
[INFO  10:15:43] 70%:	E: 0.00	dE -8.10	batch_acc 0.8800
[INFO  10:15:44] 80%:	E: 0.00	dE -10.87	batch_acc 0.7850
[INFO  10:15:46] 90%:	E: 0.00	dE -10.22	batch_acc 0.8150
[INFO  10:15:48] epoch: 1 	 test_acc: 0.8281 	 mean_E: 0.0000
[INFO  10:15:49] 0%:	E: 0.00	dE -9.91	batch_acc 0.8100
[INFO  10:15:50] 10%:	E: 0.00	dE -8.42	batch_acc 0.8950
[INFO  10:15:52] 20%:	E: 0.00	dE -8.30	batch_acc 0.8600
[INFO  10:15:53] 30%:	E: 0.00	dE -8.68	batch_acc 0.8400
[INFO  10:15:55] 40%:	E: 0.00	dE -7.94	batch_acc 0.8950
[INFO  10:15:56] 50%:	E: 0.00	dE -8.86	batch_acc 0.8350
[INFO  10:15:58] 60%:	E: 0.00	dE -8.96	batch_acc 0.8500
[INFO  10:15:59] 70%:	E: 0.00	dE -8.31	batch_acc 0.8650
[INFO  10:16:01] 80%:	E: 0.00	dE -8.32	batch_acc 0.8400
[INFO  10:16:02] 90%:	E: 0.00	dE -6.20	batch_acc 0.9050
[INFO  10:16:05] epoch: 2 	 test_acc: 0.8507 	 mean_E: 0.0000
[INFO  10:16:06] 0%:	E: 0.00	dE -7.05	batch_acc 0.8950
[INFO  10:16:07] 10%:	E: 0.00	dE -7.20	batch_acc 0.8650
[INFO  10:16:09] 20%:	E: 0.00	dE -6.60	batch_acc 0.8800
[INFO  10:16:10] 30%:	E: 0.00	dE -6.55	batch_acc 0.8950
[INFO  10:16:12] 40%:	E: 0.00	dE -8.28	batch_acc 0.8750
[INFO  10:16:13] 50%:	E: 0.00	dE -7.66	batch_acc 0.8900
[INFO  10:16:15] 60%:	E: 0.00	dE -7.73	batch_acc 0.8450
[INFO  10:16:16] 70%:	E: 0.00	dE -6.78	batch_acc 0.8950
[INFO  10:16:18] 80%:	E: 0.00	dE -6.53	batch_acc 0.8800
[INFO  10:16:19] 90%:	E: 0.00	dE -5.76	batch_acc 0.9200
[INFO  10:16:22] epoch: 3 	 test_acc: 0.8614 	 mean_E: 0.0000
[INFO  10:16:22] 0%:	E: 0.00	dE -6.28	batch_acc 0.9200
[INFO  10:16:24] 10%:	E: 0.00	dE -6.85	batch_acc 0.8750
[INFO  10:16:25] 20%:	E: 0.00	dE -5.91	batch_acc 0.9000
[INFO  10:16:27] 30%:	E: 0.00	dE -6.49	batch_acc 0.9050
[INFO  10:16:28] 40%:	E: 0.00	dE -7.99	batch_acc 0.8550
[INFO  10:16:30] 50%:	E: 0.00	dE -6.32	batch_acc 0.8950
[INFO  10:16:31] 60%:	E: 0.00	dE -6.34	batch_acc 0.9100
[INFO  10:16:33] 70%:	E: 0.00	dE -8.16	batch_acc 0.8550
[INFO  10:16:35] 80%:	E: 0.00	dE -7.19	batch_acc 0.9000
[INFO  10:16:36] 90%:	E: 0.00	dE -7.21	batch_acc 0.8700
[INFO  10:16:39] epoch: 4 	 test_acc: 0.8672 	 mean_E: 0.0000
[INFO  10:16:40] 0%:	E: 0.00	dE -4.89	batch_acc 0.9300
[INFO  10:16:41] 10%:	E: 0.00	dE -6.47	batch_acc 0.9000
[INFO  10:16:43] 20%:	E: 0.00	dE -6.76	batch_acc 0.8750
[INFO  10:16:44] 30%:	E: 0.00	dE -5.91	batch_acc 0.9050
[INFO  10:16:46] 40%:	E: 0.00	dE -6.88	batch_acc 0.8650
[INFO  10:16:47] 50%:	E: 0.00	dE -5.58	batch_acc 0.9200
[INFO  10:16:49] 60%:	E: 0.00	dE -7.00	batch_acc 0.8750
[INFO  10:16:50] 70%:	E: 0.00	dE -6.47	batch_acc 0.9050
[INFO  10:16:52] 80%:	E: 0.00	dE -6.72	batch_acc 0.8850
[INFO  10:16:53] 90%:	E: 0.00	dE -6.96	batch_acc 0.8650
[INFO  10:16:56] epoch: 5 	 test_acc: 0.8718 	 mean_E: 0.0000
[INFO  10:16:56] 0%:	E: 0.00	dE -6.52	batch_acc 0.8650
[INFO  10:16:58] 10%:	E: 0.00	dE -6.18	batch_acc 0.8950
[INFO  10:16:59] 20%:	E: 0.00	dE -6.13	batch_acc 0.8850
[INFO  10:17:01] 30%:	E: 0.00	dE -5.60	batch_acc 0.8950
[INFO  10:17:02] 40%:	E: 0.00	dE -6.25	batch_acc 0.8750
[INFO  10:17:04] 50%:	E: 0.00	dE -6.76	batch_acc 0.8800
[INFO  10:17:06] 60%:	E: 0.00	dE -7.23	batch_acc 0.8750
[INFO  10:17:07] 70%:	E: 0.00	dE -5.00	batch_acc 0.9100
[INFO  10:17:09] 80%:	E: 0.00	dE -6.24	batch_acc 0.8650
[INFO  10:17:10] 90%:	E: 0.00	dE -6.94	batch_acc 0.8650
[INFO  10:17:13] epoch: 6 	 test_acc: 0.8770 	 mean_E: 0.0000
[INFO  10:17:13] 0%:	E: 0.00	dE -6.74	batch_acc 0.8950
[INFO  10:17:15] 10%:	E: 0.00	dE -7.12	batch_acc 0.8800
[INFO  10:17:17] 20%:	E: 0.00	dE -6.37	batch_acc 0.8850
[INFO  10:17:18] 30%:	E: 0.00	dE -5.59	batch_acc 0.9000
[INFO  10:17:20] 40%:	E: 0.00	dE -5.32	batch_acc 0.9050
[INFO  10:17:21] 50%:	E: 0.00	dE -4.93	batch_acc 0.9300
[INFO  10:17:23] 60%:	E: 0.00	dE -5.38	batch_acc 0.9200
[INFO  10:17:24] 70%:	E: 0.00	dE -6.21	batch_acc 0.9100
[INFO  10:17:26] 80%:	E: 0.00	dE -5.00	batch_acc 0.9300
[INFO  10:17:27] 90%:	E: 0.00	dE -6.07	batch_acc 0.8800
[INFO  10:17:31] epoch: 7 	 test_acc: 0.8773 	 mean_E: 0.0000
[INFO  10:17:31] 0%:	E: 0.00	dE -5.17	batch_acc 0.9150
[INFO  10:17:32] 10%:	E: 0.00	dE -6.41	batch_acc 0.8850
[INFO  10:17:34] 20%:	E: 0.00	dE -5.98	batch_acc 0.9150
[INFO  10:17:35] 30%:	E: 0.00	dE -6.46	batch_acc 0.8750
[INFO  10:17:37] 40%:	E: 0.00	dE -5.84	batch_acc 0.9150
[INFO  10:17:38] 50%:	E: 0.00	dE -5.52	batch_acc 0.9300
[INFO  10:17:40] 60%:	E: 0.00	dE -5.33	batch_acc 0.9150
[INFO  10:17:42] 70%:	E: 0.00	dE -5.52	batch_acc 0.9200
[INFO  10:17:43] 80%:	E: 0.00	dE -6.37	batch_acc 0.9150
[INFO  10:17:45] 90%:	E: 0.00	dE -6.13	batch_acc 0.9150
[INFO  10:17:48] epoch: 8 	 test_acc: 0.8804 	 mean_E: 0.0000
[INFO  10:17:48] 0%:	E: 0.00	dE -6.10	batch_acc 0.8850
[INFO  10:17:49] 10%:	E: 0.00	dE -5.33	batch_acc 0.9000
[INFO  10:17:51] 20%:	E: 0.00	dE -5.56	batch_acc 0.9000
[INFO  10:17:52] 30%:	E: 0.00	dE -4.71	batch_acc 0.9200
[INFO  10:17:54] 40%:	E: 0.00	dE -6.67	batch_acc 0.8850
[INFO  10:17:56] 50%:	E: 0.00	dE -4.88	batch_acc 0.9200
[INFO  10:17:57] 60%:	E: 0.00	dE -6.00	batch_acc 0.8900
[INFO  10:17:59] 70%:	E: 0.00	dE -5.35	batch_acc 0.9000
[INFO  10:18:00] 80%:	E: 0.00	dE -5.89	batch_acc 0.8900
[INFO  10:18:02] 90%:	E: 0.00	dE -5.10	batch_acc 0.9250
[INFO  10:18:05] epoch: 9 	 test_acc: 0.8817 	 mean_E: 0.0000
[INFO  10:18:05] 0%:	E: 0.00	dE -5.68	batch_acc 0.9150
[INFO  10:18:07] 10%:	E: 0.00	dE -5.47	batch_acc 0.9000
[INFO  10:18:08] 20%:	E: 0.00	dE -6.02	batch_acc 0.9000
[INFO  10:18:10] 30%:	E: 0.00	dE -5.05	batch_acc 0.9050
[INFO  10:18:11] 40%:	E: 0.00	dE -5.00	batch_acc 0.9000
[INFO  10:18:13] 50%:	E: 0.00	dE -3.73	batch_acc 0.9600
[INFO  10:18:14] 60%:	E: 0.00	dE -5.81	batch_acc 0.9050
[INFO  10:18:16] 70%:	E: 0.00	dE -5.34	batch_acc 0.9100
[INFO  10:18:17] 80%:	E: 0.00	dE -4.73	batch_acc 0.9500
[INFO  10:18:19] 90%:	E: 0.00	dE -6.97	batch_acc 0.8650
[INFO  10:18:22] epoch: 10 	 test_acc: 0.8835 	 mean_E: 0.0000
[INFO  10:18:22] 0%:	E: 0.00	dE -6.04	batch_acc 0.9000
[INFO  10:18:24] 10%:	E: 0.00	dE -4.48	batch_acc 0.9250
[INFO  10:18:25] 20%:	E: 0.00	dE -4.10	batch_acc 0.9450
[INFO  10:18:27] 30%:	E: 0.00	dE -5.14	batch_acc 0.9100
[INFO  10:18:29] 40%:	E: 0.00	dE -5.03	batch_acc 0.9100
[INFO  10:18:30] 50%:	E: 0.00	dE -4.45	batch_acc 0.9300
[INFO  10:18:32] 60%:	E: 0.00	dE -5.27	batch_acc 0.9250
[INFO  10:18:33] 70%:	E: 0.00	dE -4.82	batch_acc 0.9250
[INFO  10:18:35] 80%:	E: 0.00	dE -4.39	batch_acc 0.9200
[INFO  10:18:36] 90%:	E: 0.00	dE -3.29	batch_acc 0.9650
[INFO  10:18:39] epoch: 11 	 test_acc: 0.8860 	 mean_E: 0.0000
[INFO  10:18:40] 0%:	E: 0.00	dE -5.01	batch_acc 0.9150
[INFO  10:18:41] 10%:	E: 0.00	dE -3.60	batch_acc 0.9650
[INFO  10:18:43] 20%:	E: 0.00	dE -4.64	batch_acc 0.9400
[INFO  10:18:44] 30%:	E: 0.00	dE -4.97	batch_acc 0.9350
[INFO  10:18:46] 40%:	E: 0.00	dE -5.16	batch_acc 0.9200
[INFO  10:18:47] 50%:	E: 0.00	dE -5.32	batch_acc 0.9150
[INFO  10:18:49] 60%:	E: 0.00	dE -4.99	batch_acc 0.9200
[INFO  10:18:50] 70%:	E: 0.00	dE -4.60	batch_acc 0.9400
[INFO  10:18:52] 80%:	E: 0.00	dE -5.08	batch_acc 0.9250
[INFO  10:18:53] 90%:	E: 0.00	dE -4.44	batch_acc 0.9350
[INFO  10:18:56] epoch: 12 	 test_acc: 0.8890 	 mean_E: 0.0000
[INFO  10:18:57] 0%:	E: 0.00	dE -5.70	batch_acc 0.9200
[INFO  10:18:58] 10%:	E: 0.00	dE -4.25	batch_acc 0.9450
[INFO  10:18:59] 20%:	E: 0.00	dE -4.41	batch_acc 0.9300
[INFO  10:19:01] 30%:	E: 0.00	dE -4.02	batch_acc 0.9400
[INFO  10:19:03] 40%:	E: 0.00	dE -4.61	batch_acc 0.9300
[INFO  10:19:04] 50%:	E: 0.00	dE -4.69	batch_acc 0.9250
[INFO  10:19:06] 60%:	E: 0.00	dE -5.25	batch_acc 0.9050
[INFO  10:19:07] 70%:	E: 0.00	dE -5.14	batch_acc 0.9050
[INFO  10:19:09] 80%:	E: 0.00	dE -4.61	batch_acc 0.9300
[INFO  10:19:10] 90%:	E: 0.00	dE -4.53	batch_acc 0.9350
[INFO  10:19:13] epoch: 13 	 test_acc: 0.8878 	 mean_E: 0.0000
[INFO  10:19:14] 0%:	E: 0.00	dE -3.88	batch_acc 0.9350
[INFO  10:19:15] 10%:	E: 0.00	dE -4.26	batch_acc 0.9350
[INFO  10:19:17] 20%:	E: 0.00	dE -3.08	batch_acc 0.9800
[INFO  10:19:18] 30%:	E: 0.00	dE -5.29	batch_acc 0.9150
[INFO  10:19:20] 40%:	E: 0.00	dE -4.73	batch_acc 0.9100
[INFO  10:19:21] 50%:	E: 0.00	dE -4.84	batch_acc 0.9400
[INFO  10:19:23] 60%:	E: 0.00	dE -3.71	batch_acc 0.9550
[INFO  10:19:25] 70%:	E: 0.00	dE -4.83	batch_acc 0.9150
[INFO  10:19:26] 80%:	E: 0.00	dE -4.43	batch_acc 0.9400
[INFO  10:19:28] 90%:	E: 0.00	dE -4.44	batch_acc 0.9200
[INFO  10:19:31] epoch: 14 	 test_acc: 0.8892 	 mean_E: 0.0000
[INFO  10:19:31] 0%:	E: 0.00	dE -5.09	batch_acc 0.9150
[INFO  10:19:33] 10%:	E: 0.00	dE -3.81	batch_acc 0.9400
[INFO  10:19:34] 20%:	E: 0.00	dE -5.25	batch_acc 0.9150
[INFO  10:19:36] 30%:	E: 0.00	dE -4.56	batch_acc 0.9350
[INFO  10:19:37] 40%:	E: 0.00	dE -5.05	batch_acc 0.9050
[INFO  10:19:39] 50%:	E: 0.00	dE -4.49	batch_acc 0.9350
[INFO  10:19:40] 60%:	E: 0.00	dE -4.19	batch_acc 0.9550
[INFO  10:19:42] 70%:	E: 0.00	dE -3.94	batch_acc 0.9450
[INFO  10:19:43] 80%:	E: 0.00	dE -4.29	batch_acc 0.9450
[INFO  10:19:45] 90%:	E: 0.00	dE -4.57	batch_acc 0.9250
[INFO  10:19:48] epoch: 15 	 test_acc: 0.8906 	 mean_E: 0.0000
[INFO  10:19:48] 0%:	E: 0.00	dE -3.98	batch_acc 0.9350
[INFO  10:19:50] 10%:	E: 0.00	dE -3.15	batch_acc 0.9600
[INFO  10:19:51] 20%:	E: 0.00	dE -4.10	batch_acc 0.9400
[INFO  10:19:53] 30%:	E: 0.00	dE -3.75	batch_acc 0.9650
[INFO  10:19:54] 40%:	E: 0.00	dE -4.06	batch_acc 0.9450
[INFO  10:19:56] 50%:	E: 0.00	dE -4.51	batch_acc 0.9400
[INFO  10:19:57] 60%:	E: 0.00	dE -4.35	batch_acc 0.9350
[INFO  10:19:59] 70%:	E: 0.00	dE -5.96	batch_acc 0.8950
[INFO  10:20:00] 80%:	E: 0.00	dE -4.56	batch_acc 0.9100
[INFO  10:20:02] 90%:	E: 0.00	dE -3.78	batch_acc 0.9600
[INFO  10:20:05] epoch: 16 	 test_acc: 0.8935 	 mean_E: 0.0000
[INFO  10:20:05] 0%:	E: 0.00	dE -4.43	batch_acc 0.9300
[INFO  10:20:07] 10%:	E: 0.00	dE -4.21	batch_acc 0.9550
[INFO  10:20:08] 20%:	E: 0.00	dE -4.48	batch_acc 0.9300
[INFO  10:20:10] 30%:	E: 0.00	dE -3.78	batch_acc 0.9450
[INFO  10:20:11] 40%:	E: 0.00	dE -4.75	batch_acc 0.9150
[INFO  10:20:13] 50%:	E: 0.00	dE -4.15	batch_acc 0.9500
[INFO  10:20:14] 60%:	E: 0.00	dE -4.02	batch_acc 0.9400
[INFO  10:20:16] 70%:	E: 0.00	dE -4.04	batch_acc 0.9450
[INFO  10:20:18] 80%:	E: 0.00	dE -4.48	batch_acc 0.9450
[INFO  10:20:19] 90%:	E: 0.00	dE -3.65	batch_acc 0.9400
[INFO  10:20:22] epoch: 17 	 test_acc: 0.8898 	 mean_E: 0.0000
[INFO  10:20:22] 0%:	E: 0.00	dE -5.10	batch_acc 0.9150
[INFO  10:20:24] 10%:	E: 0.00	dE -4.02	batch_acc 0.9350
[INFO  10:20:25] 20%:	E: 0.00	dE -3.72	batch_acc 0.9500
[INFO  10:20:27] 30%:	E: 0.00	dE -3.24	batch_acc 0.9650
[INFO  10:20:29] 40%:	E: 0.00	dE -3.78	batch_acc 0.9500
[INFO  10:20:30] 50%:	E: 0.00	dE -4.32	batch_acc 0.9350
[INFO  10:20:32] 60%:	E: 0.00	dE -3.75	batch_acc 0.9550
[INFO  10:20:33] 70%:	E: 0.00	dE -4.96	batch_acc 0.9300
[INFO  10:20:35] 80%:	E: 0.00	dE -4.65	batch_acc 0.9150
[INFO  10:20:36] 90%:	E: 0.00	dE -3.83	batch_acc 0.9500
[INFO  10:20:39] epoch: 18 	 test_acc: 0.8940 	 mean_E: 0.0000
[INFO  10:20:39] 0%:	E: 0.00	dE -3.44	batch_acc 0.9550
[INFO  10:20:41] 10%:	E: 0.00	dE -3.28	batch_acc 0.9600
[INFO  10:20:42] 20%:	E: 0.00	dE -4.65	batch_acc 0.9150
[INFO  10:20:44] 30%:	E: 0.00	dE -3.44	batch_acc 0.9650
[INFO  10:20:45] 40%:	E: 0.00	dE -4.73	batch_acc 0.9350
[INFO  10:20:47] 50%:	E: 0.00	dE -4.00	batch_acc 0.9550
[INFO  10:20:48] 60%:	E: 0.00	dE -4.88	batch_acc 0.9450
[INFO  10:20:50] 70%:	E: 0.00	dE -3.38	batch_acc 0.9650
[INFO  10:20:51] 80%:	E: 0.00	dE -3.66	batch_acc 0.9500
[INFO  10:20:53] 90%:	E: 0.00	dE -3.10	batch_acc 0.9650
[INFO  10:20:56] epoch: 19 	 test_acc: 0.8951 	 mean_E: 0.0000
[INFO  10:20:56] 0%:	E: 0.00	dE -3.97	batch_acc 0.9450
[INFO  10:20:58] 10%:	E: 0.00	dE -3.96	batch_acc 0.9500
[INFO  10:20:59] 20%:	E: 0.00	dE -3.76	batch_acc 0.9400
[INFO  10:21:01] 30%:	E: 0.00	dE -3.76	batch_acc 0.9500
[INFO  10:21:02] 40%:	E: 0.00	dE -3.19	batch_acc 0.9650
[INFO  10:21:04] 50%:	E: 0.00	dE -4.04	batch_acc 0.9300
[INFO  10:21:05] 60%:	E: 0.00	dE -3.82	batch_acc 0.9550
[INFO  10:21:07] 70%:	E: 0.00	dE -4.26	batch_acc 0.9400
[INFO  10:21:08] 80%:	E: 0.00	dE -4.33	batch_acc 0.9450
[INFO  10:21:10] 90%:	E: 0.00	dE -3.64	batch_acc 0.9500
[INFO  10:21:13] epoch: 20 	 test_acc: 0.8964 	 mean_E: 0.0000
[INFO  10:21:13] 0%:	E: 0.00	dE -3.57	batch_acc 0.9550
[INFO  10:21:14] 10%:	E: 0.00	dE -2.95	batch_acc 0.9600
[INFO  10:21:16] 20%:	E: 0.00	dE -4.48	batch_acc 0.9350
[INFO  10:21:17] 30%:	E: 0.00	dE -3.96	batch_acc 0.9400
[INFO  10:21:19] 40%:	E: 0.00	dE -2.93	batch_acc 0.9600
[INFO  10:21:20] 50%:	E: 0.00	dE -4.01	batch_acc 0.9350
[INFO  10:21:22] 60%:	E: 0.00	dE -3.65	batch_acc 0.9550
[INFO  10:21:23] 70%:	E: 0.00	dE -4.29	batch_acc 0.9250
[INFO  10:21:25] 80%:	E: 0.00	dE -3.62	batch_acc 0.9600
[INFO  10:21:26] 90%:	E: 0.00	dE -3.64	batch_acc 0.9650
[INFO  10:21:29] epoch: 21 	 test_acc: 0.8966 	 mean_E: 0.0000
[INFO  10:21:30] 0%:	E: 0.00	dE -3.05	batch_acc 0.9700
[INFO  10:21:31] 10%:	E: 0.00	dE -3.13	batch_acc 0.9600
[INFO  10:21:32] 20%:	E: 0.00	dE -3.00	batch_acc 0.9750
[INFO  10:21:34] 30%:	E: 0.00	dE -4.53	batch_acc 0.9250
[INFO  10:21:36] 40%:	E: 0.00	dE -4.17	batch_acc 0.9400
[INFO  10:21:37] 50%:	E: 0.00	dE -3.75	batch_acc 0.9500
[INFO  10:21:39] 60%:	E: 0.00	dE -4.52	batch_acc 0.9300
[INFO  10:21:41] 70%:	E: 0.00	dE -3.43	batch_acc 0.9500
[INFO  10:21:42] 80%:	E: 0.00	dE -3.18	batch_acc 0.9700
[INFO  10:21:44] 90%:	E: 0.00	dE -3.55	batch_acc 0.9700
[INFO  10:21:47] epoch: 22 	 test_acc: 0.8936 	 mean_E: 0.0000
[INFO  10:21:47] 0%:	E: 0.00	dE -3.62	batch_acc 0.9600
[INFO  10:21:49] 10%:	E: 0.00	dE -3.63	batch_acc 0.9550
[INFO  10:21:51] 20%:	E: 0.00	dE -3.45	batch_acc 0.9450
[INFO  10:21:52] 30%:	E: 0.00	dE -3.28	batch_acc 0.9550
[INFO  10:21:54] 40%:	E: 0.00	dE -5.42	batch_acc 0.8950
[INFO  10:21:55] 50%:	E: 0.00	dE -3.36	batch_acc 0.9550
[INFO  10:21:57] 60%:	E: 0.00	dE -3.26	batch_acc 0.9750
[INFO  10:21:58] 70%:	E: 0.00	dE -3.23	batch_acc 0.9800
[INFO  10:22:00] 80%:	E: 0.00	dE -2.78	batch_acc 0.9850
[INFO  10:22:01] 90%:	E: 0.00	dE -3.65	batch_acc 0.9500
[INFO  10:22:04] epoch: 23 	 test_acc: 0.8951 	 mean_E: 0.0000
[INFO  10:22:04] 0%:	E: 0.00	dE -3.06	batch_acc 0.9750
[INFO  10:22:06] 10%:	E: 0.00	dE -3.25	batch_acc 0.9800
[INFO  10:22:08] 20%:	E: 0.00	dE -2.79	batch_acc 0.9700
[INFO  10:22:09] 30%:	E: 0.00	dE -3.90	batch_acc 0.9700
[INFO  10:22:11] 40%:	E: 0.00	dE -3.33	batch_acc 0.9500
[INFO  10:22:12] 50%:	E: 0.00	dE -3.11	batch_acc 0.9800
[INFO  10:22:13] 60%:	E: 0.00	dE -4.59	batch_acc 0.9400
[INFO  10:22:15] 70%:	E: 0.00	dE -5.07	batch_acc 0.9250
[INFO  10:22:17] 80%:	E: 0.00	dE -2.87	batch_acc 0.9850
[INFO  10:22:18] 90%:	E: 0.00	dE -3.38	batch_acc 0.9650
[INFO  10:22:21] epoch: 24 	 test_acc: 0.8945 	 mean_E: 0.0000
[INFO  10:22:21] 0%:	E: 0.00	dE -3.06	batch_acc 0.9700
[INFO  10:22:23] 10%:	E: 0.00	dE -2.71	batch_acc 0.9800
[INFO  10:22:24] 20%:	E: 0.00	dE -2.69	batch_acc 0.9800
[INFO  10:22:26] 30%:	E: 0.00	dE -3.55	batch_acc 0.9650
[INFO  10:22:27] 40%:	E: 0.00	dE -4.23	batch_acc 0.9450
[INFO  10:22:29] 50%:	E: 0.00	dE -2.88	batch_acc 0.9800
[INFO  10:22:31] 60%:	E: 0.00	dE -3.61	batch_acc 0.9550
[INFO  10:22:32] 70%:	E: 0.00	dE -3.66	batch_acc 0.9600
[INFO  10:22:34] 80%:	E: 0.00	dE -3.21	batch_acc 0.9500
[INFO  10:22:35] 90%:	E: 0.00	dE -3.87	batch_acc 0.9600
[INFO  10:22:38] epoch: 25 	 test_acc: 0.8951 	 mean_E: 0.0000
[INFO  10:22:39] 0%:	E: 0.00	dE -2.45	batch_acc 0.9900
[INFO  10:22:40] 10%:	E: 0.00	dE -3.73	batch_acc 0.9600
[INFO  10:22:41] 20%:	E: 0.00	dE -3.19	batch_acc 0.9550
[INFO  10:22:43] 30%:	E: 0.00	dE -4.11	batch_acc 0.9450
[INFO  10:22:44] 40%:	E: 0.00	dE -3.01	batch_acc 0.9700
[INFO  10:22:46] 50%:	E: 0.00	dE -3.50	batch_acc 0.9600
[INFO  10:22:48] 60%:	E: 0.00	dE -3.07	batch_acc 0.9650
[INFO  10:22:49] 70%:	E: 0.00	dE -3.18	batch_acc 0.9600
[INFO  10:22:51] 80%:	E: 0.00	dE -3.54	batch_acc 0.9650
[INFO  10:22:52] 90%:	E: 0.00	dE -4.08	batch_acc 0.9450
[INFO  10:22:55] epoch: 26 	 test_acc: 0.8960 	 mean_E: 0.0000
[INFO  10:22:55] 0%:	E: 0.00	dE -3.30	batch_acc 0.9600
[INFO  10:22:57] 10%:	E: 0.00	dE -3.10	batch_acc 0.9450
[INFO  10:22:58] 20%:	E: 0.00	dE -4.06	batch_acc 0.9450
[INFO  10:23:00] 30%:	E: 0.00	dE -3.29	batch_acc 0.9550
[INFO  10:23:01] 40%:	E: 0.00	dE -2.79	batch_acc 0.9800
[INFO  10:23:03] 50%:	E: 0.00	dE -3.32	batch_acc 0.9750
[INFO  10:23:05] 60%:	E: 0.00	dE -3.15	batch_acc 0.9650
[INFO  10:23:06] 70%:	E: 0.00	dE -3.01	batch_acc 0.9700
[INFO  10:23:08] 80%:	E: 0.00	dE -2.82	batch_acc 0.9800
[INFO  10:23:09] 90%:	E: 0.00	dE -3.11	batch_acc 0.9800
[INFO  10:23:12] epoch: 27 	 test_acc: 0.8957 	 mean_E: 0.0000
[INFO  10:23:13] 0%:	E: 0.00	dE -2.56	batch_acc 0.9850
[INFO  10:23:14] 10%:	E: 0.00	dE -2.72	batch_acc 0.9650
[INFO  10:23:16] 20%:	E: 0.00	dE -3.14	batch_acc 0.9500
[INFO  10:23:17] 30%:	E: 0.00	dE -3.11	batch_acc 0.9700
[INFO  10:23:19] 40%:	E: 0.00	dE -3.27	batch_acc 0.9600
[INFO  10:23:20] 50%:	E: 0.00	dE -3.27	batch_acc 0.9750
[INFO  10:23:22] 60%:	E: 0.00	dE -3.14	batch_acc 0.9750
[INFO  10:23:23] 70%:	E: 0.00	dE -4.24	batch_acc 0.9200
[INFO  10:23:25] 80%:	E: 0.00	dE -2.81	batch_acc 0.9650
[INFO  10:23:26] 90%:	E: 0.00	dE -3.43	batch_acc 0.9550
[INFO  10:23:29] epoch: 28 	 test_acc: 0.8926 	 mean_E: 0.0000
[INFO  10:23:29] 0%:	E: 0.00	dE -3.64	batch_acc 0.9450
[INFO  10:23:31] 10%:	E: 0.00	dE -2.69	batch_acc 0.9700
[INFO  10:23:32] 20%:	E: 0.00	dE -3.65	batch_acc 0.9450
[INFO  10:23:34] 30%:	E: 0.00	dE -2.33	batch_acc 0.9850
[INFO  10:23:36] 40%:	E: 0.00	dE -3.32	batch_acc 0.9650
[INFO  10:23:37] 50%:	E: 0.00	dE -3.00	batch_acc 0.9750
[INFO  10:23:39] 60%:	E: 0.00	dE -3.09	batch_acc 0.9700
[INFO  10:23:40] 70%:	E: 0.00	dE -2.85	batch_acc 0.9700
[INFO  10:23:42] 80%:	E: 0.00	dE -3.78	batch_acc 0.9500
[INFO  10:23:43] 90%:	E: 0.00	dE -3.27	batch_acc 0.9700
[INFO  10:23:46] epoch: 29 	 test_acc: 0.8973 	 mean_E: 0.0000
[INFO  10:23:46] 0%:	E: 0.00	dE -3.13	batch_acc 0.9650
[INFO  10:23:48] 10%:	E: 0.00	dE -2.87	batch_acc 0.9750
[INFO  10:23:50] 20%:	E: 0.00	dE -3.29	batch_acc 0.9650
[INFO  10:23:51] 30%:	E: 0.00	dE -2.90	batch_acc 0.9750
[INFO  10:23:53] 40%:	E: 0.00	dE -3.13	batch_acc 0.9700
[INFO  10:23:54] 50%:	E: 0.00	dE -2.80	batch_acc 0.9750
[INFO  10:23:56] 60%:	E: 0.00	dE -2.49	batch_acc 0.9800
[INFO  10:23:57] 70%:	E: 0.00	dE -2.58	batch_acc 0.9700
[INFO  10:23:59] 80%:	E: 0.00	dE -2.82	batch_acc 0.9600
[INFO  10:24:00] 90%:	E: 0.00	dE -3.44	batch_acc 0.9650
[INFO  10:24:04] epoch: 30 	 test_acc: 0.9002 	 mean_E: 0.0000
[INFO  10:24:04] 0%:	E: 0.00	dE -2.66	batch_acc 0.9650
[INFO  10:24:05] 10%:	E: 0.00	dE -2.92	batch_acc 0.9650
[INFO  10:24:07] 20%:	E: 0.00	dE -3.79	batch_acc 0.9500
[INFO  10:24:08] 30%:	E: 0.00	dE -2.67	batch_acc 0.9600
[INFO  10:24:10] 40%:	E: 0.00	dE -3.18	batch_acc 0.9700
[INFO  10:24:11] 50%:	E: 0.00	dE -2.89	batch_acc 0.9700
[INFO  10:24:13] 60%:	E: 0.00	dE -2.78	batch_acc 0.9700
[INFO  10:24:14] 70%:	E: 0.00	dE -3.11	batch_acc 0.9650
[INFO  10:24:16] 80%:	E: 0.00	dE -3.46	batch_acc 0.9650
[INFO  10:24:17] 90%:	E: 0.00	dE -3.55	batch_acc 0.9650
[INFO  10:24:21] epoch: 31 	 test_acc: 0.8991 	 mean_E: 0.0000
[INFO  10:24:21] 0%:	E: 0.00	dE -3.19	batch_acc 0.9600
[INFO  10:24:22] 10%:	E: 0.00	dE -2.85	batch_acc 0.9750
[INFO  10:24:24] 20%:	E: 0.00	dE -3.03	batch_acc 0.9650
[INFO  10:24:25] 30%:	E: 0.00	dE -2.88	batch_acc 0.9750
[INFO  10:24:27] 40%:	E: 0.00	dE -3.20	batch_acc 0.9800
[INFO  10:24:28] 50%:	E: 0.00	dE -3.39	batch_acc 0.9750
[INFO  10:24:30] 60%:	E: 0.00	dE -2.72	batch_acc 0.9650
[INFO  10:24:31] 70%:	E: 0.00	dE -3.27	batch_acc 0.9650
[INFO  10:24:33] 80%:	E: 0.00	dE -2.87	batch_acc 0.9700
[INFO  10:24:35] 90%:	E: 0.00	dE -3.50	batch_acc 0.9750
[INFO  10:24:38] epoch: 32 	 test_acc: 0.8978 	 mean_E: 0.0000
[INFO  10:24:38] 0%:	E: 0.00	dE -2.66	batch_acc 0.9750
[INFO  10:24:39] 10%:	E: 0.00	dE -3.08	batch_acc 0.9700
[INFO  10:24:41] 20%:	E: 0.00	dE -2.38	batch_acc 0.9800
[INFO  10:24:42] 30%:	E: 0.00	dE -2.40	batch_acc 0.9800
[INFO  10:24:44] 40%:	E: 0.00	dE -2.76	batch_acc 0.9650
[INFO  10:24:45] 50%:	E: 0.00	dE -2.79	batch_acc 0.9800
[INFO  10:24:47] 60%:	E: 0.00	dE -3.14	batch_acc 0.9800
[INFO  10:24:49] 70%:	E: 0.00	dE -2.95	batch_acc 0.9650
[INFO  10:24:50] 80%:	E: 0.00	dE -3.22	batch_acc 0.9600
[INFO  10:24:52] 90%:	E: 0.00	dE -2.54	batch_acc 0.9800
[INFO  10:24:55] epoch: 33 	 test_acc: 0.8992 	 mean_E: 0.0000
[INFO  10:24:55] 0%:	E: 0.00	dE -1.97	batch_acc 0.9850
[INFO  10:24:57] 10%:	E: 0.00	dE -2.29	batch_acc 0.9850
[INFO  10:24:58] 20%:	E: 0.00	dE -2.85	batch_acc 0.9750
[INFO  10:25:00] 30%:	E: 0.00	dE -1.71	batch_acc 0.9950
[INFO  10:25:01] 40%:	E: 0.00	dE -2.60	batch_acc 0.9800
[INFO  10:25:02] 50%:	E: 0.00	dE -2.64	batch_acc 0.9700
[INFO  10:25:04] 60%:	E: 0.00	dE -2.48	batch_acc 0.9800
[INFO  10:25:06] 70%:	E: 0.00	dE -3.36	batch_acc 0.9700
[INFO  10:25:07] 80%:	E: 0.00	dE -2.46	batch_acc 0.9900
[INFO  10:25:09] 90%:	E: 0.00	dE -2.72	batch_acc 0.9800
[INFO  10:25:12] epoch: 34 	 test_acc: 0.8982 	 mean_E: 0.0000
[INFO  10:25:12] 0%:	E: 0.00	dE -3.73	batch_acc 0.9700
[INFO  10:25:13] 10%:	E: 0.00	dE -2.34	batch_acc 0.9750
[INFO  10:25:15] 20%:	E: 0.00	dE -2.31	batch_acc 0.9800
[INFO  10:25:16] 30%:	E: 0.00	dE -2.50	batch_acc 0.9750
[INFO  10:25:18] 40%:	E: 0.00	dE -2.05	batch_acc 0.9900
[INFO  10:25:19] 50%:	E: 0.00	dE -2.25	batch_acc 0.9850
[INFO  10:25:21] 60%:	E: 0.00	dE -2.40	batch_acc 0.9650
[INFO  10:25:23] 70%:	E: 0.00	dE -3.40	batch_acc 0.9550
[INFO  10:25:24] 80%:	E: 0.00	dE -2.58	batch_acc 0.9750
[INFO  10:25:26] 90%:	E: 0.00	dE -2.77	batch_acc 0.9750
[INFO  10:25:29] epoch: 35 	 test_acc: 0.8993 	 mean_E: 0.0000
[INFO  10:25:29] 0%:	E: 0.00	dE -2.74	batch_acc 0.9750
[INFO  10:25:30] 10%:	E: 0.00	dE -2.59	batch_acc 0.9750
[INFO  10:25:32] 20%:	E: 0.00	dE -2.61	batch_acc 0.9800
[INFO  10:25:33] 30%:	E: 0.00	dE -2.44	batch_acc 0.9900
[INFO  10:25:35] 40%:	E: 0.00	dE -2.50	batch_acc 0.9750
[INFO  10:25:37] 50%:	E: 0.00	dE -2.37	batch_acc 0.9900
[INFO  10:25:38] 60%:	E: 0.00	dE -1.68	batch_acc 0.9950
[INFO  10:25:40] 70%:	E: 0.00	dE -2.27	batch_acc 0.9850
[INFO  10:25:41] 80%:	E: 0.00	dE -2.44	batch_acc 0.9750
[INFO  10:25:43] 90%:	E: 0.00	dE -3.62	batch_acc 0.9600
[INFO  10:25:46] epoch: 36 	 test_acc: 0.8990 	 mean_E: 0.0000
[INFO  10:25:46] 0%:	E: 0.00	dE -2.25	batch_acc 0.9700
[INFO  10:25:47] 10%:	E: 0.00	dE -3.06	batch_acc 0.9500
[INFO  10:25:49] 20%:	E: 0.00	dE -1.97	batch_acc 1.0000
[INFO  10:25:50] 30%:	E: 0.00	dE -2.49	batch_acc 0.9800
[INFO  10:25:52] 40%:	E: 0.00	dE -2.51	batch_acc 0.9800
[INFO  10:25:53] 50%:	E: 0.00	dE -2.89	batch_acc 0.9700
[INFO  10:25:55] 60%:	E: 0.00	dE -1.97	batch_acc 0.9900
[INFO  10:25:56] 70%:	E: 0.00	dE -1.97	batch_acc 0.9850
[INFO  10:25:58] 80%:	E: 0.00	dE -2.21	batch_acc 0.9850
[INFO  10:25:59] 90%:	E: 0.00	dE -2.40	batch_acc 0.9850
[INFO  10:26:03] epoch: 37 	 test_acc: 0.8993 	 mean_E: 0.0000
[INFO  10:26:03] 0%:	E: 0.00	dE -1.85	batch_acc 0.9900
[INFO  10:26:04] 10%:	E: 0.00	dE -2.30	batch_acc 0.9800
[INFO  10:26:06] 20%:	E: 0.00	dE -2.12	batch_acc 0.9900
[INFO  10:26:07] 30%:	E: 0.00	dE -2.49	batch_acc 0.9850
[INFO  10:26:09] 40%:	E: 0.00	dE -2.79	batch_acc 0.9800
[INFO  10:26:11] 50%:	E: 0.00	dE -2.46	batch_acc 0.9800
[INFO  10:26:12] 60%:	E: 0.00	dE -2.68	batch_acc 0.9900
[INFO  10:26:14] 70%:	E: 0.00	dE -2.67	batch_acc 0.9700
[INFO  10:26:15] 80%:	E: 0.00	dE -2.26	batch_acc 0.9800
[INFO  10:26:17] 90%:	E: 0.00	dE -2.08	batch_acc 0.9800
[INFO  10:26:20] epoch: 38 	 test_acc: 0.8974 	 mean_E: 0.0000
[INFO  10:26:20] 0%:	E: 0.00	dE -2.09	batch_acc 0.9850
[INFO  10:26:22] 10%:	E: 0.00	dE -2.56	batch_acc 0.9900
[INFO  10:26:23] 20%:	E: 0.00	dE -2.15	batch_acc 0.9750
[INFO  10:26:25] 30%:	E: 0.00	dE -3.12	batch_acc 0.9700
[INFO  10:26:26] 40%:	E: 0.00	dE -3.19	batch_acc 0.9750
[INFO  10:26:28] 50%:	E: 0.00	dE -2.58	batch_acc 0.9700
[INFO  10:26:30] 60%:	E: 0.00	dE -2.01	batch_acc 0.9800
[INFO  10:26:31] 70%:	E: 0.00	dE -2.34	batch_acc 0.9750
[INFO  10:26:33] 80%:	E: 0.00	dE -2.00	batch_acc 0.9950
[INFO  10:26:34] 90%:	E: 0.00	dE -1.74	batch_acc 0.9900
[INFO  10:26:37] epoch: 39 	 test_acc: 0.8976 	 mean_E: 0.0000
[INFO  10:26:38] 0%:	E: 0.00	dE -1.48	batch_acc 0.9950
[INFO  10:26:39] 10%:	E: 0.00	dE -2.55	batch_acc 0.9700
[INFO  10:26:41] 20%:	E: 0.00	dE -2.13	batch_acc 0.9800
[INFO  10:26:42] 30%:	E: 0.00	dE -2.67	batch_acc 0.9850
[INFO  10:26:44] 40%:	E: 0.00	dE -2.96	batch_acc 0.9550
[INFO  10:26:45] 50%:	E: 0.00	dE -2.09	batch_acc 0.9700
[INFO  10:26:47] 60%:	E: 0.00	dE -1.85	batch_acc 0.9900
[INFO  10:26:48] 70%:	E: 0.00	dE -2.61	batch_acc 0.9750
[INFO  10:26:50] 80%:	E: 0.00	dE -2.15	batch_acc 0.9950
[INFO  10:26:51] 90%:	E: 0.00	dE -2.48	batch_acc 0.9850
[INFO  10:26:54] epoch: 40 	 test_acc: 0.9018 	 mean_E: 0.0000
[INFO  10:26:55] 0%:	E: 0.00	dE -1.96	batch_acc 0.9900
[INFO  10:26:56] 10%:	E: 0.00	dE -1.99	batch_acc 0.9950
[INFO  10:26:58] 20%:	E: 0.00	dE -1.61	batch_acc 0.9950
[INFO  10:26:59] 30%:	E: 0.00	dE -2.89	batch_acc 0.9700
[INFO  10:27:01] 40%:	E: 0.00	dE -2.15	batch_acc 0.9850
[INFO  10:27:02] 50%:	E: 0.00	dE -2.90	batch_acc 0.9700
[INFO  10:27:04] 60%:	E: 0.00	dE -2.02	batch_acc 0.9900
[INFO  10:27:05] 70%:	E: 0.00	dE -2.83	batch_acc 0.9800
[INFO  10:27:07] 80%:	E: 0.00	dE -1.76	batch_acc 0.9950
[INFO  10:27:08] 90%:	E: 0.00	dE -2.09	batch_acc 0.9850
[INFO  10:27:11] epoch: 41 	 test_acc: 0.9005 	 mean_E: 0.0000
[INFO  10:27:11] 0%:	E: 0.00	dE -1.78	batch_acc 1.0000
[INFO  10:27:13] 10%:	E: 0.00	dE -2.23	batch_acc 0.9850
[INFO  10:27:15] 20%:	E: 0.00	dE -1.96	batch_acc 0.9900
[INFO  10:27:16] 30%:	E: 0.00	dE -2.16	batch_acc 0.9900
[INFO  10:27:18] 40%:	E: 0.00	dE -2.33	batch_acc 0.9750
[INFO  10:27:19] 50%:	E: 0.00	dE -1.77	batch_acc 0.9950
[INFO  10:27:21] 60%:	E: 0.00	dE -2.64	batch_acc 0.9850
[INFO  10:27:22] 70%:	E: 0.00	dE -2.44	batch_acc 0.9750
[INFO  10:27:24] 80%:	E: 0.00	dE -2.48	batch_acc 0.9850
[INFO  10:27:25] 90%:	E: 0.00	dE -3.31	batch_acc 0.9700
[INFO  10:27:28] epoch: 42 	 test_acc: 0.9001 	 mean_E: 0.0000
[INFO  10:27:29] 0%:	E: 0.00	dE -2.11	batch_acc 0.9850
[INFO  10:27:30] 10%:	E: 0.00	dE -2.64	batch_acc 0.9800
[INFO  10:27:32] 20%:	E: 0.00	dE -2.00	batch_acc 0.9850
[INFO  10:27:33] 30%:	E: 0.00	dE -2.79	batch_acc 0.9800
[INFO  10:27:35] 40%:	E: 0.00	dE -2.16	batch_acc 0.9750
[INFO  10:27:36] 50%:	E: 0.00	dE -2.17	batch_acc 0.9750
[INFO  10:27:38] 60%:	E: 0.00	dE -3.10	batch_acc 0.9800
[INFO  10:27:39] 70%:	E: 0.00	dE -2.55	batch_acc 0.9800
[INFO  10:27:41] 80%:	E: 0.00	dE -1.74	batch_acc 0.9950
[INFO  10:27:42] 90%:	E: 0.00	dE -1.93	batch_acc 0.9900
[INFO  10:27:45] epoch: 43 	 test_acc: 0.8982 	 mean_E: 0.0000
[INFO  10:27:45] 0%:	E: 0.00	dE -2.09	batch_acc 0.9900
[INFO  10:27:47] 10%:	E: 0.00	dE -2.22	batch_acc 0.9900
[INFO  10:27:48] 20%:	E: 0.00	dE -1.90	batch_acc 0.9900
[INFO  10:27:50] 30%:	E: 0.00	dE -1.94	batch_acc 0.9900
[INFO  10:27:51] 40%:	E: 0.00	dE -1.98	batch_acc 0.9950
[INFO  10:27:53] 50%:	E: 0.00	dE -2.33	batch_acc 0.9850
[INFO  10:27:54] 60%:	E: 0.00	dE -2.25	batch_acc 0.9900
[INFO  10:27:56] 70%:	E: 0.00	dE -2.16	batch_acc 0.9950
[INFO  10:27:57] 80%:	E: 0.00	dE -1.85	batch_acc 0.9850
[INFO  10:27:59] 90%:	E: 0.00	dE -2.06	batch_acc 0.9900
[INFO  10:28:02] epoch: 44 	 test_acc: 0.8968 	 mean_E: 0.0000
[INFO  10:28:02] 0%:	E: 0.00	dE -1.68	batch_acc 0.9950
[INFO  10:28:04] 10%:	E: 0.00	dE -1.67	batch_acc 0.9950
[INFO  10:28:05] 20%:	E: 0.00	dE -2.32	batch_acc 0.9850
[INFO  10:28:07] 30%:	E: 0.00	dE -2.51	batch_acc 0.9850
[INFO  10:28:08] 40%:	E: 0.00	dE -2.02	batch_acc 0.9950
[INFO  10:28:10] 50%:	E: 0.00	dE -2.07	batch_acc 0.9800
[INFO  10:28:11] 60%:	E: 0.00	dE -2.28	batch_acc 0.9750
[INFO  10:28:13] 70%:	E: 0.00	dE -2.27	batch_acc 0.9800
[INFO  10:28:14] 80%:	E: 0.00	dE -2.10	batch_acc 0.9950
[INFO  10:28:16] 90%:	E: 0.00	dE -2.17	batch_acc 0.9850
[INFO  10:28:19] epoch: 45 	 test_acc: 0.8986 	 mean_E: 0.0000
[INFO  10:28:19] 0%:	E: 0.00	dE -1.98	batch_acc 0.9900
[INFO  10:28:21] 10%:	E: 0.00	dE -1.46	batch_acc 0.9950
[INFO  10:28:22] 20%:	E: 0.00	dE -2.03	batch_acc 0.9850
[INFO  10:28:24] 30%:	E: 0.00	dE -2.26	batch_acc 0.9850
[INFO  10:28:25] 40%:	E: 0.00	dE -2.30	batch_acc 0.9850
[INFO  10:28:27] 50%:	E: 0.00	dE -2.16	batch_acc 0.9850
[INFO  10:28:29] 60%:	E: 0.00	dE -2.29	batch_acc 0.9900
[INFO  10:28:30] 70%:	E: 0.00	dE -2.38	batch_acc 0.9650
[INFO  10:28:32] 80%:	E: 0.00	dE -2.88	batch_acc 0.9700
[INFO  10:28:33] 90%:	E: 0.00	dE -2.25	batch_acc 0.9850
[INFO  10:28:36] epoch: 46 	 test_acc: 0.8970 	 mean_E: 0.0000
[INFO  10:28:36] 0%:	E: 0.00	dE -2.44	batch_acc 0.9800
[INFO  10:28:38] 10%:	E: 0.00	dE -1.62	batch_acc 0.9950
[INFO  10:28:39] 20%:	E: 0.00	dE -1.72	batch_acc 0.9900
[INFO  10:28:41] 30%:	E: 0.00	dE -2.00	batch_acc 0.9950
[INFO  10:28:42] 40%:	E: 0.00	dE -2.05	batch_acc 0.9850
[INFO  10:28:44] 50%:	E: 0.00	dE -1.96	batch_acc 0.9950
[INFO  10:28:45] 60%:	E: 0.00	dE -1.72	batch_acc 0.9950
[INFO  10:28:47] 70%:	E: 0.00	dE -2.61	batch_acc 0.9750
[INFO  10:28:49] 80%:	E: 0.00	dE -2.33	batch_acc 0.9900
[INFO  10:28:50] 90%:	E: 0.00	dE -1.99	batch_acc 0.9900
[INFO  10:28:53] epoch: 47 	 test_acc: 0.9014 	 mean_E: 0.0000
[INFO  10:28:54] 0%:	E: 0.00	dE -1.62	batch_acc 0.9900
[INFO  10:28:55] 10%:	E: 0.00	dE -1.76	batch_acc 0.9950
[INFO  10:28:57] 20%:	E: 0.00	dE -2.05	batch_acc 0.9900
[INFO  10:28:58] 30%:	E: 0.00	dE -2.32	batch_acc 0.9700
[INFO  10:29:00] 40%:	E: 0.00	dE -1.98	batch_acc 0.9850
[INFO  10:29:02] 50%:	E: 0.00	dE -2.49	batch_acc 0.9800
[INFO  10:29:03] 60%:	E: 0.00	dE -2.31	batch_acc 0.9900
[INFO  10:29:05] 70%:	E: 0.00	dE -2.00	batch_acc 0.9900
[INFO  10:29:06] 80%:	E: 0.00	dE -2.04	batch_acc 0.9800
[INFO  10:29:08] 90%:	E: 0.00	dE -2.14	batch_acc 0.9800
[INFO  10:29:11] epoch: 48 	 test_acc: 0.8976 	 mean_E: 0.0000
[INFO  10:29:11] 0%:	E: 0.00	dE -2.01	batch_acc 0.9850
[INFO  10:29:13] 10%:	E: 0.00	dE -1.73	batch_acc 0.9950
[INFO  10:29:14] 20%:	E: 0.00	dE -1.74	batch_acc 0.9900
[INFO  10:29:16] 30%:	E: 0.00	dE -2.09	batch_acc 0.9850
[INFO  10:29:17] 40%:	E: 0.00	dE -1.93	batch_acc 0.9950
[INFO  10:29:19] 50%:	E: 0.00	dE -2.15	batch_acc 0.9850
[INFO  10:29:20] 60%:	E: 0.00	dE -3.33	batch_acc 0.9600
[INFO  10:29:22] 70%:	E: 0.00	dE -2.21	batch_acc 0.9900
[INFO  10:29:23] 80%:	E: 0.00	dE -1.53	batch_acc 1.0000
[INFO  10:29:25] 90%:	E: 0.00	dE -2.34	batch_acc 0.9900
[INFO  10:29:28] epoch: 49 	 test_acc: 0.8981 	 mean_E: 0.0000
[INFO  10:29:28] 0%:	E: 0.00	dE -1.71	batch_acc 0.9950
[INFO  10:29:30] 10%:	E: 0.00	dE -1.80	batch_acc 0.9950
[INFO  10:29:31] 20%:	E: 0.00	dE -1.60	batch_acc 1.0000
[INFO  10:29:33] 30%:	E: 0.00	dE -1.79	batch_acc 0.9850
[INFO  10:29:34] 40%:	E: 0.00	dE -1.78	batch_acc 0.9850
[INFO  10:29:36] 50%:	E: 0.00	dE -1.38	batch_acc 0.9950
[INFO  10:29:37] 60%:	E: 0.00	dE -1.82	batch_acc 0.9900
[INFO  10:29:39] 70%:	E: 0.00	dE -2.32	batch_acc 0.9750
[INFO  10:29:40] 80%:	E: 0.00	dE -1.95	batch_acc 0.9800
[INFO  10:29:42] 90%:	E: 0.00	dE -2.37	batch_acc 0.9850
[INFO  10:29:45] epoch: 50 	 test_acc: 0.8990 	 mean_E: 0.0000
[INFO  10:29:45] 0%:	E: 0.00	dE -1.40	batch_acc 0.9950
[INFO  10:29:46] 10%:	E: 0.00	dE -2.17	batch_acc 0.9750
[INFO  10:29:48] 20%:	E: 0.00	dE -1.69	batch_acc 1.0000
[INFO  10:29:50] 30%:	E: 0.00	dE -1.68	batch_acc 0.9950
[INFO  10:29:51] 40%:	E: 0.00	dE -1.81	batch_acc 0.9950
[INFO  10:29:53] 50%:	E: 0.00	dE -1.81	batch_acc 0.9850
[INFO  10:29:54] 60%:	E: 0.00	dE -1.78	batch_acc 0.9950
[INFO  10:29:56] 70%:	E: 0.00	dE -1.70	batch_acc 0.9900
[INFO  10:29:57] 80%:	E: 0.00	dE -1.90	batch_acc 0.9900
[INFO  10:29:59] 90%:	E: 0.00	dE -1.99	batch_acc 0.9800
[INFO  10:30:02] epoch: 51 	 test_acc: 0.8984 	 mean_E: 0.0000
[INFO  10:30:02] 0%:	E: 0.00	dE -2.37	batch_acc 0.9900
[INFO  10:30:03] 10%:	E: 0.00	dE -1.87	batch_acc 0.9900
[INFO  10:30:05] 20%:	E: 0.00	dE -1.88	batch_acc 0.9950
[INFO  10:30:07] 30%:	E: 0.00	dE -1.61	batch_acc 0.9900
[INFO  10:30:08] 40%:	E: 0.00	dE -2.69	batch_acc 0.9750
[INFO  10:30:10] 50%:	E: 0.00	dE -1.84	batch_acc 0.9850
[INFO  10:30:11] 60%:	E: 0.00	dE -1.67	batch_acc 1.0000
[INFO  10:30:13] 70%:	E: 0.00	dE -2.98	batch_acc 0.9650
[INFO  10:30:14] 80%:	E: 0.00	dE -1.96	batch_acc 0.9950
[INFO  10:30:16] 90%:	E: 0.00	dE -2.57	batch_acc 0.9650
[INFO  10:30:19] epoch: 52 	 test_acc: 0.8984 	 mean_E: 0.0000
[INFO  10:30:19] 0%:	E: 0.00	dE -1.84	batch_acc 0.9900
[INFO  10:30:21] 10%:	E: 0.00	dE -1.96	batch_acc 0.9950
[INFO  10:30:22] 20%:	E: 0.00	dE -1.79	batch_acc 0.9800
[INFO  10:30:24] 30%:	E: 0.00	dE -1.62	batch_acc 0.9900
[INFO  10:30:25] 40%:	E: 0.00	dE -1.97	batch_acc 0.9850
[INFO  10:30:27] 50%:	E: 0.00	dE -1.54	batch_acc 0.9950
[INFO  10:30:28] 60%:	E: 0.00	dE -1.47	batch_acc 1.0000
[INFO  10:30:30] 70%:	E: 0.00	dE -1.66	batch_acc 1.0000
[INFO  10:30:31] 80%:	E: 0.00	dE -1.50	batch_acc 0.9950
[INFO  10:30:33] 90%:	E: 0.00	dE -1.60	batch_acc 0.9950
[INFO  10:30:36] epoch: 53 	 test_acc: 0.8984 	 mean_E: 0.0000
[INFO  10:30:36] 0%:	E: 0.00	dE -1.78	batch_acc 0.9850
[INFO  10:30:38] 10%:	E: 0.00	dE -1.57	batch_acc 1.0000
[INFO  10:30:39] 20%:	E: 0.00	dE -1.43	batch_acc 0.9950
[INFO  10:30:41] 30%:	E: 0.00	dE -2.19	batch_acc 0.9950
[INFO  10:30:42] 40%:	E: 0.00	dE -1.39	batch_acc 0.9900
[INFO  10:30:44] 50%:	E: 0.00	dE -1.56	batch_acc 1.0000
[INFO  10:30:45] 60%:	E: 0.00	dE -1.89	batch_acc 0.9950
[INFO  10:30:47] 70%:	E: 0.00	dE -1.53	batch_acc 0.9900
[INFO  10:30:49] 80%:	E: 0.00	dE -1.53	batch_acc 0.9950
[INFO  10:30:50] 90%:	E: 0.00	dE -2.32	batch_acc 0.9700
[INFO  10:30:53] epoch: 54 	 test_acc: 0.8985 	 mean_E: 0.0000
[INFO  10:30:53] 0%:	E: 0.00	dE -1.40	batch_acc 1.0000
[INFO  10:30:55] 10%:	E: 0.00	dE -1.85	batch_acc 0.9950
[INFO  10:30:56] 20%:	E: 0.00	dE -1.67	batch_acc 0.9900
[INFO  10:30:58] 30%:	E: 0.00	dE -1.96	batch_acc 0.9900
[INFO  10:30:59] 40%:	E: 0.00	dE -2.10	batch_acc 0.9750
[INFO  10:31:01] 50%:	E: 0.00	dE -1.78	batch_acc 0.9950
[INFO  10:31:02] 60%:	E: 0.00	dE -1.80	batch_acc 0.9950
[INFO  10:31:04] 70%:	E: 0.00	dE -1.54	batch_acc 0.9900
[INFO  10:31:06] 80%:	E: 0.00	dE -2.00	batch_acc 0.9900
[INFO  10:31:07] 90%:	E: 0.00	dE -1.67	batch_acc 0.9950
[INFO  10:31:10] epoch: 55 	 test_acc: 0.8968 	 mean_E: 0.0000
[INFO  10:31:11] 0%:	E: 0.00	dE -1.54	batch_acc 0.9850
[INFO  10:31:12] 10%:	E: 0.00	dE -1.33	batch_acc 1.0000
[INFO  10:31:14] 20%:	E: 0.00	dE -1.51	batch_acc 0.9950
[INFO  10:31:15] 30%:	E: 0.00	dE -2.20	batch_acc 0.9800
[INFO  10:31:17] 40%:	E: 0.00	dE -1.51	batch_acc 0.9950
[INFO  10:31:19] 50%:	E: 0.00	dE -1.62	batch_acc 0.9950
[INFO  10:31:20] 60%:	E: 0.00	dE -1.58	batch_acc 0.9900
[INFO  10:31:22] 70%:	E: 0.00	dE -1.26	batch_acc 0.9900
[INFO  10:31:23] 80%:	E: 0.00	dE -1.97	batch_acc 0.9900
[INFO  10:31:25] 90%:	E: 0.00	dE -1.77	batch_acc 0.9900
[INFO  10:31:28] epoch: 56 	 test_acc: 0.8986 	 mean_E: 0.0000
[INFO  10:31:28] 0%:	E: 0.00	dE -1.82	batch_acc 0.9850
[INFO  10:31:29] 10%:	E: 0.00	dE -1.51	batch_acc 1.0000
[INFO  10:31:31] 20%:	E: 0.00	dE -1.73	batch_acc 0.9800
[INFO  10:31:32] 30%:	E: 0.00	dE -1.62	batch_acc 1.0000
[INFO  10:31:34] 40%:	E: 0.00	dE -1.73	batch_acc 0.9850
[INFO  10:31:35] 50%:	E: 0.00	dE -1.65	batch_acc 0.9900
[INFO  10:31:37] 60%:	E: 0.00	dE -1.54	batch_acc 0.9950
[INFO  10:31:39] 70%:	E: 0.00	dE -1.58	batch_acc 1.0000
[INFO  10:31:40] 80%:	E: 0.00	dE -2.23	batch_acc 0.9800
[INFO  10:31:42] 90%:	E: 0.00	dE -1.75	batch_acc 1.0000
[INFO  10:31:45] epoch: 57 	 test_acc: 0.8992 	 mean_E: 0.0000
[INFO  10:31:45] 0%:	E: 0.00	dE -1.05	batch_acc 0.9900
[INFO  10:31:46] 10%:	E: 0.00	dE -1.70	batch_acc 0.9850
[INFO  10:31:48] 20%:	E: 0.00	dE -1.54	batch_acc 0.9950
[INFO  10:31:49] 30%:	E: 0.00	dE -1.82	batch_acc 0.9850
[INFO  10:31:51] 40%:	E: 0.00	dE -1.74	batch_acc 0.9950
[INFO  10:31:53] 50%:	E: 0.00	dE -1.72	batch_acc 0.9900
[INFO  10:31:54] 60%:	E: 0.00	dE -1.67	batch_acc 0.9900
[INFO  10:31:56] 70%:	E: 0.00	dE -1.59	batch_acc 1.0000
[INFO  10:31:57] 80%:	E: 0.00	dE -1.50	batch_acc 1.0000
[INFO  10:31:59] 90%:	E: 0.00	dE -2.07	batch_acc 0.9850
[INFO  10:32:02] epoch: 58 	 test_acc: 0.8991 	 mean_E: 0.0000
[INFO  10:32:02] 0%:	E: 0.00	dE -1.52	batch_acc 0.9850
[INFO  10:32:04] 10%:	E: 0.00	dE -1.68	batch_acc 0.9950
[INFO  10:32:05] 20%:	E: 0.00	dE -2.24	batch_acc 0.9900
[INFO  10:32:07] 30%:	E: 0.00	dE -1.67	batch_acc 0.9950
[INFO  10:32:08] 40%:	E: 0.00	dE -2.05	batch_acc 0.9800
[INFO  10:32:10] 50%:	E: 0.00	dE -1.78	batch_acc 0.9950
[INFO  10:32:11] 60%:	E: 0.00	dE -1.78	batch_acc 0.9900
[INFO  10:32:13] 70%:	E: 0.00	dE -1.71	batch_acc 0.9850
[INFO  10:32:14] 80%:	E: 0.00	dE -1.65	batch_acc 1.0000
[INFO  10:32:16] 90%:	E: 0.00	dE -1.91	batch_acc 0.9850
[INFO  10:32:19] epoch: 59 	 test_acc: 0.8986 	 mean_E: 0.0000
[INFO  10:32:19] 0%:	E: 0.00	dE -1.69	batch_acc 0.9900
[INFO  10:32:21] 10%:	E: 0.00	dE -1.39	batch_acc 1.0000
[INFO  10:32:22] 20%:	E: 0.00	dE -1.86	batch_acc 0.9850
[INFO  10:32:24] 30%:	E: 0.00	dE -0.95	batch_acc 1.0000
[INFO  10:32:25] 40%:	E: 0.00	dE -2.16	batch_acc 0.9850
[INFO  10:32:27] 50%:	E: 0.00	dE -1.05	batch_acc 1.0000
[INFO  10:32:28] 60%:	E: 0.00	dE -1.58	batch_acc 0.9950
[INFO  10:32:30] 70%:	E: 0.00	dE -1.43	batch_acc 0.9950
[INFO  10:32:32] 80%:	E: 0.00	dE -1.48	batch_acc 0.9950
[INFO  10:32:33] 90%:	E: 0.00	dE -1.36	batch_acc 1.0000
[INFO  10:32:36] epoch: 60 	 test_acc: 0.8972 	 mean_E: 0.0000
[INFO  10:32:36] 0%:	E: 0.00	dE -1.85	batch_acc 0.9950
[INFO  10:32:38] 10%:	E: 0.00	dE -1.63	batch_acc 0.9900
[INFO  10:32:39] 20%:	E: 0.00	dE -1.80	batch_acc 0.9950
[INFO  10:32:41] 30%:	E: 0.00	dE -1.43	batch_acc 1.0000
[INFO  10:32:42] 40%:	E: 0.00	dE -1.49	batch_acc 0.9950
[INFO  10:32:44] 50%:	E: 0.00	dE -1.68	batch_acc 0.9900
[INFO  10:32:45] 60%:	E: 0.00	dE -1.66	batch_acc 1.0000
[INFO  10:32:47] 70%:	E: 0.00	dE -1.41	batch_acc 1.0000
[INFO  10:32:48] 80%:	E: 0.00	dE -1.57	batch_acc 0.9950
[INFO  10:32:50] 90%:	E: 0.00	dE -1.07	batch_acc 1.0000
[INFO  10:32:53] epoch: 61 	 test_acc: 0.9007 	 mean_E: 0.0000
[INFO  10:32:53] 0%:	E: 0.00	dE -1.70	batch_acc 0.9900
[INFO  10:32:54] 10%:	E: 0.00	dE -1.52	batch_acc 0.9900
[INFO  10:32:56] 20%:	E: 0.00	dE -1.45	batch_acc 1.0000
[INFO  10:32:57] 30%:	E: 0.00	dE -1.37	batch_acc 1.0000
[INFO  10:32:59] 40%:	E: 0.00	dE -1.53	batch_acc 0.9950
[INFO  10:33:01] 50%:	E: 0.00	dE -1.34	batch_acc 0.9850
[INFO  10:33:02] 60%:	E: 0.00	dE -1.43	batch_acc 0.9900
[INFO  10:33:04] 70%:	E: 0.00	dE -1.98	batch_acc 0.9850
[INFO  10:33:05] 80%:	E: 0.00	dE -1.53	batch_acc 0.9900
[INFO  10:33:07] 90%:	E: 0.00	dE -1.72	batch_acc 0.9900
[INFO  10:33:09] epoch: 62 	 test_acc: 0.8971 	 mean_E: 0.0000
[INFO  10:33:10] 0%:	E: 0.00	dE -1.42	batch_acc 0.9950
[INFO  10:33:11] 10%:	E: 0.00	dE -1.66	batch_acc 0.9900
[INFO  10:33:13] 20%:	E: 0.00	dE -1.45	batch_acc 0.9950
[INFO  10:33:14] 30%:	E: 0.00	dE -1.47	batch_acc 0.9900
[INFO  10:33:16] 40%:	E: 0.00	dE -1.15	batch_acc 0.9950
[INFO  10:33:17] 50%:	E: 0.00	dE -1.86	batch_acc 0.9800
[INFO  10:33:19] 60%:	E: 0.00	dE -1.25	batch_acc 1.0000
[INFO  10:33:20] 70%:	E: 0.00	dE -1.35	batch_acc 0.9900
[INFO  10:33:22] 80%:	E: 0.00	dE -1.41	batch_acc 0.9900
[INFO  10:33:24] 90%:	E: 0.00	dE -1.32	batch_acc 0.9900
[INFO  10:33:27] epoch: 63 	 test_acc: 0.8963 	 mean_E: 0.0000
[INFO  10:33:27] 0%:	E: 0.00	dE -1.22	batch_acc 0.9900
[INFO  10:33:29] 10%:	E: 0.00	dE -1.02	batch_acc 1.0000
[INFO  10:33:30] 20%:	E: 0.00	dE -1.28	batch_acc 1.0000
[INFO  10:33:32] 30%:	E: 0.00	dE -1.46	batch_acc 0.9900
[INFO  10:33:33] 40%:	E: 0.00	dE -1.61	batch_acc 0.9900
[INFO  10:33:35] 50%:	E: 0.00	dE -1.92	batch_acc 0.9850
[INFO  10:33:37] 60%:	E: 0.00	dE -1.25	batch_acc 0.9950
[INFO  10:33:38] 70%:	E: 0.00	dE -1.50	batch_acc 0.9950
[INFO  10:33:39] 80%:	E: 0.00	dE -1.77	batch_acc 0.9800
[INFO  10:33:41] 90%:	E: 0.00	dE -1.67	batch_acc 0.9850
[INFO  10:33:44] epoch: 64 	 test_acc: 0.8967 	 mean_E: 0.0000
[INFO  10:33:44] 0%:	E: 0.00	dE -1.51	batch_acc 0.9900
[INFO  10:33:46] 10%:	E: 0.00	dE -1.91	batch_acc 0.9850
[INFO  10:33:47] 20%:	E: 0.00	dE -1.63	batch_acc 0.9850
[INFO  10:33:49] 30%:	E: 0.00	dE -1.33	batch_acc 1.0000
[INFO  10:33:50] 40%:	E: 0.00	dE -1.23	batch_acc 0.9950
[INFO  10:33:52] 50%:	E: 0.00	dE -1.68	batch_acc 0.9950
[INFO  10:33:53] 60%:	E: 0.00	dE -1.47	batch_acc 0.9950
[INFO  10:33:55] 70%:	E: 0.00	dE -1.65	batch_acc 0.9950
[INFO  10:33:56] 80%:	E: 0.00	dE -1.83	batch_acc 0.9950
[INFO  10:33:58] 90%:	E: 0.00	dE -1.58	batch_acc 0.9850
[INFO  10:34:01] epoch: 65 	 test_acc: 0.8993 	 mean_E: 0.0000
[INFO  10:34:01] 0%:	E: 0.00	dE -1.43	batch_acc 1.0000
[INFO  10:34:03] 10%:	E: 0.00	dE -1.54	batch_acc 0.9900
[INFO  10:34:05] 20%:	E: 0.00	dE -1.28	batch_acc 0.9950
[INFO  10:34:06] 30%:	E: 0.00	dE -1.01	batch_acc 0.9950
[INFO  10:34:07] 40%:	E: 0.00	dE -2.10	batch_acc 0.9900
[INFO  10:34:09] 50%:	E: 0.00	dE -1.33	batch_acc 0.9950
[INFO  10:34:11] 60%:	E: 0.00	dE -1.19	batch_acc 0.9900
[INFO  10:34:12] 70%:	E: 0.00	dE -1.88	batch_acc 0.9900
[INFO  10:34:14] 80%:	E: 0.00	dE -1.50	batch_acc 0.9950
[INFO  10:34:15] 90%:	E: 0.00	dE -1.32	batch_acc 0.9900
[INFO  10:34:18] epoch: 66 	 test_acc: 0.8989 	 mean_E: 0.0000
[INFO  10:34:18] 0%:	E: 0.00	dE -1.24	batch_acc 0.9950
[INFO  10:34:20] 10%:	E: 0.00	dE -1.32	batch_acc 1.0000
[INFO  10:34:22] 20%:	E: 0.00	dE -1.11	batch_acc 1.0000
[INFO  10:34:23] 30%:	E: 0.00	dE -2.12	batch_acc 0.9800
[INFO  10:34:25] 40%:	E: 0.00	dE -1.01	batch_acc 1.0000
[INFO  10:34:26] 50%:	E: 0.00	dE -1.92	batch_acc 0.9900
[INFO  10:34:28] 60%:	E: 0.00	dE -1.23	batch_acc 0.9950
[INFO  10:34:29] 70%:	E: 0.00	dE -1.49	batch_acc 0.9850
[INFO  10:34:31] 80%:	E: 0.00	dE -1.11	batch_acc 0.9950
[INFO  10:34:32] 90%:	E: 0.00	dE -1.25	batch_acc 0.9950
[INFO  10:34:36] epoch: 67 	 test_acc: 0.8966 	 mean_E: 0.0000
[INFO  10:34:36] 0%:	E: 0.00	dE -1.42	batch_acc 0.9950
[INFO  10:34:37] 10%:	E: 0.00	dE -1.39	batch_acc 0.9850
[INFO  10:34:39] 20%:	E: 0.00	dE -1.64	batch_acc 0.9900
[INFO  10:34:40] 30%:	E: 0.00	dE -1.57	batch_acc 0.9900
[INFO  10:34:42] 40%:	E: 0.00	dE -1.34	batch_acc 1.0000
[INFO  10:34:43] 50%:	E: 0.00	dE -1.40	batch_acc 0.9950
[INFO  10:34:45] 60%:	E: 0.00	dE -1.15	batch_acc 1.0000
[INFO  10:34:46] 70%:	E: 0.00	dE -1.54	batch_acc 0.9950
[INFO  10:34:48] 80%:	E: 0.00	dE -1.62	batch_acc 0.9850
[INFO  10:34:49] 90%:	E: 0.00	dE -1.52	batch_acc 0.9850
[INFO  10:34:52] epoch: 68 	 test_acc: 0.8952 	 mean_E: 0.0000
[INFO  10:34:52] 0%:	E: 0.00	dE -1.26	batch_acc 1.0000
[INFO  10:34:54] 10%:	E: 0.00	dE -1.36	batch_acc 0.9950
[INFO  10:34:56] 20%:	E: 0.00	dE -1.15	batch_acc 0.9950
[INFO  10:34:57] 30%:	E: 0.00	dE -1.20	batch_acc 0.9950
[INFO  10:34:59] 40%:	E: 0.00	dE -1.21	batch_acc 1.0000
[INFO  10:35:00] 50%:	E: 0.00	dE -1.25	batch_acc 0.9950
[INFO  10:35:02] 60%:	E: 0.00	dE -1.50	batch_acc 1.0000
[INFO  10:35:03] 70%:	E: 0.00	dE -1.40	batch_acc 1.0000
[INFO  10:35:05] 80%:	E: 0.00	dE -1.47	batch_acc 1.0000
[INFO  10:35:07] 90%:	E: 0.00	dE -1.28	batch_acc 1.0000
[INFO  10:35:09] epoch: 69 	 test_acc: 0.8978 	 mean_E: 0.0000
[INFO  10:35:10] 0%:	E: 0.00	dE -1.09	batch_acc 1.0000
[INFO  10:35:11] 10%:	E: 0.00	dE -1.24	batch_acc 0.9950
[INFO  10:35:13] 20%:	E: 0.00	dE -1.08	batch_acc 0.9900
[INFO  10:35:14] 30%:	E: 0.00	dE -1.08	batch_acc 0.9950
[INFO  10:35:16] 40%:	E: 0.00	dE -1.56	batch_acc 0.9950
[INFO  10:35:17] 50%:	E: 0.00	dE -1.25	batch_acc 1.0000
[INFO  10:35:19] 60%:	E: 0.00	dE -1.24	batch_acc 1.0000
[INFO  10:35:21] 70%:	E: 0.00	dE -1.37	batch_acc 0.9900
[INFO  10:35:22] 80%:	E: 0.00	dE -1.85	batch_acc 0.9850
[INFO  10:35:23] 90%:	E: 0.00	dE -1.16	batch_acc 0.9950
[INFO  10:35:26] epoch: 70 	 test_acc: 0.8966 	 mean_E: 0.0000
[INFO  10:35:27] 0%:	E: 0.00	dE -1.45	batch_acc 0.9950
[INFO  10:35:28] 10%:	E: 0.00	dE -1.15	batch_acc 0.9900
[INFO  10:35:30] 20%:	E: 0.00	dE -1.17	batch_acc 1.0000
[INFO  10:35:31] 30%:	E: 0.00	dE -1.37	batch_acc 0.9950
[INFO  10:35:33] 40%:	E: 0.00	dE -1.33	batch_acc 0.9900
[INFO  10:35:34] 50%:	E: 0.00	dE -1.52	batch_acc 1.0000
[INFO  10:35:36] 60%:	E: 0.00	dE -1.46	batch_acc 1.0000
[INFO  10:35:37] 70%:	E: 0.00	dE -1.21	batch_acc 1.0000
[INFO  10:35:39] 80%:	E: 0.00	dE -1.52	batch_acc 0.9950
[INFO  10:35:40] 90%:	E: 0.00	dE -1.96	batch_acc 0.9750
[INFO  10:35:43] epoch: 71 	 test_acc: 0.8987 	 mean_E: 0.0000
[INFO  10:35:43] 0%:	E: 0.00	dE -1.19	batch_acc 0.9950
[INFO  10:35:45] 10%:	E: 0.00	dE -1.13	batch_acc 1.0000
[INFO  10:35:46] 20%:	E: 0.00	dE -1.11	batch_acc 1.0000
[INFO  10:35:48] 30%:	E: 0.00	dE -1.59	batch_acc 0.9900
[INFO  10:35:49] 40%:	E: 0.00	dE -1.33	batch_acc 0.9900
[INFO  10:35:51] 50%:	E: 0.00	dE -1.56	batch_acc 0.9950
[INFO  10:35:52] 60%:	E: 0.00	dE -1.10	batch_acc 1.0000
[INFO  10:35:54] 70%:	E: 0.00	dE -1.21	batch_acc 1.0000
[INFO  10:35:56] 80%:	E: 0.00	dE -1.38	batch_acc 0.9900
[INFO  10:35:57] 90%:	E: 0.00	dE -1.54	batch_acc 0.9950
[INFO  10:36:00] epoch: 72 	 test_acc: 0.8953 	 mean_E: 0.0000
[INFO  10:36:00] 0%:	E: 0.00	dE -1.40	batch_acc 0.9950
[INFO  10:36:02] 10%:	E: 0.00	dE -1.16	batch_acc 0.9950
[INFO  10:36:04] 20%:	E: 0.00	dE -1.13	batch_acc 1.0000
[INFO  10:36:05] 30%:	E: 0.00	dE -1.33	batch_acc 0.9950
[INFO  10:36:07] 40%:	E: 0.00	dE -1.09	batch_acc 1.0000
[INFO  10:36:08] 50%:	E: 0.00	dE -1.35	batch_acc 1.0000
[INFO  10:36:09] 60%:	E: 0.00	dE -1.55	batch_acc 0.9850
[INFO  10:36:11] 70%:	E: 0.00	dE -1.41	batch_acc 1.0000
[INFO  10:36:13] 80%:	E: 0.00	dE -1.13	batch_acc 0.9950
[INFO  10:36:14] 90%:	E: 0.00	dE -1.25	batch_acc 1.0000
[INFO  10:36:17] epoch: 73 	 test_acc: 0.8954 	 mean_E: 0.0000
[INFO  10:36:17] 0%:	E: 0.00	dE -1.18	batch_acc 1.0000
[INFO  10:36:19] 10%:	E: 0.00	dE -1.04	batch_acc 0.9950
[INFO  10:36:21] 20%:	E: 0.00	dE -0.91	batch_acc 1.0000
[INFO  10:36:22] 30%:	E: 0.00	dE -0.99	batch_acc 1.0000
[INFO  10:36:24] 40%:	E: 0.00	dE -1.04	batch_acc 1.0000
[INFO  10:36:25] 50%:	E: 0.00	dE -1.67	batch_acc 0.9800
[INFO  10:36:27] 60%:	E: 0.00	dE -1.10	batch_acc 0.9900
[INFO  10:36:28] 70%:	E: 0.00	dE -1.22	batch_acc 1.0000
[INFO  10:36:30] 80%:	E: 0.00	dE -1.43	batch_acc 0.9900
[INFO  10:36:31] 90%:	E: 0.00	dE -1.12	batch_acc 1.0000
[INFO  10:36:35] epoch: 74 	 test_acc: 0.8943 	 mean_E: 0.0000
[INFO  10:36:35] 0%:	E: 0.00	dE -1.80	batch_acc 0.9850
[INFO  10:36:36] 10%:	E: 0.00	dE -0.91	batch_acc 1.0000
[INFO  10:36:38] 20%:	E: 0.00	dE -1.04	batch_acc 1.0000
[INFO  10:36:39] 30%:	E: 0.00	dE -1.27	batch_acc 0.9950
[INFO  10:36:41] 40%:	E: 0.00	dE -0.97	batch_acc 1.0000
[INFO  10:36:42] 50%:	E: 0.00	dE -1.23	batch_acc 1.0000
[INFO  10:36:44] 60%:	E: 0.00	dE -1.17	batch_acc 1.0000
[INFO  10:36:45] 70%:	E: 0.00	dE -1.59	batch_acc 0.9900
[INFO  10:36:47] 80%:	E: 0.00	dE -1.53	batch_acc 0.9900
[INFO  10:36:48] 90%:	E: 0.00	dE -1.43	batch_acc 1.0000
[INFO  10:36:51] epoch: 75 	 test_acc: 0.8968 	 mean_E: 0.0000
[INFO  10:36:51] 0%:	E: 0.00	dE -1.46	batch_acc 0.9950
[INFO  10:36:53] 10%:	E: 0.00	dE -1.15	batch_acc 1.0000
[INFO  10:36:54] 20%:	E: 0.00	dE -1.09	batch_acc 1.0000
[INFO  10:36:56] 30%:	E: 0.00	dE -1.31	batch_acc 0.9950
[INFO  10:36:57] 40%:	E: 0.00	dE -1.54	batch_acc 1.0000
[INFO  10:36:59] 50%:	E: 0.00	dE -1.29	batch_acc 0.9950
[INFO  10:37:00] 60%:	E: 0.00	dE -1.32	batch_acc 0.9900
[INFO  10:37:02] 70%:	E: 0.00	dE -1.27	batch_acc 0.9950
[INFO  10:37:03] 80%:	E: 0.00	dE -1.30	batch_acc 1.0000
[INFO  10:37:05] 90%:	E: 0.00	dE -1.10	batch_acc 0.9950
[INFO  10:37:08] epoch: 76 	 test_acc: 0.8952 	 mean_E: 0.0000
[INFO  10:37:08] 0%:	E: 0.00	dE -1.68	batch_acc 0.9800
[INFO  10:37:10] 10%:	E: 0.00	dE -1.31	batch_acc 0.9900
[INFO  10:37:11] 20%:	E: 0.00	dE -1.14	batch_acc 1.0000
[INFO  10:37:13] 30%:	E: 0.00	dE -1.34	batch_acc 0.9850
[INFO  10:37:14] 40%:	E: 0.00	dE -1.11	batch_acc 1.0000
[INFO  10:37:16] 50%:	E: 0.00	dE -1.23	batch_acc 1.0000
[INFO  10:37:17] 60%:	E: 0.00	dE -1.48	batch_acc 1.0000
[INFO  10:37:19] 70%:	E: 0.00	dE -1.33	batch_acc 0.9950
[INFO  10:37:20] 80%:	E: 0.00	dE -1.14	batch_acc 0.9950
[INFO  10:37:22] 90%:	E: 0.00	dE -1.23	batch_acc 1.0000
[INFO  10:37:25] epoch: 77 	 test_acc: 0.8957 	 mean_E: 0.0000
[INFO  10:37:25] 0%:	E: 0.00	dE -1.23	batch_acc 1.0000
[INFO  10:37:27] 10%:	E: 0.00	dE -1.01	batch_acc 1.0000
[INFO  10:37:28] 20%:	E: 0.00	dE -0.99	batch_acc 0.9950
[INFO  10:37:30] 30%:	E: 0.00	dE -0.94	batch_acc 1.0000
[INFO  10:37:31] 40%:	E: 0.00	dE -1.16	batch_acc 1.0000
[INFO  10:37:33] 50%:	E: 0.00	dE -1.24	batch_acc 0.9950
[INFO  10:37:34] 60%:	E: 0.00	dE -1.18	batch_acc 1.0000
[INFO  10:37:36] 70%:	E: 0.00	dE -1.25	batch_acc 1.0000
[INFO  10:37:37] 80%:	E: 0.00	dE -1.25	batch_acc 0.9900
[INFO  10:37:39] 90%:	E: 0.00	dE -0.75	batch_acc 1.0000
[INFO  10:37:42] epoch: 78 	 test_acc: 0.8963 	 mean_E: 0.0000
[INFO  10:37:42] 0%:	E: 0.00	dE -1.09	batch_acc 1.0000
[INFO  10:37:44] 10%:	E: 0.00	dE -0.84	batch_acc 1.0000
[INFO  10:37:45] 20%:	E: 0.00	dE -1.01	batch_acc 1.0000
[INFO  10:37:47] 30%:	E: 0.00	dE -1.00	batch_acc 1.0000
[INFO  10:37:48] 40%:	E: 0.00	dE -1.54	batch_acc 0.9850
[INFO  10:37:50] 50%:	E: 0.00	dE -1.25	batch_acc 0.9950
[INFO  10:37:51] 60%:	E: 0.00	dE -1.39	batch_acc 0.9950
[INFO  10:37:53] 70%:	E: 0.00	dE -0.95	batch_acc 1.0000
[INFO  10:37:54] 80%:	E: 0.00	dE -1.39	batch_acc 0.9950
[INFO  10:37:56] 90%:	E: 0.00	dE -1.25	batch_acc 0.9950
[INFO  10:37:59] epoch: 79 	 test_acc: 0.8965 	 mean_E: 0.0000
[INFO  10:37:59] 0%:	E: 0.00	dE -1.01	batch_acc 0.9900
[INFO  10:38:01] 10%:	E: 0.00	dE -1.13	batch_acc 0.9950
[INFO  10:38:02] 20%:	E: 0.00	dE -1.65	batch_acc 0.9900
[INFO  10:38:04] 30%:	E: 0.00	dE -1.02	batch_acc 0.9950
[INFO  10:38:05] 40%:	E: 0.00	dE -0.99	batch_acc 1.0000
[INFO  10:38:07] 50%:	E: 0.00	dE -0.91	batch_acc 1.0000
[INFO  10:38:09] 60%:	E: 0.00	dE -1.09	batch_acc 0.9950
[INFO  10:38:10] 70%:	E: 0.00	dE -1.05	batch_acc 1.0000
[INFO  10:38:12] 80%:	E: 0.00	dE -1.26	batch_acc 0.9900
[INFO  10:38:13] 90%:	E: 0.00	dE -1.00	batch_acc 1.0000
[INFO  10:38:16] epoch: 80 	 test_acc: 0.8954 	 mean_E: 0.0000
[INFO  10:38:16] 0%:	E: 0.00	dE -1.18	batch_acc 1.0000
[INFO  10:38:18] 10%:	E: 0.00	dE -1.14	batch_acc 1.0000
[INFO  10:38:19] 20%:	E: 0.00	dE -1.05	batch_acc 1.0000
[INFO  10:38:21] 30%:	E: 0.00	dE -0.79	batch_acc 1.0000
[INFO  10:38:22] 40%:	E: 0.00	dE -0.90	batch_acc 1.0000
[INFO  10:38:24] 50%:	E: 0.00	dE -1.10	batch_acc 1.0000
[INFO  10:38:26] 60%:	E: 0.00	dE -1.08	batch_acc 0.9950
[INFO  10:38:27] 70%:	E: 0.00	dE -1.16	batch_acc 1.0000
[INFO  10:38:29] 80%:	E: 0.00	dE -1.47	batch_acc 0.9950
[INFO  10:38:31] 90%:	E: 0.00	dE -1.18	batch_acc 0.9950
[INFO  10:38:34] epoch: 81 	 test_acc: 0.8957 	 mean_E: 0.0000
[INFO  10:38:34] 0%:	E: 0.00	dE -0.97	batch_acc 1.0000
[INFO  10:38:36] 10%:	E: 0.00	dE -1.02	batch_acc 0.9950
[INFO  10:38:37] 20%:	E: 0.00	dE -1.22	batch_acc 1.0000
[INFO  10:38:39] 30%:	E: 0.00	dE -1.10	batch_acc 1.0000
[INFO  10:38:40] 40%:	E: 0.00	dE -0.99	batch_acc 1.0000
[INFO  10:38:42] 50%:	E: 0.00	dE -1.39	batch_acc 0.9950
[INFO  10:38:43] 60%:	E: 0.00	dE -1.05	batch_acc 0.9950
[INFO  10:38:45] 70%:	E: 0.00	dE -1.05	batch_acc 1.0000
[INFO  10:38:46] 80%:	E: 0.00	dE -1.34	batch_acc 1.0000
[INFO  10:38:48] 90%:	E: 0.00	dE -1.04	batch_acc 0.9950
[INFO  10:38:51] epoch: 82 	 test_acc: 0.8954 	 mean_E: 0.0000
[INFO  10:38:51] 0%:	E: 0.00	dE -1.00	batch_acc 0.9950
[INFO  10:38:52] 10%:	E: 0.00	dE -1.11	batch_acc 1.0000
[INFO  10:38:54] 20%:	E: 0.00	dE -1.54	batch_acc 0.9950
[INFO  10:38:56] 30%:	E: 0.00	dE -0.96	batch_acc 1.0000
[INFO  10:38:57] 40%:	E: 0.00	dE -1.19	batch_acc 0.9950
[INFO  10:38:59] 50%:	E: 0.00	dE -1.18	batch_acc 1.0000
[INFO  10:39:00] 60%:	E: 0.00	dE -1.17	batch_acc 0.9950
[INFO  10:39:02] 70%:	E: 0.00	dE -1.14	batch_acc 1.0000
[INFO  10:39:03] 80%:	E: 0.00	dE -1.31	batch_acc 0.9950
[INFO  10:39:05] 90%:	E: 0.00	dE -1.17	batch_acc 0.9900
[INFO  10:39:08] epoch: 83 	 test_acc: 0.8960 	 mean_E: 0.0000
[INFO  10:39:08] 0%:	E: 0.00	dE -0.91	batch_acc 1.0000
[INFO  10:39:09] 10%:	E: 0.00	dE -0.92	batch_acc 1.0000
[INFO  10:39:11] 20%:	E: 0.00	dE -0.80	batch_acc 1.0000
[INFO  10:39:13] 30%:	E: 0.00	dE -0.88	batch_acc 1.0000
[INFO  10:39:14] 40%:	E: 0.00	dE -0.97	batch_acc 1.0000
[INFO  10:39:16] 50%:	E: 0.00	dE -1.17	batch_acc 0.9950
[INFO  10:39:17] 60%:	E: 0.00	dE -1.59	batch_acc 0.9950
[INFO  10:39:19] 70%:	E: 0.00	dE -1.07	batch_acc 1.0000
[INFO  10:39:20] 80%:	E: 0.00	dE -1.17	batch_acc 0.9950
[INFO  10:39:22] 90%:	E: 0.00	dE -1.27	batch_acc 0.9950
[INFO  10:39:25] epoch: 84 	 test_acc: 0.8980 	 mean_E: 0.0000
[INFO  10:39:25] 0%:	E: 0.00	dE -0.77	batch_acc 1.0000
[INFO  10:39:27] 10%:	E: 0.00	dE -1.42	batch_acc 0.9900
[INFO  10:39:28] 20%:	E: 0.00	dE -1.22	batch_acc 0.9950
[INFO  10:39:30] 30%:	E: 0.00	dE -0.88	batch_acc 1.0000
[INFO  10:39:31] 40%:	E: 0.00	dE -0.87	batch_acc 0.9950
[INFO  10:39:33] 50%:	E: 0.00	dE -1.25	batch_acc 0.9900
[INFO  10:39:34] 60%:	E: 0.00	dE -0.95	batch_acc 1.0000
[INFO  10:39:36] 70%:	E: 0.00	dE -0.76	batch_acc 1.0000
[INFO  10:39:37] 80%:	E: 0.00	dE -1.01	batch_acc 1.0000
[INFO  10:39:39] 90%:	E: 0.00	dE -1.31	batch_acc 0.9950
[INFO  10:39:42] epoch: 85 	 test_acc: 0.8961 	 mean_E: 0.0000
[INFO  10:39:42] 0%:	E: 0.00	dE -0.88	batch_acc 1.0000
[INFO  10:39:44] 10%:	E: 0.00	dE -0.89	batch_acc 1.0000
[INFO  10:39:45] 20%:	E: 0.00	dE -0.96	batch_acc 1.0000
[INFO  10:39:46] 30%:	E: 0.00	dE -0.72	batch_acc 1.0000
[INFO  10:39:48] 40%:	E: 0.00	dE -1.18	batch_acc 1.0000
[INFO  10:39:50] 50%:	E: 0.00	dE -1.20	batch_acc 0.9950
[INFO  10:39:51] 60%:	E: 0.00	dE -1.08	batch_acc 1.0000
[INFO  10:39:53] 70%:	E: 0.00	dE -1.14	batch_acc 0.9950
[INFO  10:39:54] 80%:	E: 0.00	dE -1.22	batch_acc 1.0000
[INFO  10:39:56] 90%:	E: 0.00	dE -1.35	batch_acc 0.9950
[INFO  10:39:59] epoch: 86 	 test_acc: 0.8947 	 mean_E: 0.0000
[INFO  10:39:59] 0%:	E: 0.00	dE -1.10	batch_acc 0.9900
[INFO  10:40:00] 10%:	E: 0.00	dE -0.87	batch_acc 1.0000
[INFO  10:40:02] 20%:	E: 0.00	dE -0.85	batch_acc 1.0000
[INFO  10:40:04] 30%:	E: 0.00	dE -0.79	batch_acc 1.0000
[INFO  10:40:05] 40%:	E: 0.00	dE -0.85	batch_acc 1.0000
[INFO  10:40:07] 50%:	E: 0.00	dE -1.06	batch_acc 0.9950
[INFO  10:40:08] 60%:	E: 0.00	dE -1.31	batch_acc 0.9900
[INFO  10:40:09] 70%:	E: 0.00	dE -0.96	batch_acc 1.0000
[INFO  10:40:11] 80%:	E: 0.00	dE -1.08	batch_acc 1.0000
[INFO  10:40:12] 90%:	E: 0.00	dE -1.14	batch_acc 1.0000
[INFO  10:40:15] epoch: 87 	 test_acc: 0.8961 	 mean_E: 0.0000
[INFO  10:40:16] 0%:	E: 0.00	dE -0.91	batch_acc 1.0000
[INFO  10:40:17] 10%:	E: 0.00	dE -0.61	batch_acc 1.0000
[INFO  10:40:19] 20%:	E: 0.00	dE -0.99	batch_acc 1.0000
[INFO  10:40:20] 30%:	E: 0.00	dE -1.11	batch_acc 1.0000
[INFO  10:40:22] 40%:	E: 0.00	dE -0.88	batch_acc 1.0000
[INFO  10:40:23] 50%:	E: 0.00	dE -1.02	batch_acc 1.0000
[INFO  10:40:25] 60%:	E: 0.00	dE -1.02	batch_acc 1.0000
[INFO  10:40:26] 70%:	E: 0.00	dE -0.98	batch_acc 1.0000
[INFO  10:40:28] 80%:	E: 0.00	dE -0.93	batch_acc 1.0000
[INFO  10:40:29] 90%:	E: 0.00	dE -0.77	batch_acc 1.0000
[INFO  10:40:33] epoch: 88 	 test_acc: 0.8961 	 mean_E: 0.0000
[INFO  10:40:33] 0%:	E: 0.00	dE -0.95	batch_acc 0.9950
[INFO  10:40:34] 10%:	E: 0.00	dE -1.04	batch_acc 1.0000
[INFO  10:40:36] 20%:	E: 0.00	dE -0.83	batch_acc 1.0000
[INFO  10:40:37] 30%:	E: 0.00	dE -0.97	batch_acc 0.9950
[INFO  10:40:39] 40%:	E: 0.00	dE -1.32	batch_acc 1.0000
[INFO  10:40:41] 50%:	E: 0.00	dE -1.17	batch_acc 0.9950
[INFO  10:40:42] 60%:	E: 0.00	dE -0.84	batch_acc 1.0000
[INFO  10:40:44] 70%:	E: 0.00	dE -1.15	batch_acc 0.9900
[INFO  10:40:45] 80%:	E: 0.00	dE -1.30	batch_acc 0.9950
[INFO  10:40:47] 90%:	E: 0.00	dE -1.00	batch_acc 1.0000
[INFO  10:40:50] epoch: 89 	 test_acc: 0.8990 	 mean_E: 0.0000
[INFO  10:40:50] 0%:	E: 0.00	dE -0.93	batch_acc 1.0000
[INFO  10:40:52] 10%:	E: 0.00	dE -1.03	batch_acc 1.0000
[INFO  10:40:53] 20%:	E: 0.00	dE -0.89	batch_acc 1.0000
[INFO  10:40:55] 30%:	E: 0.00	dE -0.69	batch_acc 1.0000
[INFO  10:40:57] 40%:	E: 0.00	dE -1.16	batch_acc 0.9950
[INFO  10:40:58] 50%:	E: 0.00	dE -1.01	batch_acc 1.0000
[INFO  10:41:00] 60%:	E: 0.00	dE -1.08	batch_acc 1.0000
[INFO  10:41:01] 70%:	E: 0.00	dE -0.78	batch_acc 1.0000
[INFO  10:41:03] 80%:	E: 0.00	dE -1.73	batch_acc 0.9800
[INFO  10:41:04] 90%:	E: 0.00	dE -0.90	batch_acc 1.0000
[INFO  10:41:07] epoch: 90 	 test_acc: 0.8948 	 mean_E: 0.0000
[INFO  10:41:08] 0%:	E: 0.00	dE -0.95	batch_acc 1.0000
[INFO  10:41:09] 10%:	E: 0.00	dE -0.91	batch_acc 1.0000
[INFO  10:41:11] 20%:	E: 0.00	dE -0.89	batch_acc 1.0000
[INFO  10:41:12] 30%:	E: 0.00	dE -0.81	batch_acc 0.9950
[INFO  10:41:14] 40%:	E: 0.00	dE -0.75	batch_acc 1.0000
[INFO  10:41:15] 50%:	E: 0.00	dE -1.41	batch_acc 0.9950
[INFO  10:41:17] 60%:	E: 0.00	dE -1.22	batch_acc 1.0000
[INFO  10:41:19] 70%:	E: 0.00	dE -1.23	batch_acc 0.9950
[INFO  10:41:20] 80%:	E: 0.00	dE -1.36	batch_acc 0.9950
[INFO  10:41:22] 90%:	E: 0.00	dE -0.96	batch_acc 1.0000
[INFO  10:41:25] epoch: 91 	 test_acc: 0.8959 	 mean_E: 0.0000
[INFO  10:41:25] 0%:	E: 0.00	dE -0.98	batch_acc 1.0000
[INFO  10:41:26] 10%:	E: 0.00	dE -1.10	batch_acc 0.9950
[INFO  10:41:28] 20%:	E: 0.00	dE -0.86	batch_acc 1.0000
[INFO  10:41:29] 30%:	E: 0.00	dE -1.17	batch_acc 0.9950
[INFO  10:41:31] 40%:	E: 0.00	dE -0.79	batch_acc 1.0000
[INFO  10:41:32] 50%:	E: 0.00	dE -1.12	batch_acc 1.0000
[INFO  10:41:34] 60%:	E: 0.00	dE -1.01	batch_acc 1.0000
[INFO  10:41:35] 70%:	E: 0.00	dE -1.27	batch_acc 1.0000
[INFO  10:41:36] 80%:	E: 0.00	dE -1.67	batch_acc 0.9900
[INFO  10:41:38] 90%:	E: 0.00	dE -0.95	batch_acc 1.0000
[INFO  10:41:41] epoch: 92 	 test_acc: 0.8949 	 mean_E: 0.0000
[INFO  10:41:41] 0%:	E: 0.00	dE -1.08	batch_acc 1.0000
[INFO  10:41:43] 10%:	E: 0.00	dE -1.07	batch_acc 1.0000
[INFO  10:41:44] 20%:	E: 0.00	dE -1.00	batch_acc 0.9950
[INFO  10:41:46] 30%:	E: 0.00	dE -0.82	batch_acc 1.0000
[INFO  10:41:48] 40%:	E: 0.00	dE -0.96	batch_acc 0.9950
[INFO  10:41:49] 50%:	E: 0.00	dE -0.89	batch_acc 1.0000
[INFO  10:41:51] 60%:	E: 0.00	dE -1.13	batch_acc 1.0000
[INFO  10:41:52] 70%:	E: 0.00	dE -1.03	batch_acc 1.0000
[INFO  10:41:54] 80%:	E: 0.00	dE -0.85	batch_acc 1.0000
[INFO  10:41:55] 90%:	E: 0.00	dE -1.52	batch_acc 0.9850
[INFO  10:41:58] epoch: 93 	 test_acc: 0.8948 	 mean_E: 0.0000
[INFO  10:41:59] 0%:	E: 0.00	dE -0.96	batch_acc 0.9950
[INFO  10:42:00] 10%:	E: 0.00	dE -0.98	batch_acc 1.0000
[INFO  10:42:02] 20%:	E: 0.00	dE -0.90	batch_acc 1.0000
[INFO  10:42:03] 30%:	E: 0.00	dE -0.98	batch_acc 1.0000
[INFO  10:42:05] 40%:	E: 0.00	dE -0.82	batch_acc 1.0000
[INFO  10:42:06] 50%:	E: 0.00	dE -1.26	batch_acc 0.9950
[INFO  10:42:08] 60%:	E: 0.00	dE -0.96	batch_acc 1.0000
[INFO  10:42:09] 70%:	E: 0.00	dE -1.10	batch_acc 1.0000
[INFO  10:42:11] 80%:	E: 0.00	dE -1.16	batch_acc 0.9950
[INFO  10:42:13] 90%:	E: 0.00	dE -1.34	batch_acc 0.9900
[INFO  10:42:15] epoch: 94 	 test_acc: 0.8966 	 mean_E: 0.0000
[INFO  10:42:16] 0%:	E: 0.00	dE -0.76	batch_acc 1.0000
[INFO  10:42:17] 10%:	E: 0.00	dE -0.97	batch_acc 0.9950
[INFO  10:42:19] 20%:	E: 0.00	dE -1.10	batch_acc 0.9950
[INFO  10:42:20] 30%:	E: 0.00	dE -1.18	batch_acc 0.9950
[INFO  10:42:22] 40%:	E: 0.00	dE -0.78	batch_acc 1.0000
[INFO  10:42:24] 50%:	E: 0.00	dE -0.99	batch_acc 0.9950
[INFO  10:42:25] 60%:	E: 0.00	dE -1.33	batch_acc 0.9950
[INFO  10:42:27] 70%:	E: 0.00	dE -1.01	batch_acc 0.9950
[INFO  10:42:28] 80%:	E: 0.00	dE -1.45	batch_acc 0.9900
[INFO  10:42:30] 90%:	E: 0.00	dE -0.92	batch_acc 1.0000
[INFO  10:42:33] epoch: 95 	 test_acc: 0.8960 	 mean_E: 0.0000
[INFO  10:42:33] 0%:	E: 0.00	dE -1.04	batch_acc 0.9950
[INFO  10:42:35] 10%:	E: 0.00	dE -0.97	batch_acc 0.9950
[INFO  10:42:36] 20%:	E: 0.00	dE -0.93	batch_acc 0.9950
[INFO  10:42:38] 30%:	E: 0.00	dE -0.82	batch_acc 1.0000
[INFO  10:42:39] 40%:	E: 0.00	dE -0.87	batch_acc 1.0000
[INFO  10:42:41] 50%:	E: 0.00	dE -0.90	batch_acc 1.0000
[INFO  10:42:42] 60%:	E: 0.00	dE -1.17	batch_acc 1.0000
[INFO  10:42:44] 70%:	E: 0.00	dE -0.99	batch_acc 0.9950
[INFO  10:42:46] 80%:	E: 0.00	dE -1.16	batch_acc 1.0000
[INFO  10:42:47] 90%:	E: 0.00	dE -1.07	batch_acc 1.0000
[INFO  10:42:50] epoch: 96 	 test_acc: 0.8914 	 mean_E: 0.0000
[INFO  10:42:50] 0%:	E: 0.00	dE -1.09	batch_acc 0.9950
[INFO  10:42:52] 10%:	E: 0.00	dE -0.84	batch_acc 1.0000
[INFO  10:42:53] 20%:	E: 0.00	dE -0.72	batch_acc 1.0000
[INFO  10:42:55] 30%:	E: 0.00	dE -1.02	batch_acc 1.0000
[INFO  10:42:57] 40%:	E: 0.00	dE -0.93	batch_acc 1.0000
[INFO  10:42:58] 50%:	E: 0.00	dE -1.17	batch_acc 0.9950
[INFO  10:43:00] 60%:	E: 0.00	dE -1.01	batch_acc 0.9950
[INFO  10:43:02] 70%:	E: 0.00	dE -0.97	batch_acc 0.9900
[INFO  10:43:03] 80%:	E: 0.00	dE -0.71	batch_acc 1.0000
[INFO  10:43:05] 90%:	E: 0.00	dE -1.30	batch_acc 0.9950
[INFO  10:43:08] epoch: 97 	 test_acc: 0.8935 	 mean_E: 0.0000
[INFO  10:43:08] 0%:	E: 0.00	dE -0.96	batch_acc 0.9950
[INFO  10:43:09] 10%:	E: 0.00	dE -0.88	batch_acc 0.9950
[INFO  10:43:11] 20%:	E: 0.00	dE -1.00	batch_acc 0.9950
[INFO  10:43:13] 30%:	E: 0.00	dE -1.01	batch_acc 0.9900
[INFO  10:43:14] 40%:	E: 0.00	dE -0.65	batch_acc 1.0000
[INFO  10:43:16] 50%:	E: 0.00	dE -0.89	batch_acc 1.0000
[INFO  10:43:17] 60%:	E: 0.00	dE -1.07	batch_acc 0.9950
[INFO  10:43:19] 70%:	E: 0.00	dE -1.10	batch_acc 0.9950
[INFO  10:43:20] 80%:	E: 0.00	dE -0.94	batch_acc 1.0000
[INFO  10:43:22] 90%:	E: 0.00	dE -0.95	batch_acc 1.0000
[INFO  10:43:25] epoch: 98 	 test_acc: 0.8953 	 mean_E: 0.0000
[INFO  10:43:25] 0%:	E: 0.00	dE -0.85	batch_acc 1.0000
[INFO  10:43:27] 10%:	E: 0.00	dE -1.10	batch_acc 0.9950
[INFO  10:43:28] 20%:	E: 0.00	dE -0.91	batch_acc 0.9950
[INFO  10:43:30] 30%:	E: 0.00	dE -1.08	batch_acc 0.9950
[INFO  10:43:31] 40%:	E: 0.00	dE -0.81	batch_acc 1.0000
[INFO  10:43:33] 50%:	E: 0.00	dE -0.88	batch_acc 0.9950
[INFO  10:43:34] 60%:	E: 0.00	dE -1.16	batch_acc 0.9950
[INFO  10:43:36] 70%:	E: 0.00	dE -1.41	batch_acc 0.9900
[INFO  10:43:37] 80%:	E: 0.00	dE -0.77	batch_acc 1.0000
[INFO  10:43:39] 90%:	E: 0.00	dE -0.97	batch_acc 0.9900
[INFO  10:43:42] epoch: 99 	 test_acc: 0.8944 	 mean_E: 0.0000
[INFO  10:43:42] 0%:	E: 0.00	dE -0.92	batch_acc 1.0000
[INFO  10:43:44] 10%:	E: 0.00	dE -0.82	batch_acc 1.0000
[INFO  10:43:45] 20%:	E: 0.00	dE -1.08	batch_acc 0.9950
[INFO  10:43:47] 30%:	E: 0.00	dE -0.69	batch_acc 0.9950
[INFO  10:43:48] 40%:	E: 0.00	dE -1.00	batch_acc 1.0000
[INFO  10:43:50] 50%:	E: 0.00	dE -0.83	batch_acc 1.0000
[INFO  10:43:51] 60%:	E: 0.00	dE -0.91	batch_acc 1.0000
[INFO  10:43:53] 70%:	E: 0.00	dE -0.84	batch_acc 1.0000
[INFO  10:43:54] 80%:	E: 0.00	dE -0.91	batch_acc 1.0000
[INFO  10:43:56] 90%:	E: 0.00	dE -1.28	batch_acc 0.9900
[INFO  10:43:59] epoch: 100 	 test_acc: 0.8931 	 mean_E: 0.0000
