[INFO  17:47:04] Start training with parametrization:
{
    "batch_size": 100,
    "beta": 1,
    "c_energy": "cross_entropy",
    "dataset": "mnist",
    "dimensions": [
        784,
        1000,
        10
    ],
    "dynamics": {
        "dt": 0.1,
        "n_relax": 20,
        "tau": 1,
        "tol": 0
    },
    "energy": "cond_gaussian",
    "epochs": 100,
    "fast_ff_init": true,
    "learning_rate": 0.001,
    "log_dir": "",
    "nonlinearity": "sigmoid",
    "optimizer": "adam",
    "seed": 2022
}
[INFO  17:47:04] 0%:	E: 0.00	dE -21.62	batch_acc 0.3000
[INFO  17:47:06] 10%:	E: 0.00	dE -6.26	batch_acc 0.8600
[INFO  17:47:09] 20%:	E: 0.00	dE -6.29	batch_acc 0.8000
[INFO  17:47:12] 30%:	E: 0.00	dE -7.40	batch_acc 0.7700
[INFO  17:47:14] 40%:	E: 0.00	dE -4.79	batch_acc 0.8600
[INFO  17:47:17] 50%:	E: 0.00	dE -6.32	batch_acc 0.8200
[INFO  17:47:20] 60%:	E: 0.00	dE -3.47	batch_acc 0.8800
[INFO  17:47:22] 70%:	E: 0.00	dE -3.18	batch_acc 0.8900
[INFO  17:47:25] 80%:	E: 0.00	dE -5.66	batch_acc 0.8200
[INFO  17:47:28] 90%:	E: 0.00	dE -6.00	batch_acc 0.8200
[INFO  17:47:32] epoch: 1 	 test_acc: 0.8451 	 mean_E: 0.0000
[INFO  17:47:32] 0%:	E: 0.00	dE -4.62	batch_acc 0.8800
[INFO  17:47:35] 10%:	E: 0.00	dE -3.15	batch_acc 0.9100
[INFO  17:47:37] 20%:	E: 0.00	dE -4.66	batch_acc 0.8300
[INFO  17:47:40] 30%:	E: 0.00	dE -4.47	batch_acc 0.8700
[INFO  17:47:42] 40%:	E: 0.00	dE -3.89	batch_acc 0.9000
[INFO  17:47:45] 50%:	E: 0.00	dE -3.50	batch_acc 0.8800
[INFO  17:47:48] 60%:	E: 0.00	dE -4.07	batch_acc 0.9000
[INFO  17:47:50] 70%:	E: 0.00	dE -5.39	batch_acc 0.8500
[INFO  17:47:53] 80%:	E: 0.00	dE -4.85	batch_acc 0.8400
[INFO  17:47:55] 90%:	E: 0.00	dE -2.64	batch_acc 0.9000
[INFO  17:48:00] epoch: 2 	 test_acc: 0.8625 	 mean_E: 0.0000
[INFO  17:48:00] 0%:	E: 0.00	dE -3.55	batch_acc 0.9100
[INFO  17:48:02] 10%:	E: 0.00	dE -2.67	batch_acc 0.9200
[INFO  17:48:05] 20%:	E: 0.00	dE -3.69	batch_acc 0.8700
[INFO  17:48:07] 30%:	E: 0.00	dE -3.66	batch_acc 0.9000
[INFO  17:48:10] 40%:	E: 0.00	dE -2.61	batch_acc 0.9200
[INFO  17:48:13] 50%:	E: 0.00	dE -4.59	batch_acc 0.8700
[INFO  17:48:15] 60%:	E: 0.00	dE -3.75	batch_acc 0.9100
[INFO  17:48:18] 70%:	E: 0.00	dE -3.44	batch_acc 0.9000
[INFO  17:48:21] 80%:	E: 0.00	dE -3.51	batch_acc 0.8900
[INFO  17:48:24] 90%:	E: 0.00	dE -2.05	batch_acc 0.9400
[INFO  17:48:28] epoch: 3 	 test_acc: 0.8660 	 mean_E: 0.0000
[INFO  17:48:28] 0%:	E: 0.00	dE -3.05	batch_acc 0.9200
[INFO  17:48:31] 10%:	E: 0.00	dE -2.19	batch_acc 0.9200
[INFO  17:48:34] 20%:	E: 0.00	dE -2.76	batch_acc 0.8900
[INFO  17:48:37] 30%:	E: 0.00	dE -2.29	batch_acc 0.9400
[INFO  17:48:39] 40%:	E: 0.00	dE -3.61	batch_acc 0.8800
[INFO  17:48:42] 50%:	E: 0.00	dE -3.52	batch_acc 0.8900
[INFO  17:48:45] 60%:	E: 0.00	dE -3.57	batch_acc 0.8900
[INFO  17:48:47] 70%:	E: 0.00	dE -4.15	batch_acc 0.8900
[INFO  17:48:50] 80%:	E: 0.00	dE -4.77	batch_acc 0.8400
[INFO  17:48:53] 90%:	E: 0.00	dE -3.58	batch_acc 0.9000
[INFO  17:48:57] epoch: 4 	 test_acc: 0.8797 	 mean_E: 0.0000
[INFO  17:48:57] 0%:	E: 0.00	dE -2.51	batch_acc 0.9300
[INFO  17:49:00] 10%:	E: 0.00	dE -1.99	batch_acc 0.9400
[INFO  17:49:03] 20%:	E: 0.00	dE -3.77	batch_acc 0.8700
[INFO  17:49:05] 30%:	E: 0.00	dE -2.56	batch_acc 0.9400
[INFO  17:49:08] 40%:	E: 0.00	dE -4.67	batch_acc 0.8900
[INFO  17:49:10] 50%:	E: 0.00	dE -2.33	batch_acc 0.9500
[INFO  17:49:12] 60%:	E: 0.00	dE -3.28	batch_acc 0.9100
[INFO  17:49:15] 70%:	E: 0.00	dE -3.60	batch_acc 0.9100
[INFO  17:49:18] 80%:	E: 0.00	dE -3.69	batch_acc 0.8800
[INFO  17:49:20] 90%:	E: 0.00	dE -4.15	batch_acc 0.8800
[INFO  17:49:25] epoch: 5 	 test_acc: 0.8770 	 mean_E: 0.0000
[INFO  17:49:25] 0%:	E: 0.00	dE -2.09	batch_acc 0.9300
[INFO  17:49:28] 10%:	E: 0.00	dE -3.09	batch_acc 0.9100
[INFO  17:49:30] 20%:	E: 0.00	dE -3.35	batch_acc 0.9100
[INFO  17:49:33] 30%:	E: 0.00	dE -2.43	batch_acc 0.9300
[INFO  17:49:36] 40%:	E: 0.00	dE -2.56	batch_acc 0.9400
[INFO  17:49:38] 50%:	E: 0.00	dE -2.54	batch_acc 0.9100
[INFO  17:49:41] 60%:	E: 0.00	dE -5.09	batch_acc 0.8700
[INFO  17:49:43] 70%:	E: 0.00	dE -1.30	batch_acc 0.9500
[INFO  17:49:46] 80%:	E: 0.00	dE -2.68	batch_acc 0.9200
[INFO  17:49:49] 90%:	E: 0.00	dE -4.04	batch_acc 0.8600
[INFO  17:49:53] epoch: 6 	 test_acc: 0.8833 	 mean_E: 0.0000
[INFO  17:49:53] 0%:	E: 0.00	dE -2.92	batch_acc 0.9200
[INFO  17:49:56] 10%:	E: 0.00	dE -4.60	batch_acc 0.8700
[INFO  17:49:59] 20%:	E: 0.00	dE -2.19	batch_acc 0.9400
[INFO  17:50:01] 30%:	E: 0.00	dE -3.32	batch_acc 0.9000
[INFO  17:50:04] 40%:	E: 0.00	dE -2.21	batch_acc 0.9400
[INFO  17:50:07] 50%:	E: 0.00	dE -3.46	batch_acc 0.9200
[INFO  17:50:10] 60%:	E: 0.00	dE -2.95	batch_acc 0.9200
[INFO  17:50:13] 70%:	E: 0.00	dE -3.41	batch_acc 0.9000
[INFO  17:50:15] 80%:	E: 0.00	dE -2.51	batch_acc 0.9100
[INFO  17:50:18] 90%:	E: 0.00	dE -3.47	batch_acc 0.8700
[INFO  17:50:22] epoch: 7 	 test_acc: 0.8790 	 mean_E: 0.0000
[INFO  17:50:22] 0%:	E: 0.00	dE -2.44	batch_acc 0.9300
[INFO  17:50:25] 10%:	E: 0.00	dE -2.21	batch_acc 0.9300
[INFO  17:50:28] 20%:	E: 0.00	dE -2.93	batch_acc 0.9300
[INFO  17:50:31] 30%:	E: 0.00	dE -4.04	batch_acc 0.9000
[INFO  17:50:33] 40%:	E: 0.00	dE -3.52	batch_acc 0.8900
[INFO  17:50:36] 50%:	E: 0.00	dE -2.83	batch_acc 0.9400
[INFO  17:50:39] 60%:	E: 0.00	dE -2.68	batch_acc 0.9200
[INFO  17:50:41] 70%:	E: 0.00	dE -2.06	batch_acc 0.9600
[INFO  17:50:44] 80%:	E: 0.00	dE -4.06	batch_acc 0.8900
[INFO  17:50:47] 90%:	E: 0.00	dE -2.96	batch_acc 0.9400
[INFO  17:50:51] epoch: 8 	 test_acc: 0.8877 	 mean_E: 0.0000
[INFO  17:50:51] 0%:	E: 0.00	dE -3.86	batch_acc 0.8700
[INFO  17:50:54] 10%:	E: 0.00	dE -2.83	batch_acc 0.9300
[INFO  17:50:57] 20%:	E: 0.00	dE -2.70	batch_acc 0.9200
[INFO  17:50:59] 30%:	E: 0.00	dE -1.69	batch_acc 0.9500
[INFO  17:51:02] 40%:	E: 0.00	dE -2.45	batch_acc 0.9400
[INFO  17:51:05] 50%:	E: 0.00	dE -1.78	batch_acc 0.9300
[INFO  17:51:08] 60%:	E: 0.00	dE -2.97	batch_acc 0.9200
[INFO  17:51:10] 70%:	E: 0.00	dE -3.96	batch_acc 0.8900
[INFO  17:51:13] 80%:	E: 0.00	dE -2.32	batch_acc 0.9400
[INFO  17:51:16] 90%:	E: 0.00	dE -2.21	batch_acc 0.9300
[INFO  17:51:20] epoch: 9 	 test_acc: 0.8821 	 mean_E: 0.0000
[INFO  17:51:20] 0%:	E: 0.00	dE -1.91	batch_acc 0.9600
[INFO  17:51:23] 10%:	E: 0.00	dE -3.04	batch_acc 0.8900
[INFO  17:51:26] 20%:	E: 0.00	dE -3.01	batch_acc 0.9200
[INFO  17:51:28] 30%:	E: 0.00	dE -1.36	batch_acc 0.9900
[INFO  17:51:31] 40%:	E: 0.00	dE -2.92	batch_acc 0.9200
[INFO  17:51:33] 50%:	E: 0.00	dE -1.47	batch_acc 0.9500
[INFO  17:51:36] 60%:	E: 0.00	dE -2.46	batch_acc 0.9300
[INFO  17:51:38] 70%:	E: 0.00	dE -2.64	batch_acc 0.9100
[INFO  17:51:41] 80%:	E: 0.00	dE -2.12	batch_acc 0.9300
[INFO  17:51:44] 90%:	E: 0.00	dE -3.95	batch_acc 0.9100
[INFO  17:51:48] epoch: 10 	 test_acc: 0.8844 	 mean_E: 0.0000
[INFO  17:51:48] 0%:	E: 0.00	dE -3.05	batch_acc 0.9000
[INFO  17:51:51] 10%:	E: 0.00	dE -1.86	batch_acc 0.9500
[INFO  17:51:54] 20%:	E: 0.00	dE -2.31	batch_acc 0.9600
[INFO  17:51:56] 30%:	E: 0.00	dE -3.96	batch_acc 0.8700
[INFO  17:51:59] 40%:	E: 0.00	dE -3.14	batch_acc 0.9000
[INFO  17:52:02] 50%:	E: 0.00	dE -1.87	batch_acc 0.9600
[INFO  17:52:05] 60%:	E: 0.00	dE -1.83	batch_acc 0.9600
[INFO  17:52:07] 70%:	E: 0.00	dE -3.23	batch_acc 0.9000
[INFO  17:52:10] 80%:	E: 0.00	dE -1.12	batch_acc 0.9700
[INFO  17:52:13] 90%:	E: 0.00	dE -1.44	batch_acc 0.9700
[INFO  17:52:17] epoch: 11 	 test_acc: 0.8822 	 mean_E: 0.0000
[INFO  17:52:17] 0%:	E: 0.00	dE -2.12	batch_acc 0.9600
[INFO  17:52:20] 10%:	E: 0.00	dE -1.20	batch_acc 0.9700
[INFO  17:52:23] 20%:	E: 0.00	dE -1.96	batch_acc 0.9200
[INFO  17:52:26] 30%:	E: 0.00	dE -1.04	batch_acc 0.9700
[INFO  17:52:28] 40%:	E: 0.00	dE -2.62	batch_acc 0.9200
[INFO  17:52:31] 50%:	E: 0.00	dE -2.51	batch_acc 0.9200
[INFO  17:52:33] 60%:	E: 0.00	dE -1.31	batch_acc 0.9700
[INFO  17:52:36] 70%:	E: 0.00	dE -2.85	batch_acc 0.9200
[INFO  17:52:39] 80%:	E: 0.00	dE -2.33	batch_acc 0.9300
[INFO  17:52:42] 90%:	E: 0.00	dE -1.67	batch_acc 0.9700
[INFO  17:52:46] epoch: 12 	 test_acc: 0.8861 	 mean_E: 0.0000
[INFO  17:52:46] 0%:	E: 0.00	dE -3.48	batch_acc 0.9000
[INFO  17:52:49] 10%:	E: 0.00	dE -2.33	batch_acc 0.9300
[INFO  17:52:52] 20%:	E: 0.00	dE -1.65	batch_acc 0.9500
[INFO  17:52:54] 30%:	E: 0.00	dE -1.50	batch_acc 0.9600
[INFO  17:52:57] 40%:	E: 0.00	dE -2.84	batch_acc 0.9300
[INFO  17:53:00] 50%:	E: 0.00	dE -2.12	batch_acc 0.9600
[INFO  17:53:02] 60%:	E: 0.00	dE -2.22	batch_acc 0.9400
[INFO  17:53:05] 70%:	E: 0.00	dE -3.11	batch_acc 0.8900
[INFO  17:53:08] 80%:	E: 0.00	dE -1.98	batch_acc 0.9600
[INFO  17:53:10] 90%:	E: 0.00	dE -2.13	batch_acc 0.9300
[INFO  17:53:15] epoch: 13 	 test_acc: 0.8915 	 mean_E: 0.0000
[INFO  17:53:15] 0%:	E: 0.00	dE -1.73	batch_acc 0.9500
[INFO  17:53:18] 10%:	E: 0.00	dE -1.31	batch_acc 0.9500
[INFO  17:53:20] 20%:	E: 0.00	dE -1.07	batch_acc 0.9800
[INFO  17:53:23] 30%:	E: 0.00	dE -2.59	batch_acc 0.9400
[INFO  17:53:26] 40%:	E: 0.00	dE -1.53	batch_acc 0.9700
[INFO  17:53:29] 50%:	E: 0.00	dE -2.36	batch_acc 0.9100
[INFO  17:53:31] 60%:	E: 0.00	dE -1.13	batch_acc 0.9800
[INFO  17:53:34] 70%:	E: 0.00	dE -3.31	batch_acc 0.9100
[INFO  17:53:37] 80%:	E: 0.00	dE -2.27	batch_acc 0.9300
[INFO  17:53:39] 90%:	E: 0.00	dE -2.99	batch_acc 0.9200
[INFO  17:53:44] epoch: 14 	 test_acc: 0.8853 	 mean_E: 0.0000
[INFO  17:53:44] 0%:	E: 0.00	dE -2.47	batch_acc 0.9300
[INFO  17:53:47] 10%:	E: 0.00	dE -1.78	batch_acc 0.9700
[INFO  17:53:49] 20%:	E: 0.00	dE -1.91	batch_acc 0.9600
[INFO  17:53:52] 30%:	E: 0.00	dE -2.67	batch_acc 0.9500
[INFO  17:53:55] 40%:	E: 0.00	dE -2.08	batch_acc 0.9500
[INFO  17:53:57] 50%:	E: 0.00	dE -2.09	batch_acc 0.9500
[INFO  17:54:00] 60%:	E: 0.00	dE -2.63	batch_acc 0.9300
[INFO  17:54:03] 70%:	E: 0.00	dE -2.49	batch_acc 0.9500
[INFO  17:54:05] 80%:	E: 0.00	dE -2.51	batch_acc 0.9400
[INFO  17:54:08] 90%:	E: 0.00	dE -2.42	batch_acc 0.9400
[INFO  17:54:12] epoch: 15 	 test_acc: 0.8843 	 mean_E: 0.0000
[INFO  17:54:12] 0%:	E: 0.00	dE -1.67	batch_acc 0.9600
[INFO  17:54:15] 10%:	E: 0.00	dE -2.51	batch_acc 0.9400
[INFO  17:54:18] 20%:	E: 0.00	dE -2.61	batch_acc 0.9300
[INFO  17:54:21] 30%:	E: 0.00	dE -1.32	batch_acc 0.9700
[INFO  17:54:23] 40%:	E: 0.00	dE -2.14	batch_acc 0.9500
[INFO  17:54:26] 50%:	E: 0.00	dE -3.63	batch_acc 0.9300
[INFO  17:54:29] 60%:	E: 0.00	dE -1.36	batch_acc 0.9700
[INFO  17:54:31] 70%:	E: 0.00	dE -2.99	batch_acc 0.9100
[INFO  17:54:33] 80%:	E: 0.00	dE -2.10	batch_acc 0.9600
[INFO  17:54:36] 90%:	E: 0.00	dE -1.38	batch_acc 0.9600
[INFO  17:54:40] epoch: 16 	 test_acc: 0.8857 	 mean_E: 0.0000
[INFO  17:54:41] 0%:	E: 0.00	dE -1.75	batch_acc 0.9500
[INFO  17:54:43] 10%:	E: 0.00	dE -1.80	batch_acc 0.9600
[INFO  17:54:46] 20%:	E: 0.00	dE -1.20	batch_acc 0.9600
[INFO  17:54:48] 30%:	E: 0.00	dE -1.44	batch_acc 0.9700
[INFO  17:54:51] 40%:	E: 0.00	dE -1.93	batch_acc 0.9600
[INFO  17:54:54] 50%:	E: 0.00	dE -2.02	batch_acc 0.9400
[INFO  17:54:56] 60%:	E: 0.00	dE -1.55	batch_acc 0.9600
[INFO  17:54:59] 70%:	E: 0.00	dE -1.19	batch_acc 0.9700
[INFO  17:55:02] 80%:	E: 0.00	dE -2.45	batch_acc 0.9500
[INFO  17:55:04] 90%:	E: 0.00	dE -2.43	batch_acc 0.9200
[INFO  17:55:09] epoch: 17 	 test_acc: 0.8868 	 mean_E: 0.0000
[INFO  17:55:09] 0%:	E: 0.00	dE -2.62	batch_acc 0.9500
[INFO  17:55:11] 10%:	E: 0.00	dE -3.16	batch_acc 0.9100
[INFO  17:55:14] 20%:	E: 0.00	dE -1.82	batch_acc 0.9400
[INFO  17:55:17] 30%:	E: 0.00	dE -1.40	batch_acc 0.9700
[INFO  17:55:20] 40%:	E: 0.00	dE -2.14	batch_acc 0.9500
[INFO  17:55:22] 50%:	E: 0.00	dE -2.04	batch_acc 0.9500
[INFO  17:55:25] 60%:	E: 0.00	dE -1.62	batch_acc 0.9800
[INFO  17:55:28] 70%:	E: 0.00	dE -4.62	batch_acc 0.8900
[INFO  17:55:30] 80%:	E: 0.00	dE -2.76	batch_acc 0.9300
[INFO  17:55:33] 90%:	E: 0.00	dE -1.52	batch_acc 0.9600
[INFO  17:55:37] epoch: 18 	 test_acc: 0.8894 	 mean_E: 0.0000
[INFO  17:55:37] 0%:	E: 0.00	dE -1.93	batch_acc 0.9700
[INFO  17:55:40] 10%:	E: 0.00	dE -0.78	batch_acc 0.9900
[INFO  17:55:43] 20%:	E: 0.00	dE -2.11	batch_acc 0.9400
[INFO  17:55:45] 30%:	E: 0.00	dE -1.29	batch_acc 0.9700
[INFO  17:55:48] 40%:	E: 0.00	dE -2.00	batch_acc 0.9500
[INFO  17:55:51] 50%:	E: 0.00	dE -1.84	batch_acc 0.9800
[INFO  17:55:53] 60%:	E: 0.00	dE -3.46	batch_acc 0.9200
[INFO  17:55:56] 70%:	E: 0.00	dE -1.21	batch_acc 0.9700
[INFO  17:55:59] 80%:	E: 0.00	dE -1.93	batch_acc 0.9700
[INFO  17:56:02] 90%:	E: 0.00	dE -1.54	batch_acc 0.9600
[INFO  17:56:06] epoch: 19 	 test_acc: 0.8867 	 mean_E: 0.0000
[INFO  17:56:06] 0%:	E: 0.00	dE -1.61	batch_acc 0.9600
[INFO  17:56:09] 10%:	E: 0.00	dE -1.95	batch_acc 0.9600
[INFO  17:56:12] 20%:	E: 0.00	dE -1.42	batch_acc 0.9500
[INFO  17:56:14] 30%:	E: 0.00	dE -1.25	batch_acc 0.9600
[INFO  17:56:17] 40%:	E: 0.00	dE -0.68	batch_acc 0.9900
[INFO  17:56:19] 50%:	E: 0.00	dE -1.47	batch_acc 0.9600
[INFO  17:56:22] 60%:	E: 0.00	dE -1.53	batch_acc 0.9600
[INFO  17:56:24] 70%:	E: 0.00	dE -1.29	batch_acc 0.9700
[INFO  17:56:27] 80%:	E: 0.00	dE -1.66	batch_acc 0.9700
[INFO  17:56:30] 90%:	E: 0.00	dE -1.19	batch_acc 0.9800
[INFO  17:56:34] epoch: 20 	 test_acc: 0.8846 	 mean_E: 0.0000
[INFO  17:56:34] 0%:	E: 0.00	dE -1.61	batch_acc 0.9600
[INFO  17:56:37] 10%:	E: 0.00	dE -1.41	batch_acc 0.9800
[INFO  17:56:40] 20%:	E: 0.00	dE -1.83	batch_acc 0.9600
[INFO  17:56:42] 30%:	E: 0.00	dE -1.60	batch_acc 0.9700
[INFO  17:56:45] 40%:	E: 0.00	dE -1.35	batch_acc 0.9700
[INFO  17:56:48] 50%:	E: 0.00	dE -2.48	batch_acc 0.9600
[INFO  17:56:51] 60%:	E: 0.00	dE -1.30	batch_acc 0.9600
[INFO  17:56:53] 70%:	E: 0.00	dE -2.02	batch_acc 0.9500
[INFO  17:56:56] 80%:	E: 0.00	dE -1.35	batch_acc 0.9800
[INFO  17:56:59] 90%:	E: 0.00	dE -0.88	batch_acc 0.9800
[INFO  17:57:03] epoch: 21 	 test_acc: 0.8881 	 mean_E: 0.0000
[INFO  17:57:03] 0%:	E: 0.00	dE -1.07	batch_acc 0.9700
[INFO  17:57:06] 10%:	E: 0.00	dE -1.08	batch_acc 0.9800
[INFO  17:57:08] 20%:	E: 0.00	dE -1.17	batch_acc 0.9700
[INFO  17:57:11] 30%:	E: 0.00	dE -1.69	batch_acc 0.9500
[INFO  17:57:14] 40%:	E: 0.00	dE -1.97	batch_acc 0.9600
[INFO  17:57:17] 50%:	E: 0.00	dE -2.25	batch_acc 0.9600
[INFO  17:57:19] 60%:	E: 0.00	dE -2.21	batch_acc 0.9500
[INFO  17:57:22] 70%:	E: 0.00	dE -1.19	batch_acc 0.9900
[INFO  17:57:25] 80%:	E: 0.00	dE -1.16	batch_acc 0.9800
[INFO  17:57:28] 90%:	E: 0.00	dE -1.17	batch_acc 0.9900
[INFO  17:57:32] epoch: 22 	 test_acc: 0.8924 	 mean_E: 0.0000
[INFO  17:57:32] 0%:	E: 0.00	dE -1.27	batch_acc 0.9800
[INFO  17:57:35] 10%:	E: 0.00	dE -1.24	batch_acc 0.9700
[INFO  17:57:38] 20%:	E: 0.00	dE -1.27	batch_acc 0.9700
[INFO  17:57:40] 30%:	E: 0.00	dE -1.36	batch_acc 0.9500
[INFO  17:57:43] 40%:	E: 0.00	dE -2.22	batch_acc 0.9400
[INFO  17:57:46] 50%:	E: 0.00	dE -2.17	batch_acc 0.9500
[INFO  17:57:48] 60%:	E: 0.00	dE -1.74	batch_acc 0.9600
[INFO  17:57:51] 70%:	E: 0.00	dE -2.04	batch_acc 0.9400
[INFO  17:57:54] 80%:	E: 0.00	dE -1.41	batch_acc 0.9700
[INFO  17:57:56] 90%:	E: 0.00	dE -1.92	batch_acc 0.9600
[INFO  17:58:00] epoch: 23 	 test_acc: 0.8897 	 mean_E: 0.0000
[INFO  17:58:01] 0%:	E: 0.00	dE -0.81	batch_acc 0.9800
[INFO  17:58:03] 10%:	E: 0.00	dE -1.58	batch_acc 0.9700
[INFO  17:58:06] 20%:	E: 0.00	dE -1.26	batch_acc 0.9800
[INFO  17:58:09] 30%:	E: 0.00	dE -2.02	batch_acc 0.9600
[INFO  17:58:11] 40%:	E: 0.00	dE -1.79	batch_acc 0.9500
[INFO  17:58:15] 50%:	E: 0.00	dE -1.40	batch_acc 0.9600
[INFO  17:58:18] 60%:	E: 0.00	dE -1.89	batch_acc 0.9500
[INFO  17:58:21] 70%:	E: 0.00	dE -2.42	batch_acc 0.9400
[INFO  17:58:25] 80%:	E: 0.00	dE -0.82	batch_acc 0.9900
[INFO  17:58:28] 90%:	E: 0.00	dE -1.09	batch_acc 0.9800
[INFO  17:58:33] epoch: 24 	 test_acc: 0.8945 	 mean_E: 0.0000
[INFO  17:58:34] 0%:	E: 0.00	dE -1.67	batch_acc 0.9500
[INFO  17:58:37] 10%:	E: 0.00	dE -1.52	batch_acc 0.9600
[INFO  17:58:41] 20%:	E: 0.00	dE -1.33	batch_acc 0.9800
[INFO  17:58:44] 30%:	E: 0.00	dE -1.76	batch_acc 0.9600
[INFO  17:58:48] 40%:	E: 0.00	dE -2.34	batch_acc 0.9200
[INFO  17:58:51] 50%:	E: 0.00	dE -0.55	batch_acc 0.9900
[INFO  17:58:55] 60%:	E: 0.00	dE -1.60	batch_acc 0.9600
[INFO  17:58:58] 70%:	E: 0.00	dE -1.26	batch_acc 0.9700
[INFO  17:59:01] 80%:	E: 0.00	dE -1.71	batch_acc 0.9500
[INFO  17:59:05] 90%:	E: 0.00	dE -1.04	batch_acc 0.9600
[INFO  17:59:10] epoch: 25 	 test_acc: 0.8882 	 mean_E: 0.0000
[INFO  17:59:10] 0%:	E: 0.00	dE -0.95	batch_acc 0.9800
[INFO  17:59:14] 10%:	E: 0.00	dE -1.26	batch_acc 0.9900
[INFO  17:59:17] 20%:	E: 0.00	dE -0.89	batch_acc 0.9900
[INFO  17:59:21] 30%:	E: 0.00	dE -1.66	batch_acc 0.9600
[INFO  17:59:24] 40%:	E: 0.00	dE -0.88	batch_acc 0.9900
[INFO  17:59:28] 50%:	E: 0.00	dE -1.04	batch_acc 0.9700
[INFO  17:59:31] 60%:	E: 0.00	dE -0.86	batch_acc 0.9800
[INFO  17:59:34] 70%:	E: 0.00	dE -1.26	batch_acc 0.9800
[INFO  17:59:38] 80%:	E: 0.00	dE -2.54	batch_acc 0.9400
[INFO  17:59:41] 90%:	E: 0.00	dE -2.12	batch_acc 0.9500
[INFO  17:59:46] epoch: 26 	 test_acc: 0.8942 	 mean_E: 0.0000
[INFO  17:59:46] 0%:	E: 0.00	dE -1.88	batch_acc 0.9600
[INFO  17:59:50] 10%:	E: 0.00	dE -2.75	batch_acc 0.9400
[INFO  17:59:53] 20%:	E: 0.00	dE -1.82	batch_acc 0.9700
[INFO  17:59:56] 30%:	E: 0.00	dE -1.01	batch_acc 0.9900
[INFO  18:00:00] 40%:	E: 0.00	dE -1.51	batch_acc 0.9600
[INFO  18:00:03] 50%:	E: 0.00	dE -1.35	batch_acc 0.9800
[INFO  18:00:07] 60%:	E: 0.00	dE -1.48	batch_acc 0.9700
[INFO  18:00:10] 70%:	E: 0.00	dE -1.63	batch_acc 0.9600
[INFO  18:00:14] 80%:	E: 0.00	dE -0.99	batch_acc 0.9800
[INFO  18:00:17] 90%:	E: 0.00	dE -2.17	batch_acc 0.9400
[INFO  18:00:22] epoch: 27 	 test_acc: 0.8885 	 mean_E: 0.0000
[INFO  18:00:22] 0%:	E: 0.00	dE -2.21	batch_acc 0.9500
[INFO  18:00:26] 10%:	E: 0.00	dE -0.68	batch_acc 0.9900
[INFO  18:00:29] 20%:	E: 0.00	dE -2.18	batch_acc 0.9500
[INFO  18:00:32] 30%:	E: 0.00	dE -1.30	batch_acc 0.9800
[INFO  18:00:36] 40%:	E: 0.00	dE -1.75	batch_acc 0.9500
[INFO  18:00:39] 50%:	E: 0.00	dE -1.03	batch_acc 0.9800
[INFO  18:00:43] 60%:	E: 0.00	dE -0.47	batch_acc 0.9900
[INFO  18:00:46] 70%:	E: 0.00	dE -1.71	batch_acc 0.9600
[INFO  18:00:50] 80%:	E: 0.00	dE -0.86	batch_acc 1.0000
[INFO  18:00:53] 90%:	E: 0.00	dE -1.36	batch_acc 0.9800
[INFO  18:00:58] epoch: 28 	 test_acc: 0.8935 	 mean_E: 0.0000
[INFO  18:00:58] 0%:	E: 0.00	dE -1.94	batch_acc 0.9400
[INFO  18:01:02] 10%:	E: 0.00	dE -1.78	batch_acc 0.9500
[INFO  18:01:06] 20%:	E: 0.00	dE -1.73	batch_acc 0.9500
[INFO  18:01:09] 30%:	E: 0.00	dE -0.55	batch_acc 0.9900
[INFO  18:01:13] 40%:	E: 0.00	dE -1.74	batch_acc 0.9600
[INFO  18:01:16] 50%:	E: 0.00	dE -1.83	batch_acc 0.9500
[INFO  18:01:19] 60%:	E: 0.00	dE -1.05	batch_acc 0.9900
[INFO  18:01:23] 70%:	E: 0.00	dE -1.57	batch_acc 0.9700
[INFO  18:01:26] 80%:	E: 0.00	dE -2.37	batch_acc 0.9500
[INFO  18:01:30] 90%:	E: 0.00	dE -1.00	batch_acc 0.9900
[INFO  18:01:35] epoch: 29 	 test_acc: 0.8887 	 mean_E: 0.0000
[INFO  18:01:35] 0%:	E: 0.00	dE -1.29	batch_acc 0.9700
[INFO  18:01:38] 10%:	E: 0.00	dE -1.19	batch_acc 0.9900
[INFO  18:01:42] 20%:	E: 0.00	dE -1.74	batch_acc 0.9600
[INFO  18:01:45] 30%:	E: 0.00	dE -0.51	batch_acc 0.9900
[INFO  18:01:49] 40%:	E: 0.00	dE -0.11	batch_acc 1.0000
[INFO  18:01:52] 50%:	E: 0.00	dE -0.88	batch_acc 0.9800
[INFO  18:01:56] 60%:	E: 0.00	dE -0.97	batch_acc 0.9700
[INFO  18:01:59] 70%:	E: 0.00	dE -0.94	batch_acc 0.9900
[INFO  18:02:02] 80%:	E: 0.00	dE -1.09	batch_acc 0.9800
[INFO  18:02:06] 90%:	E: 0.00	dE -1.55	batch_acc 0.9600
[INFO  18:02:11] epoch: 30 	 test_acc: 0.8946 	 mean_E: 0.0000
[INFO  18:02:11] 0%:	E: 0.00	dE -1.15	batch_acc 0.9700
[INFO  18:02:15] 10%:	E: 0.00	dE -1.70	batch_acc 0.9600
[INFO  18:02:18] 20%:	E: 0.00	dE -1.66	batch_acc 0.9600
[INFO  18:02:22] 30%:	E: 0.00	dE -2.02	batch_acc 0.9600
[INFO  18:02:25] 40%:	E: 0.00	dE -0.28	batch_acc 1.0000
[INFO  18:02:28] 50%:	E: 0.00	dE -1.83	batch_acc 0.9600
[INFO  18:02:32] 60%:	E: 0.00	dE -1.04	batch_acc 0.9600
[INFO  18:02:35] 70%:	E: 0.00	dE -0.66	batch_acc 0.9900
[INFO  18:02:39] 80%:	E: 0.00	dE -1.76	batch_acc 0.9700
[INFO  18:02:42] 90%:	E: 0.00	dE -2.58	batch_acc 0.9500
[INFO  18:02:47] epoch: 31 	 test_acc: 0.8938 	 mean_E: 0.0000
[INFO  18:02:47] 0%:	E: 0.00	dE -1.70	batch_acc 0.9700
[INFO  18:02:51] 10%:	E: 0.00	dE -2.15	batch_acc 0.9400
[INFO  18:02:54] 20%:	E: 0.00	dE -1.88	batch_acc 0.9600
[INFO  18:02:58] 30%:	E: 0.00	dE -1.24	batch_acc 0.9800
[INFO  18:03:01] 40%:	E: 0.00	dE -1.05	batch_acc 0.9700
[INFO  18:03:04] 50%:	E: 0.00	dE -2.14	batch_acc 0.9800
[INFO  18:03:08] 60%:	E: 0.00	dE -0.98	batch_acc 0.9700
[INFO  18:03:11] 70%:	E: 0.00	dE -1.30	batch_acc 0.9800
[INFO  18:03:14] 80%:	E: 0.00	dE -1.81	batch_acc 0.9700
[INFO  18:03:18] 90%:	E: 0.00	dE -1.17	batch_acc 0.9900
[INFO  18:03:23] epoch: 32 	 test_acc: 0.8902 	 mean_E: 0.0000
[INFO  18:03:23] 0%:	E: 0.00	dE -1.35	batch_acc 0.9800
[INFO  18:03:26] 10%:	E: 0.00	dE -0.88	batch_acc 0.9800
[INFO  18:03:30] 20%:	E: 0.00	dE -1.22	batch_acc 0.9800
[INFO  18:03:33] 30%:	E: 0.00	dE -1.11	batch_acc 0.9700
[INFO  18:03:37] 40%:	E: 0.00	dE -1.11	batch_acc 0.9700
[INFO  18:03:41] 50%:	E: 0.00	dE -0.77	batch_acc 0.9900
[INFO  18:03:44] 60%:	E: 0.00	dE -1.06	batch_acc 0.9800
[INFO  18:03:48] 70%:	E: 0.00	dE -1.29	batch_acc 0.9900
[INFO  18:03:51] 80%:	E: 0.00	dE -1.40	batch_acc 0.9700
[INFO  18:03:54] 90%:	E: 0.00	dE -1.15	batch_acc 0.9800
[INFO  18:03:59] epoch: 33 	 test_acc: 0.8954 	 mean_E: 0.0000
[INFO  18:04:00] 0%:	E: 0.00	dE -0.23	batch_acc 1.0000
[INFO  18:04:03] 10%:	E: 0.00	dE -0.57	batch_acc 1.0000
[INFO  18:04:06] 20%:	E: 0.00	dE -1.21	batch_acc 0.9700
[INFO  18:04:10] 30%:	E: 0.00	dE -0.73	batch_acc 1.0000
[INFO  18:04:13] 40%:	E: 0.00	dE -0.84	batch_acc 0.9900
[INFO  18:04:17] 50%:	E: 0.00	dE -0.65	batch_acc 0.9800
[INFO  18:04:20] 60%:	E: 0.00	dE -0.49	batch_acc 1.0000
[INFO  18:04:23] 70%:	E: 0.00	dE -2.42	batch_acc 0.9500
[INFO  18:04:27] 80%:	E: 0.00	dE -0.77	batch_acc 0.9800
[INFO  18:04:30] 90%:	E: 0.00	dE -1.50	batch_acc 0.9700
[INFO  18:04:35] epoch: 34 	 test_acc: 0.8867 	 mean_E: 0.0000
[INFO  18:04:35] 0%:	E: 0.00	dE -0.88	batch_acc 1.0000
[INFO  18:04:39] 10%:	E: 0.00	dE -0.52	batch_acc 1.0000
[INFO  18:04:42] 20%:	E: 0.00	dE -1.03	batch_acc 0.9700
[INFO  18:04:46] 30%:	E: 0.00	dE -0.77	batch_acc 0.9900
[INFO  18:04:49] 40%:	E: 0.00	dE -0.64	batch_acc 0.9800
[INFO  18:04:53] 50%:	E: 0.00	dE -1.06	batch_acc 0.9900
[INFO  18:04:56] 60%:	E: 0.00	dE -0.86	batch_acc 0.9800
[INFO  18:05:00] 70%:	E: 0.00	dE -1.64	batch_acc 0.9700
[INFO  18:05:03] 80%:	E: 0.00	dE -1.64	batch_acc 0.9800
[INFO  18:05:06] 90%:	E: 0.00	dE -0.97	batch_acc 0.9800
[INFO  18:05:12] epoch: 35 	 test_acc: 0.8902 	 mean_E: 0.0000
[INFO  18:05:12] 0%:	E: 0.00	dE -1.10	batch_acc 0.9700
[INFO  18:05:15] 10%:	E: 0.00	dE -1.36	batch_acc 0.9800
[INFO  18:05:19] 20%:	E: 0.00	dE -0.94	batch_acc 0.9900
[INFO  18:05:22] 30%:	E: 0.00	dE -0.49	batch_acc 1.0000
[INFO  18:05:25] 40%:	E: 0.00	dE -0.86	batch_acc 0.9800
[INFO  18:05:29] 50%:	E: 0.00	dE -1.86	batch_acc 0.9700
[INFO  18:05:32] 60%:	E: 0.00	dE -0.40	batch_acc 1.0000
[INFO  18:05:36] 70%:	E: 0.00	dE -1.50	batch_acc 0.9700
[INFO  18:05:39] 80%:	E: 0.00	dE -0.85	batch_acc 0.9900
[INFO  18:05:43] 90%:	E: 0.00	dE -1.73	batch_acc 0.9600
[INFO  18:05:48] epoch: 36 	 test_acc: 0.8892 	 mean_E: 0.0000
[INFO  18:05:48] 0%:	E: 0.00	dE -0.92	batch_acc 0.9800
[INFO  18:05:51] 10%:	E: 0.00	dE -1.35	batch_acc 0.9700
[INFO  18:05:55] 20%:	E: 0.00	dE -0.70	batch_acc 0.9900
[INFO  18:05:58] 30%:	E: 0.00	dE -0.89	batch_acc 0.9800
[INFO  18:06:02] 40%:	E: 0.00	dE -1.00	batch_acc 0.9800
[INFO  18:06:06] 50%:	E: 0.00	dE -1.27	batch_acc 0.9700
[INFO  18:06:09] 60%:	E: 0.00	dE -1.41	batch_acc 0.9700
[INFO  18:06:13] 70%:	E: 0.00	dE -0.44	batch_acc 0.9900
[INFO  18:06:16] 80%:	E: 0.00	dE -1.18	batch_acc 0.9700
[INFO  18:06:20] 90%:	E: 0.00	dE -1.18	batch_acc 0.9800
[INFO  18:06:25] epoch: 37 	 test_acc: 0.8876 	 mean_E: 0.0000
[INFO  18:06:25] 0%:	E: 0.00	dE -0.77	batch_acc 0.9800
[INFO  18:06:28] 10%:	E: 0.00	dE -0.70	batch_acc 0.9800
[INFO  18:06:32] 20%:	E: 0.00	dE -1.01	batch_acc 0.9900
[INFO  18:06:35] 30%:	E: 0.00	dE -0.52	batch_acc 1.0000
[INFO  18:06:39] 40%:	E: 0.00	dE -0.40	batch_acc 1.0000
[INFO  18:06:42] 50%:	E: 0.00	dE -0.68	batch_acc 0.9900
[INFO  18:06:45] 60%:	E: 0.00	dE -1.46	batch_acc 0.9700
[INFO  18:06:49] 70%:	E: 0.00	dE -1.69	batch_acc 0.9800
[INFO  18:06:52] 80%:	E: 0.00	dE -1.44	batch_acc 0.9600
[INFO  18:06:56] 90%:	E: 0.00	dE -1.64	batch_acc 0.9600
[INFO  18:07:01] epoch: 38 	 test_acc: 0.8893 	 mean_E: 0.0000
[INFO  18:07:01] 0%:	E: 0.00	dE -0.69	batch_acc 0.9900
[INFO  18:07:04] 10%:	E: 0.00	dE -0.42	batch_acc 0.9900
[INFO  18:07:08] 20%:	E: 0.00	dE -1.17	batch_acc 0.9800
[INFO  18:07:11] 30%:	E: 0.00	dE -1.49	batch_acc 0.9800
[INFO  18:07:14] 40%:	E: 0.00	dE -1.75	batch_acc 0.9700
[INFO  18:07:18] 50%:	E: 0.00	dE -1.66	batch_acc 0.9700
[INFO  18:07:21] 60%:	E: 0.00	dE -0.70	batch_acc 0.9900
[INFO  18:07:25] 70%:	E: 0.00	dE -1.47	batch_acc 0.9800
[INFO  18:07:28] 80%:	E: 0.00	dE -0.87	batch_acc 0.9800
[INFO  18:07:32] 90%:	E: 0.00	dE -0.96	batch_acc 0.9800
[INFO  18:07:37] epoch: 39 	 test_acc: 0.8887 	 mean_E: 0.0000
[INFO  18:07:37] 0%:	E: 0.00	dE -0.52	batch_acc 0.9900
[INFO  18:07:41] 10%:	E: 0.00	dE -1.93	batch_acc 0.9600
[INFO  18:07:44] 20%:	E: 0.00	dE -1.22	batch_acc 0.9800
[INFO  18:07:47] 30%:	E: 0.00	dE -2.51	batch_acc 0.9300
[INFO  18:07:51] 40%:	E: 0.00	dE -1.34	batch_acc 0.9800
[INFO  18:07:54] 50%:	E: 0.00	dE -0.88	batch_acc 0.9900
[INFO  18:07:58] 60%:	E: 0.00	dE -1.10	batch_acc 0.9800
[INFO  18:08:01] 70%:	E: 0.00	dE -1.81	batch_acc 0.9700
[INFO  18:08:05] 80%:	E: 0.00	dE -0.94	batch_acc 0.9900
[INFO  18:08:08] 90%:	E: 0.00	dE -1.40	batch_acc 0.9700
[INFO  18:08:13] epoch: 40 	 test_acc: 0.8879 	 mean_E: 0.0000
[INFO  18:08:14] 0%:	E: 0.00	dE -1.54	batch_acc 0.9800
[INFO  18:08:17] 10%:	E: 0.00	dE -0.83	batch_acc 0.9900
[INFO  18:08:21] 20%:	E: 0.00	dE -0.41	batch_acc 0.9800
[INFO  18:08:24] 30%:	E: 0.00	dE -2.64	batch_acc 0.9500
[INFO  18:08:28] 40%:	E: 0.00	dE -1.61	batch_acc 0.9800
[INFO  18:08:31] 50%:	E: 0.00	dE -2.57	batch_acc 0.9600
[INFO  18:08:35] 60%:	E: 0.00	dE -0.68	batch_acc 0.9900
[INFO  18:08:38] 70%:	E: 0.00	dE -0.54	batch_acc 0.9900
[INFO  18:08:42] 80%:	E: 0.00	dE -0.58	batch_acc 0.9900
[INFO  18:08:45] 90%:	E: 0.00	dE -1.34	batch_acc 0.9700
[INFO  18:08:50] epoch: 41 	 test_acc: 0.8909 	 mean_E: 0.0000
[INFO  18:08:51] 0%:	E: 0.00	dE -1.74	batch_acc 0.9700
[INFO  18:08:54] 10%:	E: 0.00	dE -1.38	batch_acc 0.9700
[INFO  18:08:58] 20%:	E: 0.00	dE -1.06	batch_acc 0.9800
[INFO  18:09:01] 30%:	E: 0.00	dE -1.30	batch_acc 0.9700
[INFO  18:09:05] 40%:	E: 0.00	dE -1.16	batch_acc 0.9700
[INFO  18:09:08] 50%:	E: 0.00	dE -0.59	batch_acc 1.0000
[INFO  18:09:12] 60%:	E: 0.00	dE -1.74	batch_acc 0.9600
[INFO  18:09:15] 70%:	E: 0.00	dE -0.92	batch_acc 0.9900
[INFO  18:09:18] 80%:	E: 0.00	dE -1.03	batch_acc 0.9800
[INFO  18:09:22] 90%:	E: 0.00	dE -1.99	batch_acc 0.9500
[INFO  18:09:27] epoch: 42 	 test_acc: 0.8828 	 mean_E: 0.0000
[INFO  18:09:27] 0%:	E: 0.00	dE -1.23	batch_acc 0.9800
[INFO  18:09:31] 10%:	E: 0.00	dE -0.47	batch_acc 0.9900
[INFO  18:09:34] 20%:	E: 0.00	dE -0.64	batch_acc 1.0000
[INFO  18:09:38] 30%:	E: 0.00	dE -0.56	batch_acc 0.9900
[INFO  18:09:41] 40%:	E: 0.00	dE -1.26	batch_acc 0.9800
[INFO  18:09:44] 50%:	E: 0.00	dE -1.08	batch_acc 0.9800
[INFO  18:09:48] 60%:	E: 0.00	dE -2.39	batch_acc 0.9400
[INFO  18:09:51] 70%:	E: 0.00	dE -1.21	batch_acc 0.9700
[INFO  18:09:55] 80%:	E: 0.00	dE -1.47	batch_acc 0.9800
[INFO  18:09:58] 90%:	E: 0.00	dE -1.41	batch_acc 0.9800
[INFO  18:10:03] epoch: 43 	 test_acc: 0.8856 	 mean_E: 0.0000
[INFO  18:10:04] 0%:	E: 0.00	dE -0.75	batch_acc 0.9900
[INFO  18:10:07] 10%:	E: 0.00	dE -0.84	batch_acc 0.9900
[INFO  18:10:10] 20%:	E: 0.00	dE -0.93	batch_acc 0.9800
[INFO  18:10:13] 30%:	E: 0.00	dE -0.64	batch_acc 0.9800
[INFO  18:10:17] 40%:	E: 0.00	dE -0.74	batch_acc 0.9900
[INFO  18:10:20] 50%:	E: 0.00	dE -1.69	batch_acc 0.9700
[INFO  18:10:24] 60%:	E: 0.00	dE -0.99	batch_acc 0.9900
[INFO  18:10:27] 70%:	E: 0.00	dE -2.18	batch_acc 0.9500
[INFO  18:10:31] 80%:	E: 0.00	dE -0.39	batch_acc 1.0000
[INFO  18:10:34] 90%:	E: 0.00	dE -0.46	batch_acc 0.9900
[INFO  18:10:40] epoch: 44 	 test_acc: 0.8917 	 mean_E: 0.0000
[INFO  18:10:40] 0%:	E: 0.00	dE -0.96	batch_acc 0.9900
[INFO  18:10:43] 10%:	E: 0.00	dE -1.00	batch_acc 0.9800
[INFO  18:10:47] 20%:	E: 0.00	dE -0.79	batch_acc 0.9900
[INFO  18:10:50] 30%:	E: 0.00	dE -1.21	batch_acc 0.9800
[INFO  18:10:54] 40%:	E: 0.00	dE -1.19	batch_acc 0.9900
[INFO  18:10:58] 50%:	E: 0.00	dE -0.81	batch_acc 0.9900
[INFO  18:11:01] 60%:	E: 0.00	dE -1.31	batch_acc 0.9700
[INFO  18:11:04] 70%:	E: 0.00	dE -1.35	batch_acc 0.9700
[INFO  18:11:08] 80%:	E: 0.00	dE -0.91	batch_acc 0.9600
[INFO  18:11:11] 90%:	E: 0.00	dE -0.85	batch_acc 0.9800
[INFO  18:11:17] epoch: 45 	 test_acc: 0.8878 	 mean_E: 0.0000
[INFO  18:11:17] 0%:	E: 0.00	dE -0.59	batch_acc 0.9900
[INFO  18:11:20] 10%:	E: 0.00	dE -0.56	batch_acc 1.0000
[INFO  18:11:24] 20%:	E: 0.00	dE -1.46	batch_acc 0.9700
[INFO  18:11:27] 30%:	E: 0.00	dE -1.36	batch_acc 0.9800
[INFO  18:11:30] 40%:	E: 0.00	dE -0.27	batch_acc 1.0000
[INFO  18:11:34] 50%:	E: 0.00	dE -0.38	batch_acc 1.0000
[INFO  18:11:37] 60%:	E: 0.00	dE -1.55	batch_acc 0.9600
[INFO  18:11:40] 70%:	E: 0.00	dE -1.20	batch_acc 0.9700
[INFO  18:11:44] 80%:	E: 0.00	dE -1.29	batch_acc 0.9700
[INFO  18:11:47] 90%:	E: 0.00	dE -1.35	batch_acc 0.9700
[INFO  18:11:52] epoch: 46 	 test_acc: 0.8893 	 mean_E: 0.0000
[INFO  18:11:53] 0%:	E: 0.00	dE -0.60	batch_acc 0.9900
[INFO  18:11:56] 10%:	E: 0.00	dE -0.29	batch_acc 1.0000
[INFO  18:11:59] 20%:	E: 0.00	dE -0.60	batch_acc 1.0000
[INFO  18:12:03] 30%:	E: 0.00	dE -0.45	batch_acc 1.0000
[INFO  18:12:06] 40%:	E: 0.00	dE -1.68	batch_acc 0.9700
[INFO  18:12:10] 50%:	E: 0.00	dE -1.28	batch_acc 0.9800
[INFO  18:12:13] 60%:	E: 0.00	dE -1.03	batch_acc 0.9900
[INFO  18:12:17] 70%:	E: 0.00	dE -1.21	batch_acc 0.9700
[INFO  18:12:20] 80%:	E: 0.00	dE -1.04	batch_acc 0.9800
[INFO  18:12:23] 90%:	E: 0.00	dE -0.17	batch_acc 1.0000
[INFO  18:12:29] epoch: 47 	 test_acc: 0.8915 	 mean_E: 0.0000
[INFO  18:12:29] 0%:	E: 0.00	dE -0.31	batch_acc 1.0000
[INFO  18:12:32] 10%:	E: 0.00	dE -1.91	batch_acc 0.9600
[INFO  18:12:36] 20%:	E: 0.00	dE -0.69	batch_acc 1.0000
[INFO  18:12:39] 30%:	E: 0.00	dE -0.50	batch_acc 1.0000
[INFO  18:12:43] 40%:	E: 0.00	dE -0.70	batch_acc 0.9900
[INFO  18:12:46] 50%:	E: 0.00	dE -0.83	batch_acc 0.9900
[INFO  18:12:50] 60%:	E: 0.00	dE -1.21	batch_acc 0.9700
[INFO  18:12:53] 70%:	E: 0.00	dE -1.08	batch_acc 0.9900
[INFO  18:12:57] 80%:	E: 0.00	dE -1.09	batch_acc 0.9900
[INFO  18:13:00] 90%:	E: 0.00	dE -1.12	batch_acc 0.9800
[INFO  18:13:05] epoch: 48 	 test_acc: 0.8887 	 mean_E: 0.0000
[INFO  18:13:05] 0%:	E: 0.00	dE -0.90	batch_acc 1.0000
[INFO  18:13:09] 10%:	E: 0.00	dE -0.49	batch_acc 0.9900
[INFO  18:13:12] 20%:	E: 0.00	dE -0.23	batch_acc 1.0000
[INFO  18:13:16] 30%:	E: 0.00	dE -0.89	batch_acc 0.9900
[INFO  18:13:20] 40%:	E: 0.00	dE -0.54	batch_acc 0.9900
[INFO  18:13:23] 50%:	E: 0.00	dE -1.41	batch_acc 0.9700
[INFO  18:13:26] 60%:	E: 0.00	dE -1.91	batch_acc 0.9600
[INFO  18:13:30] 70%:	E: 0.00	dE -0.56	batch_acc 0.9900
[INFO  18:13:33] 80%:	E: 0.00	dE -1.08	batch_acc 0.9800
[INFO  18:13:37] 90%:	E: 0.00	dE -0.86	batch_acc 0.9900
[INFO  18:13:42] epoch: 49 	 test_acc: 0.8832 	 mean_E: 0.0000
[INFO  18:13:42] 0%:	E: 0.00	dE -1.22	batch_acc 0.9700
[INFO  18:13:45] 10%:	E: 0.00	dE -0.24	batch_acc 1.0000
[INFO  18:13:49] 20%:	E: 0.00	dE -1.35	batch_acc 0.9900
[INFO  18:13:52] 30%:	E: 0.00	dE -0.57	batch_acc 1.0000
[INFO  18:13:56] 40%:	E: 0.00	dE -1.00	batch_acc 0.9800
[INFO  18:13:59] 50%:	E: 0.00	dE -1.10	batch_acc 0.9800
[INFO  18:14:03] 60%:	E: 0.00	dE -0.49	batch_acc 1.0000
[INFO  18:14:06] 70%:	E: 0.00	dE -1.29	batch_acc 0.9900
[INFO  18:14:10] 80%:	E: 0.00	dE -0.98	batch_acc 0.9800
[INFO  18:14:13] 90%:	E: 0.00	dE -0.83	batch_acc 0.9800
[INFO  18:14:18] epoch: 50 	 test_acc: 0.8876 	 mean_E: 0.0000
[INFO  18:14:18] 0%:	E: 0.00	dE -0.52	batch_acc 1.0000
[INFO  18:14:22] 10%:	E: 0.00	dE -0.80	batch_acc 0.9800
[INFO  18:14:25] 20%:	E: 0.00	dE -0.19	batch_acc 1.0000
[INFO  18:14:29] 30%:	E: 0.00	dE -0.50	batch_acc 0.9900
[INFO  18:14:32] 40%:	E: 0.00	dE -0.45	batch_acc 0.9900
[INFO  18:14:35] 50%:	E: 0.00	dE -1.19	batch_acc 0.9800
[INFO  18:14:39] 60%:	E: 0.00	dE -0.62	batch_acc 0.9900
[INFO  18:14:42] 70%:	E: 0.00	dE -0.29	batch_acc 1.0000
[INFO  18:14:46] 80%:	E: 0.00	dE -0.63	batch_acc 0.9900
[INFO  18:14:49] 90%:	E: 0.00	dE -0.53	batch_acc 0.9800
[INFO  18:14:54] epoch: 51 	 test_acc: 0.8887 	 mean_E: 0.0000
[INFO  18:14:54] 0%:	E: 0.00	dE -1.23	batch_acc 0.9900
[INFO  18:14:58] 10%:	E: 0.00	dE -0.99	batch_acc 0.9800
[INFO  18:15:01] 20%:	E: 0.00	dE -0.72	batch_acc 0.9800
[INFO  18:15:05] 30%:	E: 0.00	dE -0.08	batch_acc 1.0000
[INFO  18:15:08] 40%:	E: 0.00	dE -1.01	batch_acc 0.9900
[INFO  18:15:12] 50%:	E: 0.00	dE -0.52	batch_acc 1.0000
[INFO  18:15:15] 60%:	E: 0.00	dE -0.72	batch_acc 0.9900
[INFO  18:15:19] 70%:	E: 0.00	dE -2.35	batch_acc 0.9500
[INFO  18:15:22] 80%:	E: 0.00	dE -2.42	batch_acc 0.9500
[INFO  18:15:25] 90%:	E: 0.00	dE -1.62	batch_acc 0.9700
[INFO  18:15:30] epoch: 52 	 test_acc: 0.8891 	 mean_E: 0.0000
[INFO  18:15:31] 0%:	E: 0.00	dE -0.68	batch_acc 0.9900
[INFO  18:15:34] 10%:	E: 0.00	dE -0.21	batch_acc 1.0000
[INFO  18:15:38] 20%:	E: 0.00	dE -0.57	batch_acc 1.0000
[INFO  18:15:41] 30%:	E: 0.00	dE -0.36	batch_acc 0.9900
[INFO  18:15:45] 40%:	E: 0.00	dE -1.39	batch_acc 0.9800
[INFO  18:15:48] 50%:	E: 0.00	dE -0.63	batch_acc 1.0000
[INFO  18:15:51] 60%:	E: 0.00	dE -0.81	batch_acc 0.9900
[INFO  18:15:55] 70%:	E: 0.00	dE -0.90	batch_acc 0.9800
[INFO  18:15:59] 80%:	E: 0.00	dE -0.24	batch_acc 1.0000
[INFO  18:16:02] 90%:	E: 0.00	dE -1.06	batch_acc 0.9800
[INFO  18:16:08] epoch: 53 	 test_acc: 0.8871 	 mean_E: 0.0000
[INFO  18:16:08] 0%:	E: 0.00	dE -1.17	batch_acc 0.9700
[INFO  18:16:11] 10%:	E: 0.00	dE -0.45	batch_acc 1.0000
[INFO  18:16:15] 20%:	E: 0.00	dE -0.77	batch_acc 0.9900
[INFO  18:16:18] 30%:	E: 0.00	dE -0.59	batch_acc 1.0000
[INFO  18:16:20] 40%:	E: 0.00	dE -0.63	batch_acc 0.9800
[INFO  18:16:23] 50%:	E: 0.00	dE -0.74	batch_acc 0.9800
[INFO  18:16:27] 60%:	E: 0.00	dE -1.68	batch_acc 0.9700
[INFO  18:16:30] 70%:	E: 0.00	dE -1.56	batch_acc 0.9700
[INFO  18:16:34] 80%:	E: 0.00	dE -0.54	batch_acc 1.0000
[INFO  18:16:37] 90%:	E: 0.00	dE -1.34	batch_acc 0.9900
[INFO  18:16:43] epoch: 54 	 test_acc: 0.8907 	 mean_E: 0.0000
[INFO  18:16:43] 0%:	E: 0.00	dE -0.71	batch_acc 0.9900
[INFO  18:16:46] 10%:	E: 0.00	dE -1.73	batch_acc 0.9700
[INFO  18:16:49] 20%:	E: 0.00	dE -0.28	batch_acc 1.0000
[INFO  18:16:53] 30%:	E: 0.00	dE -0.50	batch_acc 1.0000
[INFO  18:16:57] 40%:	E: 0.00	dE -0.65	batch_acc 1.0000
[INFO  18:17:00] 50%:	E: 0.00	dE -0.34	batch_acc 0.9900
[INFO  18:17:03] 60%:	E: 0.00	dE -0.25	batch_acc 1.0000
[INFO  18:17:07] 70%:	E: 0.00	dE -0.32	batch_acc 1.0000
[INFO  18:17:10] 80%:	E: 0.00	dE -1.19	batch_acc 0.9800
[INFO  18:17:14] 90%:	E: 0.00	dE -0.52	batch_acc 0.9900
[INFO  18:17:19] epoch: 55 	 test_acc: 0.8913 	 mean_E: 0.0000
[INFO  18:17:19] 0%:	E: 0.00	dE -1.49	batch_acc 0.9700
[INFO  18:17:23] 10%:	E: 0.00	dE -0.52	batch_acc 1.0000
[INFO  18:17:26] 20%:	E: 0.00	dE -0.40	batch_acc 1.0000
[INFO  18:17:29] 30%:	E: 0.00	dE -0.66	batch_acc 0.9900
[INFO  18:17:33] 40%:	E: 0.00	dE -0.68	batch_acc 0.9900
[INFO  18:17:36] 50%:	E: 0.00	dE -0.54	batch_acc 0.9900
[INFO  18:17:40] 60%:	E: 0.00	dE -0.69	batch_acc 0.9900
[INFO  18:17:43] 70%:	E: 0.00	dE -0.88	batch_acc 0.9800
[INFO  18:17:46] 80%:	E: 0.00	dE -0.32	batch_acc 1.0000
[INFO  18:17:50] 90%:	E: 0.00	dE -0.69	batch_acc 0.9900
[INFO  18:17:55] epoch: 56 	 test_acc: 0.8909 	 mean_E: 0.0000
[INFO  18:17:55] 0%:	E: 0.00	dE -0.36	batch_acc 1.0000
[INFO  18:17:59] 10%:	E: 0.00	dE -0.50	batch_acc 0.9900
[INFO  18:18:02] 20%:	E: 0.00	dE -0.32	batch_acc 0.9900
[INFO  18:18:05] 30%:	E: 0.00	dE -1.09	batch_acc 0.9900
[INFO  18:18:09] 40%:	E: 0.00	dE -1.10	batch_acc 0.9800
[INFO  18:18:12] 50%:	E: 0.00	dE -1.00	batch_acc 0.9900
[INFO  18:18:16] 60%:	E: 0.00	dE -0.18	batch_acc 1.0000
[INFO  18:18:19] 70%:	E: 0.00	dE -0.13	batch_acc 1.0000
[INFO  18:18:23] 80%:	E: 0.00	dE -2.34	batch_acc 0.9500
[INFO  18:18:26] 90%:	E: 0.00	dE -1.62	batch_acc 0.9700
[INFO  18:18:32] epoch: 57 	 test_acc: 0.8900 	 mean_E: 0.0000
[INFO  18:18:32] 0%:	E: 0.00	dE -0.20	batch_acc 1.0000
[INFO  18:18:35] 10%:	E: 0.00	dE -0.43	batch_acc 0.9900
[INFO  18:18:39] 20%:	E: 0.00	dE -0.68	batch_acc 0.9900
[INFO  18:18:42] 30%:	E: 0.00	dE -1.25	batch_acc 0.9800
[INFO  18:18:46] 40%:	E: 0.00	dE -1.43	batch_acc 0.9800
[INFO  18:18:49] 50%:	E: 0.00	dE -0.58	batch_acc 0.9900
[INFO  18:18:53] 60%:	E: 0.00	dE -0.21	batch_acc 1.0000
[INFO  18:18:56] 70%:	E: 0.00	dE -1.33	batch_acc 0.9900
[INFO  18:19:00] 80%:	E: 0.00	dE -0.86	batch_acc 0.9900
[INFO  18:19:03] 90%:	E: 0.00	dE -1.43	batch_acc 0.9600
[INFO  18:19:08] epoch: 58 	 test_acc: 0.8894 	 mean_E: 0.0000
[INFO  18:19:08] 0%:	E: 0.00	dE -1.37	batch_acc 0.9800
[INFO  18:19:12] 10%:	E: 0.00	dE -2.09	batch_acc 0.9600
[INFO  18:19:15] 20%:	E: 0.00	dE -0.87	batch_acc 0.9800
[INFO  18:19:19] 30%:	E: 0.00	dE -0.82	batch_acc 0.9800
[INFO  18:19:22] 40%:	E: 0.00	dE -1.59	batch_acc 0.9700
[INFO  18:19:26] 50%:	E: 0.00	dE -0.36	batch_acc 0.9900
[INFO  18:19:29] 60%:	E: 0.00	dE -1.22	batch_acc 0.9800
[INFO  18:19:33] 70%:	E: 0.00	dE -1.06	batch_acc 0.9800
[INFO  18:19:36] 80%:	E: 0.00	dE -1.02	batch_acc 0.9800
[INFO  18:19:39] 90%:	E: 0.00	dE -1.34	batch_acc 0.9800
[INFO  18:19:45] epoch: 59 	 test_acc: 0.8909 	 mean_E: 0.0000
[INFO  18:19:45] 0%:	E: 0.00	dE -1.78	batch_acc 0.9800
[INFO  18:19:48] 10%:	E: 0.00	dE -0.20	batch_acc 1.0000
[INFO  18:19:51] 20%:	E: 0.00	dE -1.27	batch_acc 0.9800
[INFO  18:19:55] 30%:	E: 0.00	dE -1.48	batch_acc 0.9800
[INFO  18:19:58] 40%:	E: 0.00	dE -1.98	batch_acc 0.9700
[INFO  18:20:02] 50%:	E: 0.00	dE -0.15	batch_acc 1.0000
[INFO  18:20:05] 60%:	E: 0.00	dE -0.59	batch_acc 0.9900
[INFO  18:20:09] 70%:	E: 0.00	dE -0.67	batch_acc 0.9900
[INFO  18:20:12] 80%:	E: 0.00	dE -1.68	batch_acc 0.9600
[INFO  18:20:15] 90%:	E: 0.00	dE -0.86	batch_acc 0.9900
[INFO  18:20:20] epoch: 60 	 test_acc: 0.8898 	 mean_E: 0.0000
[INFO  18:20:21] 0%:	E: 0.00	dE -0.97	batch_acc 0.9800
[INFO  18:20:24] 10%:	E: 0.00	dE -0.67	batch_acc 1.0000
[INFO  18:20:28] 20%:	E: 0.00	dE -0.21	batch_acc 1.0000
[INFO  18:20:31] 30%:	E: 0.00	dE -0.18	batch_acc 1.0000
[INFO  18:20:34] 40%:	E: 0.00	dE -0.56	batch_acc 0.9800
[INFO  18:20:38] 50%:	E: 0.00	dE -1.34	batch_acc 0.9800
[INFO  18:20:41] 60%:	E: 0.00	dE -1.29	batch_acc 0.9800
[INFO  18:20:45] 70%:	E: 0.00	dE -1.01	batch_acc 0.9900
[INFO  18:20:48] 80%:	E: 0.00	dE -0.86	batch_acc 0.9900
[INFO  18:20:52] 90%:	E: 0.00	dE -0.57	batch_acc 0.9900
[INFO  18:20:57] epoch: 61 	 test_acc: 0.8888 	 mean_E: 0.0000
[INFO  18:20:57] 0%:	E: 0.00	dE -0.52	batch_acc 1.0000
[INFO  18:21:00] 10%:	E: 0.00	dE -0.81	batch_acc 0.9900
[INFO  18:21:04] 20%:	E: 0.00	dE -0.45	batch_acc 0.9900
[INFO  18:21:07] 30%:	E: 0.00	dE -0.87	batch_acc 0.9900
[INFO  18:21:11] 40%:	E: 0.00	dE -1.21	batch_acc 0.9700
[INFO  18:21:14] 50%:	E: 0.00	dE -0.24	batch_acc 1.0000
[INFO  18:21:18] 60%:	E: 0.00	dE -0.66	batch_acc 0.9900
[INFO  18:21:21] 70%:	E: 0.00	dE -0.77	batch_acc 1.0000
[INFO  18:21:25] 80%:	E: 0.00	dE -0.97	batch_acc 0.9900
[INFO  18:21:28] 90%:	E: 0.00	dE -1.27	batch_acc 0.9800
[INFO  18:21:33] epoch: 62 	 test_acc: 0.8867 	 mean_E: 0.0000
[INFO  18:21:33] 0%:	E: 0.00	dE -1.15	batch_acc 0.9900
[INFO  18:21:37] 10%:	E: 0.00	dE -0.65	batch_acc 0.9900
[INFO  18:21:40] 20%:	E: 0.00	dE -0.54	batch_acc 1.0000
[INFO  18:21:44] 30%:	E: 0.00	dE -0.37	batch_acc 1.0000
[INFO  18:21:47] 40%:	E: 0.00	dE -0.11	batch_acc 1.0000
[INFO  18:21:51] 50%:	E: 0.00	dE -0.84	batch_acc 0.9700
[INFO  18:21:54] 60%:	E: 0.00	dE -1.06	batch_acc 0.9800
[INFO  18:21:58] 70%:	E: 0.00	dE -0.25	batch_acc 0.9900
[INFO  18:22:01] 80%:	E: 0.00	dE -0.51	batch_acc 1.0000
[INFO  18:22:05] 90%:	E: 0.00	dE -1.19	batch_acc 0.9800
[INFO  18:22:10] epoch: 63 	 test_acc: 0.8881 	 mean_E: 0.0000
[INFO  18:22:10] 0%:	E: 0.00	dE -0.24	batch_acc 1.0000
[INFO  18:22:13] 10%:	E: 0.00	dE -0.29	batch_acc 0.9900
[INFO  18:22:17] 20%:	E: 0.00	dE -0.76	batch_acc 0.9900
[INFO  18:22:20] 30%:	E: 0.00	dE -0.39	batch_acc 1.0000
[INFO  18:22:24] 40%:	E: 0.00	dE -0.56	batch_acc 0.9900
[INFO  18:22:27] 50%:	E: 0.00	dE -0.45	batch_acc 0.9900
[INFO  18:22:31] 60%:	E: 0.00	dE -0.42	batch_acc 1.0000
[INFO  18:22:34] 70%:	E: 0.00	dE -0.67	batch_acc 0.9900
[INFO  18:22:38] 80%:	E: 0.00	dE -0.38	batch_acc 1.0000
[INFO  18:22:41] 90%:	E: 0.00	dE -1.76	batch_acc 0.9700
[INFO  18:22:47] epoch: 64 	 test_acc: 0.8887 	 mean_E: 0.0000
[INFO  18:22:47] 0%:	E: 0.00	dE -1.67	batch_acc 0.9700
[INFO  18:22:50] 10%:	E: 0.00	dE -0.38	batch_acc 0.9900
[INFO  18:22:54] 20%:	E: 0.00	dE -1.38	batch_acc 0.9800
[INFO  18:22:57] 30%:	E: 0.00	dE -0.50	batch_acc 0.9900
[INFO  18:23:00] 40%:	E: 0.00	dE -0.65	batch_acc 1.0000
[INFO  18:23:04] 50%:	E: 0.00	dE -0.94	batch_acc 0.9900
[INFO  18:23:07] 60%:	E: 0.00	dE -0.80	batch_acc 1.0000
[INFO  18:23:11] 70%:	E: 0.00	dE -1.02	batch_acc 0.9900
[INFO  18:23:14] 80%:	E: 0.00	dE -1.34	batch_acc 0.9700
[INFO  18:23:17] 90%:	E: 0.00	dE -0.43	batch_acc 1.0000
[INFO  18:23:22] epoch: 65 	 test_acc: 0.8884 	 mean_E: 0.0000
[INFO  18:23:22] 0%:	E: 0.00	dE -0.79	batch_acc 0.9900
[INFO  18:23:26] 10%:	E: 0.00	dE -0.67	batch_acc 0.9900
[INFO  18:23:29] 20%:	E: 0.00	dE -0.58	batch_acc 1.0000
[INFO  18:23:32] 30%:	E: 0.00	dE -0.21	batch_acc 1.0000
[INFO  18:23:36] 40%:	E: 0.00	dE -0.15	batch_acc 1.0000
[INFO  18:23:39] 50%:	E: 0.00	dE -0.15	batch_acc 1.0000
[INFO  18:23:43] 60%:	E: 0.00	dE -0.09	batch_acc 1.0000
[INFO  18:23:46] 70%:	E: 0.00	dE -1.54	batch_acc 0.9700
[INFO  18:23:50] 80%:	E: 0.00	dE -0.23	batch_acc 1.0000
[INFO  18:23:53] 90%:	E: 0.00	dE -0.86	batch_acc 0.9800
[INFO  18:23:58] epoch: 66 	 test_acc: 0.8914 	 mean_E: 0.0000
[INFO  18:23:58] 0%:	E: 0.00	dE -0.17	batch_acc 1.0000
[INFO  18:24:02] 10%:	E: 0.00	dE -1.12	batch_acc 0.9800
[INFO  18:24:05] 20%:	E: 0.00	dE -0.05	batch_acc 1.0000
[INFO  18:24:09] 30%:	E: 0.00	dE -1.82	batch_acc 0.9700
[INFO  18:24:12] 40%:	E: 0.00	dE -0.83	batch_acc 1.0000
[INFO  18:24:16] 50%:	E: 0.00	dE -1.15	batch_acc 0.9800
[INFO  18:24:19] 60%:	E: 0.00	dE -0.86	batch_acc 0.9900
[INFO  18:24:23] 70%:	E: 0.00	dE -0.75	batch_acc 1.0000
[INFO  18:24:26] 80%:	E: 0.00	dE -0.09	batch_acc 1.0000
[INFO  18:24:29] 90%:	E: 0.00	dE -0.67	batch_acc 0.9900
[INFO  18:24:35] epoch: 67 	 test_acc: 0.8880 	 mean_E: 0.0000
[INFO  18:24:35] 0%:	E: 0.00	dE -0.81	batch_acc 0.9900
[INFO  18:24:38] 10%:	E: 0.00	dE -0.66	batch_acc 0.9800
[INFO  18:24:41] 20%:	E: 0.00	dE -2.16	batch_acc 0.9800
[INFO  18:24:45] 30%:	E: 0.00	dE -1.01	batch_acc 0.9800
[INFO  18:24:48] 40%:	E: 0.00	dE -1.15	batch_acc 0.9700
[INFO  18:24:52] 50%:	E: 0.00	dE -0.86	batch_acc 0.9900
[INFO  18:24:55] 60%:	E: 0.00	dE -0.35	batch_acc 0.9900
[INFO  18:24:59] 70%:	E: 0.00	dE -0.43	batch_acc 0.9900
[INFO  18:25:02] 80%:	E: 0.00	dE -2.00	batch_acc 0.9800
[INFO  18:25:06] 90%:	E: 0.00	dE -0.70	batch_acc 1.0000
[INFO  18:25:11] epoch: 68 	 test_acc: 0.8857 	 mean_E: 0.0000
[INFO  18:25:11] 0%:	E: 0.00	dE -1.09	batch_acc 0.9900
[INFO  18:25:14] 10%:	E: 0.00	dE -0.45	batch_acc 1.0000
[INFO  18:25:18] 20%:	E: 0.00	dE -0.80	batch_acc 1.0000
[INFO  18:25:21] 30%:	E: 0.00	dE -0.07	batch_acc 1.0000
[INFO  18:25:25] 40%:	E: 0.00	dE -0.47	batch_acc 1.0000
[INFO  18:25:28] 50%:	E: 0.00	dE -0.32	batch_acc 1.0000
[INFO  18:25:32] 60%:	E: 0.00	dE -0.90	batch_acc 1.0000
[INFO  18:25:35] 70%:	E: 0.00	dE -0.34	batch_acc 1.0000
[INFO  18:25:39] 80%:	E: 0.00	dE -1.15	batch_acc 0.9800
[INFO  18:25:42] 90%:	E: 0.00	dE -0.61	batch_acc 1.0000
[INFO  18:25:47] epoch: 69 	 test_acc: 0.8879 	 mean_E: 0.0000
[INFO  18:25:47] 0%:	E: 0.00	dE -0.58	batch_acc 0.9900
[INFO  18:25:51] 10%:	E: 0.00	dE -0.78	batch_acc 0.9900
[INFO  18:25:54] 20%:	E: 0.00	dE -0.12	batch_acc 1.0000
[INFO  18:25:57] 30%:	E: 0.00	dE -0.52	batch_acc 0.9900
[INFO  18:26:01] 40%:	E: 0.00	dE -1.17	batch_acc 0.9800
[INFO  18:26:04] 50%:	E: 0.00	dE -0.29	batch_acc 1.0000
[INFO  18:26:08] 60%:	E: 0.00	dE -0.24	batch_acc 1.0000
[INFO  18:26:11] 70%:	E: 0.00	dE -0.76	batch_acc 0.9900
[INFO  18:26:15] 80%:	E: 0.00	dE -0.98	batch_acc 0.9800
[INFO  18:26:18] 90%:	E: 0.00	dE -0.04	batch_acc 1.0000
[INFO  18:26:23] epoch: 70 	 test_acc: 0.8898 	 mean_E: 0.0000
[INFO  18:26:23] 0%:	E: 0.00	dE -0.37	batch_acc 0.9900
[INFO  18:26:26] 10%:	E: 0.00	dE -0.78	batch_acc 0.9900
[INFO  18:26:30] 20%:	E: 0.00	dE -0.51	batch_acc 1.0000
[INFO  18:26:33] 30%:	E: 0.00	dE -1.01	batch_acc 0.9900
[INFO  18:26:37] 40%:	E: 0.00	dE -0.50	batch_acc 1.0000
[INFO  18:26:41] 50%:	E: 0.00	dE -0.14	batch_acc 1.0000
[INFO  18:26:44] 60%:	E: 0.00	dE -0.26	batch_acc 1.0000
[INFO  18:26:48] 70%:	E: 0.00	dE -0.58	batch_acc 0.9900
[INFO  18:26:51] 80%:	E: 0.00	dE -0.46	batch_acc 1.0000
[INFO  18:26:54] 90%:	E: 0.00	dE -1.52	batch_acc 0.9700
[INFO  18:27:00] epoch: 71 	 test_acc: 0.8869 	 mean_E: 0.0000
[INFO  18:27:00] 0%:	E: 0.00	dE -1.52	batch_acc 0.9900
[INFO  18:27:03] 10%:	E: 0.00	dE -0.42	batch_acc 1.0000
[INFO  18:27:07] 20%:	E: 0.00	dE -0.49	batch_acc 1.0000
[INFO  18:27:10] 30%:	E: 0.00	dE -0.12	batch_acc 1.0000
[INFO  18:27:13] 40%:	E: 0.00	dE -0.49	batch_acc 0.9900
[INFO  18:27:17] 50%:	E: 0.00	dE -0.32	batch_acc 1.0000
[INFO  18:27:20] 60%:	E: 0.00	dE -0.84	batch_acc 0.9900
[INFO  18:27:24] 70%:	E: 0.00	dE -1.32	batch_acc 1.0000
[INFO  18:27:27] 80%:	E: 0.00	dE -1.27	batch_acc 0.9800
[INFO  18:27:30] 90%:	E: 0.00	dE -1.56	batch_acc 0.9700
[INFO  18:27:36] epoch: 72 	 test_acc: 0.8871 	 mean_E: 0.0000
[INFO  18:27:36] 0%:	E: 0.00	dE -0.73	batch_acc 0.9900
[INFO  18:27:39] 10%:	E: 0.00	dE -0.72	batch_acc 0.9900
[INFO  18:27:43] 20%:	E: 0.00	dE -1.18	batch_acc 1.0000
[INFO  18:27:46] 30%:	E: 0.00	dE -0.60	batch_acc 0.9900
[INFO  18:27:49] 40%:	E: 0.00	dE -1.41	batch_acc 0.9800
[INFO  18:27:53] 50%:	E: 0.00	dE -0.42	batch_acc 0.9900
[INFO  18:27:56] 60%:	E: 0.00	dE -1.07	batch_acc 0.9700
[INFO  18:28:00] 70%:	E: 0.00	dE -1.80	batch_acc 0.9700
[INFO  18:28:03] 80%:	E: 0.00	dE -0.72	batch_acc 0.9900
[INFO  18:28:07] 90%:	E: 0.00	dE -0.60	batch_acc 1.0000
[INFO  18:28:12] epoch: 73 	 test_acc: 0.8853 	 mean_E: 0.0000
[INFO  18:28:12] 0%:	E: 0.00	dE -2.04	batch_acc 0.9700
[INFO  18:28:15] 10%:	E: 0.00	dE -0.82	batch_acc 0.9900
[INFO  18:28:19] 20%:	E: 0.00	dE -0.87	batch_acc 0.9900
[INFO  18:28:22] 30%:	E: 0.00	dE -0.26	batch_acc 1.0000
[INFO  18:28:26] 40%:	E: 0.00	dE -0.39	batch_acc 0.9900
[INFO  18:28:29] 50%:	E: 0.00	dE -0.19	batch_acc 1.0000
[INFO  18:28:33] 60%:	E: 0.00	dE -0.16	batch_acc 1.0000
[INFO  18:28:36] 70%:	E: 0.00	dE -0.46	batch_acc 0.9900
[INFO  18:28:40] 80%:	E: 0.00	dE -0.86	batch_acc 0.9900
[INFO  18:28:43] 90%:	E: 0.00	dE -0.31	batch_acc 1.0000
[INFO  18:28:48] epoch: 74 	 test_acc: 0.8904 	 mean_E: 0.0000
[INFO  18:28:48] 0%:	E: 0.00	dE -0.67	batch_acc 0.9900
[INFO  18:28:52] 10%:	E: 0.00	dE -0.34	batch_acc 1.0000
[INFO  18:28:56] 20%:	E: 0.00	dE -0.25	batch_acc 1.0000
[INFO  18:28:59] 30%:	E: 0.00	dE -0.58	batch_acc 0.9900
[INFO  18:29:03] 40%:	E: 0.00	dE -0.03	batch_acc 1.0000
[INFO  18:29:06] 50%:	E: 0.00	dE -0.18	batch_acc 1.0000
[INFO  18:29:10] 60%:	E: 0.00	dE -0.33	batch_acc 1.0000
[INFO  18:29:13] 70%:	E: 0.00	dE -0.44	batch_acc 0.9900
[INFO  18:29:17] 80%:	E: 0.00	dE -1.30	batch_acc 0.9700
[INFO  18:29:20] 90%:	E: 0.00	dE -0.88	batch_acc 0.9900
[INFO  18:29:25] epoch: 75 	 test_acc: 0.8911 	 mean_E: 0.0000
[INFO  18:29:26] 0%:	E: 0.00	dE -0.44	batch_acc 0.9900
[INFO  18:29:29] 10%:	E: 0.00	dE -1.46	batch_acc 0.9800
[INFO  18:29:33] 20%:	E: 0.00	dE -1.39	batch_acc 0.9800
[INFO  18:29:36] 30%:	E: 0.00	dE -0.13	batch_acc 1.0000
[INFO  18:29:39] 40%:	E: 0.00	dE -1.42	batch_acc 0.9800
[INFO  18:29:43] 50%:	E: 0.00	dE -0.21	batch_acc 1.0000
[INFO  18:29:46] 60%:	E: 0.00	dE -1.26	batch_acc 0.9900
[INFO  18:29:50] 70%:	E: 0.00	dE -0.73	batch_acc 0.9900
[INFO  18:29:53] 80%:	E: 0.00	dE -0.54	batch_acc 0.9900
[INFO  18:29:57] 90%:	E: 0.00	dE -0.48	batch_acc 1.0000
[INFO  18:30:02] epoch: 76 	 test_acc: 0.8817 	 mean_E: 0.0000
[INFO  18:30:02] 0%:	E: 0.00	dE -0.62	batch_acc 0.9900
[INFO  18:30:05] 10%:	E: 0.00	dE -1.40	batch_acc 0.9800
[INFO  18:30:09] 20%:	E: 0.00	dE -0.12	batch_acc 1.0000
[INFO  18:30:12] 30%:	E: 0.00	dE -0.62	batch_acc 0.9800
[INFO  18:30:16] 40%:	E: 0.00	dE -0.48	batch_acc 1.0000
[INFO  18:30:19] 50%:	E: 0.00	dE -0.76	batch_acc 0.9800
[INFO  18:30:23] 60%:	E: 0.00	dE -0.33	batch_acc 1.0000
[INFO  18:30:26] 70%:	E: 0.00	dE -0.65	batch_acc 1.0000
[INFO  18:30:30] 80%:	E: 0.00	dE -0.63	batch_acc 0.9900
[INFO  18:30:33] 90%:	E: 0.00	dE -1.38	batch_acc 0.9800
[INFO  18:30:38] epoch: 77 	 test_acc: 0.8891 	 mean_E: 0.0000
[INFO  18:30:38] 0%:	E: 0.00	dE -0.03	batch_acc 1.0000
[INFO  18:30:41] 10%:	E: 0.00	dE -0.72	batch_acc 0.9900
[INFO  18:30:45] 20%:	E: 0.00	dE -0.10	batch_acc 1.0000
[INFO  18:30:48] 30%:	E: 0.00	dE -0.10	batch_acc 1.0000
[INFO  18:30:52] 40%:	E: 0.00	dE -0.60	batch_acc 1.0000
[INFO  18:30:56] 50%:	E: 0.00	dE -0.93	batch_acc 0.9900
[INFO  18:30:59] 60%:	E: 0.00	dE -0.72	batch_acc 0.9900
[INFO  18:31:02] 70%:	E: 0.00	dE -0.64	batch_acc 0.9900
[INFO  18:31:06] 80%:	E: 0.00	dE -0.59	batch_acc 0.9900
[INFO  18:31:09] 90%:	E: 0.00	dE -0.20	batch_acc 1.0000
[INFO  18:31:14] epoch: 78 	 test_acc: 0.8884 	 mean_E: 0.0000
[INFO  18:31:14] 0%:	E: 0.00	dE -1.17	batch_acc 0.9800
[INFO  18:31:18] 10%:	E: 0.00	dE -0.49	batch_acc 1.0000
[INFO  18:31:22] 20%:	E: 0.00	dE -0.82	batch_acc 0.9800
[INFO  18:31:25] 30%:	E: 0.00	dE -0.54	batch_acc 1.0000
[INFO  18:31:29] 40%:	E: 0.00	dE -1.45	batch_acc 0.9800
[INFO  18:31:32] 50%:	E: 0.00	dE -0.53	batch_acc 1.0000
[INFO  18:31:36] 60%:	E: 0.00	dE -0.85	batch_acc 0.9900
[INFO  18:31:39] 70%:	E: 0.00	dE -0.28	batch_acc 0.9900
[INFO  18:31:43] 80%:	E: 0.00	dE -0.19	batch_acc 1.0000
[INFO  18:31:46] 90%:	E: 0.00	dE -0.94	batch_acc 0.9900
[INFO  18:31:52] epoch: 79 	 test_acc: 0.8894 	 mean_E: 0.0000
[INFO  18:31:52] 0%:	E: 0.00	dE -0.10	batch_acc 1.0000
[INFO  18:31:55] 10%:	E: 0.00	dE -0.52	batch_acc 1.0000
[INFO  18:31:59] 20%:	E: 0.00	dE -0.24	batch_acc 1.0000
[INFO  18:32:02] 30%:	E: 0.00	dE -1.58	batch_acc 0.9700
[INFO  18:32:06] 40%:	E: 0.00	dE -0.07	batch_acc 1.0000
[INFO  18:32:09] 50%:	E: 0.00	dE -0.58	batch_acc 0.9800
[INFO  18:32:13] 60%:	E: 0.00	dE -0.96	batch_acc 0.9800
[INFO  18:32:16] 70%:	E: 0.00	dE -0.89	batch_acc 0.9800
[INFO  18:32:20] 80%:	E: 0.00	dE -1.60	batch_acc 0.9900
[INFO  18:32:23] 90%:	E: 0.00	dE -0.29	batch_acc 1.0000
[INFO  18:32:28] epoch: 80 	 test_acc: 0.8822 	 mean_E: 0.0000
[INFO  18:32:28] 0%:	E: 0.00	dE -1.20	batch_acc 0.9800
[INFO  18:32:32] 10%:	E: 0.00	dE -0.20	batch_acc 1.0000
[INFO  18:32:35] 20%:	E: 0.00	dE -0.76	batch_acc 0.9900
[INFO  18:32:39] 30%:	E: 0.00	dE -1.10	batch_acc 1.0000
[INFO  18:32:42] 40%:	E: 0.00	dE -0.50	batch_acc 0.9900
[INFO  18:32:46] 50%:	E: 0.00	dE -0.48	batch_acc 0.9900
[INFO  18:32:49] 60%:	E: 0.00	dE -1.12	batch_acc 0.9900
[INFO  18:32:52] 70%:	E: 0.00	dE -1.25	batch_acc 0.9800
[INFO  18:32:56] 80%:	E: 0.00	dE -1.68	batch_acc 0.9800
[INFO  18:32:59] 90%:	E: 0.00	dE -0.68	batch_acc 0.9900
[INFO  18:33:04] epoch: 81 	 test_acc: 0.8907 	 mean_E: 0.0000
[INFO  18:33:04] 0%:	E: 0.00	dE -0.34	batch_acc 1.0000
[INFO  18:33:08] 10%:	E: 0.00	dE -0.48	batch_acc 0.9900
[INFO  18:33:11] 20%:	E: 0.00	dE -1.53	batch_acc 0.9700
[INFO  18:33:15] 30%:	E: 0.00	dE -0.36	batch_acc 1.0000
[INFO  18:33:18] 40%:	E: 0.00	dE -0.05	batch_acc 1.0000
[INFO  18:33:22] 50%:	E: 0.00	dE -1.81	batch_acc 0.9700
[INFO  18:33:25] 60%:	E: 0.00	dE -0.75	batch_acc 0.9900
[INFO  18:33:29] 70%:	E: 0.00	dE -0.20	batch_acc 1.0000
[INFO  18:33:32] 80%:	E: 0.00	dE -1.30	batch_acc 0.9800
[INFO  18:33:35] 90%:	E: 0.00	dE -1.47	batch_acc 0.9800
[INFO  18:33:40] epoch: 82 	 test_acc: 0.8902 	 mean_E: 0.0000
[INFO  18:33:40] 0%:	E: 0.00	dE -0.15	batch_acc 1.0000
[INFO  18:33:44] 10%:	E: 0.00	dE -0.59	batch_acc 0.9900
[INFO  18:33:47] 20%:	E: 0.00	dE -0.33	batch_acc 1.0000
[INFO  18:33:51] 30%:	E: 0.00	dE -0.44	batch_acc 1.0000
[INFO  18:33:54] 40%:	E: 0.00	dE -0.12	batch_acc 1.0000
[INFO  18:33:58] 50%:	E: 0.00	dE -0.45	batch_acc 0.9900
[INFO  18:34:02] 60%:	E: 0.00	dE -1.54	batch_acc 0.9800
[INFO  18:34:05] 70%:	E: 0.00	dE -0.53	batch_acc 0.9900
[INFO  18:34:09] 80%:	E: 0.00	dE -0.95	batch_acc 0.9800
[INFO  18:34:12] 90%:	E: 0.00	dE -0.76	batch_acc 1.0000
[INFO  18:34:17] epoch: 83 	 test_acc: 0.8897 	 mean_E: 0.0000
[INFO  18:34:18] 0%:	E: 0.00	dE -1.14	batch_acc 0.9900
[INFO  18:34:21] 10%:	E: 0.00	dE -0.51	batch_acc 0.9900
[INFO  18:34:24] 20%:	E: 0.00	dE -0.03	batch_acc 1.0000
[INFO  18:34:28] 30%:	E: 0.00	dE -0.58	batch_acc 0.9900
[INFO  18:34:31] 40%:	E: 0.00	dE -0.80	batch_acc 0.9900
[INFO  18:34:35] 50%:	E: 0.00	dE -0.09	batch_acc 1.0000
[INFO  18:34:38] 60%:	E: 0.00	dE -1.77	batch_acc 0.9800
[INFO  18:34:41] 70%:	E: 0.00	dE -0.57	batch_acc 0.9900
[INFO  18:34:45] 80%:	E: 0.00	dE -1.01	batch_acc 0.9900
[INFO  18:34:48] 90%:	E: 0.00	dE -0.68	batch_acc 0.9900
[INFO  18:34:53] epoch: 84 	 test_acc: 0.8812 	 mean_E: 0.0000
[INFO  18:34:54] 0%:	E: 0.00	dE -2.36	batch_acc 1.0000
[INFO  18:34:57] 10%:	E: 0.00	dE -0.16	batch_acc 1.0000
[INFO  18:35:00] 20%:	E: 0.00	dE -0.10	batch_acc 1.0000
[INFO  18:35:04] 30%:	E: 0.00	dE -0.77	batch_acc 0.9800
[INFO  18:35:07] 40%:	E: 0.00	dE -0.36	batch_acc 1.0000
[INFO  18:35:11] 50%:	E: 0.00	dE -0.56	batch_acc 0.9900
[INFO  18:35:14] 60%:	E: 0.00	dE -0.24	batch_acc 1.0000
[INFO  18:35:18] 70%:	E: 0.00	dE -0.83	batch_acc 0.9900
[INFO  18:35:21] 80%:	E: 0.00	dE -0.54	batch_acc 1.0000
[INFO  18:35:25] 90%:	E: 0.00	dE -0.24	batch_acc 1.0000
[INFO  18:35:30] epoch: 85 	 test_acc: 0.8839 	 mean_E: 0.0000
[INFO  18:35:30] 0%:	E: 0.00	dE -0.67	batch_acc 0.9900
[INFO  18:35:33] 10%:	E: 0.00	dE -0.16	batch_acc 1.0000
[INFO  18:35:37] 20%:	E: 0.00	dE -0.22	batch_acc 1.0000
[INFO  18:35:40] 30%:	E: 0.00	dE -0.08	batch_acc 1.0000
[INFO  18:35:44] 40%:	E: 0.00	dE -0.14	batch_acc 1.0000
[INFO  18:35:47] 50%:	E: 0.00	dE -0.49	batch_acc 1.0000
[INFO  18:35:50] 60%:	E: 0.00	dE -0.74	batch_acc 0.9800
[INFO  18:35:54] 70%:	E: 0.00	dE -0.52	batch_acc 0.9900
[INFO  18:35:57] 80%:	E: 0.00	dE -0.59	batch_acc 1.0000
[INFO  18:36:01] 90%:	E: 0.00	dE -0.34	batch_acc 0.9900
[INFO  18:36:06] epoch: 86 	 test_acc: 0.8858 	 mean_E: 0.0000
[INFO  18:36:06] 0%:	E: 0.00	dE -0.60	batch_acc 0.9900
[INFO  18:36:09] 10%:	E: 0.00	dE -0.40	batch_acc 0.9900
[INFO  18:36:13] 20%:	E: 0.00	dE -0.52	batch_acc 1.0000
[INFO  18:36:16] 30%:	E: 0.00	dE -0.20	batch_acc 1.0000
[INFO  18:36:20] 40%:	E: 0.00	dE -0.13	batch_acc 1.0000
[INFO  18:36:23] 50%:	E: 0.00	dE -0.13	batch_acc 1.0000
[INFO  18:36:27] 60%:	E: 0.00	dE -0.89	batch_acc 0.9900
[INFO  18:36:30] 70%:	E: 0.00	dE -1.22	batch_acc 0.9900
[INFO  18:36:34] 80%:	E: 0.00	dE -0.48	batch_acc 0.9900
[INFO  18:36:37] 90%:	E: 0.00	dE -0.39	batch_acc 1.0000
[INFO  18:36:43] epoch: 87 	 test_acc: 0.8879 	 mean_E: 0.0000
[INFO  18:36:43] 0%:	E: 0.00	dE -0.11	batch_acc 1.0000
[INFO  18:36:46] 10%:	E: 0.00	dE -0.37	batch_acc 1.0000
[INFO  18:36:50] 20%:	E: 0.00	dE -0.93	batch_acc 0.9900
[INFO  18:36:53] 30%:	E: 0.00	dE -0.59	batch_acc 0.9900
[INFO  18:36:57] 40%:	E: 0.00	dE -0.62	batch_acc 0.9900
[INFO  18:37:00] 50%:	E: 0.00	dE -0.14	batch_acc 1.0000
[INFO  18:37:04] 60%:	E: 0.00	dE -0.44	batch_acc 1.0000
[INFO  18:37:07] 70%:	E: 0.00	dE -1.12	batch_acc 0.9900
[INFO  18:37:10] 80%:	E: 0.00	dE -0.68	batch_acc 1.0000
[INFO  18:37:14] 90%:	E: 0.00	dE -0.32	batch_acc 1.0000
[INFO  18:37:19] epoch: 88 	 test_acc: 0.8873 	 mean_E: 0.0000
[INFO  18:37:19] 0%:	E: 0.00	dE -1.04	batch_acc 0.9900
[INFO  18:37:22] 10%:	E: 0.00	dE -1.01	batch_acc 0.9800
[INFO  18:37:26] 20%:	E: 0.00	dE -0.65	batch_acc 0.9900
[INFO  18:37:29] 30%:	E: 0.00	dE -0.40	batch_acc 1.0000
[INFO  18:37:33] 40%:	E: 0.00	dE -1.17	batch_acc 1.0000
[INFO  18:37:36] 50%:	E: 0.00	dE -0.03	batch_acc 1.0000
[INFO  18:37:39] 60%:	E: 0.00	dE -0.29	batch_acc 1.0000
[INFO  18:37:43] 70%:	E: 0.00	dE -0.97	batch_acc 0.9900
[INFO  18:37:46] 80%:	E: 0.00	dE -1.64	batch_acc 0.9900
[INFO  18:37:50] 90%:	E: 0.00	dE -0.32	batch_acc 1.0000
[INFO  18:37:55] epoch: 89 	 test_acc: 0.8894 	 mean_E: 0.0000
[INFO  18:37:55] 0%:	E: 0.00	dE -0.69	batch_acc 0.9900
[INFO  18:37:59] 10%:	E: 0.00	dE -1.21	batch_acc 0.9900
[INFO  18:38:02] 20%:	E: 0.00	dE -0.45	batch_acc 0.9900
[INFO  18:38:05] 30%:	E: 0.00	dE -0.17	batch_acc 1.0000
[INFO  18:38:09] 40%:	E: 0.00	dE -0.22	batch_acc 1.0000
[INFO  18:38:12] 50%:	E: 0.00	dE -0.02	batch_acc 1.0000
[INFO  18:38:16] 60%:	E: 0.00	dE -0.11	batch_acc 1.0000
[INFO  18:38:19] 70%:	E: 0.00	dE -0.70	batch_acc 0.9900
[INFO  18:38:23] 80%:	E: 0.00	dE -0.75	batch_acc 0.9800
[INFO  18:38:26] 90%:	E: 0.00	dE -0.36	batch_acc 1.0000
[INFO  18:38:31] epoch: 90 	 test_acc: 0.8866 	 mean_E: 0.0000
[INFO  18:38:31] 0%:	E: 0.00	dE -0.56	batch_acc 0.9900
[INFO  18:38:35] 10%:	E: 0.00	dE -0.10	batch_acc 1.0000
[INFO  18:38:38] 20%:	E: 0.00	dE -1.17	batch_acc 0.9800
[INFO  18:38:41] 30%:	E: 0.00	dE -0.73	batch_acc 1.0000
[INFO  18:38:45] 40%:	E: 0.00	dE -0.53	batch_acc 0.9900
[INFO  18:38:48] 50%:	E: 0.00	dE -0.42	batch_acc 0.9900
[INFO  18:38:51] 60%:	E: 0.00	dE -0.42	batch_acc 1.0000
[INFO  18:38:55] 70%:	E: 0.00	dE -0.80	batch_acc 1.0000
[INFO  18:38:59] 80%:	E: 0.00	dE -0.78	batch_acc 0.9900
[INFO  18:39:02] 90%:	E: 0.00	dE -0.58	batch_acc 0.9900
[INFO  18:39:07] epoch: 91 	 test_acc: 0.8881 	 mean_E: 0.0000
[INFO  18:39:07] 0%:	E: 0.00	dE -0.44	batch_acc 1.0000
[INFO  18:39:11] 10%:	E: 0.00	dE -0.30	batch_acc 1.0000
[INFO  18:39:15] 20%:	E: 0.00	dE -0.26	batch_acc 1.0000
[INFO  18:39:18] 30%:	E: 0.00	dE -0.27	batch_acc 0.9900
[INFO  18:39:21] 40%:	E: 0.00	dE -0.49	batch_acc 0.9900
[INFO  18:39:25] 50%:	E: 0.00	dE -0.43	batch_acc 1.0000
[INFO  18:39:28] 60%:	E: 0.00	dE -0.43	batch_acc 1.0000
[INFO  18:39:32] 70%:	E: 0.00	dE -1.28	batch_acc 1.0000
[INFO  18:39:35] 80%:	E: 0.00	dE -0.65	batch_acc 0.9900
[INFO  18:39:38] 90%:	E: 0.00	dE -1.15	batch_acc 0.9900
[INFO  18:39:44] epoch: 92 	 test_acc: 0.8781 	 mean_E: 0.0000
[INFO  18:39:44] 0%:	E: 0.00	dE -1.32	batch_acc 1.0000
[INFO  18:39:47] 10%:	E: 0.00	dE -0.53	batch_acc 1.0000
[INFO  18:39:51] 20%:	E: 0.00	dE -0.63	batch_acc 0.9900
[INFO  18:39:54] 30%:	E: 0.00	dE -0.25	batch_acc 1.0000
[INFO  18:39:57] 40%:	E: 0.00	dE -0.23	batch_acc 1.0000
[INFO  18:40:01] 50%:	E: 0.00	dE -0.41	batch_acc 1.0000
[INFO  18:40:04] 60%:	E: 0.00	dE -1.53	batch_acc 0.9800
[INFO  18:40:08] 70%:	E: 0.00	dE -0.89	batch_acc 0.9800
[INFO  18:40:11] 80%:	E: 0.00	dE -0.46	batch_acc 0.9900
[INFO  18:40:15] 90%:	E: 0.00	dE -0.95	batch_acc 1.0000
[INFO  18:40:20] epoch: 93 	 test_acc: 0.8894 	 mean_E: 0.0000
[INFO  18:40:20] 0%:	E: 0.00	dE -0.46	batch_acc 0.9900
[INFO  18:40:23] 10%:	E: 0.00	dE -1.10	batch_acc 0.9900
[INFO  18:40:27] 20%:	E: 0.00	dE -0.45	batch_acc 0.9900
[INFO  18:40:30] 30%:	E: 0.00	dE -0.85	batch_acc 0.9800
[INFO  18:40:33] 40%:	E: 0.00	dE -0.15	batch_acc 1.0000
[INFO  18:40:37] 50%:	E: 0.00	dE -0.19	batch_acc 1.0000
[INFO  18:40:40] 60%:	E: 0.00	dE -0.27	batch_acc 1.0000
[INFO  18:40:44] 70%:	E: 0.00	dE -0.33	batch_acc 1.0000
[INFO  18:40:47] 80%:	E: 0.00	dE -1.59	batch_acc 0.9800
[INFO  18:40:50] 90%:	E: 0.00	dE -0.48	batch_acc 1.0000
[INFO  18:40:56] epoch: 94 	 test_acc: 0.8838 	 mean_E: 0.0000
[INFO  18:40:56] 0%:	E: 0.00	dE -1.35	batch_acc 1.0000
[INFO  18:40:59] 10%:	E: 0.00	dE -0.78	batch_acc 0.9900
[INFO  18:41:03] 20%:	E: 0.00	dE -1.49	batch_acc 0.9800
[INFO  18:41:06] 30%:	E: 0.00	dE -1.78	batch_acc 0.9900
[INFO  18:41:09] 40%:	E: 0.00	dE -1.51	batch_acc 0.9900
[INFO  18:41:13] 50%:	E: 0.00	dE -0.59	batch_acc 1.0000
[INFO  18:41:16] 60%:	E: 0.00	dE -0.88	batch_acc 0.9900
[INFO  18:41:20] 70%:	E: 0.00	dE -0.56	batch_acc 0.9900
[INFO  18:41:23] 80%:	E: 0.00	dE -0.53	batch_acc 0.9900
[INFO  18:41:27] 90%:	E: 0.00	dE -0.62	batch_acc 1.0000
[INFO  18:41:32] epoch: 95 	 test_acc: 0.8873 	 mean_E: 0.0000
[INFO  18:41:32] 0%:	E: 0.00	dE -1.24	batch_acc 0.9700
[INFO  18:41:36] 10%:	E: 0.00	dE -0.85	batch_acc 0.9900
[INFO  18:41:39] 20%:	E: 0.00	dE -0.78	batch_acc 1.0000
[INFO  18:41:43] 30%:	E: 0.00	dE -0.24	batch_acc 1.0000
[INFO  18:41:46] 40%:	E: 0.00	dE -0.95	batch_acc 0.9800
[INFO  18:41:50] 50%:	E: 0.00	dE -0.57	batch_acc 0.9900
[INFO  18:41:53] 60%:	E: 0.00	dE -0.70	batch_acc 1.0000
[INFO  18:41:57] 70%:	E: 0.00	dE -0.17	batch_acc 1.0000
[INFO  18:42:00] 80%:	E: 0.00	dE -0.89	batch_acc 0.9900
[INFO  18:42:04] 90%:	E: 0.00	dE -0.81	batch_acc 0.9900
[INFO  18:42:09] epoch: 96 	 test_acc: 0.8878 	 mean_E: 0.0000
[INFO  18:42:09] 0%:	E: 0.00	dE -0.26	batch_acc 1.0000
[INFO  18:42:12] 10%:	E: 0.00	dE -0.53	batch_acc 1.0000
[INFO  18:42:16] 20%:	E: 0.00	dE -0.12	batch_acc 1.0000
[INFO  18:42:19] 30%:	E: 0.00	dE -0.50	batch_acc 0.9900
[INFO  18:42:23] 40%:	E: 0.00	dE -0.21	batch_acc 1.0000
[INFO  18:42:26] 50%:	E: 0.00	dE -0.51	batch_acc 1.0000
[INFO  18:42:30] 60%:	E: 0.00	dE -0.47	batch_acc 1.0000
[INFO  18:42:33] 70%:	E: 0.00	dE -0.18	batch_acc 1.0000
[INFO  18:42:37] 80%:	E: 0.00	dE -0.29	batch_acc 1.0000
[INFO  18:42:40] 90%:	E: 0.00	dE -1.36	batch_acc 0.9800
[INFO  18:42:45] epoch: 97 	 test_acc: 0.8819 	 mean_E: 0.0000
[INFO  18:42:45] 0%:	E: 0.00	dE -0.10	batch_acc 1.0000
[INFO  18:42:49] 10%:	E: 0.00	dE -1.53	batch_acc 0.9900
[INFO  18:42:52] 20%:	E: 0.00	dE -0.04	batch_acc 1.0000
[INFO  18:42:56] 30%:	E: 0.00	dE -1.03	batch_acc 0.9900
[INFO  18:42:59] 40%:	E: 0.00	dE -0.16	batch_acc 1.0000
[INFO  18:43:03] 50%:	E: 0.00	dE -0.43	batch_acc 1.0000
[INFO  18:43:06] 60%:	E: 0.00	dE -2.10	batch_acc 1.0000
[INFO  18:43:10] 70%:	E: 0.00	dE -1.83	batch_acc 0.9800
[INFO  18:43:13] 80%:	E: 0.00	dE -0.85	batch_acc 1.0000
[INFO  18:43:17] 90%:	E: 0.00	dE -0.38	batch_acc 0.9900
[INFO  18:43:22] epoch: 98 	 test_acc: 0.8865 	 mean_E: 0.0000
[INFO  18:43:22] 0%:	E: 0.00	dE -0.69	batch_acc 1.0000
[INFO  18:43:25] 10%:	E: 0.00	dE -0.27	batch_acc 1.0000
[INFO  18:43:29] 20%:	E: 0.00	dE -0.56	batch_acc 0.9900
[INFO  18:43:32] 30%:	E: 0.00	dE -0.53	batch_acc 1.0000
[INFO  18:43:36] 40%:	E: 0.00	dE -0.08	batch_acc 1.0000
[INFO  18:43:39] 50%:	E: 0.00	dE -0.43	batch_acc 0.9900
[INFO  18:43:43] 60%:	E: 0.00	dE -0.53	batch_acc 1.0000
[INFO  18:43:46] 70%:	E: 0.00	dE -0.19	batch_acc 1.0000
[INFO  18:43:50] 80%:	E: 0.00	dE -0.18	batch_acc 1.0000
[INFO  18:43:53] 90%:	E: 0.00	dE -0.05	batch_acc 1.0000
[INFO  18:43:58] epoch: 99 	 test_acc: 0.8850 	 mean_E: 0.0000
[INFO  18:43:59] 0%:	E: 0.00	dE -0.70	batch_acc 0.9900
[INFO  18:44:02] 10%:	E: 0.00	dE -0.45	batch_acc 1.0000
[INFO  18:44:06] 20%:	E: 0.00	dE -0.11	batch_acc 1.0000
[INFO  18:44:09] 30%:	E: 0.00	dE -0.34	batch_acc 0.9900
[INFO  18:44:13] 40%:	E: 0.00	dE -0.78	batch_acc 0.9900
[INFO  18:44:16] 50%:	E: 0.00	dE -1.28	batch_acc 0.9900
[INFO  18:44:20] 60%:	E: 0.00	dE -0.77	batch_acc 1.0000
[INFO  18:44:23] 70%:	E: 0.00	dE -1.08	batch_acc 0.9900
[INFO  18:44:27] 80%:	E: 0.00	dE -1.55	batch_acc 0.9700
[INFO  18:44:30] 90%:	E: 0.00	dE -0.80	batch_acc 1.0000
[INFO  18:44:35] epoch: 100 	 test_acc: 0.8861 	 mean_E: 0.0000
