[INFO  14:13:05] Start training with parametrization:
{
    "batch_size": 100,
    "beta": 1,
    "c_energy": "squared_error",
    "dataset": "mnist",
    "dimensions": [
        784,
        1000,
        10
    ],
    "dynamics": {
        "dt": 0.1,
        "n_relax": 20,
        "tau": 1,
        "tol": 0
    },
    "energy": "cond_gaussian",
    "epochs": 100,
    "fast_ff_init": true,
    "learning_rate": 0.001,
    "log_dir": "",
    "nonlinearity": "sigmoid",
    "optimizer": "adam",
    "seed": 2022
}
[INFO  14:13:05] 0%:	E: 0.00	dE -23.50	batch_acc 0.4200
[INFO  14:13:09] 10%:	E: 0.00	dE -6.31	batch_acc 0.8300
[INFO  14:13:12] 20%:	E: 0.00	dE -5.97	batch_acc 0.8300
[INFO  14:13:15] 30%:	E: 0.00	dE -6.45	batch_acc 0.7700
[INFO  14:13:19] 40%:	E: 0.00	dE -4.78	batch_acc 0.8700
[INFO  14:13:22] 50%:	E: 0.00	dE -5.77	batch_acc 0.7700
[INFO  14:13:26] 60%:	E: 0.00	dE -4.32	batch_acc 0.8500
[INFO  14:13:30] 70%:	E: 0.00	dE -3.32	batch_acc 0.9000
[INFO  14:13:33] 80%:	E: 0.00	dE -5.01	batch_acc 0.8200
[INFO  14:13:37] 90%:	E: 0.00	dE -5.00	batch_acc 0.8300
[INFO  14:13:42] epoch: 1 	 test_acc: 0.8434 	 mean_E: 0.0000
[INFO  14:13:42] 0%:	E: 0.00	dE -4.74	batch_acc 0.8200
[INFO  14:13:46] 10%:	E: 0.00	dE -3.45	batch_acc 0.9100
[INFO  14:13:49] 20%:	E: 0.00	dE -4.35	batch_acc 0.8300
[INFO  14:13:53] 30%:	E: 0.00	dE -3.55	batch_acc 0.8600
[INFO  14:13:56] 40%:	E: 0.00	dE -3.90	batch_acc 0.8900
[INFO  14:14:00] 50%:	E: 0.00	dE -3.89	batch_acc 0.8900
[INFO  14:14:03] 60%:	E: 0.00	dE -3.85	batch_acc 0.9000
[INFO  14:14:06] 70%:	E: 0.00	dE -4.17	batch_acc 0.8400
[INFO  14:14:10] 80%:	E: 0.00	dE -4.46	batch_acc 0.8400
[INFO  14:14:13] 90%:	E: 0.00	dE -2.60	batch_acc 0.9300
[INFO  14:14:18] epoch: 2 	 test_acc: 0.8536 	 mean_E: 0.0000
[INFO  14:14:18] 0%:	E: 0.00	dE -3.55	batch_acc 0.9000
[INFO  14:14:22] 10%:	E: 0.00	dE -2.69	batch_acc 0.9500
[INFO  14:14:25] 20%:	E: 0.00	dE -3.32	batch_acc 0.8600
[INFO  14:14:28] 30%:	E: 0.00	dE -3.13	batch_acc 0.8900
[INFO  14:14:32] 40%:	E: 0.00	dE -2.92	batch_acc 0.9200
[INFO  14:14:35] 50%:	E: 0.00	dE -3.85	batch_acc 0.8700
[INFO  14:14:39] 60%:	E: 0.00	dE -3.47	batch_acc 0.8800
[INFO  14:14:42] 70%:	E: 0.00	dE -3.40	batch_acc 0.8900
[INFO  14:14:45] 80%:	E: 0.00	dE -3.45	batch_acc 0.9000
[INFO  14:14:49] 90%:	E: 0.00	dE -2.12	batch_acc 0.9500
[INFO  14:14:54] epoch: 3 	 test_acc: 0.8704 	 mean_E: 0.0000
[INFO  14:14:54] 0%:	E: 0.00	dE -2.67	batch_acc 0.9300
[INFO  14:14:57] 10%:	E: 0.00	dE -2.69	batch_acc 0.9500
[INFO  14:15:00] 20%:	E: 0.00	dE -3.01	batch_acc 0.9000
[INFO  14:15:04] 30%:	E: 0.00	dE -2.38	batch_acc 0.9400
[INFO  14:15:07] 40%:	E: 0.00	dE -3.71	batch_acc 0.8700
[INFO  14:15:11] 50%:	E: 0.00	dE -3.41	batch_acc 0.8900
[INFO  14:15:14] 60%:	E: 0.00	dE -3.17	batch_acc 0.9100
[INFO  14:15:18] 70%:	E: 0.00	dE -3.76	batch_acc 0.8800
[INFO  14:15:21] 80%:	E: 0.00	dE -3.79	batch_acc 0.8600
[INFO  14:15:25] 90%:	E: 0.00	dE -3.18	batch_acc 0.9000
[INFO  14:15:29] epoch: 4 	 test_acc: 0.8734 	 mean_E: 0.0000
[INFO  14:15:29] 0%:	E: 0.00	dE -2.69	batch_acc 0.9300
[INFO  14:15:33] 10%:	E: 0.00	dE -2.19	batch_acc 0.9400
[INFO  14:15:36] 20%:	E: 0.00	dE -3.38	batch_acc 0.8800
[INFO  14:15:39] 30%:	E: 0.00	dE -2.46	batch_acc 0.9400
[INFO  14:15:43] 40%:	E: 0.00	dE -4.01	batch_acc 0.8400
[INFO  14:15:46] 50%:	E: 0.00	dE -2.66	batch_acc 0.9300
[INFO  14:15:50] 60%:	E: 0.00	dE -3.15	batch_acc 0.9100
[INFO  14:15:53] 70%:	E: 0.00	dE -3.17	batch_acc 0.8900
[INFO  14:15:57] 80%:	E: 0.00	dE -3.26	batch_acc 0.8900
[INFO  14:15:59] 90%:	E: 0.00	dE -3.36	batch_acc 0.8800
[INFO  14:16:04] epoch: 5 	 test_acc: 0.8793 	 mean_E: 0.0000
[INFO  14:16:04] 0%:	E: 0.00	dE -2.52	batch_acc 0.9400
[INFO  14:16:07] 10%:	E: 0.00	dE -3.52	batch_acc 0.8600
[INFO  14:16:11] 20%:	E: 0.00	dE -3.00	batch_acc 0.9000
[INFO  14:16:14] 30%:	E: 0.00	dE -2.40	batch_acc 0.9100
[INFO  14:16:18] 40%:	E: 0.00	dE -2.77	batch_acc 0.9100
[INFO  14:16:21] 50%:	E: 0.00	dE -2.92	batch_acc 0.9000
[INFO  14:16:25] 60%:	E: 0.00	dE -3.96	batch_acc 0.8700
[INFO  14:16:28] 70%:	E: 0.00	dE -1.93	batch_acc 0.9700
[INFO  14:16:32] 80%:	E: 0.00	dE -2.40	batch_acc 0.9400
[INFO  14:16:35] 90%:	E: 0.00	dE -3.40	batch_acc 0.8700
[INFO  14:16:40] epoch: 6 	 test_acc: 0.8829 	 mean_E: 0.0000
[INFO  14:16:41] 0%:	E: 0.00	dE -3.14	batch_acc 0.9200
[INFO  14:16:44] 10%:	E: 0.00	dE -3.68	batch_acc 0.8600
[INFO  14:16:48] 20%:	E: 0.00	dE -2.60	batch_acc 0.9400
[INFO  14:16:51] 30%:	E: 0.00	dE -2.71	batch_acc 0.9200
[INFO  14:16:55] 40%:	E: 0.00	dE -2.26	batch_acc 0.9600
[INFO  14:16:58] 50%:	E: 0.00	dE -2.50	batch_acc 0.9300
[INFO  14:17:01] 60%:	E: 0.00	dE -2.70	batch_acc 0.9100
[INFO  14:17:05] 70%:	E: 0.00	dE -2.63	batch_acc 0.9100
[INFO  14:17:08] 80%:	E: 0.00	dE -2.79	batch_acc 0.9200
[INFO  14:17:12] 90%:	E: 0.00	dE -3.59	batch_acc 0.8500
[INFO  14:17:17] epoch: 7 	 test_acc: 0.8847 	 mean_E: 0.0000
[INFO  14:17:17] 0%:	E: 0.00	dE -2.81	batch_acc 0.9100
[INFO  14:17:20] 10%:	E: 0.00	dE -2.36	batch_acc 0.9500
[INFO  14:17:24] 20%:	E: 0.00	dE -3.55	batch_acc 0.9100
[INFO  14:17:27] 30%:	E: 0.00	dE -3.44	batch_acc 0.8700
[INFO  14:17:31] 40%:	E: 0.00	dE -2.88	batch_acc 0.9100
[INFO  14:17:34] 50%:	E: 0.00	dE -2.41	batch_acc 0.9400
[INFO  14:17:38] 60%:	E: 0.00	dE -2.43	batch_acc 0.9500
[INFO  14:17:41] 70%:	E: 0.00	dE -2.60	batch_acc 0.9400
[INFO  14:17:45] 80%:	E: 0.00	dE -3.36	batch_acc 0.8900
[INFO  14:17:48] 90%:	E: 0.00	dE -2.71	batch_acc 0.9200
[INFO  14:17:53] epoch: 8 	 test_acc: 0.8881 	 mean_E: 0.0000
[INFO  14:17:54] 0%:	E: 0.00	dE -3.44	batch_acc 0.8600
[INFO  14:17:57] 10%:	E: 0.00	dE -2.66	batch_acc 0.9300
[INFO  14:18:01] 20%:	E: 0.00	dE -2.59	batch_acc 0.8800
[INFO  14:18:04] 30%:	E: 0.00	dE -1.69	batch_acc 0.9500
[INFO  14:18:07] 40%:	E: 0.00	dE -3.01	batch_acc 0.9100
[INFO  14:18:11] 50%:	E: 0.00	dE -1.80	batch_acc 0.9600
[INFO  14:18:14] 60%:	E: 0.00	dE -2.32	batch_acc 0.9000
[INFO  14:18:18] 70%:	E: 0.00	dE -3.55	batch_acc 0.8800
[INFO  14:18:22] 80%:	E: 0.00	dE -2.45	batch_acc 0.9000
[INFO  14:18:25] 90%:	E: 0.00	dE -1.95	batch_acc 0.9600
[INFO  14:18:30] epoch: 9 	 test_acc: 0.8859 	 mean_E: 0.0000
[INFO  14:18:30] 0%:	E: 0.00	dE -2.22	batch_acc 0.9500
[INFO  14:18:34] 10%:	E: 0.00	dE -2.34	batch_acc 0.9000
[INFO  14:18:37] 20%:	E: 0.00	dE -2.36	batch_acc 0.9100
[INFO  14:18:40] 30%:	E: 0.00	dE -1.59	batch_acc 0.9700
[INFO  14:18:44] 40%:	E: 0.00	dE -2.39	batch_acc 0.9100
[INFO  14:18:47] 50%:	E: 0.00	dE -1.42	batch_acc 0.9700
[INFO  14:18:51] 60%:	E: 0.00	dE -2.51	batch_acc 0.9600
[INFO  14:18:54] 70%:	E: 0.00	dE -2.43	batch_acc 0.9400
[INFO  14:18:57] 80%:	E: 0.00	dE -2.31	batch_acc 0.9400
[INFO  14:19:01] 90%:	E: 0.00	dE -3.72	batch_acc 0.9000
[INFO  14:19:06] epoch: 10 	 test_acc: 0.8892 	 mean_E: 0.0000
[INFO  14:19:06] 0%:	E: 0.00	dE -2.64	batch_acc 0.9200
[INFO  14:19:09] 10%:	E: 0.00	dE -2.19	batch_acc 0.9500
[INFO  14:19:13] 20%:	E: 0.00	dE -2.54	batch_acc 0.9500
[INFO  14:19:16] 30%:	E: 0.00	dE -2.67	batch_acc 0.9100
[INFO  14:19:20] 40%:	E: 0.00	dE -2.83	batch_acc 0.9200
[INFO  14:19:23] 50%:	E: 0.00	dE -1.88	batch_acc 0.9500
[INFO  14:19:26] 60%:	E: 0.00	dE -2.35	batch_acc 0.9400
[INFO  14:19:30] 70%:	E: 0.00	dE -2.59	batch_acc 0.9200
[INFO  14:19:33] 80%:	E: 0.00	dE -1.88	batch_acc 0.9200
[INFO  14:19:37] 90%:	E: 0.00	dE -1.64	batch_acc 0.9700
[INFO  14:19:42] epoch: 11 	 test_acc: 0.8853 	 mean_E: 0.0000
[INFO  14:19:42] 0%:	E: 0.00	dE -2.52	batch_acc 0.9000
[INFO  14:19:45] 10%:	E: 0.00	dE -1.27	batch_acc 0.9900
[INFO  14:19:49] 20%:	E: 0.00	dE -2.23	batch_acc 0.9200
[INFO  14:19:52] 30%:	E: 0.00	dE -1.55	batch_acc 0.9800
[INFO  14:19:56] 40%:	E: 0.00	dE -2.61	batch_acc 0.9200
[INFO  14:19:59] 50%:	E: 0.00	dE -2.15	batch_acc 0.9600
[INFO  14:20:03] 60%:	E: 0.00	dE -2.13	batch_acc 0.9500
[INFO  14:20:06] 70%:	E: 0.00	dE -2.32	batch_acc 0.9200
[INFO  14:20:10] 80%:	E: 0.00	dE -2.29	batch_acc 0.9100
[INFO  14:20:13] 90%:	E: 0.00	dE -1.95	batch_acc 0.9600
[INFO  14:20:19] epoch: 12 	 test_acc: 0.8873 	 mean_E: 0.0000
[INFO  14:20:19] 0%:	E: 0.00	dE -2.93	batch_acc 0.9400
[INFO  14:20:22] 10%:	E: 0.00	dE -2.07	batch_acc 0.9400
[INFO  14:20:26] 20%:	E: 0.00	dE -1.86	batch_acc 0.9600
[INFO  14:20:29] 30%:	E: 0.00	dE -1.59	batch_acc 0.9700
[INFO  14:20:33] 40%:	E: 0.00	dE -2.65	batch_acc 0.9000
[INFO  14:20:36] 50%:	E: 0.00	dE -2.28	batch_acc 0.9300
[INFO  14:20:39] 60%:	E: 0.00	dE -2.09	batch_acc 0.9500
[INFO  14:20:42] 70%:	E: 0.00	dE -2.53	batch_acc 0.9200
[INFO  14:20:46] 80%:	E: 0.00	dE -2.07	batch_acc 0.9400
[INFO  14:20:50] 90%:	E: 0.00	dE -2.09	batch_acc 0.9500
[INFO  14:20:55] epoch: 13 	 test_acc: 0.8896 	 mean_E: 0.0000
[INFO  14:20:55] 0%:	E: 0.00	dE -1.91	batch_acc 0.9600
[INFO  14:20:59] 10%:	E: 0.00	dE -2.05	batch_acc 0.9400
[INFO  14:21:02] 20%:	E: 0.00	dE -1.32	batch_acc 0.9800
[INFO  14:21:05] 30%:	E: 0.00	dE -2.34	batch_acc 0.9400
[INFO  14:21:09] 40%:	E: 0.00	dE -2.13	batch_acc 0.9400
[INFO  14:21:12] 50%:	E: 0.00	dE -2.24	batch_acc 0.9400
[INFO  14:21:16] 60%:	E: 0.00	dE -1.40	batch_acc 0.9800
[INFO  14:21:19] 70%:	E: 0.00	dE -2.91	batch_acc 0.8600
[INFO  14:21:23] 80%:	E: 0.00	dE -2.58	batch_acc 0.9300
[INFO  14:21:26] 90%:	E: 0.00	dE -1.93	batch_acc 0.9500
[INFO  14:21:31] epoch: 14 	 test_acc: 0.8926 	 mean_E: 0.0000
[INFO  14:21:32] 0%:	E: 0.00	dE -1.91	batch_acc 0.9300
[INFO  14:21:35] 10%:	E: 0.00	dE -1.85	batch_acc 0.9500
[INFO  14:21:39] 20%:	E: 0.00	dE -2.59	batch_acc 0.9300
[INFO  14:21:42] 30%:	E: 0.00	dE -2.28	batch_acc 0.9200
[INFO  14:21:45] 40%:	E: 0.00	dE -2.16	batch_acc 0.9300
[INFO  14:21:49] 50%:	E: 0.00	dE -2.09	batch_acc 0.9600
[INFO  14:21:52] 60%:	E: 0.00	dE -2.37	batch_acc 0.9200
[INFO  14:21:56] 70%:	E: 0.00	dE -1.89	batch_acc 0.9500
[INFO  14:21:59] 80%:	E: 0.00	dE -2.16	batch_acc 0.9500
[INFO  14:22:03] 90%:	E: 0.00	dE -2.40	batch_acc 0.9300
[INFO  14:22:08] epoch: 15 	 test_acc: 0.8911 	 mean_E: 0.0000
[INFO  14:22:08] 0%:	E: 0.00	dE -1.73	batch_acc 0.9700
[INFO  14:22:11] 10%:	E: 0.00	dE -1.82	batch_acc 0.9500
[INFO  14:22:15] 20%:	E: 0.00	dE -2.66	batch_acc 0.9300
[INFO  14:22:18] 30%:	E: 0.00	dE -1.81	batch_acc 0.9700
[INFO  14:22:22] 40%:	E: 0.00	dE -2.31	batch_acc 0.9400
[INFO  14:22:25] 50%:	E: 0.00	dE -2.36	batch_acc 0.9400
[INFO  14:22:29] 60%:	E: 0.00	dE -1.95	batch_acc 0.9700
[INFO  14:22:32] 70%:	E: 0.00	dE -2.82	batch_acc 0.8800
[INFO  14:22:36] 80%:	E: 0.00	dE -2.13	batch_acc 0.9700
[INFO  14:22:39] 90%:	E: 0.00	dE -2.06	batch_acc 0.9500
[INFO  14:22:44] epoch: 16 	 test_acc: 0.8951 	 mean_E: 0.0000
[INFO  14:22:44] 0%:	E: 0.00	dE -1.77	batch_acc 0.9800
[INFO  14:22:48] 10%:	E: 0.00	dE -1.81	batch_acc 0.9600
[INFO  14:22:51] 20%:	E: 0.00	dE -1.44	batch_acc 0.9600
[INFO  14:22:55] 30%:	E: 0.00	dE -1.78	batch_acc 0.9600
[INFO  14:22:58] 40%:	E: 0.00	dE -2.53	batch_acc 0.9300
[INFO  14:23:02] 50%:	E: 0.00	dE -1.91	batch_acc 0.9500
[INFO  14:23:05] 60%:	E: 0.00	dE -1.75	batch_acc 0.9700
[INFO  14:23:09] 70%:	E: 0.00	dE -1.55	batch_acc 0.9600
[INFO  14:23:12] 80%:	E: 0.00	dE -1.93	batch_acc 0.9600
[INFO  14:23:16] 90%:	E: 0.00	dE -1.82	batch_acc 0.9600
[INFO  14:23:21] epoch: 17 	 test_acc: 0.8935 	 mean_E: 0.0000
[INFO  14:23:21] 0%:	E: 0.00	dE -2.08	batch_acc 0.9300
[INFO  14:23:24] 10%:	E: 0.00	dE -2.47	batch_acc 0.9100
[INFO  14:23:28] 20%:	E: 0.00	dE -1.97	batch_acc 0.9300
[INFO  14:23:31] 30%:	E: 0.00	dE -1.29	batch_acc 0.9600
[INFO  14:23:35] 40%:	E: 0.00	dE -2.29	batch_acc 0.9300
[INFO  14:23:38] 50%:	E: 0.00	dE -2.14	batch_acc 0.9600
[INFO  14:23:41] 60%:	E: 0.00	dE -1.37	batch_acc 0.9700
[INFO  14:23:45] 70%:	E: 0.00	dE -2.92	batch_acc 0.8900
[INFO  14:23:48] 80%:	E: 0.00	dE -1.95	batch_acc 0.9600
[INFO  14:23:52] 90%:	E: 0.00	dE -1.66	batch_acc 0.9700
[INFO  14:23:57] epoch: 18 	 test_acc: 0.8965 	 mean_E: 0.0000
[INFO  14:23:57] 0%:	E: 0.00	dE -1.93	batch_acc 0.9700
[INFO  14:24:00] 10%:	E: 0.00	dE -1.44	batch_acc 0.9800
[INFO  14:24:04] 20%:	E: 0.00	dE -1.80	batch_acc 0.9400
[INFO  14:24:07] 30%:	E: 0.00	dE -1.57	batch_acc 0.9600
[INFO  14:24:11] 40%:	E: 0.00	dE -1.98	batch_acc 0.9400
[INFO  14:24:14] 50%:	E: 0.00	dE -1.60	batch_acc 0.9600
[INFO  14:24:18] 60%:	E: 0.00	dE -2.11	batch_acc 0.9500
[INFO  14:24:21] 70%:	E: 0.00	dE -1.49	batch_acc 0.9700
[INFO  14:24:25] 80%:	E: 0.00	dE -1.92	batch_acc 0.9600
[INFO  14:24:28] 90%:	E: 0.00	dE -1.42	batch_acc 0.9800
[INFO  14:24:33] epoch: 19 	 test_acc: 0.8942 	 mean_E: 0.0000
[INFO  14:24:33] 0%:	E: 0.00	dE -1.59	batch_acc 0.9600
[INFO  14:24:37] 10%:	E: 0.00	dE -1.86	batch_acc 0.9500
[INFO  14:24:40] 20%:	E: 0.00	dE -1.67	batch_acc 0.9500
[INFO  14:24:44] 30%:	E: 0.00	dE -1.31	batch_acc 0.9800
[INFO  14:24:47] 40%:	E: 0.00	dE -1.27	batch_acc 0.9700
[INFO  14:24:50] 50%:	E: 0.00	dE -1.63	batch_acc 0.9700
[INFO  14:24:53] 60%:	E: 0.00	dE -1.81	batch_acc 0.9500
[INFO  14:24:57] 70%:	E: 0.00	dE -1.43	batch_acc 0.9600
[INFO  14:25:00] 80%:	E: 0.00	dE -1.93	batch_acc 0.9500
[INFO  14:25:04] 90%:	E: 0.00	dE -1.47	batch_acc 0.9700
[INFO  14:25:09] epoch: 20 	 test_acc: 0.8959 	 mean_E: 0.0000
[INFO  14:25:09] 0%:	E: 0.00	dE -1.92	batch_acc 0.9500
[INFO  14:25:13] 10%:	E: 0.00	dE -1.90	batch_acc 0.9600
[INFO  14:25:16] 20%:	E: 0.00	dE -1.58	batch_acc 0.9500
[INFO  14:25:20] 30%:	E: 0.00	dE -1.85	batch_acc 0.9600
[INFO  14:25:23] 40%:	E: 0.00	dE -1.09	batch_acc 1.0000
[INFO  14:25:27] 50%:	E: 0.00	dE -1.74	batch_acc 0.9500
[INFO  14:25:30] 60%:	E: 0.00	dE -1.68	batch_acc 0.9500
[INFO  14:25:33] 70%:	E: 0.00	dE -2.07	batch_acc 0.9400
[INFO  14:25:37] 80%:	E: 0.00	dE -1.41	batch_acc 0.9800
[INFO  14:25:40] 90%:	E: 0.00	dE -1.32	batch_acc 0.9900
[INFO  14:25:46] epoch: 21 	 test_acc: 0.8960 	 mean_E: 0.0000
[INFO  14:25:46] 0%:	E: 0.00	dE -1.71	batch_acc 0.9500
[INFO  14:25:49] 10%:	E: 0.00	dE -1.36	batch_acc 0.9700
[INFO  14:25:53] 20%:	E: 0.00	dE -1.23	batch_acc 0.9700
[INFO  14:25:56] 30%:	E: 0.00	dE -2.24	batch_acc 0.9300
[INFO  14:26:00] 40%:	E: 0.00	dE -1.68	batch_acc 0.9500
[INFO  14:26:03] 50%:	E: 0.00	dE -2.06	batch_acc 0.9500
[INFO  14:26:06] 60%:	E: 0.00	dE -2.55	batch_acc 0.9200
[INFO  14:26:10] 70%:	E: 0.00	dE -1.57	batch_acc 0.9600
[INFO  14:26:13] 80%:	E: 0.00	dE -1.23	batch_acc 0.9800
[INFO  14:26:17] 90%:	E: 0.00	dE -1.13	batch_acc 1.0000
[INFO  14:26:22] epoch: 22 	 test_acc: 0.8982 	 mean_E: 0.0000
[INFO  14:26:22] 0%:	E: 0.00	dE -1.51	batch_acc 0.9600
[INFO  14:26:25] 10%:	E: 0.00	dE -1.46	batch_acc 0.9900
[INFO  14:26:29] 20%:	E: 0.00	dE -1.71	batch_acc 0.9500
[INFO  14:26:32] 30%:	E: 0.00	dE -1.55	batch_acc 0.9700
[INFO  14:26:35] 40%:	E: 0.00	dE -2.57	batch_acc 0.9500
[INFO  14:26:38] 50%:	E: 0.00	dE -1.56	batch_acc 0.9500
[INFO  14:26:42] 60%:	E: 0.00	dE -1.68	batch_acc 0.9800
[INFO  14:26:45] 70%:	E: 0.00	dE -1.53	batch_acc 0.9800
[INFO  14:26:49] 80%:	E: 0.00	dE -1.12	batch_acc 0.9800
[INFO  14:26:52] 90%:	E: 0.00	dE -2.02	batch_acc 0.9400
[INFO  14:26:57] epoch: 23 	 test_acc: 0.8960 	 mean_E: 0.0000
[INFO  14:26:58] 0%:	E: 0.00	dE -0.98	batch_acc 1.0000
[INFO  14:27:01] 10%:	E: 0.00	dE -1.74	batch_acc 0.9700
[INFO  14:27:04] 20%:	E: 0.00	dE -1.48	batch_acc 0.9700
[INFO  14:27:08] 30%:	E: 0.00	dE -1.79	batch_acc 0.9400
[INFO  14:27:11] 40%:	E: 0.00	dE -2.02	batch_acc 0.9400
[INFO  14:27:15] 50%:	E: 0.00	dE -1.38	batch_acc 0.9600
[INFO  14:27:18] 60%:	E: 0.00	dE -2.21	batch_acc 0.9400
[INFO  14:27:22] 70%:	E: 0.00	dE -2.45	batch_acc 0.9100
[INFO  14:27:25] 80%:	E: 0.00	dE -1.33	batch_acc 0.9900
[INFO  14:27:29] 90%:	E: 0.00	dE -1.32	batch_acc 0.9900
[INFO  14:27:34] epoch: 24 	 test_acc: 0.8988 	 mean_E: 0.0000
[INFO  14:27:34] 0%:	E: 0.00	dE -1.56	batch_acc 0.9800
[INFO  14:27:37] 10%:	E: 0.00	dE -1.43	batch_acc 0.9700
[INFO  14:27:41] 20%:	E: 0.00	dE -1.69	batch_acc 0.9600
[INFO  14:27:44] 30%:	E: 0.00	dE -1.28	batch_acc 0.9900
[INFO  14:27:48] 40%:	E: 0.00	dE -1.90	batch_acc 0.9400
[INFO  14:27:51] 50%:	E: 0.00	dE -1.03	batch_acc 0.9900
[INFO  14:27:55] 60%:	E: 0.00	dE -1.34	batch_acc 0.9800
[INFO  14:27:58] 70%:	E: 0.00	dE -1.64	batch_acc 0.9600
[INFO  14:28:02] 80%:	E: 0.00	dE -2.39	batch_acc 0.9100
[INFO  14:28:05] 90%:	E: 0.00	dE -1.32	batch_acc 0.9800
[INFO  14:28:10] epoch: 25 	 test_acc: 0.8977 	 mean_E: 0.0000
[INFO  14:28:10] 0%:	E: 0.00	dE -1.27	batch_acc 0.9800
[INFO  14:28:14] 10%:	E: 0.00	dE -1.84	batch_acc 0.9500
[INFO  14:28:17] 20%:	E: 0.00	dE -1.71	batch_acc 0.9600
[INFO  14:28:21] 30%:	E: 0.00	dE -1.91	batch_acc 0.9500
[INFO  14:28:25] 40%:	E: 0.00	dE -1.27	batch_acc 0.9800
[INFO  14:28:28] 50%:	E: 0.00	dE -1.42	batch_acc 0.9700
[INFO  14:28:32] 60%:	E: 0.00	dE -1.25	batch_acc 0.9800
[INFO  14:28:35] 70%:	E: 0.00	dE -1.63	batch_acc 0.9700
[INFO  14:28:37] 80%:	E: 0.00	dE -1.88	batch_acc 0.9600
[INFO  14:28:40] 90%:	E: 0.00	dE -2.08	batch_acc 0.9300
[INFO  14:28:45] epoch: 26 	 test_acc: 0.8974 	 mean_E: 0.0000
[INFO  14:28:45] 0%:	E: 0.00	dE -1.68	batch_acc 0.9600
[INFO  14:28:48] 10%:	E: 0.00	dE -1.93	batch_acc 0.9400
[INFO  14:28:50] 20%:	E: 0.00	dE -1.83	batch_acc 0.9500
[INFO  14:28:53] 30%:	E: 0.00	dE -1.72	batch_acc 0.9300
[INFO  14:28:56] 40%:	E: 0.00	dE -1.54	batch_acc 0.9700
[INFO  14:28:59] 50%:	E: 0.00	dE -1.36	batch_acc 0.9700
[INFO  14:29:02] 60%:	E: 0.00	dE -1.58	batch_acc 0.9600
[INFO  14:29:04] 70%:	E: 0.00	dE -1.43	batch_acc 0.9700
[INFO  14:29:07] 80%:	E: 0.00	dE -1.05	batch_acc 1.0000
[INFO  14:29:10] 90%:	E: 0.00	dE -1.36	batch_acc 0.9800
[INFO  14:29:14] epoch: 27 	 test_acc: 0.8939 	 mean_E: 0.0000
[INFO  14:29:15] 0%:	E: 0.00	dE -1.33	batch_acc 0.9900
[INFO  14:29:17] 10%:	E: 0.00	dE -0.85	batch_acc 1.0000
[INFO  14:29:20] 20%:	E: 0.00	dE -1.70	batch_acc 0.9400
[INFO  14:29:23] 30%:	E: 0.00	dE -1.42	batch_acc 0.9700
[INFO  14:29:26] 40%:	E: 0.00	dE -1.47	batch_acc 0.9700
[INFO  14:29:28] 50%:	E: 0.00	dE -1.47	batch_acc 0.9700
[INFO  14:29:31] 60%:	E: 0.00	dE -1.41	batch_acc 0.9600
[INFO  14:29:34] 70%:	E: 0.00	dE -1.74	batch_acc 0.9500
[INFO  14:29:37] 80%:	E: 0.00	dE -1.38	batch_acc 0.9700
[INFO  14:29:40] 90%:	E: 0.00	dE -1.83	batch_acc 0.9300
[INFO  14:29:44] epoch: 28 	 test_acc: 0.8955 	 mean_E: 0.0000
[INFO  14:29:44] 0%:	E: 0.00	dE -2.29	batch_acc 0.9100
[INFO  14:29:48] 10%:	E: 0.00	dE -1.68	batch_acc 0.9500
[INFO  14:29:51] 20%:	E: 0.00	dE -1.61	batch_acc 0.9600
[INFO  14:29:54] 30%:	E: 0.00	dE -0.92	batch_acc 0.9800
[INFO  14:29:58] 40%:	E: 0.00	dE -2.04	batch_acc 0.9400
[INFO  14:30:01] 50%:	E: 0.00	dE -1.51	batch_acc 0.9700
[INFO  14:30:05] 60%:	E: 0.00	dE -1.39	batch_acc 0.9700
[INFO  14:30:08] 70%:	E: 0.00	dE -1.39	batch_acc 0.9700
[INFO  14:30:12] 80%:	E: 0.00	dE -1.74	batch_acc 0.9700
[INFO  14:30:15] 90%:	E: 0.00	dE -1.28	batch_acc 0.9800
[INFO  14:30:20] epoch: 29 	 test_acc: 0.8959 	 mean_E: 0.0000
[INFO  14:30:20] 0%:	E: 0.00	dE -1.52	batch_acc 0.9500
[INFO  14:30:23] 10%:	E: 0.00	dE -1.29	batch_acc 0.9900
[INFO  14:30:27] 20%:	E: 0.00	dE -1.83	batch_acc 0.9600
[INFO  14:30:30] 30%:	E: 0.00	dE -1.05	batch_acc 1.0000
[INFO  14:30:32] 40%:	E: 0.00	dE -0.93	batch_acc 0.9900
[INFO  14:30:35] 50%:	E: 0.00	dE -1.38	batch_acc 0.9600
[INFO  14:30:38] 60%:	E: 0.00	dE -1.20	batch_acc 0.9900
[INFO  14:30:41] 70%:	E: 0.00	dE -1.01	batch_acc 1.0000
[INFO  14:30:43] 80%:	E: 0.00	dE -1.41	batch_acc 0.9800
[INFO  14:30:46] 90%:	E: 0.00	dE -1.56	batch_acc 0.9600
[INFO  14:30:50] epoch: 30 	 test_acc: 0.8930 	 mean_E: 0.0000
[INFO  14:30:51] 0%:	E: 0.00	dE -1.48	batch_acc 0.9700
[INFO  14:30:53] 10%:	E: 0.00	dE -1.57	batch_acc 0.9600
[INFO  14:30:56] 20%:	E: 0.00	dE -1.54	batch_acc 0.9600
[INFO  14:30:59] 30%:	E: 0.00	dE -1.60	batch_acc 0.9600
[INFO  14:31:01] 40%:	E: 0.00	dE -0.89	batch_acc 1.0000
[INFO  14:31:04] 50%:	E: 0.00	dE -1.45	batch_acc 0.9700
[INFO  14:31:07] 60%:	E: 0.00	dE -0.98	batch_acc 0.9800
[INFO  14:31:09] 70%:	E: 0.00	dE -1.22	batch_acc 1.0000
[INFO  14:31:12] 80%:	E: 0.00	dE -1.24	batch_acc 0.9700
[INFO  14:31:15] 90%:	E: 0.00	dE -1.62	batch_acc 0.9600
[INFO  14:31:19] epoch: 31 	 test_acc: 0.8954 	 mean_E: 0.0000
[INFO  14:31:19] 0%:	E: 0.00	dE -1.90	batch_acc 0.9400
[INFO  14:31:22] 10%:	E: 0.00	dE -1.37	batch_acc 0.9600
[INFO  14:31:25] 20%:	E: 0.00	dE -1.81	batch_acc 0.9500
[INFO  14:31:27] 30%:	E: 0.00	dE -1.48	batch_acc 0.9600
[INFO  14:31:30] 40%:	E: 0.00	dE -1.26	batch_acc 0.9800
[INFO  14:31:33] 50%:	E: 0.00	dE -2.10	batch_acc 0.9500
[INFO  14:31:36] 60%:	E: 0.00	dE -1.04	batch_acc 0.9800
[INFO  14:31:39] 70%:	E: 0.00	dE -1.67	batch_acc 0.9500
[INFO  14:31:41] 80%:	E: 0.00	dE -1.37	batch_acc 0.9700
[INFO  14:31:44] 90%:	E: 0.00	dE -1.89	batch_acc 0.9600
[INFO  14:31:49] epoch: 32 	 test_acc: 0.8963 	 mean_E: 0.0000
[INFO  14:31:49] 0%:	E: 0.00	dE -1.69	batch_acc 0.9600
[INFO  14:31:52] 10%:	E: 0.00	dE -0.90	batch_acc 0.9900
[INFO  14:31:56] 20%:	E: 0.00	dE -0.82	batch_acc 0.9900
[INFO  14:32:00] 30%:	E: 0.00	dE -1.28	batch_acc 0.9600
[INFO  14:32:03] 40%:	E: 0.00	dE -1.34	batch_acc 0.9600
[INFO  14:32:06] 50%:	E: 0.00	dE -1.24	batch_acc 0.9700
[INFO  14:32:09] 60%:	E: 0.00	dE -1.45	batch_acc 0.9600
[INFO  14:32:12] 70%:	E: 0.00	dE -1.45	batch_acc 0.9700
[INFO  14:32:15] 80%:	E: 0.00	dE -1.58	batch_acc 0.9600
[INFO  14:32:18] 90%:	E: 0.00	dE -1.16	batch_acc 0.9800
[INFO  14:32:23] epoch: 33 	 test_acc: 0.8993 	 mean_E: 0.0000
[INFO  14:32:23] 0%:	E: 0.00	dE -0.98	batch_acc 0.9900
[INFO  14:32:27] 10%:	E: 0.00	dE -1.07	batch_acc 0.9800
[INFO  14:32:30] 20%:	E: 0.00	dE -1.37	batch_acc 0.9700
[INFO  14:32:34] 30%:	E: 0.00	dE -0.81	batch_acc 1.0000
[INFO  14:32:37] 40%:	E: 0.00	dE -1.08	batch_acc 0.9800
[INFO  14:32:41] 50%:	E: 0.00	dE -1.29	batch_acc 0.9800
[INFO  14:32:44] 60%:	E: 0.00	dE -0.91	batch_acc 1.0000
[INFO  14:32:48] 70%:	E: 0.00	dE -1.44	batch_acc 0.9700
[INFO  14:32:51] 80%:	E: 0.00	dE -1.51	batch_acc 0.9700
[INFO  14:32:55] 90%:	E: 0.00	dE -1.49	batch_acc 0.9700
[INFO  14:33:00] epoch: 34 	 test_acc: 0.8967 	 mean_E: 0.0000
[INFO  14:33:00] 0%:	E: 0.00	dE -1.76	batch_acc 0.9400
[INFO  14:33:03] 10%:	E: 0.00	dE -1.06	batch_acc 0.9900
[INFO  14:33:07] 20%:	E: 0.00	dE -1.10	batch_acc 0.9800
[INFO  14:33:10] 30%:	E: 0.00	dE -1.24	batch_acc 0.9800
[INFO  14:33:14] 40%:	E: 0.00	dE -0.77	batch_acc 0.9900
[INFO  14:33:17] 50%:	E: 0.00	dE -1.15	batch_acc 0.9900
[INFO  14:33:21] 60%:	E: 0.00	dE -1.29	batch_acc 0.9700
[INFO  14:33:24] 70%:	E: 0.00	dE -1.66	batch_acc 0.9500
[INFO  14:33:28] 80%:	E: 0.00	dE -1.31	batch_acc 0.9500
[INFO  14:33:31] 90%:	E: 0.00	dE -1.38	batch_acc 0.9900
[INFO  14:33:36] epoch: 35 	 test_acc: 0.8966 	 mean_E: 0.0000
[INFO  14:33:37] 0%:	E: 0.00	dE -1.72	batch_acc 0.9700
[INFO  14:33:40] 10%:	E: 0.00	dE -1.61	batch_acc 0.9600
[INFO  14:33:43] 20%:	E: 0.00	dE -1.20	batch_acc 1.0000
[INFO  14:33:47] 30%:	E: 0.00	dE -1.02	batch_acc 1.0000
[INFO  14:33:50] 40%:	E: 0.00	dE -1.19	batch_acc 0.9700
[INFO  14:33:54] 50%:	E: 0.00	dE -1.73	batch_acc 0.9600
[INFO  14:33:57] 60%:	E: 0.00	dE -0.91	batch_acc 0.9800
[INFO  14:34:00] 70%:	E: 0.00	dE -1.26	batch_acc 0.9900
[INFO  14:34:04] 80%:	E: 0.00	dE -1.15	batch_acc 0.9700
[INFO  14:34:07] 90%:	E: 0.00	dE -1.37	batch_acc 0.9800
[INFO  14:34:12] epoch: 36 	 test_acc: 0.8987 	 mean_E: 0.0000
[INFO  14:34:13] 0%:	E: 0.00	dE -1.44	batch_acc 0.9400
[INFO  14:34:16] 10%:	E: 0.00	dE -1.10	batch_acc 0.9700
[INFO  14:34:20] 20%:	E: 0.00	dE -0.68	batch_acc 1.0000
[INFO  14:34:23] 30%:	E: 0.00	dE -1.52	batch_acc 0.9500
[INFO  14:34:27] 40%:	E: 0.00	dE -1.14	batch_acc 0.9700
[INFO  14:34:30] 50%:	E: 0.00	dE -1.45	batch_acc 0.9600
[INFO  14:34:34] 60%:	E: 0.00	dE -1.21	batch_acc 0.9700
[INFO  14:34:37] 70%:	E: 0.00	dE -1.00	batch_acc 1.0000
[INFO  14:34:40] 80%:	E: 0.00	dE -1.06	batch_acc 0.9800
[INFO  14:34:44] 90%:	E: 0.00	dE -1.23	batch_acc 0.9900
[INFO  14:34:49] epoch: 37 	 test_acc: 0.8941 	 mean_E: 0.0000
[INFO  14:34:49] 0%:	E: 0.00	dE -1.04	batch_acc 0.9900
[INFO  14:34:52] 10%:	E: 0.00	dE -1.00	batch_acc 0.9900
[INFO  14:34:56] 20%:	E: 0.00	dE -1.07	batch_acc 0.9800
[INFO  14:34:59] 30%:	E: 0.00	dE -1.10	batch_acc 1.0000
[INFO  14:35:03] 40%:	E: 0.00	dE -1.36	batch_acc 0.9900
[INFO  14:35:06] 50%:	E: 0.00	dE -0.89	batch_acc 1.0000
[INFO  14:35:09] 60%:	E: 0.00	dE -1.26	batch_acc 0.9800
[INFO  14:35:13] 70%:	E: 0.00	dE -1.44	batch_acc 0.9700
[INFO  14:35:16] 80%:	E: 0.00	dE -1.17	batch_acc 0.9800
[INFO  14:35:20] 90%:	E: 0.00	dE -1.15	batch_acc 0.9800
[INFO  14:35:25] epoch: 38 	 test_acc: 0.8958 	 mean_E: 0.0000
[INFO  14:35:25] 0%:	E: 0.00	dE -0.90	batch_acc 0.9900
[INFO  14:35:28] 10%:	E: 0.00	dE -1.27	batch_acc 0.9900
[INFO  14:35:32] 20%:	E: 0.00	dE -1.41	batch_acc 0.9800
[INFO  14:35:35] 30%:	E: 0.00	dE -1.43	batch_acc 0.9600
[INFO  14:35:39] 40%:	E: 0.00	dE -1.85	batch_acc 0.9700
[INFO  14:35:42] 50%:	E: 0.00	dE -1.28	batch_acc 0.9800
[INFO  14:35:46] 60%:	E: 0.00	dE -1.23	batch_acc 0.9700
[INFO  14:35:49] 70%:	E: 0.00	dE -0.96	batch_acc 0.9900
[INFO  14:35:53] 80%:	E: 0.00	dE -1.01	batch_acc 0.9900
[INFO  14:35:56] 90%:	E: 0.00	dE -1.09	batch_acc 0.9800
[INFO  14:36:02] epoch: 39 	 test_acc: 0.8927 	 mean_E: 0.0000
[INFO  14:36:02] 0%:	E: 0.00	dE -0.64	batch_acc 1.0000
[INFO  14:36:05] 10%:	E: 0.00	dE -1.59	batch_acc 0.9500
[INFO  14:36:09] 20%:	E: 0.00	dE -0.86	batch_acc 0.9900
[INFO  14:36:12] 30%:	E: 0.00	dE -1.32	batch_acc 0.9900
[INFO  14:36:15] 40%:	E: 0.00	dE -1.05	batch_acc 0.9700
[INFO  14:36:18] 50%:	E: 0.00	dE -1.23	batch_acc 0.9700
[INFO  14:36:22] 60%:	E: 0.00	dE -1.50	batch_acc 0.9700
[INFO  14:36:25] 70%:	E: 0.00	dE -1.20	batch_acc 0.9700
[INFO  14:36:29] 80%:	E: 0.00	dE -1.07	batch_acc 0.9800
[INFO  14:36:32] 90%:	E: 0.00	dE -1.31	batch_acc 0.9900
[INFO  14:36:37] epoch: 40 	 test_acc: 0.8948 	 mean_E: 0.0000
[INFO  14:36:37] 0%:	E: 0.00	dE -1.32	batch_acc 0.9800
[INFO  14:36:41] 10%:	E: 0.00	dE -1.07	batch_acc 0.9800
[INFO  14:36:44] 20%:	E: 0.00	dE -0.89	batch_acc 0.9900
[INFO  14:36:48] 30%:	E: 0.00	dE -1.53	batch_acc 0.9500
[INFO  14:36:51] 40%:	E: 0.00	dE -1.30	batch_acc 0.9900
[INFO  14:36:55] 50%:	E: 0.00	dE -1.67	batch_acc 0.9700
[INFO  14:36:59] 60%:	E: 0.00	dE -1.05	batch_acc 0.9800
[INFO  14:37:02] 70%:	E: 0.00	dE -1.19	batch_acc 1.0000
[INFO  14:37:05] 80%:	E: 0.00	dE -0.88	batch_acc 1.0000
[INFO  14:37:09] 90%:	E: 0.00	dE -1.33	batch_acc 0.9700
[INFO  14:37:14] epoch: 41 	 test_acc: 0.8952 	 mean_E: 0.0000
[INFO  14:37:14] 0%:	E: 0.00	dE -1.12	batch_acc 0.9700
[INFO  14:37:17] 10%:	E: 0.00	dE -0.96	batch_acc 0.9800
[INFO  14:37:21] 20%:	E: 0.00	dE -0.80	batch_acc 1.0000
[INFO  14:37:24] 30%:	E: 0.00	dE -0.99	batch_acc 0.9900
[INFO  14:37:28] 40%:	E: 0.00	dE -1.38	batch_acc 0.9900
[INFO  14:37:31] 50%:	E: 0.00	dE -1.11	batch_acc 0.9900
[INFO  14:37:35] 60%:	E: 0.00	dE -1.72	batch_acc 0.9600
[INFO  14:37:38] 70%:	E: 0.00	dE -1.20	batch_acc 0.9800
[INFO  14:37:41] 80%:	E: 0.00	dE -1.28	batch_acc 0.9800
[INFO  14:37:45] 90%:	E: 0.00	dE -1.79	batch_acc 0.9700
[INFO  14:37:50] epoch: 42 	 test_acc: 0.8940 	 mean_E: 0.0000
[INFO  14:37:50] 0%:	E: 0.00	dE -1.08	batch_acc 0.9700
[INFO  14:37:54] 10%:	E: 0.00	dE -0.94	batch_acc 0.9900
[INFO  14:37:57] 20%:	E: 0.00	dE -1.25	batch_acc 0.9800
[INFO  14:38:01] 30%:	E: 0.00	dE -1.04	batch_acc 0.9900
[INFO  14:38:04] 40%:	E: 0.00	dE -1.05	batch_acc 0.9800
[INFO  14:38:07] 50%:	E: 0.00	dE -1.08	batch_acc 0.9900
[INFO  14:38:11] 60%:	E: 0.00	dE -1.65	batch_acc 0.9600
[INFO  14:38:14] 70%:	E: 0.00	dE -1.44	batch_acc 0.9600
[INFO  14:38:17] 80%:	E: 0.00	dE -1.10	batch_acc 0.9900
[INFO  14:38:21] 90%:	E: 0.00	dE -1.06	batch_acc 0.9900
[INFO  14:38:26] epoch: 43 	 test_acc: 0.8966 	 mean_E: 0.0000
[INFO  14:38:26] 0%:	E: 0.00	dE -0.97	batch_acc 1.0000
[INFO  14:38:30] 10%:	E: 0.00	dE -1.26	batch_acc 0.9800
[INFO  14:38:33] 20%:	E: 0.00	dE -1.08	batch_acc 0.9800
[INFO  14:38:37] 30%:	E: 0.00	dE -0.68	batch_acc 1.0000
[INFO  14:38:40] 40%:	E: 0.00	dE -0.82	batch_acc 1.0000
[INFO  14:38:43] 50%:	E: 0.00	dE -1.14	batch_acc 0.9900
[INFO  14:38:47] 60%:	E: 0.00	dE -1.23	batch_acc 0.9800
[INFO  14:38:50] 70%:	E: 0.00	dE -1.27	batch_acc 0.9900
[INFO  14:38:54] 80%:	E: 0.00	dE -0.94	batch_acc 0.9900
[INFO  14:38:57] 90%:	E: 0.00	dE -1.28	batch_acc 0.9700
[INFO  14:39:02] epoch: 44 	 test_acc: 0.8942 	 mean_E: 0.0000
[INFO  14:39:02] 0%:	E: 0.00	dE -0.98	batch_acc 0.9900
[INFO  14:39:06] 10%:	E: 0.00	dE -0.82	batch_acc 0.9900
[INFO  14:39:09] 20%:	E: 0.00	dE -1.00	batch_acc 0.9900
[INFO  14:39:13] 30%:	E: 0.00	dE -1.45	batch_acc 0.9700
[INFO  14:39:17] 40%:	E: 0.00	dE -1.09	batch_acc 0.9800
[INFO  14:39:20] 50%:	E: 0.00	dE -0.73	batch_acc 1.0000
[INFO  14:39:24] 60%:	E: 0.00	dE -1.26	batch_acc 0.9900
[INFO  14:39:27] 70%:	E: 0.00	dE -1.07	batch_acc 0.9900
[INFO  14:39:30] 80%:	E: 0.00	dE -0.89	batch_acc 1.0000
[INFO  14:39:33] 90%:	E: 0.00	dE -1.23	batch_acc 0.9800
[INFO  14:39:38] epoch: 45 	 test_acc: 0.8979 	 mean_E: 0.0000
[INFO  14:39:38] 0%:	E: 0.00	dE -0.89	batch_acc 1.0000
[INFO  14:39:42] 10%:	E: 0.00	dE -0.68	batch_acc 1.0000
[INFO  14:39:45] 20%:	E: 0.00	dE -1.11	batch_acc 0.9800
[INFO  14:39:49] 30%:	E: 0.00	dE -1.52	batch_acc 0.9500
[INFO  14:39:52] 40%:	E: 0.00	dE -1.02	batch_acc 1.0000
[INFO  14:39:56] 50%:	E: 0.00	dE -1.04	batch_acc 0.9800
[INFO  14:39:59] 60%:	E: 0.00	dE -1.33	batch_acc 0.9900
[INFO  14:40:02] 70%:	E: 0.00	dE -0.99	batch_acc 0.9900
[INFO  14:40:06] 80%:	E: 0.00	dE -1.48	batch_acc 0.9500
[INFO  14:40:09] 90%:	E: 0.00	dE -1.21	batch_acc 0.9800
[INFO  14:40:14] epoch: 46 	 test_acc: 0.8934 	 mean_E: 0.0000
[INFO  14:40:14] 0%:	E: 0.00	dE -1.30	batch_acc 0.9700
[INFO  14:40:18] 10%:	E: 0.00	dE -1.04	batch_acc 0.9900
[INFO  14:40:21] 20%:	E: 0.00	dE -1.15	batch_acc 0.9700
[INFO  14:40:24] 30%:	E: 0.00	dE -0.86	batch_acc 1.0000
[INFO  14:40:28] 40%:	E: 0.00	dE -0.91	batch_acc 0.9800
[INFO  14:40:31] 50%:	E: 0.00	dE -1.55	batch_acc 0.9700
[INFO  14:40:35] 60%:	E: 0.00	dE -1.23	batch_acc 0.9700
[INFO  14:40:38] 70%:	E: 0.00	dE -1.24	batch_acc 0.9700
[INFO  14:40:42] 80%:	E: 0.00	dE -1.36	batch_acc 0.9800
[INFO  14:40:45] 90%:	E: 0.00	dE -0.93	batch_acc 0.9800
[INFO  14:40:50] epoch: 47 	 test_acc: 0.8980 	 mean_E: 0.0000
[INFO  14:40:51] 0%:	E: 0.00	dE -0.70	batch_acc 0.9900
[INFO  14:40:54] 10%:	E: 0.00	dE -1.47	batch_acc 0.9800
[INFO  14:40:57] 20%:	E: 0.00	dE -1.07	batch_acc 1.0000
[INFO  14:41:01] 30%:	E: 0.00	dE -1.17	batch_acc 0.9900
[INFO  14:41:04] 40%:	E: 0.00	dE -0.79	batch_acc 0.9900
[INFO  14:41:08] 50%:	E: 0.00	dE -1.07	batch_acc 0.9800
[INFO  14:41:11] 60%:	E: 0.00	dE -1.25	batch_acc 0.9700
[INFO  14:41:15] 70%:	E: 0.00	dE -1.31	batch_acc 0.9800
[INFO  14:41:18] 80%:	E: 0.00	dE -1.27	batch_acc 0.9800
[INFO  14:41:22] 90%:	E: 0.00	dE -1.16	batch_acc 0.9900
[INFO  14:41:27] epoch: 48 	 test_acc: 0.8927 	 mean_E: 0.0000
[INFO  14:41:27] 0%:	E: 0.00	dE -1.09	batch_acc 0.9800
[INFO  14:41:30] 10%:	E: 0.00	dE -0.84	batch_acc 1.0000
[INFO  14:41:34] 20%:	E: 0.00	dE -1.25	batch_acc 0.9700
[INFO  14:41:37] 30%:	E: 0.00	dE -0.91	batch_acc 0.9800
[INFO  14:41:41] 40%:	E: 0.00	dE -0.87	batch_acc 0.9900
[INFO  14:41:45] 50%:	E: 0.00	dE -1.27	batch_acc 0.9700
[INFO  14:41:48] 60%:	E: 0.00	dE -1.55	batch_acc 0.9700
[INFO  14:41:52] 70%:	E: 0.00	dE -0.96	batch_acc 0.9900
[INFO  14:41:55] 80%:	E: 0.00	dE -1.21	batch_acc 0.9900
[INFO  14:41:59] 90%:	E: 0.00	dE -1.41	batch_acc 0.9900
[INFO  14:42:04] epoch: 49 	 test_acc: 0.8946 	 mean_E: 0.0000
[INFO  14:42:04] 0%:	E: 0.00	dE -1.17	batch_acc 0.9800
[INFO  14:42:08] 10%:	E: 0.00	dE -1.10	batch_acc 1.0000
[INFO  14:42:11] 20%:	E: 0.00	dE -0.92	batch_acc 0.9900
[INFO  14:42:15] 30%:	E: 0.00	dE -0.82	batch_acc 0.9800
[INFO  14:42:18] 40%:	E: 0.00	dE -1.27	batch_acc 0.9600
[INFO  14:42:22] 50%:	E: 0.00	dE -0.74	batch_acc 0.9900
[INFO  14:42:25] 60%:	E: 0.00	dE -0.82	batch_acc 1.0000
[INFO  14:42:29] 70%:	E: 0.00	dE -1.13	batch_acc 0.9800
[INFO  14:42:32] 80%:	E: 0.00	dE -1.21	batch_acc 0.9700
[INFO  14:42:36] 90%:	E: 0.00	dE -1.02	batch_acc 0.9900
[INFO  14:42:41] epoch: 50 	 test_acc: 0.8962 	 mean_E: 0.0000
[INFO  14:42:41] 0%:	E: 0.00	dE -0.65	batch_acc 1.0000
[INFO  14:42:44] 10%:	E: 0.00	dE -1.14	batch_acc 1.0000
[INFO  14:42:48] 20%:	E: 0.00	dE -0.90	batch_acc 0.9900
[INFO  14:42:51] 30%:	E: 0.00	dE -0.87	batch_acc 0.9900
[INFO  14:42:55] 40%:	E: 0.00	dE -0.80	batch_acc 0.9800
[INFO  14:42:58] 50%:	E: 0.00	dE -1.06	batch_acc 0.9700
[INFO  14:43:02] 60%:	E: 0.00	dE -1.18	batch_acc 0.9800
[INFO  14:43:05] 70%:	E: 0.00	dE -0.78	batch_acc 0.9900
[INFO  14:43:08] 80%:	E: 0.00	dE -1.12	batch_acc 0.9900
[INFO  14:43:12] 90%:	E: 0.00	dE -0.97	batch_acc 0.9900
[INFO  14:43:17] epoch: 51 	 test_acc: 0.8960 	 mean_E: 0.0000
[INFO  14:43:17] 0%:	E: 0.00	dE -1.34	batch_acc 0.9800
[INFO  14:43:21] 10%:	E: 0.00	dE -1.24	batch_acc 1.0000
[INFO  14:43:24] 20%:	E: 0.00	dE -0.90	batch_acc 1.0000
[INFO  14:43:28] 30%:	E: 0.00	dE -0.48	batch_acc 1.0000
[INFO  14:43:31] 40%:	E: 0.00	dE -1.89	batch_acc 0.9300
[INFO  14:43:35] 50%:	E: 0.00	dE -0.75	batch_acc 1.0000
[INFO  14:43:38] 60%:	E: 0.00	dE -0.94	batch_acc 0.9900
[INFO  14:43:41] 70%:	E: 0.00	dE -1.81	batch_acc 0.9500
[INFO  14:43:45] 80%:	E: 0.00	dE -1.06	batch_acc 0.9900
[INFO  14:43:48] 90%:	E: 0.00	dE -1.14	batch_acc 0.9800
[INFO  14:43:53] epoch: 52 	 test_acc: 0.8942 	 mean_E: 0.0000
[INFO  14:43:53] 0%:	E: 0.00	dE -0.93	batch_acc 0.9800
[INFO  14:43:57] 10%:	E: 0.00	dE -0.76	batch_acc 0.9900
[INFO  14:44:01] 20%:	E: 0.00	dE -0.98	batch_acc 0.9700
[INFO  14:44:04] 30%:	E: 0.00	dE -0.72	batch_acc 1.0000
[INFO  14:44:08] 40%:	E: 0.00	dE -1.19	batch_acc 0.9800
[INFO  14:44:11] 50%:	E: 0.00	dE -0.81	batch_acc 0.9900
[INFO  14:44:14] 60%:	E: 0.00	dE -0.82	batch_acc 0.9800
[INFO  14:44:18] 70%:	E: 0.00	dE -1.20	batch_acc 0.9800
[INFO  14:44:21] 80%:	E: 0.00	dE -0.65	batch_acc 1.0000
[INFO  14:44:24] 90%:	E: 0.00	dE -1.02	batch_acc 0.9700
[INFO  14:44:29] epoch: 53 	 test_acc: 0.8913 	 mean_E: 0.0000
[INFO  14:44:29] 0%:	E: 0.00	dE -1.33	batch_acc 0.9900
[INFO  14:44:33] 10%:	E: 0.00	dE -1.06	batch_acc 0.9900
[INFO  14:44:36] 20%:	E: 0.00	dE -1.42	batch_acc 0.9800
[INFO  14:44:39] 30%:	E: 0.00	dE -1.27	batch_acc 0.9800
[INFO  14:44:43] 40%:	E: 0.00	dE -0.60	batch_acc 1.0000
[INFO  14:44:46] 50%:	E: 0.00	dE -0.93	batch_acc 0.9900
[INFO  14:44:50] 60%:	E: 0.00	dE -1.17	batch_acc 0.9700
[INFO  14:44:53] 70%:	E: 0.00	dE -0.90	batch_acc 0.9900
[INFO  14:44:56] 80%:	E: 0.00	dE -0.76	batch_acc 0.9800
[INFO  14:45:00] 90%:	E: 0.00	dE -1.39	batch_acc 0.9700
[INFO  14:45:05] epoch: 54 	 test_acc: 0.8925 	 mean_E: 0.0000
[INFO  14:45:05] 0%:	E: 0.00	dE -0.81	batch_acc 0.9800
[INFO  14:45:09] 10%:	E: 0.00	dE -1.00	batch_acc 0.9800
[INFO  14:45:12] 20%:	E: 0.00	dE -0.73	batch_acc 1.0000
[INFO  14:45:16] 30%:	E: 0.00	dE -0.66	batch_acc 1.0000
[INFO  14:45:19] 40%:	E: 0.00	dE -1.18	batch_acc 0.9800
[INFO  14:45:23] 50%:	E: 0.00	dE -0.79	batch_acc 1.0000
[INFO  14:45:26] 60%:	E: 0.00	dE -1.23	batch_acc 0.9900
[INFO  14:45:30] 70%:	E: 0.00	dE -0.96	batch_acc 0.9900
[INFO  14:45:33] 80%:	E: 0.00	dE -1.06	batch_acc 0.9800
[INFO  14:45:37] 90%:	E: 0.00	dE -0.86	batch_acc 0.9900
[INFO  14:45:42] epoch: 55 	 test_acc: 0.8908 	 mean_E: 0.0000
[INFO  14:45:42] 0%:	E: 0.00	dE -1.35	batch_acc 0.9700
[INFO  14:45:45] 10%:	E: 0.00	dE -0.84	batch_acc 0.9900
[INFO  14:45:49] 20%:	E: 0.00	dE -0.93	batch_acc 1.0000
[INFO  14:45:52] 30%:	E: 0.00	dE -0.98	batch_acc 0.9800
[INFO  14:45:56] 40%:	E: 0.00	dE -1.09	batch_acc 0.9700
[INFO  14:45:59] 50%:	E: 0.00	dE -0.82	batch_acc 1.0000
[INFO  14:46:03] 60%:	E: 0.00	dE -1.05	batch_acc 0.9800
[INFO  14:46:06] 70%:	E: 0.00	dE -0.67	batch_acc 0.9900
[INFO  14:46:08] 80%:	E: 0.00	dE -0.90	batch_acc 0.9900
[INFO  14:46:11] 90%:	E: 0.00	dE -0.92	batch_acc 0.9900
[INFO  14:46:15] epoch: 56 	 test_acc: 0.8948 	 mean_E: 0.0000
[INFO  14:46:15] 0%:	E: 0.00	dE -0.90	batch_acc 1.0000
[INFO  14:46:18] 10%:	E: 0.00	dE -0.65	batch_acc 1.0000
[INFO  14:46:21] 20%:	E: 0.00	dE -0.60	batch_acc 1.0000
[INFO  14:46:24] 30%:	E: 0.00	dE -0.72	batch_acc 1.0000
[INFO  14:46:26] 40%:	E: 0.00	dE -1.20	batch_acc 0.9800
[INFO  14:46:29] 50%:	E: 0.00	dE -0.77	batch_acc 1.0000
[INFO  14:46:32] 60%:	E: 0.00	dE -0.69	batch_acc 1.0000
[INFO  14:46:35] 70%:	E: 0.00	dE -0.71	batch_acc 1.0000
[INFO  14:46:38] 80%:	E: 0.00	dE -1.58	batch_acc 0.9400
[INFO  14:46:40] 90%:	E: 0.00	dE -1.00	batch_acc 0.9900
[INFO  14:46:45] epoch: 57 	 test_acc: 0.8939 	 mean_E: 0.0000
[INFO  14:46:45] 0%:	E: 0.00	dE -0.59	batch_acc 1.0000
[INFO  14:46:48] 10%:	E: 0.00	dE -0.88	batch_acc 0.9900
[INFO  14:46:51] 20%:	E: 0.00	dE -0.96	batch_acc 0.9900
[INFO  14:46:53] 30%:	E: 0.00	dE -1.12	batch_acc 0.9900
[INFO  14:46:56] 40%:	E: 0.00	dE -1.19	batch_acc 0.9700
[INFO  14:46:59] 50%:	E: 0.00	dE -0.74	batch_acc 0.9900
[INFO  14:47:02] 60%:	E: 0.00	dE -0.90	batch_acc 1.0000
[INFO  14:47:05] 70%:	E: 0.00	dE -0.78	batch_acc 0.9900
[INFO  14:47:08] 80%:	E: 0.00	dE -1.02	batch_acc 1.0000
[INFO  14:47:10] 90%:	E: 0.00	dE -1.49	batch_acc 0.9700
[INFO  14:47:14] epoch: 58 	 test_acc: 0.8942 	 mean_E: 0.0000
[INFO  14:47:15] 0%:	E: 0.00	dE -1.25	batch_acc 0.9700
[INFO  14:47:18] 10%:	E: 0.00	dE -1.45	batch_acc 0.9600
[INFO  14:47:21] 20%:	E: 0.00	dE -1.19	batch_acc 0.9800
[INFO  14:47:25] 30%:	E: 0.00	dE -1.10	batch_acc 0.9800
[INFO  14:47:28] 40%:	E: 0.00	dE -1.39	batch_acc 0.9700
[INFO  14:47:32] 50%:	E: 0.00	dE -0.99	batch_acc 0.9900
[INFO  14:47:35] 60%:	E: 0.00	dE -1.02	batch_acc 0.9800
[INFO  14:47:39] 70%:	E: 0.00	dE -0.84	batch_acc 1.0000
[INFO  14:47:42] 80%:	E: 0.00	dE -0.74	batch_acc 0.9900
[INFO  14:47:46] 90%:	E: 0.00	dE -0.76	batch_acc 0.9800
[INFO  14:47:51] epoch: 59 	 test_acc: 0.8925 	 mean_E: 0.0000
[INFO  14:47:51] 0%:	E: 0.00	dE -0.93	batch_acc 0.9800
[INFO  14:47:54] 10%:	E: 0.00	dE -0.88	batch_acc 1.0000
[INFO  14:47:58] 20%:	E: 0.00	dE -1.40	batch_acc 0.9600
[INFO  14:48:01] 30%:	E: 0.00	dE -0.48	batch_acc 1.0000
[INFO  14:48:05] 40%:	E: 0.00	dE -1.48	batch_acc 0.9700
[INFO  14:48:08] 50%:	E: 0.00	dE -0.51	batch_acc 1.0000
[INFO  14:48:11] 60%:	E: 0.00	dE -1.06	batch_acc 0.9900
[INFO  14:48:15] 70%:	E: 0.00	dE -0.88	batch_acc 1.0000
[INFO  14:48:18] 80%:	E: 0.00	dE -0.90	batch_acc 0.9900
[INFO  14:48:22] 90%:	E: 0.00	dE -0.90	batch_acc 0.9900
[INFO  14:48:27] epoch: 60 	 test_acc: 0.8916 	 mean_E: 0.0000
[INFO  14:48:27] 0%:	E: 0.00	dE -0.92	batch_acc 0.9900
[INFO  14:48:30] 10%:	E: 0.00	dE -0.84	batch_acc 1.0000
[INFO  14:48:34] 20%:	E: 0.00	dE -0.85	batch_acc 1.0000
[INFO  14:48:37] 30%:	E: 0.00	dE -0.51	batch_acc 1.0000
[INFO  14:48:41] 40%:	E: 0.00	dE -0.70	batch_acc 1.0000
[INFO  14:48:44] 50%:	E: 0.00	dE -1.11	batch_acc 0.9800
[INFO  14:48:48] 60%:	E: 0.00	dE -1.00	batch_acc 0.9900
[INFO  14:48:51] 70%:	E: 0.00	dE -0.69	batch_acc 0.9900
[INFO  14:48:54] 80%:	E: 0.00	dE -0.85	batch_acc 1.0000
[INFO  14:48:58] 90%:	E: 0.00	dE -0.80	batch_acc 0.9900
[INFO  14:49:03] epoch: 61 	 test_acc: 0.8943 	 mean_E: 0.0000
[INFO  14:49:03] 0%:	E: 0.00	dE -1.09	batch_acc 0.9700
[INFO  14:49:07] 10%:	E: 0.00	dE -0.90	batch_acc 0.9900
[INFO  14:49:10] 20%:	E: 0.00	dE -0.66	batch_acc 1.0000
[INFO  14:49:13] 30%:	E: 0.00	dE -0.77	batch_acc 0.9900
[INFO  14:49:17] 40%:	E: 0.00	dE -0.85	batch_acc 0.9900
[INFO  14:49:20] 50%:	E: 0.00	dE -1.03	batch_acc 0.9800
[INFO  14:49:23] 60%:	E: 0.00	dE -0.75	batch_acc 1.0000
[INFO  14:49:27] 70%:	E: 0.00	dE -1.29	batch_acc 0.9700
[INFO  14:49:30] 80%:	E: 0.00	dE -0.90	batch_acc 0.9900
[INFO  14:49:34] 90%:	E: 0.00	dE -1.09	batch_acc 0.9900
[INFO  14:49:39] epoch: 62 	 test_acc: 0.8952 	 mean_E: 0.0000
[INFO  14:49:39] 0%:	E: 0.00	dE -0.82	batch_acc 1.0000
[INFO  14:49:43] 10%:	E: 0.00	dE -1.46	batch_acc 0.9500
[INFO  14:49:46] 20%:	E: 0.00	dE -0.71	batch_acc 1.0000
[INFO  14:49:49] 30%:	E: 0.00	dE -0.66	batch_acc 1.0000
[INFO  14:49:53] 40%:	E: 0.00	dE -0.57	batch_acc 1.0000
[INFO  14:49:56] 50%:	E: 0.00	dE -1.12	batch_acc 0.9700
[INFO  14:49:59] 60%:	E: 0.00	dE -0.73	batch_acc 1.0000
[INFO  14:50:03] 70%:	E: 0.00	dE -0.65	batch_acc 1.0000
[INFO  14:50:06] 80%:	E: 0.00	dE -0.93	batch_acc 0.9900
[INFO  14:50:09] 90%:	E: 0.00	dE -1.00	batch_acc 0.9800
[INFO  14:50:14] epoch: 63 	 test_acc: 0.8913 	 mean_E: 0.0000
[INFO  14:50:15] 0%:	E: 0.00	dE -0.65	batch_acc 1.0000
[INFO  14:50:18] 10%:	E: 0.00	dE -0.52	batch_acc 1.0000
[INFO  14:50:22] 20%:	E: 0.00	dE -0.69	batch_acc 1.0000
[INFO  14:50:25] 30%:	E: 0.00	dE -0.73	batch_acc 1.0000
[INFO  14:50:28] 40%:	E: 0.00	dE -0.80	batch_acc 0.9900
[INFO  14:50:32] 50%:	E: 0.00	dE -0.76	batch_acc 0.9900
[INFO  14:50:35] 60%:	E: 0.00	dE -0.89	batch_acc 0.9900
[INFO  14:50:39] 70%:	E: 0.00	dE -0.97	batch_acc 1.0000
[INFO  14:50:42] 80%:	E: 0.00	dE -1.05	batch_acc 0.9800
[INFO  14:50:46] 90%:	E: 0.00	dE -1.23	batch_acc 0.9700
[INFO  14:50:51] epoch: 64 	 test_acc: 0.8922 	 mean_E: 0.0000
[INFO  14:50:51] 0%:	E: 0.00	dE -1.12	batch_acc 0.9700
[INFO  14:50:55] 10%:	E: 0.00	dE -0.74	batch_acc 0.9900
[INFO  14:50:58] 20%:	E: 0.00	dE -0.99	batch_acc 0.9800
[INFO  14:51:01] 30%:	E: 0.00	dE -0.73	batch_acc 0.9900
[INFO  14:51:05] 40%:	E: 0.00	dE -0.82	batch_acc 0.9900
[INFO  14:51:08] 50%:	E: 0.00	dE -1.16	batch_acc 0.9800
[INFO  14:51:12] 60%:	E: 0.00	dE -0.82	batch_acc 1.0000
[INFO  14:51:15] 70%:	E: 0.00	dE -0.72	batch_acc 1.0000
[INFO  14:51:18] 80%:	E: 0.00	dE -1.04	batch_acc 0.9800
[INFO  14:51:22] 90%:	E: 0.00	dE -1.05	batch_acc 1.0000
[INFO  14:51:27] epoch: 65 	 test_acc: 0.8949 	 mean_E: 0.0000
[INFO  14:51:27] 0%:	E: 0.00	dE -0.96	batch_acc 0.9900
[INFO  14:51:30] 10%:	E: 0.00	dE -0.60	batch_acc 0.9900
[INFO  14:51:34] 20%:	E: 0.00	dE -0.67	batch_acc 0.9900
[INFO  14:51:37] 30%:	E: 0.00	dE -0.75	batch_acc 0.9900
[INFO  14:51:40] 40%:	E: 0.00	dE -0.90	batch_acc 0.9900
[INFO  14:51:44] 50%:	E: 0.00	dE -0.52	batch_acc 1.0000
[INFO  14:51:47] 60%:	E: 0.00	dE -0.46	batch_acc 1.0000
[INFO  14:51:51] 70%:	E: 0.00	dE -1.01	batch_acc 0.9900
[INFO  14:51:54] 80%:	E: 0.00	dE -0.90	batch_acc 0.9900
[INFO  14:51:58] 90%:	E: 0.00	dE -1.04	batch_acc 0.9800
[INFO  14:52:03] epoch: 66 	 test_acc: 0.8927 	 mean_E: 0.0000
[INFO  14:52:03] 0%:	E: 0.00	dE -0.67	batch_acc 0.9900
[INFO  14:52:07] 10%:	E: 0.00	dE -0.63	batch_acc 1.0000
[INFO  14:52:10] 20%:	E: 0.00	dE -0.59	batch_acc 1.0000
[INFO  14:52:14] 30%:	E: 0.00	dE -1.33	batch_acc 0.9700
[INFO  14:52:17] 40%:	E: 0.00	dE -0.56	batch_acc 1.0000
[INFO  14:52:21] 50%:	E: 0.00	dE -1.10	batch_acc 0.9800
[INFO  14:52:24] 60%:	E: 0.00	dE -0.72	batch_acc 1.0000
[INFO  14:52:27] 70%:	E: 0.00	dE -0.86	batch_acc 0.9900
[INFO  14:52:31] 80%:	E: 0.00	dE -0.65	batch_acc 1.0000
[INFO  14:52:35] 90%:	E: 0.00	dE -0.71	batch_acc 0.9800
[INFO  14:52:39] epoch: 67 	 test_acc: 0.8933 	 mean_E: 0.0000
[INFO  14:52:39] 0%:	E: 0.00	dE -0.87	batch_acc 0.9800
[INFO  14:52:42] 10%:	E: 0.00	dE -0.89	batch_acc 0.9900
[INFO  14:52:45] 20%:	E: 0.00	dE -0.80	batch_acc 0.9900
[INFO  14:52:48] 30%:	E: 0.00	dE -0.98	batch_acc 0.9900
[INFO  14:52:50] 40%:	E: 0.00	dE -0.61	batch_acc 1.0000
[INFO  14:52:53] 50%:	E: 0.00	dE -0.82	batch_acc 0.9900
[INFO  14:52:56] 60%:	E: 0.00	dE -0.84	batch_acc 0.9900
[INFO  14:52:59] 70%:	E: 0.00	dE -1.14	batch_acc 0.9900
[INFO  14:53:01] 80%:	E: 0.00	dE -0.71	batch_acc 0.9900
[INFO  14:53:04] 90%:	E: 0.00	dE -0.86	batch_acc 1.0000
[INFO  14:53:09] epoch: 68 	 test_acc: 0.8927 	 mean_E: 0.0000
[INFO  14:53:09] 0%:	E: 0.00	dE -0.47	batch_acc 1.0000
[INFO  14:53:12] 10%:	E: 0.00	dE -0.89	batch_acc 0.9900
[INFO  14:53:15] 20%:	E: 0.00	dE -0.82	batch_acc 0.9900
[INFO  14:53:19] 30%:	E: 0.00	dE -0.68	batch_acc 0.9900
[INFO  14:53:22] 40%:	E: 0.00	dE -0.80	batch_acc 0.9800
[INFO  14:53:26] 50%:	E: 0.00	dE -0.89	batch_acc 0.9800
[INFO  14:53:29] 60%:	E: 0.00	dE -1.04	batch_acc 0.9800
[INFO  14:53:32] 70%:	E: 0.00	dE -0.60	batch_acc 1.0000
[INFO  14:53:36] 80%:	E: 0.00	dE -0.78	batch_acc 1.0000
[INFO  14:53:39] 90%:	E: 0.00	dE -0.81	batch_acc 1.0000
[INFO  14:53:44] epoch: 69 	 test_acc: 0.8968 	 mean_E: 0.0000
[INFO  14:53:45] 0%:	E: 0.00	dE -0.79	batch_acc 1.0000
[INFO  14:53:48] 10%:	E: 0.00	dE -0.71	batch_acc 1.0000
[INFO  14:53:51] 20%:	E: 0.00	dE -0.73	batch_acc 0.9900
[INFO  14:53:55] 30%:	E: 0.00	dE -0.64	batch_acc 1.0000
[INFO  14:53:58] 40%:	E: 0.00	dE -0.89	batch_acc 0.9800
[INFO  14:54:02] 50%:	E: 0.00	dE -0.91	batch_acc 0.9900
[INFO  14:54:05] 60%:	E: 0.00	dE -1.08	batch_acc 0.9700
[INFO  14:54:08] 70%:	E: 0.00	dE -0.84	batch_acc 0.9700
[INFO  14:54:11] 80%:	E: 0.00	dE -0.91	batch_acc 0.9900
[INFO  14:54:15] 90%:	E: 0.00	dE -0.69	batch_acc 1.0000
[INFO  14:54:20] epoch: 70 	 test_acc: 0.8928 	 mean_E: 0.0000
[INFO  14:54:20] 0%:	E: 0.00	dE -1.01	batch_acc 1.0000
[INFO  14:54:23] 10%:	E: 0.00	dE -0.78	batch_acc 0.9900
[INFO  14:54:27] 20%:	E: 0.00	dE -0.96	batch_acc 1.0000
[INFO  14:54:30] 30%:	E: 0.00	dE -0.86	batch_acc 0.9900
[INFO  14:54:33] 40%:	E: 0.00	dE -0.79	batch_acc 0.9900
[INFO  14:54:37] 50%:	E: 0.00	dE -0.71	batch_acc 0.9900
[INFO  14:54:40] 60%:	E: 0.00	dE -0.62	batch_acc 0.9900
[INFO  14:54:44] 70%:	E: 0.00	dE -0.58	batch_acc 1.0000
[INFO  14:54:48] 80%:	E: 0.00	dE -1.02	batch_acc 0.9900
[INFO  14:54:51] 90%:	E: 0.00	dE -1.06	batch_acc 0.9800
[INFO  14:54:56] epoch: 71 	 test_acc: 0.8931 	 mean_E: 0.0000
[INFO  14:54:56] 0%:	E: 0.00	dE -0.70	batch_acc 1.0000
[INFO  14:55:00] 10%:	E: 0.00	dE -0.65	batch_acc 0.9900
[INFO  14:55:03] 20%:	E: 0.00	dE -0.64	batch_acc 1.0000
[INFO  14:55:07] 30%:	E: 0.00	dE -0.85	batch_acc 0.9900
[INFO  14:55:10] 40%:	E: 0.00	dE -0.81	batch_acc 1.0000
[INFO  14:55:14] 50%:	E: 0.00	dE -0.89	batch_acc 0.9900
[INFO  14:55:17] 60%:	E: 0.00	dE -0.74	batch_acc 1.0000
[INFO  14:55:21] 70%:	E: 0.00	dE -0.70	batch_acc 1.0000
[INFO  14:55:24] 80%:	E: 0.00	dE -0.72	batch_acc 0.9800
[INFO  14:55:27] 90%:	E: 0.00	dE -1.05	batch_acc 0.9800
[INFO  14:55:33] epoch: 72 	 test_acc: 0.8923 	 mean_E: 0.0000
[INFO  14:55:33] 0%:	E: 0.00	dE -0.80	batch_acc 0.9900
[INFO  14:55:36] 10%:	E: 0.00	dE -0.74	batch_acc 1.0000
[INFO  14:55:40] 20%:	E: 0.00	dE -0.65	batch_acc 1.0000
[INFO  14:55:43] 30%:	E: 0.00	dE -1.05	batch_acc 0.9900
[INFO  14:55:47] 40%:	E: 0.00	dE -0.59	batch_acc 1.0000
[INFO  14:55:50] 50%:	E: 0.00	dE -0.94	batch_acc 0.9900
[INFO  14:55:53] 60%:	E: 0.00	dE -1.17	batch_acc 0.9800
[INFO  14:55:56] 70%:	E: 0.00	dE -0.79	batch_acc 0.9900
[INFO  14:55:58] 80%:	E: 0.00	dE -0.83	batch_acc 0.9900
[INFO  14:56:01] 90%:	E: 0.00	dE -0.79	batch_acc 1.0000
[INFO  14:56:06] epoch: 73 	 test_acc: 0.8903 	 mean_E: 0.0000
[INFO  14:56:06] 0%:	E: 0.00	dE -0.98	batch_acc 0.9800
[INFO  14:56:09] 10%:	E: 0.00	dE -0.69	batch_acc 0.9900
[INFO  14:56:12] 20%:	E: 0.00	dE -0.56	batch_acc 1.0000
[INFO  14:56:14] 30%:	E: 0.00	dE -0.56	batch_acc 1.0000
[INFO  14:56:17] 40%:	E: 0.00	dE -0.62	batch_acc 1.0000
[INFO  14:56:20] 50%:	E: 0.00	dE -0.53	batch_acc 1.0000
[INFO  14:56:23] 60%:	E: 0.00	dE -0.64	batch_acc 1.0000
[INFO  14:56:26] 70%:	E: 0.00	dE -0.69	batch_acc 1.0000
[INFO  14:56:28] 80%:	E: 0.00	dE -0.94	batch_acc 0.9800
[INFO  14:56:31] 90%:	E: 0.00	dE -0.72	batch_acc 0.9900
[INFO  14:56:35] epoch: 74 	 test_acc: 0.8913 	 mean_E: 0.0000
[INFO  14:56:35] 0%:	E: 0.00	dE -1.24	batch_acc 0.9600
[INFO  14:56:38] 10%:	E: 0.00	dE -0.54	batch_acc 1.0000
[INFO  14:56:41] 20%:	E: 0.00	dE -0.62	batch_acc 0.9900
[INFO  14:56:44] 30%:	E: 0.00	dE -0.86	batch_acc 0.9900
[INFO  14:56:46] 40%:	E: 0.00	dE -0.53	batch_acc 1.0000
[INFO  14:56:49] 50%:	E: 0.00	dE -0.65	batch_acc 0.9900
[INFO  14:56:52] 60%:	E: 0.00	dE -0.82	batch_acc 1.0000
[INFO  14:56:55] 70%:	E: 0.00	dE -0.58	batch_acc 1.0000
[INFO  14:56:57] 80%:	E: 0.00	dE -0.85	batch_acc 0.9800
[INFO  14:57:00] 90%:	E: 0.00	dE -0.73	batch_acc 1.0000
[INFO  14:57:05] epoch: 75 	 test_acc: 0.8924 	 mean_E: 0.0000
[INFO  14:57:05] 0%:	E: 0.00	dE -0.42	batch_acc 1.0000
[INFO  14:57:08] 10%:	E: 0.00	dE -0.72	batch_acc 1.0000
[INFO  14:57:11] 20%:	E: 0.00	dE -0.87	batch_acc 1.0000
[INFO  14:57:13] 30%:	E: 0.00	dE -0.56	batch_acc 0.9900
[INFO  14:57:16] 40%:	E: 0.00	dE -0.96	batch_acc 0.9800
[INFO  14:57:19] 50%:	E: 0.00	dE -0.69	batch_acc 0.9900
[INFO  14:57:22] 60%:	E: 0.00	dE -0.79	batch_acc 0.9800
[INFO  14:57:24] 70%:	E: 0.00	dE -0.91	batch_acc 0.9900
[INFO  14:57:27] 80%:	E: 0.00	dE -0.60	batch_acc 0.9900
[INFO  14:57:30] 90%:	E: 0.00	dE -0.62	batch_acc 1.0000
[INFO  14:57:35] epoch: 76 	 test_acc: 0.8911 	 mean_E: 0.0000
[INFO  14:57:35] 0%:	E: 0.00	dE -0.73	batch_acc 0.9900
[INFO  14:57:37] 10%:	E: 0.00	dE -1.15	batch_acc 0.9800
[INFO  14:57:40] 20%:	E: 0.00	dE -0.51	batch_acc 1.0000
[INFO  14:57:43] 30%:	E: 0.00	dE -0.75	batch_acc 0.9900
[INFO  14:57:46] 40%:	E: 0.00	dE -0.41	batch_acc 1.0000
[INFO  14:57:49] 50%:	E: 0.00	dE -0.61	batch_acc 1.0000
[INFO  14:57:51] 60%:	E: 0.00	dE -0.74	batch_acc 1.0000
[INFO  14:57:54] 70%:	E: 0.00	dE -0.55	batch_acc 1.0000
[INFO  14:57:57] 80%:	E: 0.00	dE -1.12	batch_acc 0.9900
[INFO  14:58:00] 90%:	E: 0.00	dE -0.49	batch_acc 0.9900
[INFO  14:58:04] epoch: 77 	 test_acc: 0.8914 	 mean_E: 0.0000
[INFO  14:58:04] 0%:	E: 0.00	dE -0.31	batch_acc 1.0000
[INFO  14:58:08] 10%:	E: 0.00	dE -0.61	batch_acc 1.0000
[INFO  14:58:11] 20%:	E: 0.00	dE -0.70	batch_acc 0.9900
[INFO  14:58:15] 30%:	E: 0.00	dE -0.69	batch_acc 0.9900
[INFO  14:58:19] 40%:	E: 0.00	dE -0.60	batch_acc 1.0000
[INFO  14:58:22] 50%:	E: 0.00	dE -0.84	batch_acc 0.9800
[INFO  14:58:25] 60%:	E: 0.00	dE -0.73	batch_acc 1.0000
[INFO  14:58:29] 70%:	E: 0.00	dE -0.85	batch_acc 0.9900
[INFO  14:58:32] 80%:	E: 0.00	dE -1.16	batch_acc 0.9700
[INFO  14:58:36] 90%:	E: 0.00	dE -0.53	batch_acc 1.0000
[INFO  14:58:41] epoch: 78 	 test_acc: 0.8902 	 mean_E: 0.0000
[INFO  14:58:41] 0%:	E: 0.00	dE -0.59	batch_acc 1.0000
[INFO  14:58:44] 10%:	E: 0.00	dE -0.42	batch_acc 1.0000
[INFO  14:58:48] 20%:	E: 0.00	dE -0.56	batch_acc 1.0000
[INFO  14:58:51] 30%:	E: 0.00	dE -0.66	batch_acc 1.0000
[INFO  14:58:55] 40%:	E: 0.00	dE -0.91	batch_acc 0.9800
[INFO  14:58:58] 50%:	E: 0.00	dE -0.75	batch_acc 0.9900
[INFO  14:59:02] 60%:	E: 0.00	dE -0.69	batch_acc 0.9800
[INFO  14:59:05] 70%:	E: 0.00	dE -0.67	batch_acc 1.0000
[INFO  14:59:08] 80%:	E: 0.00	dE -1.06	batch_acc 0.9800
[INFO  14:59:12] 90%:	E: 0.00	dE -0.95	batch_acc 0.9900
[INFO  14:59:17] epoch: 79 	 test_acc: 0.8926 	 mean_E: 0.0000
[INFO  14:59:17] 0%:	E: 0.00	dE -0.60	batch_acc 1.0000
[INFO  14:59:21] 10%:	E: 0.00	dE -0.83	batch_acc 0.9800
[INFO  14:59:24] 20%:	E: 0.00	dE -0.69	batch_acc 0.9900
[INFO  14:59:27] 30%:	E: 0.00	dE -0.67	batch_acc 1.0000
[INFO  14:59:31] 40%:	E: 0.00	dE -0.65	batch_acc 0.9900
[INFO  14:59:34] 50%:	E: 0.00	dE -0.77	batch_acc 1.0000
[INFO  14:59:38] 60%:	E: 0.00	dE -0.77	batch_acc 0.9900
[INFO  14:59:41] 70%:	E: 0.00	dE -0.77	batch_acc 0.9900
[INFO  14:59:45] 80%:	E: 0.00	dE -0.88	batch_acc 0.9900
[INFO  14:59:48] 90%:	E: 0.00	dE -0.73	batch_acc 1.0000
[INFO  14:59:53] epoch: 80 	 test_acc: 0.8893 	 mean_E: 0.0000
[INFO  14:59:54] 0%:	E: 0.00	dE -0.72	batch_acc 1.0000
[INFO  14:59:57] 10%:	E: 0.00	dE -0.56	batch_acc 1.0000
[INFO  15:00:00] 20%:	E: 0.00	dE -0.69	batch_acc 1.0000
[INFO  15:00:04] 30%:	E: 0.00	dE -0.62	batch_acc 1.0000
[INFO  15:00:07] 40%:	E: 0.00	dE -0.56	batch_acc 0.9900
[INFO  15:00:11] 50%:	E: 0.00	dE -0.59	batch_acc 1.0000
[INFO  15:00:14] 60%:	E: 0.00	dE -0.78	batch_acc 0.9900
[INFO  15:00:18] 70%:	E: 0.00	dE -0.89	batch_acc 1.0000
[INFO  15:00:21] 80%:	E: 0.00	dE -0.61	batch_acc 1.0000
[INFO  15:00:24] 90%:	E: 0.00	dE -0.53	batch_acc 1.0000
[INFO  15:00:30] epoch: 81 	 test_acc: 0.8901 	 mean_E: 0.0000
[INFO  15:00:30] 0%:	E: 0.00	dE -0.47	batch_acc 1.0000
[INFO  15:00:33] 10%:	E: 0.00	dE -0.72	batch_acc 1.0000
[INFO  15:00:37] 20%:	E: 0.00	dE -0.65	batch_acc 1.0000
[INFO  15:00:40] 30%:	E: 0.00	dE -0.78	batch_acc 0.9900
[INFO  15:00:44] 40%:	E: 0.00	dE -0.54	batch_acc 0.9900
[INFO  15:00:48] 50%:	E: 0.00	dE -1.08	batch_acc 0.9700
[INFO  15:00:51] 60%:	E: 0.00	dE -0.64	batch_acc 1.0000
[INFO  15:00:54] 70%:	E: 0.00	dE -0.55	batch_acc 1.0000
[INFO  15:00:58] 80%:	E: 0.00	dE -0.76	batch_acc 0.9800
[INFO  15:01:01] 90%:	E: 0.00	dE -0.68	batch_acc 1.0000
[INFO  15:01:07] epoch: 82 	 test_acc: 0.8907 	 mean_E: 0.0000
[INFO  15:01:07] 0%:	E: 0.00	dE -0.55	batch_acc 1.0000
[INFO  15:01:10] 10%:	E: 0.00	dE -0.51	batch_acc 1.0000
[INFO  15:01:13] 20%:	E: 0.00	dE -0.90	batch_acc 0.9900
[INFO  15:01:17] 30%:	E: 0.00	dE -0.56	batch_acc 1.0000
[INFO  15:01:20] 40%:	E: 0.00	dE -0.42	batch_acc 1.0000
[INFO  15:01:24] 50%:	E: 0.00	dE -0.42	batch_acc 1.0000
[INFO  15:01:27] 60%:	E: 0.00	dE -0.62	batch_acc 0.9900
[INFO  15:01:31] 70%:	E: 0.00	dE -0.65	batch_acc 1.0000
[INFO  15:01:34] 80%:	E: 0.00	dE -0.64	batch_acc 0.9900
[INFO  15:01:38] 90%:	E: 0.00	dE -0.71	batch_acc 0.9900
[INFO  15:01:43] epoch: 83 	 test_acc: 0.8901 	 mean_E: 0.0000
[INFO  15:01:43] 0%:	E: 0.00	dE -0.60	batch_acc 0.9900
[INFO  15:01:46] 10%:	E: 0.00	dE -0.78	batch_acc 0.9900
[INFO  15:01:49] 20%:	E: 0.00	dE -0.38	batch_acc 1.0000
[INFO  15:01:53] 30%:	E: 0.00	dE -0.61	batch_acc 0.9900
[INFO  15:01:56] 40%:	E: 0.00	dE -0.47	batch_acc 1.0000
[INFO  15:02:00] 50%:	E: 0.00	dE -0.65	batch_acc 1.0000
[INFO  15:02:03] 60%:	E: 0.00	dE -1.27	batch_acc 0.9800
[INFO  15:02:06] 70%:	E: 0.00	dE -0.50	batch_acc 1.0000
[INFO  15:02:10] 80%:	E: 0.00	dE -0.61	batch_acc 0.9900
[INFO  15:02:13] 90%:	E: 0.00	dE -0.59	batch_acc 1.0000
[INFO  15:02:18] epoch: 84 	 test_acc: 0.8915 	 mean_E: 0.0000
[INFO  15:02:18] 0%:	E: 0.00	dE -0.44	batch_acc 1.0000
[INFO  15:02:22] 10%:	E: 0.00	dE -0.68	batch_acc 0.9900
[INFO  15:02:25] 20%:	E: 0.00	dE -0.47	batch_acc 1.0000
[INFO  15:02:29] 30%:	E: 0.00	dE -0.48	batch_acc 1.0000
[INFO  15:02:32] 40%:	E: 0.00	dE -0.62	batch_acc 1.0000
[INFO  15:02:36] 50%:	E: 0.00	dE -0.65	batch_acc 0.9900
[INFO  15:02:39] 60%:	E: 0.00	dE -0.50	batch_acc 1.0000
[INFO  15:02:42] 70%:	E: 0.00	dE -0.78	batch_acc 0.9900
[INFO  15:02:46] 80%:	E: 0.00	dE -0.73	batch_acc 1.0000
[INFO  15:02:49] 90%:	E: 0.00	dE -0.81	batch_acc 1.0000
[INFO  15:02:54] epoch: 85 	 test_acc: 0.8929 	 mean_E: 0.0000
[INFO  15:02:54] 0%:	E: 0.00	dE -0.61	batch_acc 1.0000
[INFO  15:02:58] 10%:	E: 0.00	dE -0.83	batch_acc 1.0000
[INFO  15:03:02] 20%:	E: 0.00	dE -0.55	batch_acc 0.9900
[INFO  15:03:05] 30%:	E: 0.00	dE -0.47	batch_acc 1.0000
[INFO  15:03:09] 40%:	E: 0.00	dE -0.80	batch_acc 1.0000
[INFO  15:03:12] 50%:	E: 0.00	dE -0.65	batch_acc 1.0000
[INFO  15:03:15] 60%:	E: 0.00	dE -0.69	batch_acc 0.9900
[INFO  15:03:19] 70%:	E: 0.00	dE -0.79	batch_acc 0.9800
[INFO  15:03:22] 80%:	E: 0.00	dE -0.51	batch_acc 1.0000
[INFO  15:03:26] 90%:	E: 0.00	dE -0.63	batch_acc 1.0000
[INFO  15:03:31] epoch: 86 	 test_acc: 0.8887 	 mean_E: 0.0000
[INFO  15:03:31] 0%:	E: 0.00	dE -0.72	batch_acc 0.9900
[INFO  15:03:34] 10%:	E: 0.00	dE -0.46	batch_acc 1.0000
[INFO  15:03:37] 20%:	E: 0.00	dE -0.57	batch_acc 1.0000
[INFO  15:03:41] 30%:	E: 0.00	dE -0.70	batch_acc 0.9900
[INFO  15:03:44] 40%:	E: 0.00	dE -0.53	batch_acc 1.0000
[INFO  15:03:48] 50%:	E: 0.00	dE -0.54	batch_acc 1.0000
[INFO  15:03:51] 60%:	E: 0.00	dE -0.83	batch_acc 1.0000
[INFO  15:03:54] 70%:	E: 0.00	dE -0.82	batch_acc 0.9900
[INFO  15:03:58] 80%:	E: 0.00	dE -0.57	batch_acc 1.0000
[INFO  15:04:01] 90%:	E: 0.00	dE -0.66	batch_acc 1.0000
[INFO  15:04:07] epoch: 87 	 test_acc: 0.8890 	 mean_E: 0.0000
[INFO  15:04:07] 0%:	E: 0.00	dE -0.57	batch_acc 1.0000
[INFO  15:04:10] 10%:	E: 0.00	dE -0.44	batch_acc 1.0000
[INFO  15:04:14] 20%:	E: 0.00	dE -0.58	batch_acc 1.0000
[INFO  15:04:17] 30%:	E: 0.00	dE -0.75	batch_acc 1.0000
[INFO  15:04:21] 40%:	E: 0.00	dE -0.53	batch_acc 1.0000
[INFO  15:04:24] 50%:	E: 0.00	dE -0.59	batch_acc 1.0000
[INFO  15:04:27] 60%:	E: 0.00	dE -0.56	batch_acc 1.0000
[INFO  15:04:31] 70%:	E: 0.00	dE -0.71	batch_acc 0.9900
[INFO  15:04:34] 80%:	E: 0.00	dE -0.39	batch_acc 1.0000
[INFO  15:04:38] 90%:	E: 0.00	dE -0.45	batch_acc 0.9900
[INFO  15:04:43] epoch: 88 	 test_acc: 0.8905 	 mean_E: 0.0000
[INFO  15:04:43] 0%:	E: 0.00	dE -0.56	batch_acc 1.0000
[INFO  15:04:47] 10%:	E: 0.00	dE -0.69	batch_acc 1.0000
[INFO  15:04:50] 20%:	E: 0.00	dE -0.49	batch_acc 1.0000
[INFO  15:04:53] 30%:	E: 0.00	dE -0.72	batch_acc 0.9900
[INFO  15:04:57] 40%:	E: 0.00	dE -0.58	batch_acc 1.0000
[INFO  15:05:00] 50%:	E: 0.00	dE -0.54	batch_acc 1.0000
[INFO  15:05:03] 60%:	E: 0.00	dE -0.72	batch_acc 1.0000
[INFO  15:05:07] 70%:	E: 0.00	dE -0.67	batch_acc 0.9900
[INFO  15:05:11] 80%:	E: 0.00	dE -0.69	batch_acc 0.9900
[INFO  15:05:14] 90%:	E: 0.00	dE -0.55	batch_acc 1.0000
[INFO  15:05:19] epoch: 89 	 test_acc: 0.8884 	 mean_E: 0.0000
[INFO  15:05:19] 0%:	E: 0.00	dE -0.45	batch_acc 1.0000
[INFO  15:05:23] 10%:	E: 0.00	dE -0.49	batch_acc 1.0000
[INFO  15:05:26] 20%:	E: 0.00	dE -0.48	batch_acc 1.0000
[INFO  15:05:30] 30%:	E: 0.00	dE -0.37	batch_acc 1.0000
[INFO  15:05:33] 40%:	E: 0.00	dE -0.48	batch_acc 1.0000
[INFO  15:05:37] 50%:	E: 0.00	dE -0.64	batch_acc 0.9900
[INFO  15:05:41] 60%:	E: 0.00	dE -0.44	batch_acc 1.0000
[INFO  15:05:44] 70%:	E: 0.00	dE -0.47	batch_acc 1.0000
[INFO  15:05:48] 80%:	E: 0.00	dE -1.10	batch_acc 0.9800
[INFO  15:05:51] 90%:	E: 0.00	dE -0.97	batch_acc 0.9800
[INFO  15:05:56] epoch: 90 	 test_acc: 0.8905 	 mean_E: 0.0000
[INFO  15:05:56] 0%:	E: 0.00	dE -0.77	batch_acc 1.0000
[INFO  15:06:00] 10%:	E: 0.00	dE -0.57	batch_acc 1.0000
[INFO  15:06:03] 20%:	E: 0.00	dE -0.56	batch_acc 1.0000
[INFO  15:06:06] 30%:	E: 0.00	dE -0.43	batch_acc 1.0000
[INFO  15:06:10] 40%:	E: 0.00	dE -0.61	batch_acc 1.0000
[INFO  15:06:13] 50%:	E: 0.00	dE -0.89	batch_acc 0.9800
[INFO  15:06:17] 60%:	E: 0.00	dE -0.90	batch_acc 0.9900
[INFO  15:06:20] 70%:	E: 0.00	dE -0.64	batch_acc 1.0000
[INFO  15:06:23] 80%:	E: 0.00	dE -1.05	batch_acc 0.9800
[INFO  15:06:27] 90%:	E: 0.00	dE -0.67	batch_acc 1.0000
[INFO  15:06:32] epoch: 91 	 test_acc: 0.8910 	 mean_E: 0.0000
[INFO  15:06:32] 0%:	E: 0.00	dE -0.57	batch_acc 1.0000
[INFO  15:06:35] 10%:	E: 0.00	dE -0.68	batch_acc 0.9900
[INFO  15:06:39] 20%:	E: 0.00	dE -0.63	batch_acc 0.9900
[INFO  15:06:42] 30%:	E: 0.00	dE -0.62	batch_acc 1.0000
[INFO  15:06:46] 40%:	E: 0.00	dE -0.59	batch_acc 1.0000
[INFO  15:06:49] 50%:	E: 0.00	dE -0.54	batch_acc 1.0000
[INFO  15:06:52] 60%:	E: 0.00	dE -0.67	batch_acc 0.9900
[INFO  15:06:56] 70%:	E: 0.00	dE -0.69	batch_acc 0.9900
[INFO  15:06:59] 80%:	E: 0.00	dE -0.80	batch_acc 0.9900
[INFO  15:07:03] 90%:	E: 0.00	dE -0.74	batch_acc 0.9900
[INFO  15:07:08] epoch: 92 	 test_acc: 0.8906 	 mean_E: 0.0000
[INFO  15:07:08] 0%:	E: 0.00	dE -0.70	batch_acc 0.9900
[INFO  15:07:11] 10%:	E: 0.00	dE -0.41	batch_acc 1.0000
[INFO  15:07:15] 20%:	E: 0.00	dE -0.74	batch_acc 0.9800
[INFO  15:07:18] 30%:	E: 0.00	dE -0.57	batch_acc 0.9900
[INFO  15:07:21] 40%:	E: 0.00	dE -0.69	batch_acc 0.9800
[INFO  15:07:25] 50%:	E: 0.00	dE -0.39	batch_acc 1.0000
[INFO  15:07:28] 60%:	E: 0.00	dE -0.80	batch_acc 0.9900
[INFO  15:07:32] 70%:	E: 0.00	dE -0.78	batch_acc 0.9900
[INFO  15:07:35] 80%:	E: 0.00	dE -0.82	batch_acc 1.0000
[INFO  15:07:39] 90%:	E: 0.00	dE -0.90	batch_acc 0.9800
[INFO  15:07:44] epoch: 93 	 test_acc: 0.8911 	 mean_E: 0.0000
[INFO  15:07:44] 0%:	E: 0.00	dE -0.61	batch_acc 1.0000
[INFO  15:07:48] 10%:	E: 0.00	dE -0.73	batch_acc 1.0000
[INFO  15:07:51] 20%:	E: 0.00	dE -0.43	batch_acc 1.0000
[INFO  15:07:55] 30%:	E: 0.00	dE -0.62	batch_acc 0.9900
[INFO  15:07:58] 40%:	E: 0.00	dE -0.39	batch_acc 1.0000
[INFO  15:08:02] 50%:	E: 0.00	dE -0.81	batch_acc 0.9800
[INFO  15:08:05] 60%:	E: 0.00	dE -0.58	batch_acc 1.0000
[INFO  15:08:09] 70%:	E: 0.00	dE -0.83	batch_acc 0.9900
[INFO  15:08:12] 80%:	E: 0.00	dE -0.68	batch_acc 1.0000
[INFO  15:08:16] 90%:	E: 0.00	dE -0.70	batch_acc 1.0000
[INFO  15:08:21] epoch: 94 	 test_acc: 0.8899 	 mean_E: 0.0000
[INFO  15:08:21] 0%:	E: 0.00	dE -0.57	batch_acc 0.9900
[INFO  15:08:24] 10%:	E: 0.00	dE -0.66	batch_acc 0.9800
[INFO  15:08:26] 20%:	E: 0.00	dE -0.48	batch_acc 0.9900
[INFO  15:08:29] 30%:	E: 0.00	dE -0.77	batch_acc 0.9800
[INFO  15:08:32] 40%:	E: 0.00	dE -0.43	batch_acc 1.0000
[INFO  15:08:35] 50%:	E: 0.00	dE -0.50	batch_acc 1.0000
[INFO  15:08:38] 60%:	E: 0.00	dE -0.74	batch_acc 1.0000
[INFO  15:08:42] 70%:	E: 0.00	dE -0.55	batch_acc 1.0000
[INFO  15:08:45] 80%:	E: 0.00	dE -1.10	batch_acc 0.9800
[INFO  15:08:48] 90%:	E: 0.00	dE -0.77	batch_acc 1.0000
[INFO  15:08:53] epoch: 95 	 test_acc: 0.8922 	 mean_E: 0.0000
[INFO  15:08:54] 0%:	E: 0.00	dE -0.60	batch_acc 0.9900
[INFO  15:08:57] 10%:	E: 0.00	dE -0.66	batch_acc 0.9900
[INFO  15:09:00] 20%:	E: 0.00	dE -0.35	batch_acc 1.0000
[INFO  15:09:04] 30%:	E: 0.00	dE -0.75	batch_acc 0.9900
[INFO  15:09:07] 40%:	E: 0.00	dE -0.53	batch_acc 1.0000
[INFO  15:09:11] 50%:	E: 0.00	dE -0.52	batch_acc 1.0000
[INFO  15:09:14] 60%:	E: 0.00	dE -0.53	batch_acc 1.0000
[INFO  15:09:17] 70%:	E: 0.00	dE -0.75	batch_acc 1.0000
[INFO  15:09:21] 80%:	E: 0.00	dE -0.54	batch_acc 1.0000
[INFO  15:09:24] 90%:	E: 0.00	dE -0.76	batch_acc 1.0000
[INFO  15:09:29] epoch: 96 	 test_acc: 0.8896 	 mean_E: 0.0000
[INFO  15:09:29] 0%:	E: 0.00	dE -0.62	batch_acc 0.9900
[INFO  15:09:33] 10%:	E: 0.00	dE -0.56	batch_acc 1.0000
[INFO  15:09:36] 20%:	E: 0.00	dE -0.38	batch_acc 1.0000
[INFO  15:09:40] 30%:	E: 0.00	dE -0.63	batch_acc 1.0000
[INFO  15:09:43] 40%:	E: 0.00	dE -0.76	batch_acc 0.9900
[INFO  15:09:47] 50%:	E: 0.00	dE -0.67	batch_acc 0.9900
[INFO  15:09:50] 60%:	E: 0.00	dE -0.45	batch_acc 1.0000
[INFO  15:09:54] 70%:	E: 0.00	dE -0.48	batch_acc 1.0000
[INFO  15:09:57] 80%:	E: 0.00	dE -0.52	batch_acc 1.0000
[INFO  15:10:00] 90%:	E: 0.00	dE -0.75	batch_acc 0.9900
[INFO  15:10:06] epoch: 97 	 test_acc: 0.8910 	 mean_E: 0.0000
[INFO  15:10:06] 0%:	E: 0.00	dE -0.45	batch_acc 1.0000
[INFO  15:10:09] 10%:	E: 0.00	dE -0.55	batch_acc 0.9900
[INFO  15:10:12] 20%:	E: 0.00	dE -0.58	batch_acc 0.9900
[INFO  15:10:14] 30%:	E: 0.00	dE -0.64	batch_acc 0.9900
[INFO  15:10:17] 40%:	E: 0.00	dE -0.36	batch_acc 1.0000
[INFO  15:10:20] 50%:	E: 0.00	dE -0.61	batch_acc 1.0000
[INFO  15:10:23] 60%:	E: 0.00	dE -0.80	batch_acc 0.9900
[INFO  15:10:26] 70%:	E: 0.00	dE -0.77	batch_acc 0.9900
[INFO  15:10:30] 80%:	E: 0.00	dE -0.95	batch_acc 1.0000
[INFO  15:10:33] 90%:	E: 0.00	dE -0.59	batch_acc 0.9900
[INFO  15:10:37] epoch: 98 	 test_acc: 0.8876 	 mean_E: 0.0000
[INFO  15:10:37] 0%:	E: 0.00	dE -0.44	batch_acc 1.0000
[INFO  15:10:40] 10%:	E: 0.00	dE -0.48	batch_acc 1.0000
[INFO  15:10:43] 20%:	E: 0.00	dE -0.51	batch_acc 1.0000
[INFO  15:10:46] 30%:	E: 0.00	dE -0.51	batch_acc 1.0000
[INFO  15:10:49] 40%:	E: 0.00	dE -0.47	batch_acc 0.9900
[INFO  15:10:51] 50%:	E: 0.00	dE -0.42	batch_acc 1.0000
[INFO  15:10:54] 60%:	E: 0.00	dE -0.60	batch_acc 0.9900
[INFO  15:10:57] 70%:	E: 0.00	dE -0.77	batch_acc 0.9900
[INFO  15:10:58] 80%:	E: 0.00	dE -0.53	batch_acc 1.0000
[INFO  15:11:01] 90%:	E: 0.00	dE -0.40	batch_acc 1.0000
[INFO  15:11:05] epoch: 99 	 test_acc: 0.8908 	 mean_E: 0.0000
[INFO  15:11:05] 0%:	E: 0.00	dE -0.52	batch_acc 1.0000
[INFO  15:11:08] 10%:	E: 0.00	dE -0.41	batch_acc 1.0000
[INFO  15:11:11] 20%:	E: 0.00	dE -0.73	batch_acc 0.9900
[INFO  15:11:14] 30%:	E: 0.00	dE -0.54	batch_acc 1.0000
[INFO  15:11:17] 40%:	E: 0.00	dE -0.90	batch_acc 1.0000
[INFO  15:11:19] 50%:	E: 0.00	dE -0.48	batch_acc 1.0000
[INFO  15:11:22] 60%:	E: 0.00	dE -0.74	batch_acc 0.9800
[INFO  15:11:25] 70%:	E: 0.00	dE -0.54	batch_acc 1.0000
[INFO  15:11:27] 80%:	E: 0.00	dE -0.53	batch_acc 0.9900
[INFO  15:11:29] 90%:	E: 0.00	dE -0.86	batch_acc 0.9800
[INFO  15:11:34] epoch: 100 	 test_acc: 0.8904 	 mean_E: 0.0000
