[INFO  15:33:00] Start training with parametrization:
{
    "batch_size": 500,
    "beta": 1,
    "c_energy": "squared_error",
    "dataset": "mnist",
    "dimensions": [
        784,
        1000,
        10
    ],
    "dynamics": {
        "dt": 0.1,
        "n_relax": 20,
        "tau": 1,
        "tol": 0
    },
    "energy": "cond_gaussian",
    "epochs": 100,
    "fast_ff_init": true,
    "learning_rate": 0.001,
    "log_dir": "",
    "nonlinearity": "sigmoid",
    "optimizer": "adam",
    "seed": 2022
}
[INFO  15:33:01] 0%:	E: 0.00	dE -117.71	batch_acc 0.3660
[INFO  15:33:05] 10%:	E: 0.00	dE -52.72	batch_acc 0.7220
[INFO  15:33:10] 20%:	E: 0.00	dE -49.53	batch_acc 0.7400
[INFO  15:33:15] 30%:	E: 0.00	dE -32.82	batch_acc 0.7640
[INFO  15:33:19] 40%:	E: 0.00	dE -30.90	batch_acc 0.8160
[INFO  15:33:24] 50%:	E: 0.00	dE -31.43	batch_acc 0.7960
[INFO  15:33:28] 60%:	E: 0.00	dE -30.11	batch_acc 0.7860
[INFO  15:33:33] 70%:	E: 0.00	dE -26.13	batch_acc 0.8220
[INFO  15:33:37] 80%:	E: 0.00	dE -26.88	batch_acc 0.8140
[INFO  15:33:42] 90%:	E: 0.00	dE -27.38	batch_acc 0.8160
[INFO  15:33:48] epoch: 1 	 test_acc: 0.8121 	 mean_E: 0.0000
[INFO  15:33:48] 0%:	E: 0.00	dE -26.13	batch_acc 0.8100
[INFO  15:33:53] 10%:	E: 0.00	dE -22.39	batch_acc 0.8760
[INFO  15:33:57] 20%:	E: 0.00	dE -24.49	batch_acc 0.8380
[INFO  15:34:02] 30%:	E: 0.00	dE -25.44	batch_acc 0.8180
[INFO  15:34:07] 40%:	E: 0.00	dE -23.39	batch_acc 0.8620
[INFO  15:34:11] 50%:	E: 0.00	dE -23.86	batch_acc 0.8240
[INFO  15:34:16] 60%:	E: 0.00	dE -23.63	batch_acc 0.8400
[INFO  15:34:20] 70%:	E: 0.00	dE -23.72	batch_acc 0.8500
[INFO  15:34:25] 80%:	E: 0.00	dE -23.31	batch_acc 0.8340
[INFO  15:34:30] 90%:	E: 0.00	dE -22.29	batch_acc 0.8460
[INFO  15:34:35] epoch: 2 	 test_acc: 0.8317 	 mean_E: 0.0000
[INFO  15:34:36] 0%:	E: 0.00	dE -21.54	batch_acc 0.8540
[INFO  15:34:40] 10%:	E: 0.00	dE -23.54	batch_acc 0.8540
[INFO  15:34:45] 20%:	E: 0.00	dE -22.59	batch_acc 0.8360
[INFO  15:34:50] 30%:	E: 0.00	dE -22.51	batch_acc 0.8360
[INFO  15:34:54] 40%:	E: 0.00	dE -23.53	batch_acc 0.8520
[INFO  15:34:58] 50%:	E: 0.00	dE -20.62	batch_acc 0.8480
[INFO  15:35:03] 60%:	E: 0.00	dE -21.50	batch_acc 0.8520
[INFO  15:35:06] 70%:	E: 0.00	dE -20.24	batch_acc 0.8480
[INFO  15:35:10] 80%:	E: 0.00	dE -20.01	batch_acc 0.8600
[INFO  15:35:15] 90%:	E: 0.00	dE -18.55	batch_acc 0.8980
[INFO  15:35:21] epoch: 3 	 test_acc: 0.8420 	 mean_E: 0.0000
[INFO  15:35:22] 0%:	E: 0.00	dE -21.12	batch_acc 0.8600
[INFO  15:35:26] 10%:	E: 0.00	dE -19.57	batch_acc 0.8640
[INFO  15:35:30] 20%:	E: 0.00	dE -18.85	batch_acc 0.8800
[INFO  15:35:35] 30%:	E: 0.00	dE -18.67	batch_acc 0.8840
[INFO  15:35:40] 40%:	E: 0.00	dE -19.77	batch_acc 0.8580
[INFO  15:35:44] 50%:	E: 0.00	dE -19.56	batch_acc 0.8740
[INFO  15:35:49] 60%:	E: 0.00	dE -18.77	batch_acc 0.8760
[INFO  15:35:54] 70%:	E: 0.00	dE -20.24	batch_acc 0.8700
[INFO  15:35:59] 80%:	E: 0.00	dE -19.29	batch_acc 0.8700
[INFO  15:36:03] 90%:	E: 0.00	dE -19.54	batch_acc 0.8560
[INFO  15:36:09] epoch: 4 	 test_acc: 0.8504 	 mean_E: 0.0000
[INFO  15:36:10] 0%:	E: 0.00	dE -15.66	batch_acc 0.9080
[INFO  15:36:14] 10%:	E: 0.00	dE -19.01	batch_acc 0.8780
[INFO  15:36:19] 20%:	E: 0.00	dE -19.57	batch_acc 0.8740
[INFO  15:36:24] 30%:	E: 0.00	dE -19.47	batch_acc 0.8600
[INFO  15:36:28] 40%:	E: 0.00	dE -19.26	batch_acc 0.8720
[INFO  15:36:33] 50%:	E: 0.00	dE -19.00	batch_acc 0.8720
[INFO  15:36:38] 60%:	E: 0.00	dE -18.44	batch_acc 0.8820
[INFO  15:36:42] 70%:	E: 0.00	dE -17.96	batch_acc 0.8780
[INFO  15:36:47] 80%:	E: 0.00	dE -17.00	batch_acc 0.8880
[INFO  15:36:52] 90%:	E: 0.00	dE -17.53	batch_acc 0.8700
[INFO  15:36:58] epoch: 5 	 test_acc: 0.8559 	 mean_E: 0.0000
[INFO  15:36:58] 0%:	E: 0.00	dE -19.44	batch_acc 0.8720
[INFO  15:37:03] 10%:	E: 0.00	dE -18.19	batch_acc 0.8700
[INFO  15:37:07] 20%:	E: 0.00	dE -18.40	batch_acc 0.8640
[INFO  15:37:12] 30%:	E: 0.00	dE -16.64	batch_acc 0.8820
[INFO  15:37:17] 40%:	E: 0.00	dE -19.00	batch_acc 0.8580
[INFO  15:37:21] 50%:	E: 0.00	dE -19.40	batch_acc 0.8680
[INFO  15:37:26] 60%:	E: 0.00	dE -17.95	batch_acc 0.8640
[INFO  15:37:31] 70%:	E: 0.00	dE -15.18	batch_acc 0.9020
[INFO  15:37:36] 80%:	E: 0.00	dE -17.65	batch_acc 0.8840
[INFO  15:37:40] 90%:	E: 0.00	dE -18.42	batch_acc 0.8640
[INFO  15:37:46] epoch: 6 	 test_acc: 0.8599 	 mean_E: 0.0000
[INFO  15:37:47] 0%:	E: 0.00	dE -18.29	batch_acc 0.8660
[INFO  15:37:52] 10%:	E: 0.00	dE -17.43	batch_acc 0.8880
[INFO  15:37:56] 20%:	E: 0.00	dE -18.28	batch_acc 0.8760
[INFO  15:38:01] 30%:	E: 0.00	dE -15.98	batch_acc 0.8760
[INFO  15:38:06] 40%:	E: 0.00	dE -17.92	batch_acc 0.8820
[INFO  15:38:11] 50%:	E: 0.00	dE -16.12	batch_acc 0.9000
[INFO  15:38:16] 60%:	E: 0.00	dE -16.78	batch_acc 0.8760
[INFO  15:38:20] 70%:	E: 0.00	dE -18.10	batch_acc 0.8740
[INFO  15:38:25] 80%:	E: 0.00	dE -16.26	batch_acc 0.8920
[INFO  15:38:29] 90%:	E: 0.00	dE -16.72	batch_acc 0.8860
[INFO  15:38:34] epoch: 7 	 test_acc: 0.8636 	 mean_E: 0.0000
[INFO  15:38:35] 0%:	E: 0.00	dE -16.64	batch_acc 0.8800
[INFO  15:38:40] 10%:	E: 0.00	dE -17.22	batch_acc 0.8740
[INFO  15:38:44] 20%:	E: 0.00	dE -15.69	batch_acc 0.8800
[INFO  15:38:49] 30%:	E: 0.00	dE -16.45	batch_acc 0.8840
[INFO  15:38:53] 40%:	E: 0.00	dE -16.09	batch_acc 0.8860
[INFO  15:38:57] 50%:	E: 0.00	dE -15.16	batch_acc 0.9060
[INFO  15:39:01] 60%:	E: 0.00	dE -14.50	batch_acc 0.9080
[INFO  15:39:05] 70%:	E: 0.00	dE -15.22	batch_acc 0.9120
[INFO  15:39:09] 80%:	E: 0.00	dE -16.97	batch_acc 0.8920
[INFO  15:39:14] 90%:	E: 0.00	dE -16.89	batch_acc 0.8780
[INFO  15:39:19] epoch: 8 	 test_acc: 0.8689 	 mean_E: 0.0000
[INFO  15:39:20] 0%:	E: 0.00	dE -17.37	batch_acc 0.8820
[INFO  15:39:24] 10%:	E: 0.00	dE -15.45	batch_acc 0.8920
[INFO  15:39:29] 20%:	E: 0.00	dE -15.02	batch_acc 0.8940
[INFO  15:39:34] 30%:	E: 0.00	dE -13.85	batch_acc 0.9020
[INFO  15:39:38] 40%:	E: 0.00	dE -17.51	batch_acc 0.8660
[INFO  15:39:43] 50%:	E: 0.00	dE -13.96	batch_acc 0.9180
[INFO  15:39:47] 60%:	E: 0.00	dE -18.50	batch_acc 0.8680
[INFO  15:39:52] 70%:	E: 0.00	dE -16.46	batch_acc 0.8820
[INFO  15:39:57] 80%:	E: 0.00	dE -16.49	batch_acc 0.8900
[INFO  15:40:01] 90%:	E: 0.00	dE -15.58	batch_acc 0.9080
[INFO  15:40:07] epoch: 9 	 test_acc: 0.8681 	 mean_E: 0.0000
[INFO  15:40:08] 0%:	E: 0.00	dE -16.74	batch_acc 0.8900
[INFO  15:40:12] 10%:	E: 0.00	dE -15.86	batch_acc 0.8920
[INFO  15:40:17] 20%:	E: 0.00	dE -16.71	batch_acc 0.8860
[INFO  15:40:22] 30%:	E: 0.00	dE -15.64	batch_acc 0.9080
[INFO  15:40:27] 40%:	E: 0.00	dE -13.22	batch_acc 0.9060
[INFO  15:40:31] 50%:	E: 0.00	dE -13.40	batch_acc 0.9180
[INFO  15:40:36] 60%:	E: 0.00	dE -15.55	batch_acc 0.8900
[INFO  15:40:40] 70%:	E: 0.00	dE -15.71	batch_acc 0.8880
[INFO  15:40:45] 80%:	E: 0.00	dE -15.45	batch_acc 0.8940
[INFO  15:40:50] 90%:	E: 0.00	dE -16.83	batch_acc 0.8680
[INFO  15:40:55] epoch: 10 	 test_acc: 0.8744 	 mean_E: 0.0000
[INFO  15:40:56] 0%:	E: 0.00	dE -14.70	batch_acc 0.9160
[INFO  15:41:00] 10%:	E: 0.00	dE -14.82	batch_acc 0.8900
[INFO  15:41:05] 20%:	E: 0.00	dE -14.09	batch_acc 0.9140
[INFO  15:41:09] 30%:	E: 0.00	dE -16.63	batch_acc 0.8860
[INFO  15:41:14] 40%:	E: 0.00	dE -15.19	batch_acc 0.8980
[INFO  15:41:19] 50%:	E: 0.00	dE -13.05	batch_acc 0.9200
[INFO  15:41:23] 60%:	E: 0.00	dE -14.70	batch_acc 0.9140
[INFO  15:41:28] 70%:	E: 0.00	dE -15.50	batch_acc 0.8780
[INFO  15:41:32] 80%:	E: 0.00	dE -12.97	batch_acc 0.9160
[INFO  15:41:37] 90%:	E: 0.00	dE -14.74	batch_acc 0.8940
[INFO  15:41:43] epoch: 11 	 test_acc: 0.8767 	 mean_E: 0.0000
[INFO  15:41:43] 0%:	E: 0.00	dE -14.42	batch_acc 0.9060
[INFO  15:41:48] 10%:	E: 0.00	dE -14.00	batch_acc 0.9060
[INFO  15:41:52] 20%:	E: 0.00	dE -13.10	batch_acc 0.9100
[INFO  15:41:57] 30%:	E: 0.00	dE -14.72	batch_acc 0.9140
[INFO  15:42:02] 40%:	E: 0.00	dE -14.74	batch_acc 0.8900
[INFO  15:42:06] 50%:	E: 0.00	dE -15.38	batch_acc 0.8940
[INFO  15:42:11] 60%:	E: 0.00	dE -14.06	batch_acc 0.9040
[INFO  15:42:15] 70%:	E: 0.00	dE -14.86	batch_acc 0.9080
[INFO  15:42:20] 80%:	E: 0.00	dE -13.35	batch_acc 0.9260
[INFO  15:42:24] 90%:	E: 0.00	dE -14.46	batch_acc 0.8940
[INFO  15:42:30] epoch: 12 	 test_acc: 0.8755 	 mean_E: 0.0000
[INFO  15:42:30] 0%:	E: 0.00	dE -15.36	batch_acc 0.8940
[INFO  15:42:35] 10%:	E: 0.00	dE -13.67	batch_acc 0.9160
[INFO  15:42:40] 20%:	E: 0.00	dE -13.33	batch_acc 0.9100
[INFO  15:42:44] 30%:	E: 0.00	dE -12.73	batch_acc 0.9120
[INFO  15:42:49] 40%:	E: 0.00	dE -14.38	batch_acc 0.9040
[INFO  15:42:53] 50%:	E: 0.00	dE -14.71	batch_acc 0.9020
[INFO  15:42:58] 60%:	E: 0.00	dE -14.76	batch_acc 0.8920
[INFO  15:43:03] 70%:	E: 0.00	dE -12.08	batch_acc 0.9180
[INFO  15:43:07] 80%:	E: 0.00	dE -12.47	batch_acc 0.9180
[INFO  15:43:12] 90%:	E: 0.00	dE -13.56	batch_acc 0.9040
[INFO  15:43:18] epoch: 13 	 test_acc: 0.8783 	 mean_E: 0.0000
[INFO  15:43:18] 0%:	E: 0.00	dE -11.23	batch_acc 0.9280
[INFO  15:43:23] 10%:	E: 0.00	dE -12.70	batch_acc 0.9220
[INFO  15:43:27] 20%:	E: 0.00	dE -12.68	batch_acc 0.9300
[INFO  15:43:32] 30%:	E: 0.00	dE -13.85	batch_acc 0.9080
[INFO  15:43:37] 40%:	E: 0.00	dE -13.24	batch_acc 0.9100
[INFO  15:43:42] 50%:	E: 0.00	dE -13.53	batch_acc 0.9120
[INFO  15:43:46] 60%:	E: 0.00	dE -12.93	batch_acc 0.9120
[INFO  15:43:51] 70%:	E: 0.00	dE -14.14	batch_acc 0.9020
[INFO  15:43:56] 80%:	E: 0.00	dE -14.05	batch_acc 0.9160
[INFO  15:44:00] 90%:	E: 0.00	dE -13.91	batch_acc 0.8860
[INFO  15:44:06] epoch: 14 	 test_acc: 0.8810 	 mean_E: 0.0000
[INFO  15:44:07] 0%:	E: 0.00	dE -13.55	batch_acc 0.9040
[INFO  15:44:12] 10%:	E: 0.00	dE -12.33	batch_acc 0.9240
[INFO  15:44:16] 20%:	E: 0.00	dE -15.57	batch_acc 0.8900
[INFO  15:44:21] 30%:	E: 0.00	dE -12.59	batch_acc 0.9260
[INFO  15:44:25] 40%:	E: 0.00	dE -12.13	batch_acc 0.9240
[INFO  15:44:30] 50%:	E: 0.00	dE -13.27	batch_acc 0.9100
[INFO  15:44:35] 60%:	E: 0.00	dE -12.24	batch_acc 0.9220
[INFO  15:44:40] 70%:	E: 0.00	dE -12.80	batch_acc 0.9220
[INFO  15:44:44] 80%:	E: 0.00	dE -13.48	batch_acc 0.9160
[INFO  15:44:48] 90%:	E: 0.00	dE -13.08	batch_acc 0.9100
[INFO  15:44:54] epoch: 15 	 test_acc: 0.8822 	 mean_E: 0.0000
[INFO  15:44:54] 0%:	E: 0.00	dE -12.16	batch_acc 0.9280
[INFO  15:44:59] 10%:	E: 0.00	dE -11.86	batch_acc 0.9120
[INFO  15:45:03] 20%:	E: 0.00	dE -13.93	batch_acc 0.9020
[INFO  15:45:08] 30%:	E: 0.00	dE -12.28	batch_acc 0.9240
[INFO  15:45:13] 40%:	E: 0.00	dE -12.91	batch_acc 0.9080
[INFO  15:45:17] 50%:	E: 0.00	dE -12.51	batch_acc 0.9220
[INFO  15:45:22] 60%:	E: 0.00	dE -14.94	batch_acc 0.8920
[INFO  15:45:27] 70%:	E: 0.00	dE -15.03	batch_acc 0.8960
[INFO  15:45:31] 80%:	E: 0.00	dE -13.82	batch_acc 0.9180
[INFO  15:45:36] 90%:	E: 0.00	dE -13.01	batch_acc 0.9320
[INFO  15:45:42] epoch: 16 	 test_acc: 0.8847 	 mean_E: 0.0000
[INFO  15:45:42] 0%:	E: 0.00	dE -14.77	batch_acc 0.9040
[INFO  15:45:47] 10%:	E: 0.00	dE -12.85	batch_acc 0.9120
[INFO  15:45:52] 20%:	E: 0.00	dE -14.51	batch_acc 0.8940
[INFO  15:45:56] 30%:	E: 0.00	dE -13.14	batch_acc 0.9080
[INFO  15:46:01] 40%:	E: 0.00	dE -14.20	batch_acc 0.9000
[INFO  15:46:06] 50%:	E: 0.00	dE -12.31	batch_acc 0.9160
[INFO  15:46:10] 60%:	E: 0.00	dE -12.36	batch_acc 0.9280
[INFO  15:46:15] 70%:	E: 0.00	dE -11.64	batch_acc 0.9220
[INFO  15:46:20] 80%:	E: 0.00	dE -13.05	batch_acc 0.9240
[INFO  15:46:24] 90%:	E: 0.00	dE -13.46	batch_acc 0.9060
[INFO  15:46:30] epoch: 17 	 test_acc: 0.8838 	 mean_E: 0.0000
[INFO  15:46:30] 0%:	E: 0.00	dE -13.29	batch_acc 0.9280
[INFO  15:46:35] 10%:	E: 0.00	dE -12.41	batch_acc 0.9180
[INFO  15:46:40] 20%:	E: 0.00	dE -11.66	batch_acc 0.9160
[INFO  15:46:44] 30%:	E: 0.00	dE -12.45	batch_acc 0.9140
[INFO  15:46:48] 40%:	E: 0.00	dE -12.64	batch_acc 0.9200
[INFO  15:46:53] 50%:	E: 0.00	dE -13.50	batch_acc 0.9140
[INFO  15:46:57] 60%:	E: 0.00	dE -12.67	batch_acc 0.9160
[INFO  15:47:02] 70%:	E: 0.00	dE -14.17	batch_acc 0.9080
[INFO  15:47:07] 80%:	E: 0.00	dE -14.76	batch_acc 0.9000
[INFO  15:47:11] 90%:	E: 0.00	dE -12.82	batch_acc 0.9040
[INFO  15:47:17] epoch: 18 	 test_acc: 0.8865 	 mean_E: 0.0000
[INFO  15:47:17] 0%:	E: 0.00	dE -13.14	batch_acc 0.9260
[INFO  15:47:22] 10%:	E: 0.00	dE -12.74	batch_acc 0.9220
[INFO  15:47:27] 20%:	E: 0.00	dE -12.82	batch_acc 0.9080
[INFO  15:47:31] 30%:	E: 0.00	dE -12.01	batch_acc 0.9200
[INFO  15:47:36] 40%:	E: 0.00	dE -12.68	batch_acc 0.9160
[INFO  15:47:41] 50%:	E: 0.00	dE -11.76	batch_acc 0.9200
[INFO  15:47:45] 60%:	E: 0.00	dE -13.89	batch_acc 0.9100
[INFO  15:47:50] 70%:	E: 0.00	dE -10.30	batch_acc 0.9500
[INFO  15:47:54] 80%:	E: 0.00	dE -12.26	batch_acc 0.9300
[INFO  15:47:59] 90%:	E: 0.00	dE -12.12	batch_acc 0.9280
[INFO  15:48:04] epoch: 19 	 test_acc: 0.8855 	 mean_E: 0.0000
[INFO  15:48:05] 0%:	E: 0.00	dE -11.86	batch_acc 0.9380
[INFO  15:48:09] 10%:	E: 0.00	dE -13.08	batch_acc 0.9060
[INFO  15:48:14] 20%:	E: 0.00	dE -12.19	batch_acc 0.9200
[INFO  15:48:18] 30%:	E: 0.00	dE -12.63	batch_acc 0.9240
[INFO  15:48:23] 40%:	E: 0.00	dE -11.57	batch_acc 0.9320
[INFO  15:48:28] 50%:	E: 0.00	dE -12.75	batch_acc 0.9180
[INFO  15:48:32] 60%:	E: 0.00	dE -10.66	batch_acc 0.9380
[INFO  15:48:37] 70%:	E: 0.00	dE -12.86	batch_acc 0.9120
[INFO  15:48:41] 80%:	E: 0.00	dE -11.96	batch_acc 0.9240
[INFO  15:48:46] 90%:	E: 0.00	dE -14.30	batch_acc 0.9040
[INFO  15:48:52] epoch: 20 	 test_acc: 0.8857 	 mean_E: 0.0000
[INFO  15:48:52] 0%:	E: 0.00	dE -12.19	batch_acc 0.9280
[INFO  15:48:57] 10%:	E: 0.00	dE -11.78	batch_acc 0.9360
[INFO  15:49:01] 20%:	E: 0.00	dE -12.59	batch_acc 0.9240
[INFO  15:49:06] 30%:	E: 0.00	dE -11.65	batch_acc 0.9260
[INFO  15:49:11] 40%:	E: 0.00	dE -10.49	batch_acc 0.9360
[INFO  15:49:15] 50%:	E: 0.00	dE -12.61	batch_acc 0.9100
[INFO  15:49:20] 60%:	E: 0.00	dE -12.27	batch_acc 0.9340
[INFO  15:49:24] 70%:	E: 0.00	dE -14.13	batch_acc 0.9040
[INFO  15:49:29] 80%:	E: 0.00	dE -10.60	batch_acc 0.9400
[INFO  15:49:33] 90%:	E: 0.00	dE -10.40	batch_acc 0.9380
[INFO  15:49:39] epoch: 21 	 test_acc: 0.8882 	 mean_E: 0.0000
[INFO  15:49:40] 0%:	E: 0.00	dE -11.73	batch_acc 0.9300
[INFO  15:49:44] 10%:	E: 0.00	dE -11.55	batch_acc 0.9400
[INFO  15:49:49] 20%:	E: 0.00	dE -12.99	batch_acc 0.9220
[INFO  15:49:53] 30%:	E: 0.00	dE -13.70	batch_acc 0.9060
[INFO  15:49:58] 40%:	E: 0.00	dE -11.13	batch_acc 0.9320
[INFO  15:50:03] 50%:	E: 0.00	dE -12.45	batch_acc 0.9220
[INFO  15:50:07] 60%:	E: 0.00	dE -12.94	batch_acc 0.9280
[INFO  15:50:12] 70%:	E: 0.00	dE -10.89	batch_acc 0.9280
[INFO  15:50:17] 80%:	E: 0.00	dE -10.58	batch_acc 0.9440
[INFO  15:50:22] 90%:	E: 0.00	dE -12.77	batch_acc 0.9240
[INFO  15:50:27] epoch: 22 	 test_acc: 0.8898 	 mean_E: 0.0000
[INFO  15:50:28] 0%:	E: 0.00	dE -11.74	batch_acc 0.9320
[INFO  15:50:33] 10%:	E: 0.00	dE -10.78	batch_acc 0.9440
[INFO  15:50:37] 20%:	E: 0.00	dE -11.60	batch_acc 0.9220
[INFO  15:50:42] 30%:	E: 0.00	dE -11.51	batch_acc 0.9240
[INFO  15:50:46] 40%:	E: 0.00	dE -12.58	batch_acc 0.9020
[INFO  15:50:51] 50%:	E: 0.00	dE -11.69	batch_acc 0.9300
[INFO  15:50:55] 60%:	E: 0.00	dE -10.35	batch_acc 0.9360
[INFO  15:50:59] 70%:	E: 0.00	dE -11.21	batch_acc 0.9360
[INFO  15:51:04] 80%:	E: 0.00	dE -9.79	batch_acc 0.9460
[INFO  15:51:09] 90%:	E: 0.00	dE -11.15	batch_acc 0.9280
[INFO  15:51:14] epoch: 23 	 test_acc: 0.8904 	 mean_E: 0.0000
[INFO  15:51:15] 0%:	E: 0.00	dE -10.81	batch_acc 0.9340
[INFO  15:51:19] 10%:	E: 0.00	dE -11.65	batch_acc 0.9340
[INFO  15:51:24] 20%:	E: 0.00	dE -10.18	batch_acc 0.9440
[INFO  15:51:28] 30%:	E: 0.00	dE -10.78	batch_acc 0.9460
[INFO  15:51:33] 40%:	E: 0.00	dE -11.34	batch_acc 0.9160
[INFO  15:51:37] 50%:	E: 0.00	dE -10.05	batch_acc 0.9440
[INFO  15:51:41] 60%:	E: 0.00	dE -12.09	batch_acc 0.9220
[INFO  15:51:45] 70%:	E: 0.00	dE -12.57	batch_acc 0.9240
[INFO  15:51:49] 80%:	E: 0.00	dE -10.59	batch_acc 0.9240
[INFO  15:51:54] 90%:	E: 0.00	dE -11.31	batch_acc 0.9340
[INFO  15:52:00] epoch: 24 	 test_acc: 0.8913 	 mean_E: 0.0000
[INFO  15:52:00] 0%:	E: 0.00	dE -11.39	batch_acc 0.9280
[INFO  15:52:05] 10%:	E: 0.00	dE -8.65	batch_acc 0.9540
[INFO  15:52:09] 20%:	E: 0.00	dE -9.64	batch_acc 0.9480
[INFO  15:52:14] 30%:	E: 0.00	dE -11.88	batch_acc 0.9160
[INFO  15:52:19] 40%:	E: 0.00	dE -10.97	batch_acc 0.9260
[INFO  15:52:23] 50%:	E: 0.00	dE -10.06	batch_acc 0.9440
[INFO  15:52:28] 60%:	E: 0.00	dE -11.18	batch_acc 0.9240
[INFO  15:52:33] 70%:	E: 0.00	dE -11.11	batch_acc 0.9360
[INFO  15:52:37] 80%:	E: 0.00	dE -10.31	batch_acc 0.9300
[INFO  15:52:41] 90%:	E: 0.00	dE -11.07	batch_acc 0.9200
[INFO  15:52:47] epoch: 25 	 test_acc: 0.8903 	 mean_E: 0.0000
[INFO  15:52:48] 0%:	E: 0.00	dE -12.02	batch_acc 0.9240
[INFO  15:52:52] 10%:	E: 0.00	dE -11.07	batch_acc 0.9280
[INFO  15:52:57] 20%:	E: 0.00	dE -11.02	batch_acc 0.9340
[INFO  15:53:02] 30%:	E: 0.00	dE -11.35	batch_acc 0.9340
[INFO  15:53:06] 40%:	E: 0.00	dE -11.16	batch_acc 0.9320
[INFO  15:53:11] 50%:	E: 0.00	dE -11.64	batch_acc 0.9180
[INFO  15:53:15] 60%:	E: 0.00	dE -11.07	batch_acc 0.9120
[INFO  15:53:19] 70%:	E: 0.00	dE -10.76	batch_acc 0.9320
[INFO  15:53:24] 80%:	E: 0.00	dE -10.41	batch_acc 0.9360
[INFO  15:53:29] 90%:	E: 0.00	dE -11.72	batch_acc 0.9180
[INFO  15:53:35] epoch: 26 	 test_acc: 0.8922 	 mean_E: 0.0000
[INFO  15:53:35] 0%:	E: 0.00	dE -10.27	batch_acc 0.9460
[INFO  15:53:40] 10%:	E: 0.00	dE -12.23	batch_acc 0.9280
[INFO  15:53:44] 20%:	E: 0.00	dE -11.12	batch_acc 0.9360
[INFO  15:53:48] 30%:	E: 0.00	dE -11.12	batch_acc 0.9280
[INFO  15:53:53] 40%:	E: 0.00	dE -10.58	batch_acc 0.9420
[INFO  15:53:58] 50%:	E: 0.00	dE -10.36	batch_acc 0.9460
[INFO  15:54:02] 60%:	E: 0.00	dE -11.27	batch_acc 0.9420
[INFO  15:54:07] 70%:	E: 0.00	dE -12.62	batch_acc 0.9160
[INFO  15:54:12] 80%:	E: 0.00	dE -10.76	batch_acc 0.9440
[INFO  15:54:16] 90%:	E: 0.00	dE -10.28	batch_acc 0.9360
[INFO  15:54:22] epoch: 27 	 test_acc: 0.8904 	 mean_E: 0.0000
[INFO  15:54:22] 0%:	E: 0.00	dE -8.69	batch_acc 0.9520
[INFO  15:54:26] 10%:	E: 0.00	dE -9.71	batch_acc 0.9480
[INFO  15:54:31] 20%:	E: 0.00	dE -9.24	batch_acc 0.9440
[INFO  15:54:35] 30%:	E: 0.00	dE -10.44	batch_acc 0.9360
[INFO  15:54:40] 40%:	E: 0.00	dE -10.98	batch_acc 0.9280
[INFO  15:54:44] 50%:	E: 0.00	dE -11.17	batch_acc 0.9400
[INFO  15:54:49] 60%:	E: 0.00	dE -10.94	batch_acc 0.9360
[INFO  15:54:53] 70%:	E: 0.00	dE -11.06	batch_acc 0.9240
[INFO  15:54:58] 80%:	E: 0.00	dE -10.45	batch_acc 0.9460
[INFO  15:55:03] 90%:	E: 0.00	dE -11.26	batch_acc 0.9420
[INFO  15:55:08] epoch: 28 	 test_acc: 0.8950 	 mean_E: 0.0000
[INFO  15:55:09] 0%:	E: 0.00	dE -10.87	batch_acc 0.9240
[INFO  15:55:13] 10%:	E: 0.00	dE -9.91	batch_acc 0.9380
[INFO  15:55:18] 20%:	E: 0.00	dE -10.56	batch_acc 0.9320
[INFO  15:55:23] 30%:	E: 0.00	dE -8.97	batch_acc 0.9520
[INFO  15:55:27] 40%:	E: 0.00	dE -12.21	batch_acc 0.9340
[INFO  15:55:32] 50%:	E: 0.00	dE -10.76	batch_acc 0.9320
[INFO  15:55:36] 60%:	E: 0.00	dE -9.28	batch_acc 0.9480
[INFO  15:55:41] 70%:	E: 0.00	dE -10.25	batch_acc 0.9500
[INFO  15:55:46] 80%:	E: 0.00	dE -11.54	batch_acc 0.9200
[INFO  15:55:50] 90%:	E: 0.00	dE -10.93	batch_acc 0.9480
[INFO  15:55:56] epoch: 29 	 test_acc: 0.8946 	 mean_E: 0.0000
[INFO  15:55:56] 0%:	E: 0.00	dE -10.02	batch_acc 0.9420
[INFO  15:56:01] 10%:	E: 0.00	dE -9.63	batch_acc 0.9340
[INFO  15:56:06] 20%:	E: 0.00	dE -9.71	batch_acc 0.9340
[INFO  15:56:10] 30%:	E: 0.00	dE -9.78	batch_acc 0.9480
[INFO  15:56:15] 40%:	E: 0.00	dE -9.76	batch_acc 0.9440
[INFO  15:56:20] 50%:	E: 0.00	dE -11.16	batch_acc 0.9340
[INFO  15:56:24] 60%:	E: 0.00	dE -9.41	batch_acc 0.9520
[INFO  15:56:29] 70%:	E: 0.00	dE -10.88	batch_acc 0.9440
[INFO  15:56:34] 80%:	E: 0.00	dE -11.40	batch_acc 0.9280
[INFO  15:56:39] 90%:	E: 0.00	dE -10.07	batch_acc 0.9540
[INFO  15:56:45] epoch: 30 	 test_acc: 0.8972 	 mean_E: 0.0000
[INFO  15:56:45] 0%:	E: 0.00	dE -10.60	batch_acc 0.9420
[INFO  15:56:50] 10%:	E: 0.00	dE -10.47	batch_acc 0.9420
[INFO  15:56:55] 20%:	E: 0.00	dE -11.55	batch_acc 0.9380
[INFO  15:57:00] 30%:	E: 0.00	dE -9.06	batch_acc 0.9580
[INFO  15:57:04] 40%:	E: 0.00	dE -9.79	batch_acc 0.9520
[INFO  15:57:09] 50%:	E: 0.00	dE -10.05	batch_acc 0.9540
[INFO  15:57:13] 60%:	E: 0.00	dE -9.87	batch_acc 0.9480
[INFO  15:57:18] 70%:	E: 0.00	dE -9.84	batch_acc 0.9500
[INFO  15:57:23] 80%:	E: 0.00	dE -11.66	batch_acc 0.9320
[INFO  15:57:28] 90%:	E: 0.00	dE -10.16	batch_acc 0.9440
[INFO  15:57:34] epoch: 31 	 test_acc: 0.8959 	 mean_E: 0.0000
[INFO  15:57:34] 0%:	E: 0.00	dE -9.31	batch_acc 0.9520
[INFO  15:57:39] 10%:	E: 0.00	dE -10.55	batch_acc 0.9360
[INFO  15:57:44] 20%:	E: 0.00	dE -9.62	batch_acc 0.9540
[INFO  15:57:48] 30%:	E: 0.00	dE -9.62	batch_acc 0.9440
[INFO  15:57:52] 40%:	E: 0.00	dE -9.15	batch_acc 0.9480
[INFO  15:57:57] 50%:	E: 0.00	dE -12.61	batch_acc 0.9280
[INFO  15:58:01] 60%:	E: 0.00	dE -10.29	batch_acc 0.9440
[INFO  15:58:06] 70%:	E: 0.00	dE -8.89	batch_acc 0.9620
[INFO  15:58:11] 80%:	E: 0.00	dE -9.91	batch_acc 0.9540
[INFO  15:58:15] 90%:	E: 0.00	dE -11.87	batch_acc 0.9220
[INFO  15:58:21] epoch: 32 	 test_acc: 0.8939 	 mean_E: 0.0000
[INFO  15:58:21] 0%:	E: 0.00	dE -10.99	batch_acc 0.9460
[INFO  15:58:26] 10%:	E: 0.00	dE -9.39	batch_acc 0.9460
[INFO  15:58:30] 20%:	E: 0.00	dE -10.32	batch_acc 0.9420
[INFO  15:58:35] 30%:	E: 0.00	dE -10.76	batch_acc 0.9300
[INFO  15:58:40] 40%:	E: 0.00	dE -9.49	batch_acc 0.9480
[INFO  15:58:44] 50%:	E: 0.00	dE -9.32	batch_acc 0.9500
[INFO  15:58:49] 60%:	E: 0.00	dE -9.63	batch_acc 0.9520
[INFO  15:58:54] 70%:	E: 0.00	dE -9.49	batch_acc 0.9560
[INFO  15:58:58] 80%:	E: 0.00	dE -10.13	batch_acc 0.9420
[INFO  15:59:03] 90%:	E: 0.00	dE -8.90	batch_acc 0.9640
[INFO  15:59:08] epoch: 33 	 test_acc: 0.8984 	 mean_E: 0.0000
[INFO  15:59:09] 0%:	E: 0.00	dE -8.57	batch_acc 0.9620
[INFO  15:59:13] 10%:	E: 0.00	dE -7.86	batch_acc 0.9700
[INFO  15:59:18] 20%:	E: 0.00	dE -9.62	batch_acc 0.9500
[INFO  15:59:23] 30%:	E: 0.00	dE -9.15	batch_acc 0.9520
[INFO  15:59:28] 40%:	E: 0.00	dE -10.15	batch_acc 0.9440
[INFO  15:59:32] 50%:	E: 0.00	dE -9.33	batch_acc 0.9580
[INFO  15:59:37] 60%:	E: 0.00	dE -8.89	batch_acc 0.9460
[INFO  15:59:41] 70%:	E: 0.00	dE -10.71	batch_acc 0.9480
[INFO  15:59:46] 80%:	E: 0.00	dE -8.46	batch_acc 0.9600
[INFO  15:59:50] 90%:	E: 0.00	dE -9.04	batch_acc 0.9540
[INFO  15:59:56] epoch: 34 	 test_acc: 0.8970 	 mean_E: 0.0000
[INFO  15:59:57] 0%:	E: 0.00	dE -10.03	batch_acc 0.9340
[INFO  16:00:01] 10%:	E: 0.00	dE -9.56	batch_acc 0.9520
[INFO  16:00:06] 20%:	E: 0.00	dE -9.18	batch_acc 0.9620
[INFO  16:00:11] 30%:	E: 0.00	dE -8.28	batch_acc 0.9600
[INFO  16:00:16] 40%:	E: 0.00	dE -8.68	batch_acc 0.9620
[INFO  16:00:20] 50%:	E: 0.00	dE -9.18	batch_acc 0.9580
[INFO  16:00:25] 60%:	E: 0.00	dE -8.97	batch_acc 0.9500
[INFO  16:00:30] 70%:	E: 0.00	dE -10.13	batch_acc 0.9360
[INFO  16:00:34] 80%:	E: 0.00	dE -9.02	batch_acc 0.9540
[INFO  16:00:39] 90%:	E: 0.00	dE -9.67	batch_acc 0.9560
[INFO  16:00:45] epoch: 35 	 test_acc: 0.8972 	 mean_E: 0.0000
[INFO  16:00:46] 0%:	E: 0.00	dE -9.52	batch_acc 0.9540
[INFO  16:00:51] 10%:	E: 0.00	dE -9.24	batch_acc 0.9480
[INFO  16:00:55] 20%:	E: 0.00	dE -8.02	batch_acc 0.9700
[INFO  16:01:00] 30%:	E: 0.00	dE -8.39	batch_acc 0.9660
[INFO  16:01:05] 40%:	E: 0.00	dE -8.83	batch_acc 0.9500
[INFO  16:01:10] 50%:	E: 0.00	dE -9.07	batch_acc 0.9540
[INFO  16:01:15] 60%:	E: 0.00	dE -8.93	batch_acc 0.9560
[INFO  16:01:19] 70%:	E: 0.00	dE -8.37	batch_acc 0.9620
[INFO  16:01:23] 80%:	E: 0.00	dE -10.10	batch_acc 0.9480
[INFO  16:01:27] 90%:	E: 0.00	dE -9.26	batch_acc 0.9500
[INFO  16:01:33] epoch: 36 	 test_acc: 0.8952 	 mean_E: 0.0000
[INFO  16:01:34] 0%:	E: 0.00	dE -8.67	batch_acc 0.9480
[INFO  16:01:38] 10%:	E: 0.00	dE -10.15	batch_acc 0.9360
[INFO  16:01:43] 20%:	E: 0.00	dE -8.73	batch_acc 0.9600
[INFO  16:01:47] 30%:	E: 0.00	dE -9.72	batch_acc 0.9440
[INFO  16:01:52] 40%:	E: 0.00	dE -8.64	batch_acc 0.9620
[INFO  16:01:57] 50%:	E: 0.00	dE -9.26	batch_acc 0.9480
[INFO  16:02:01] 60%:	E: 0.00	dE -8.29	batch_acc 0.9660
[INFO  16:02:06] 70%:	E: 0.00	dE -9.21	batch_acc 0.9500
[INFO  16:02:11] 80%:	E: 0.00	dE -8.84	batch_acc 0.9640
[INFO  16:02:15] 90%:	E: 0.00	dE -9.70	batch_acc 0.9520
[INFO  16:02:21] epoch: 37 	 test_acc: 0.8945 	 mean_E: 0.0000
[INFO  16:02:21] 0%:	E: 0.00	dE -8.02	batch_acc 0.9660
[INFO  16:02:26] 10%:	E: 0.00	dE -9.46	batch_acc 0.9500
[INFO  16:02:30] 20%:	E: 0.00	dE -7.90	batch_acc 0.9640
[INFO  16:02:35] 30%:	E: 0.00	dE -8.73	batch_acc 0.9480
[INFO  16:02:40] 40%:	E: 0.00	dE -8.64	batch_acc 0.9600
[INFO  16:02:44] 50%:	E: 0.00	dE -8.72	batch_acc 0.9560
[INFO  16:02:49] 60%:	E: 0.00	dE -8.70	batch_acc 0.9520
[INFO  16:02:54] 70%:	E: 0.00	dE -8.02	batch_acc 0.9540
[INFO  16:02:58] 80%:	E: 0.00	dE -7.29	batch_acc 0.9720
[INFO  16:03:03] 90%:	E: 0.00	dE -9.05	batch_acc 0.9440
[INFO  16:03:08] epoch: 38 	 test_acc: 0.8981 	 mean_E: 0.0000
[INFO  16:03:09] 0%:	E: 0.00	dE -6.79	batch_acc 0.9740
[INFO  16:03:13] 10%:	E: 0.00	dE -9.47	batch_acc 0.9540
[INFO  16:03:18] 20%:	E: 0.00	dE -8.50	batch_acc 0.9620
[INFO  16:03:23] 30%:	E: 0.00	dE -10.15	batch_acc 0.9320
[INFO  16:03:27] 40%:	E: 0.00	dE -9.63	batch_acc 0.9500
[INFO  16:03:32] 50%:	E: 0.00	dE -9.17	batch_acc 0.9480
[INFO  16:03:37] 60%:	E: 0.00	dE -8.93	batch_acc 0.9620
[INFO  16:03:41] 70%:	E: 0.00	dE -7.93	batch_acc 0.9600
[INFO  16:03:46] 80%:	E: 0.00	dE -7.79	batch_acc 0.9600
[INFO  16:03:51] 90%:	E: 0.00	dE -8.15	batch_acc 0.9560
[INFO  16:03:56] epoch: 39 	 test_acc: 0.8984 	 mean_E: 0.0000
[INFO  16:03:57] 0%:	E: 0.00	dE -7.06	batch_acc 0.9740
[INFO  16:04:02] 10%:	E: 0.00	dE -9.50	batch_acc 0.9420
[INFO  16:04:07] 20%:	E: 0.00	dE -8.08	batch_acc 0.9640
[INFO  16:04:11] 30%:	E: 0.00	dE -8.81	batch_acc 0.9560
[INFO  16:04:16] 40%:	E: 0.00	dE -10.30	batch_acc 0.9480
[INFO  16:04:21] 50%:	E: 0.00	dE -7.97	batch_acc 0.9560
[INFO  16:04:25] 60%:	E: 0.00	dE -7.32	batch_acc 0.9700
[INFO  16:04:30] 70%:	E: 0.00	dE -9.90	batch_acc 0.9460
[INFO  16:04:34] 80%:	E: 0.00	dE -8.62	batch_acc 0.9660
[INFO  16:04:39] 90%:	E: 0.00	dE -8.60	batch_acc 0.9700
[INFO  16:04:45] epoch: 40 	 test_acc: 0.8995 	 mean_E: 0.0000
[INFO  16:04:45] 0%:	E: 0.00	dE -6.61	batch_acc 0.9760
[INFO  16:04:50] 10%:	E: 0.00	dE -7.85	batch_acc 0.9580
[INFO  16:04:55] 20%:	E: 0.00	dE -8.30	batch_acc 0.9660
[INFO  16:04:59] 30%:	E: 0.00	dE -8.09	batch_acc 0.9580
[INFO  16:05:04] 40%:	E: 0.00	dE -7.78	batch_acc 0.9740
[INFO  16:05:09] 50%:	E: 0.00	dE -10.11	batch_acc 0.9420
[INFO  16:05:14] 60%:	E: 0.00	dE -8.72	batch_acc 0.9660
[INFO  16:05:18] 70%:	E: 0.00	dE -8.83	batch_acc 0.9600
[INFO  16:05:23] 80%:	E: 0.00	dE -8.48	batch_acc 0.9720
[INFO  16:05:28] 90%:	E: 0.00	dE -6.78	batch_acc 0.9680
[INFO  16:05:34] epoch: 41 	 test_acc: 0.8974 	 mean_E: 0.0000
[INFO  16:05:34] 0%:	E: 0.00	dE -7.78	batch_acc 0.9760
[INFO  16:05:39] 10%:	E: 0.00	dE -6.53	batch_acc 0.9840
[INFO  16:05:44] 20%:	E: 0.00	dE -8.06	batch_acc 0.9700
[INFO  16:05:48] 30%:	E: 0.00	dE -8.04	batch_acc 0.9520
[INFO  16:05:52] 40%:	E: 0.00	dE -8.30	batch_acc 0.9640
[INFO  16:05:57] 50%:	E: 0.00	dE -7.70	batch_acc 0.9640
[INFO  16:06:01] 60%:	E: 0.00	dE -9.13	batch_acc 0.9660
[INFO  16:06:04] 70%:	E: 0.00	dE -8.23	batch_acc 0.9700
[INFO  16:06:08] 80%:	E: 0.00	dE -9.09	batch_acc 0.9560
[INFO  16:06:13] 90%:	E: 0.00	dE -9.43	batch_acc 0.9600
[INFO  16:06:19] epoch: 42 	 test_acc: 0.8979 	 mean_E: 0.0000
[INFO  16:06:19] 0%:	E: 0.00	dE -7.83	batch_acc 0.9560
[INFO  16:06:24] 10%:	E: 0.00	dE -8.13	batch_acc 0.9660
[INFO  16:06:28] 20%:	E: 0.00	dE -9.47	batch_acc 0.9540
[INFO  16:06:33] 30%:	E: 0.00	dE -9.87	batch_acc 0.9580
[INFO  16:06:37] 40%:	E: 0.00	dE -8.18	batch_acc 0.9660
[INFO  16:06:41] 50%:	E: 0.00	dE -7.12	batch_acc 0.9700
[INFO  16:06:46] 60%:	E: 0.00	dE -9.64	batch_acc 0.9700
[INFO  16:06:50] 70%:	E: 0.00	dE -8.61	batch_acc 0.9600
[INFO  16:06:55] 80%:	E: 0.00	dE -7.49	batch_acc 0.9640
[INFO  16:06:59] 90%:	E: 0.00	dE -7.32	batch_acc 0.9720
[INFO  16:07:05] epoch: 43 	 test_acc: 0.8992 	 mean_E: 0.0000
[INFO  16:07:06] 0%:	E: 0.00	dE -7.41	batch_acc 0.9660
[INFO  16:07:10] 10%:	E: 0.00	dE -7.43	batch_acc 0.9680
[INFO  16:07:15] 20%:	E: 0.00	dE -6.77	batch_acc 0.9680
[INFO  16:07:19] 30%:	E: 0.00	dE -6.78	batch_acc 0.9680
[INFO  16:07:23] 40%:	E: 0.00	dE -8.81	batch_acc 0.9540
[INFO  16:07:27] 50%:	E: 0.00	dE -8.34	batch_acc 0.9520
[INFO  16:07:32] 60%:	E: 0.00	dE -8.78	batch_acc 0.9760
[INFO  16:07:36] 70%:	E: 0.00	dE -9.58	batch_acc 0.9660
[INFO  16:07:41] 80%:	E: 0.00	dE -7.70	batch_acc 0.9700
[INFO  16:07:45] 90%:	E: 0.00	dE -8.37	batch_acc 0.9560
[INFO  16:07:51] epoch: 44 	 test_acc: 0.8991 	 mean_E: 0.0000
[INFO  16:07:52] 0%:	E: 0.00	dE -7.02	batch_acc 0.9760
[INFO  16:07:56] 10%:	E: 0.00	dE -8.02	batch_acc 0.9600
[INFO  16:08:01] 20%:	E: 0.00	dE -7.97	batch_acc 0.9580
[INFO  16:08:05] 30%:	E: 0.00	dE -8.15	batch_acc 0.9620
[INFO  16:08:10] 40%:	E: 0.00	dE -7.59	batch_acc 0.9720
[INFO  16:08:14] 50%:	E: 0.00	dE -6.92	batch_acc 0.9720
[INFO  16:08:19] 60%:	E: 0.00	dE -7.58	batch_acc 0.9680
[INFO  16:08:23] 70%:	E: 0.00	dE -7.04	batch_acc 0.9740
[INFO  16:08:28] 80%:	E: 0.00	dE -8.17	batch_acc 0.9700
[INFO  16:08:32] 90%:	E: 0.00	dE -7.48	batch_acc 0.9740
[INFO  16:08:38] epoch: 45 	 test_acc: 0.8993 	 mean_E: 0.0000
[INFO  16:08:39] 0%:	E: 0.00	dE -8.31	batch_acc 0.9640
[INFO  16:08:43] 10%:	E: 0.00	dE -7.05	batch_acc 0.9660
[INFO  16:08:48] 20%:	E: 0.00	dE -7.29	batch_acc 0.9720
[INFO  16:08:52] 30%:	E: 0.00	dE -8.65	batch_acc 0.9540
[INFO  16:08:57] 40%:	E: 0.00	dE -7.95	batch_acc 0.9700
[INFO  16:09:02] 50%:	E: 0.00	dE -8.42	batch_acc 0.9620
[INFO  16:09:06] 60%:	E: 0.00	dE -9.78	batch_acc 0.9520
[INFO  16:09:11] 70%:	E: 0.00	dE -7.94	batch_acc 0.9680
[INFO  16:09:15] 80%:	E: 0.00	dE -9.08	batch_acc 0.9560
[INFO  16:09:20] 90%:	E: 0.00	dE -7.77	batch_acc 0.9680
[INFO  16:09:26] epoch: 46 	 test_acc: 0.8988 	 mean_E: 0.0000
[INFO  16:09:26] 0%:	E: 0.00	dE -7.75	batch_acc 0.9720
[INFO  16:09:31] 10%:	E: 0.00	dE -4.72	batch_acc 0.9860
[INFO  16:09:36] 20%:	E: 0.00	dE -7.53	batch_acc 0.9720
[INFO  16:09:40] 30%:	E: 0.00	dE -7.21	batch_acc 0.9720
[INFO  16:09:45] 40%:	E: 0.00	dE -7.76	batch_acc 0.9680
[INFO  16:09:49] 50%:	E: 0.00	dE -7.58	batch_acc 0.9660
[INFO  16:09:54] 60%:	E: 0.00	dE -6.39	batch_acc 0.9740
[INFO  16:09:59] 70%:	E: 0.00	dE -7.10	batch_acc 0.9660
[INFO  16:10:03] 80%:	E: 0.00	dE -7.27	batch_acc 0.9660
[INFO  16:10:08] 90%:	E: 0.00	dE -8.09	batch_acc 0.9640
[INFO  16:10:14] epoch: 47 	 test_acc: 0.8999 	 mean_E: 0.0000
[INFO  16:10:14] 0%:	E: 0.00	dE -6.05	batch_acc 0.9760
[INFO  16:10:18] 10%:	E: 0.00	dE -6.33	batch_acc 0.9780
[INFO  16:10:23] 20%:	E: 0.00	dE -7.27	batch_acc 0.9600
[INFO  16:10:27] 30%:	E: 0.00	dE -7.84	batch_acc 0.9700
[INFO  16:10:32] 40%:	E: 0.00	dE -6.90	batch_acc 0.9780
[INFO  16:10:36] 50%:	E: 0.00	dE -8.05	batch_acc 0.9640
[INFO  16:10:41] 60%:	E: 0.00	dE -8.09	batch_acc 0.9720
[INFO  16:10:45] 70%:	E: 0.00	dE -7.00	batch_acc 0.9720
[INFO  16:10:49] 80%:	E: 0.00	dE -7.78	batch_acc 0.9600
[INFO  16:10:54] 90%:	E: 0.00	dE -8.75	batch_acc 0.9600
[INFO  16:11:00] epoch: 48 	 test_acc: 0.9007 	 mean_E: 0.0000
[INFO  16:11:00] 0%:	E: 0.00	dE -6.68	batch_acc 0.9740
[INFO  16:11:05] 10%:	E: 0.00	dE -6.31	batch_acc 0.9760
[INFO  16:11:09] 20%:	E: 0.00	dE -6.16	batch_acc 0.9720
[INFO  16:11:14] 30%:	E: 0.00	dE -7.31	batch_acc 0.9680
[INFO  16:11:19] 40%:	E: 0.00	dE -7.44	batch_acc 0.9660
[INFO  16:11:23] 50%:	E: 0.00	dE -8.01	batch_acc 0.9640
[INFO  16:11:28] 60%:	E: 0.00	dE -8.38	batch_acc 0.9480
[INFO  16:11:32] 70%:	E: 0.00	dE -8.01	batch_acc 0.9700
[INFO  16:11:37] 80%:	E: 0.00	dE -7.38	batch_acc 0.9800
[INFO  16:11:42] 90%:	E: 0.00	dE -7.67	batch_acc 0.9680
[INFO  16:11:46] epoch: 49 	 test_acc: 0.9000 	 mean_E: 0.0000
[INFO  16:11:47] 0%:	E: 0.00	dE -6.42	batch_acc 0.9720
[INFO  16:11:51] 10%:	E: 0.00	dE -6.83	batch_acc 0.9620
[INFO  16:11:56] 20%:	E: 0.00	dE -7.42	batch_acc 0.9700
[INFO  16:12:00] 30%:	E: 0.00	dE -5.74	batch_acc 0.9840
[INFO  16:12:05] 40%:	E: 0.00	dE -6.51	batch_acc 0.9780
[INFO  16:12:09] 50%:	E: 0.00	dE -6.17	batch_acc 0.9800
[INFO  16:12:14] 60%:	E: 0.00	dE -7.66	batch_acc 0.9640
[INFO  16:12:18] 70%:	E: 0.00	dE -8.71	batch_acc 0.9620
[INFO  16:12:23] 80%:	E: 0.00	dE -6.76	batch_acc 0.9760
[INFO  16:12:28] 90%:	E: 0.00	dE -6.90	batch_acc 0.9740
[INFO  16:12:33] epoch: 50 	 test_acc: 0.8991 	 mean_E: 0.0000
[INFO  16:12:34] 0%:	E: 0.00	dE -6.36	batch_acc 0.9800
[INFO  16:12:39] 10%:	E: 0.00	dE -6.65	batch_acc 0.9820
[INFO  16:12:43] 20%:	E: 0.00	dE -6.62	batch_acc 0.9740
[INFO  16:12:47] 30%:	E: 0.00	dE -6.14	batch_acc 0.9800
[INFO  16:12:52] 40%:	E: 0.00	dE -7.40	batch_acc 0.9780
[INFO  16:12:57] 50%:	E: 0.00	dE -7.44	batch_acc 0.9660
[INFO  16:13:01] 60%:	E: 0.00	dE -8.27	batch_acc 0.9660
[INFO  16:13:06] 70%:	E: 0.00	dE -7.01	batch_acc 0.9740
[INFO  16:13:11] 80%:	E: 0.00	dE -7.07	batch_acc 0.9700
[INFO  16:13:15] 90%:	E: 0.00	dE -6.36	batch_acc 0.9800
[INFO  16:13:21] epoch: 51 	 test_acc: 0.8986 	 mean_E: 0.0000
[INFO  16:13:21] 0%:	E: 0.00	dE -7.74	batch_acc 0.9740
[INFO  16:13:26] 10%:	E: 0.00	dE -7.65	batch_acc 0.9600
[INFO  16:13:31] 20%:	E: 0.00	dE -7.56	batch_acc 0.9620
[INFO  16:13:35] 30%:	E: 0.00	dE -7.00	batch_acc 0.9720
[INFO  16:13:39] 40%:	E: 0.00	dE -8.36	batch_acc 0.9580
[INFO  16:13:44] 50%:	E: 0.00	dE -6.78	batch_acc 0.9740
[INFO  16:13:48] 60%:	E: 0.00	dE -6.39	batch_acc 0.9720
[INFO  16:13:53] 70%:	E: 0.00	dE -8.10	batch_acc 0.9680
[INFO  16:13:57] 80%:	E: 0.00	dE -7.37	batch_acc 0.9700
[INFO  16:14:02] 90%:	E: 0.00	dE -7.93	batch_acc 0.9600
[INFO  16:14:08] epoch: 52 	 test_acc: 0.8998 	 mean_E: 0.0000
[INFO  16:14:08] 0%:	E: 0.00	dE -6.25	batch_acc 0.9800
[INFO  16:14:13] 10%:	E: 0.00	dE -7.54	batch_acc 0.9740
[INFO  16:14:18] 20%:	E: 0.00	dE -6.57	batch_acc 0.9740
[INFO  16:14:23] 30%:	E: 0.00	dE -7.40	batch_acc 0.9760
[INFO  16:14:26] 40%:	E: 0.00	dE -6.58	batch_acc 0.9760
[INFO  16:14:30] 50%:	E: 0.00	dE -6.56	batch_acc 0.9760
[INFO  16:14:35] 60%:	E: 0.00	dE -6.33	batch_acc 0.9720
[INFO  16:14:40] 70%:	E: 0.00	dE -6.78	batch_acc 0.9780
[INFO  16:14:44] 80%:	E: 0.00	dE -6.91	batch_acc 0.9760
[INFO  16:14:49] 90%:	E: 0.00	dE -6.43	batch_acc 0.9720
[INFO  16:14:54] epoch: 53 	 test_acc: 0.8992 	 mean_E: 0.0000
[INFO  16:14:55] 0%:	E: 0.00	dE -6.27	batch_acc 0.9740
[INFO  16:14:59] 10%:	E: 0.00	dE -6.66	batch_acc 0.9780
[INFO  16:15:04] 20%:	E: 0.00	dE -4.77	batch_acc 0.9900
[INFO  16:15:09] 30%:	E: 0.00	dE -7.48	batch_acc 0.9780
[INFO  16:15:13] 40%:	E: 0.00	dE -5.47	batch_acc 0.9840
[INFO  16:15:18] 50%:	E: 0.00	dE -6.11	batch_acc 0.9780
[INFO  16:15:22] 60%:	E: 0.00	dE -7.06	batch_acc 0.9580
[INFO  16:15:27] 70%:	E: 0.00	dE -6.69	batch_acc 0.9700
[INFO  16:15:32] 80%:	E: 0.00	dE -6.60	batch_acc 0.9780
[INFO  16:15:36] 90%:	E: 0.00	dE -8.31	batch_acc 0.9700
[INFO  16:15:42] epoch: 54 	 test_acc: 0.8981 	 mean_E: 0.0000
[INFO  16:15:43] 0%:	E: 0.00	dE -6.72	batch_acc 0.9760
[INFO  16:15:47] 10%:	E: 0.00	dE -7.36	batch_acc 0.9700
[INFO  16:15:52] 20%:	E: 0.00	dE -6.16	batch_acc 0.9760
[INFO  16:15:57] 30%:	E: 0.00	dE -6.51	batch_acc 0.9780
[INFO  16:16:01] 40%:	E: 0.00	dE -7.71	batch_acc 0.9560
[INFO  16:16:06] 50%:	E: 0.00	dE -6.49	batch_acc 0.9760
[INFO  16:16:11] 60%:	E: 0.00	dE -6.74	batch_acc 0.9640
[INFO  16:16:16] 70%:	E: 0.00	dE -6.97	batch_acc 0.9780
[INFO  16:16:20] 80%:	E: 0.00	dE -6.87	batch_acc 0.9700
[INFO  16:16:25] 90%:	E: 0.00	dE -6.36	batch_acc 0.9680
[INFO  16:16:31] epoch: 55 	 test_acc: 0.8983 	 mean_E: 0.0000
[INFO  16:16:31] 0%:	E: 0.00	dE -6.55	batch_acc 0.9720
[INFO  16:16:36] 10%:	E: 0.00	dE -6.06	batch_acc 0.9820
[INFO  16:16:41] 20%:	E: 0.00	dE -6.15	batch_acc 0.9720
[INFO  16:16:45] 30%:	E: 0.00	dE -6.91	batch_acc 0.9720
[INFO  16:16:50] 40%:	E: 0.00	dE -5.69	batch_acc 0.9760
[INFO  16:16:55] 50%:	E: 0.00	dE -7.21	batch_acc 0.9700
[INFO  16:16:59] 60%:	E: 0.00	dE -6.66	batch_acc 0.9800
[INFO  16:17:04] 70%:	E: 0.00	dE -6.66	batch_acc 0.9800
[INFO  16:17:08] 80%:	E: 0.00	dE -6.12	batch_acc 0.9800
[INFO  16:17:13] 90%:	E: 0.00	dE -5.45	batch_acc 0.9900
[INFO  16:17:18] epoch: 56 	 test_acc: 0.9015 	 mean_E: 0.0000
[INFO  16:17:18] 0%:	E: 0.00	dE -6.94	batch_acc 0.9620
[INFO  16:17:23] 10%:	E: 0.00	dE -5.60	batch_acc 0.9880
[INFO  16:17:28] 20%:	E: 0.00	dE -5.85	batch_acc 0.9800
[INFO  16:17:32] 30%:	E: 0.00	dE -6.20	batch_acc 0.9820
[INFO  16:17:37] 40%:	E: 0.00	dE -6.19	batch_acc 0.9780
[INFO  16:17:42] 50%:	E: 0.00	dE -6.87	batch_acc 0.9760
[INFO  16:17:46] 60%:	E: 0.00	dE -6.02	batch_acc 0.9840
[INFO  16:17:51] 70%:	E: 0.00	dE -6.20	batch_acc 0.9880
[INFO  16:17:56] 80%:	E: 0.00	dE -7.58	batch_acc 0.9660
[INFO  16:18:01] 90%:	E: 0.00	dE -6.00	batch_acc 0.9780
[INFO  16:18:07] epoch: 57 	 test_acc: 0.8997 	 mean_E: 0.0000
[INFO  16:18:07] 0%:	E: 0.00	dE -5.25	batch_acc 0.9900
[INFO  16:18:12] 10%:	E: 0.00	dE -6.24	batch_acc 0.9760
[INFO  16:18:16] 20%:	E: 0.00	dE -6.80	batch_acc 0.9780
[INFO  16:18:21] 30%:	E: 0.00	dE -6.60	batch_acc 0.9740
[INFO  16:18:26] 40%:	E: 0.00	dE -5.40	batch_acc 0.9820
[INFO  16:18:30] 50%:	E: 0.00	dE -6.04	batch_acc 0.9780
[INFO  16:18:35] 60%:	E: 0.00	dE -6.82	batch_acc 0.9800
[INFO  16:18:40] 70%:	E: 0.00	dE -6.77	batch_acc 0.9800
[INFO  16:18:44] 80%:	E: 0.00	dE -6.58	batch_acc 0.9720
[INFO  16:18:49] 90%:	E: 0.00	dE -7.43	batch_acc 0.9660
[INFO  16:18:55] epoch: 58 	 test_acc: 0.9001 	 mean_E: 0.0000
[INFO  16:18:55] 0%:	E: 0.00	dE -5.87	batch_acc 0.9840
[INFO  16:19:00] 10%:	E: 0.00	dE -6.39	batch_acc 0.9780
[INFO  16:19:04] 20%:	E: 0.00	dE -7.20	batch_acc 0.9780
[INFO  16:19:09] 30%:	E: 0.00	dE -5.87	batch_acc 0.9840
[INFO  16:19:14] 40%:	E: 0.00	dE -6.59	batch_acc 0.9700
[INFO  16:19:18] 50%:	E: 0.00	dE -5.83	batch_acc 0.9860
[INFO  16:19:23] 60%:	E: 0.00	dE -6.52	batch_acc 0.9780
[INFO  16:19:28] 70%:	E: 0.00	dE -6.26	batch_acc 0.9820
[INFO  16:19:32] 80%:	E: 0.00	dE -6.19	batch_acc 0.9860
[INFO  16:19:37] 90%:	E: 0.00	dE -5.95	batch_acc 0.9800
[INFO  16:19:42] epoch: 59 	 test_acc: 0.8976 	 mean_E: 0.0000
[INFO  16:19:43] 0%:	E: 0.00	dE -6.31	batch_acc 0.9840
[INFO  16:19:47] 10%:	E: 0.00	dE -5.46	batch_acc 0.9860
[INFO  16:19:51] 20%:	E: 0.00	dE -6.66	batch_acc 0.9720
[INFO  16:19:54] 30%:	E: 0.00	dE -4.90	batch_acc 0.9840
[INFO  16:19:58] 40%:	E: 0.00	dE -7.38	batch_acc 0.9720
[INFO  16:20:02] 50%:	E: 0.00	dE -5.45	batch_acc 0.9860
[INFO  16:20:07] 60%:	E: 0.00	dE -6.02	batch_acc 0.9800
[INFO  16:20:12] 70%:	E: 0.00	dE -6.57	batch_acc 0.9740
[INFO  16:20:16] 80%:	E: 0.00	dE -6.77	batch_acc 0.9780
[INFO  16:20:21] 90%:	E: 0.00	dE -7.76	batch_acc 0.9740
[INFO  16:20:27] epoch: 60 	 test_acc: 0.8974 	 mean_E: 0.0000
[INFO  16:20:27] 0%:	E: 0.00	dE -5.83	batch_acc 0.9860
[INFO  16:20:32] 10%:	E: 0.00	dE -6.03	batch_acc 0.9900
[INFO  16:20:36] 20%:	E: 0.00	dE -5.30	batch_acc 0.9900
[INFO  16:20:41] 30%:	E: 0.00	dE -5.39	batch_acc 0.9820
[INFO  16:20:46] 40%:	E: 0.00	dE -6.27	batch_acc 0.9720
[INFO  16:20:50] 50%:	E: 0.00	dE -5.46	batch_acc 0.9780
[INFO  16:20:55] 60%:	E: 0.00	dE -5.07	batch_acc 0.9940
[INFO  16:21:00] 70%:	E: 0.00	dE -5.44	batch_acc 0.9880
[INFO  16:21:04] 80%:	E: 0.00	dE -5.62	batch_acc 0.9840
[INFO  16:21:09] 90%:	E: 0.00	dE -6.35	batch_acc 0.9860
[INFO  16:21:15] epoch: 61 	 test_acc: 0.8981 	 mean_E: 0.0000
[INFO  16:21:15] 0%:	E: 0.00	dE -5.79	batch_acc 0.9840
[INFO  16:21:20] 10%:	E: 0.00	dE -6.23	batch_acc 0.9780
[INFO  16:21:24] 20%:	E: 0.00	dE -6.06	batch_acc 0.9760
[INFO  16:21:28] 30%:	E: 0.00	dE -5.15	batch_acc 0.9920
[INFO  16:21:32] 40%:	E: 0.00	dE -5.27	batch_acc 0.9820
[INFO  16:21:37] 50%:	E: 0.00	dE -5.49	batch_acc 0.9800
[INFO  16:21:42] 60%:	E: 0.00	dE -6.26	batch_acc 0.9680
[INFO  16:21:46] 70%:	E: 0.00	dE -6.39	batch_acc 0.9720
[INFO  16:21:51] 80%:	E: 0.00	dE -5.05	batch_acc 0.9880
[INFO  16:21:55] 90%:	E: 0.00	dE -5.59	batch_acc 0.9840
[INFO  16:22:01] epoch: 62 	 test_acc: 0.9001 	 mean_E: 0.0000
[INFO  16:22:02] 0%:	E: 0.00	dE -5.49	batch_acc 0.9900
[INFO  16:22:06] 10%:	E: 0.00	dE -5.23	batch_acc 0.9880
[INFO  16:22:11] 20%:	E: 0.00	dE -6.20	batch_acc 0.9780
[INFO  16:22:16] 30%:	E: 0.00	dE -5.42	batch_acc 0.9760
[INFO  16:22:21] 40%:	E: 0.00	dE -5.19	batch_acc 0.9860
[INFO  16:22:25] 50%:	E: 0.00	dE -6.37	batch_acc 0.9780
[INFO  16:22:30] 60%:	E: 0.00	dE -5.50	batch_acc 0.9900
[INFO  16:22:35] 70%:	E: 0.00	dE -5.71	batch_acc 0.9860
[INFO  16:22:40] 80%:	E: 0.00	dE -5.05	batch_acc 0.9880
[INFO  16:22:44] 90%:	E: 0.00	dE -4.71	batch_acc 0.9900
[INFO  16:22:49] epoch: 63 	 test_acc: 0.8993 	 mean_E: 0.0000
[INFO  16:22:50] 0%:	E: 0.00	dE -4.74	batch_acc 0.9920
[INFO  16:22:55] 10%:	E: 0.00	dE -3.90	batch_acc 0.9960
[INFO  16:22:59] 20%:	E: 0.00	dE -5.58	batch_acc 0.9800
[INFO  16:23:04] 30%:	E: 0.00	dE -5.64	batch_acc 0.9760
[INFO  16:23:09] 40%:	E: 0.00	dE -5.00	batch_acc 0.9860
[INFO  16:23:13] 50%:	E: 0.00	dE -6.26	batch_acc 0.9820
[INFO  16:23:18] 60%:	E: 0.00	dE -4.64	batch_acc 0.9920
[INFO  16:23:22] 70%:	E: 0.00	dE -5.63	batch_acc 0.9880
[INFO  16:23:27] 80%:	E: 0.00	dE -6.02	batch_acc 0.9680
[INFO  16:23:31] 90%:	E: 0.00	dE -6.59	batch_acc 0.9760
[INFO  16:23:37] epoch: 64 	 test_acc: 0.8998 	 mean_E: 0.0000
[INFO  16:23:37] 0%:	E: 0.00	dE -4.94	batch_acc 0.9860
[INFO  16:23:42] 10%:	E: 0.00	dE -5.63	batch_acc 0.9760
[INFO  16:23:47] 20%:	E: 0.00	dE -5.65	batch_acc 0.9840
[INFO  16:23:51] 30%:	E: 0.00	dE -5.68	batch_acc 0.9860
[INFO  16:23:55] 40%:	E: 0.00	dE -4.61	batch_acc 0.9900
[INFO  16:23:59] 50%:	E: 0.00	dE -5.99	batch_acc 0.9800
[INFO  16:24:02] 60%:	E: 0.00	dE -4.94	batch_acc 0.9900
[INFO  16:24:07] 70%:	E: 0.00	dE -5.65	batch_acc 0.9760
[INFO  16:24:11] 80%:	E: 0.00	dE -6.05	batch_acc 0.9800
[INFO  16:24:16] 90%:	E: 0.00	dE -5.68	batch_acc 0.9860
[INFO  16:24:21] epoch: 65 	 test_acc: 0.9011 	 mean_E: 0.0000
[INFO  16:24:22] 0%:	E: 0.00	dE -5.73	batch_acc 0.9860
[INFO  16:24:26] 10%:	E: 0.00	dE -4.98	batch_acc 0.9880
[INFO  16:24:31] 20%:	E: 0.00	dE -5.76	batch_acc 0.9780
[INFO  16:24:35] 30%:	E: 0.00	dE -4.89	batch_acc 0.9840
[INFO  16:24:40] 40%:	E: 0.00	dE -5.64	batch_acc 0.9820
[INFO  16:24:44] 50%:	E: 0.00	dE -5.14	batch_acc 0.9920
[INFO  16:24:49] 60%:	E: 0.00	dE -4.76	batch_acc 0.9860
[INFO  16:24:53] 70%:	E: 0.00	dE -6.46	batch_acc 0.9820
[INFO  16:24:58] 80%:	E: 0.00	dE -6.43	batch_acc 0.9760
[INFO  16:25:02] 90%:	E: 0.00	dE -4.71	batch_acc 0.9940
[INFO  16:25:08] epoch: 66 	 test_acc: 0.9003 	 mean_E: 0.0000
[INFO  16:25:08] 0%:	E: 0.00	dE -4.46	batch_acc 0.9880
[INFO  16:25:13] 10%:	E: 0.00	dE -5.24	batch_acc 0.9860
[INFO  16:25:17] 20%:	E: 0.00	dE -4.37	batch_acc 0.9920
[INFO  16:25:22] 30%:	E: 0.00	dE -6.20	batch_acc 0.9800
[INFO  16:25:26] 40%:	E: 0.00	dE -5.46	batch_acc 0.9820
[INFO  16:25:31] 50%:	E: 0.00	dE -6.71	batch_acc 0.9700
[INFO  16:25:36] 60%:	E: 0.00	dE -4.13	batch_acc 0.9980
[INFO  16:25:40] 70%:	E: 0.00	dE -5.79	batch_acc 0.9800
[INFO  16:25:44] 80%:	E: 0.00	dE -5.75	batch_acc 0.9760
[INFO  16:25:49] 90%:	E: 0.00	dE -5.08	batch_acc 0.9780
[INFO  16:25:54] epoch: 67 	 test_acc: 0.8989 	 mean_E: 0.0000
[INFO  16:25:55] 0%:	E: 0.00	dE -4.71	batch_acc 0.9840
[INFO  16:25:59] 10%:	E: 0.00	dE -5.85	batch_acc 0.9800
[INFO  16:26:04] 20%:	E: 0.00	dE -5.22	batch_acc 0.9840
[INFO  16:26:08] 30%:	E: 0.00	dE -5.32	batch_acc 0.9920
[INFO  16:26:13] 40%:	E: 0.00	dE -5.00	batch_acc 0.9900
[INFO  16:26:18] 50%:	E: 0.00	dE -4.31	batch_acc 0.9920
[INFO  16:26:22] 60%:	E: 0.00	dE -4.27	batch_acc 0.9900
[INFO  16:26:27] 70%:	E: 0.00	dE -5.35	batch_acc 0.9840
[INFO  16:26:31] 80%:	E: 0.00	dE -5.09	batch_acc 0.9840
[INFO  16:26:36] 90%:	E: 0.00	dE -5.47	batch_acc 0.9820
[INFO  16:26:42] epoch: 68 	 test_acc: 0.8970 	 mean_E: 0.0000
[INFO  16:26:42] 0%:	E: 0.00	dE -5.34	batch_acc 0.9980
[INFO  16:26:47] 10%:	E: 0.00	dE -5.01	batch_acc 0.9900
[INFO  16:26:51] 20%:	E: 0.00	dE -5.51	batch_acc 0.9840
[INFO  16:26:56] 30%:	E: 0.00	dE -4.71	batch_acc 0.9940
[INFO  16:27:00] 40%:	E: 0.00	dE -5.32	batch_acc 0.9840
[INFO  16:27:05] 50%:	E: 0.00	dE -4.85	batch_acc 0.9900
[INFO  16:27:10] 60%:	E: 0.00	dE -5.77	batch_acc 0.9780
[INFO  16:27:14] 70%:	E: 0.00	dE -4.98	batch_acc 0.9880
[INFO  16:27:19] 80%:	E: 0.00	dE -5.75	batch_acc 0.9800
[INFO  16:27:23] 90%:	E: 0.00	dE -4.88	batch_acc 0.9980
[INFO  16:27:29] epoch: 69 	 test_acc: 0.9000 	 mean_E: 0.0000
[INFO  16:27:30] 0%:	E: 0.00	dE -4.59	batch_acc 0.9940
[INFO  16:27:34] 10%:	E: 0.00	dE -3.91	batch_acc 0.9960
[INFO  16:27:39] 20%:	E: 0.00	dE -4.33	batch_acc 0.9960
[INFO  16:27:43] 30%:	E: 0.00	dE -4.77	batch_acc 0.9800
[INFO  16:27:48] 40%:	E: 0.00	dE -4.83	batch_acc 0.9840
[INFO  16:27:52] 50%:	E: 0.00	dE -5.07	batch_acc 0.9860
[INFO  16:27:57] 60%:	E: 0.00	dE -5.76	batch_acc 0.9880
[INFO  16:28:01] 70%:	E: 0.00	dE -5.16	batch_acc 0.9860
[INFO  16:28:06] 80%:	E: 0.00	dE -5.05	batch_acc 0.9840
[INFO  16:28:11] 90%:	E: 0.00	dE -4.62	batch_acc 0.9840
[INFO  16:28:16] epoch: 70 	 test_acc: 0.8983 	 mean_E: 0.0000
[INFO  16:28:17] 0%:	E: 0.00	dE -4.69	batch_acc 0.9920
[INFO  16:28:21] 10%:	E: 0.00	dE -4.71	batch_acc 0.9900
[INFO  16:28:26] 20%:	E: 0.00	dE -4.28	batch_acc 0.9960
[INFO  16:28:30] 30%:	E: 0.00	dE -4.65	batch_acc 0.9940
[INFO  16:28:35] 40%:	E: 0.00	dE -5.06	batch_acc 0.9860
[INFO  16:28:39] 50%:	E: 0.00	dE -4.05	batch_acc 0.9940
[INFO  16:28:44] 60%:	E: 0.00	dE -5.02	batch_acc 0.9820
[INFO  16:28:48] 70%:	E: 0.00	dE -4.77	batch_acc 0.9840
[INFO  16:28:53] 80%:	E: 0.00	dE -5.67	batch_acc 0.9860
[INFO  16:28:57] 90%:	E: 0.00	dE -5.52	batch_acc 0.9820
[INFO  16:29:03] epoch: 71 	 test_acc: 0.8969 	 mean_E: 0.0000
[INFO  16:29:04] 0%:	E: 0.00	dE -4.65	batch_acc 0.9900
[INFO  16:29:09] 10%:	E: 0.00	dE -4.32	batch_acc 0.9840
[INFO  16:29:13] 20%:	E: 0.00	dE -4.78	batch_acc 0.9900
[INFO  16:29:17] 30%:	E: 0.00	dE -4.98	batch_acc 0.9840
[INFO  16:29:21] 40%:	E: 0.00	dE -4.69	batch_acc 0.9860
[INFO  16:29:26] 50%:	E: 0.00	dE -6.50	batch_acc 0.9740
[INFO  16:29:30] 60%:	E: 0.00	dE -4.83	batch_acc 0.9940
[INFO  16:29:35] 70%:	E: 0.00	dE -4.13	batch_acc 0.9940
[INFO  16:29:39] 80%:	E: 0.00	dE -5.00	batch_acc 0.9800
[INFO  16:29:44] 90%:	E: 0.00	dE -4.29	batch_acc 0.9900
[INFO  16:29:50] epoch: 72 	 test_acc: 0.8956 	 mean_E: 0.0000
[INFO  16:29:50] 0%:	E: 0.00	dE -4.73	batch_acc 0.9840
[INFO  16:29:55] 10%:	E: 0.00	dE -4.95	batch_acc 0.9820
[INFO  16:29:59] 20%:	E: 0.00	dE -4.08	batch_acc 0.9920
[INFO  16:30:04] 30%:	E: 0.00	dE -5.07	batch_acc 0.9840
[INFO  16:30:08] 40%:	E: 0.00	dE -5.08	batch_acc 0.9900
[INFO  16:30:13] 50%:	E: 0.00	dE -5.05	batch_acc 0.9880
[INFO  16:30:18] 60%:	E: 0.00	dE -5.86	batch_acc 0.9840
[INFO  16:30:22] 70%:	E: 0.00	dE -5.80	batch_acc 0.9860
[INFO  16:30:27] 80%:	E: 0.00	dE -5.38	batch_acc 0.9780
[INFO  16:30:31] 90%:	E: 0.00	dE -4.73	batch_acc 0.9880
[INFO  16:30:37] epoch: 73 	 test_acc: 0.8968 	 mean_E: 0.0000
[INFO  16:30:37] 0%:	E: 0.00	dE -4.84	batch_acc 0.9840
[INFO  16:30:42] 10%:	E: 0.00	dE -4.63	batch_acc 0.9900
[INFO  16:30:47] 20%:	E: 0.00	dE -4.39	batch_acc 0.9880
[INFO  16:30:51] 30%:	E: 0.00	dE -5.03	batch_acc 0.9900
[INFO  16:30:56] 40%:	E: 0.00	dE -3.87	batch_acc 0.9960
[INFO  16:31:00] 50%:	E: 0.00	dE -5.16	batch_acc 0.9800
[INFO  16:31:04] 60%:	E: 0.00	dE -4.32	batch_acc 0.9840
[INFO  16:31:09] 70%:	E: 0.00	dE -3.99	batch_acc 0.9900
[INFO  16:31:13] 80%:	E: 0.00	dE -5.63	batch_acc 0.9820
[INFO  16:31:17] 90%:	E: 0.00	dE -4.73	batch_acc 0.9900
[INFO  16:31:23] epoch: 74 	 test_acc: 0.8954 	 mean_E: 0.0000
[INFO  16:31:23] 0%:	E: 0.00	dE -4.87	batch_acc 0.9900
[INFO  16:31:28] 10%:	E: 0.00	dE -3.68	batch_acc 0.9960
[INFO  16:31:32] 20%:	E: 0.00	dE -4.50	batch_acc 0.9880
[INFO  16:31:37] 30%:	E: 0.00	dE -4.31	batch_acc 0.9920
[INFO  16:31:41] 40%:	E: 0.00	dE -3.75	batch_acc 0.9980
[INFO  16:31:46] 50%:	E: 0.00	dE -4.27	batch_acc 0.9940
[INFO  16:31:50] 60%:	E: 0.00	dE -5.28	batch_acc 0.9860
[INFO  16:31:55] 70%:	E: 0.00	dE -4.15	batch_acc 0.9840
[INFO  16:31:59] 80%:	E: 0.00	dE -4.63	batch_acc 0.9860
[INFO  16:32:04] 90%:	E: 0.00	dE -4.72	batch_acc 0.9920
[INFO  16:32:09] epoch: 75 	 test_acc: 0.8981 	 mean_E: 0.0000
[INFO  16:32:10] 0%:	E: 0.00	dE -4.97	batch_acc 0.9960
[INFO  16:32:14] 10%:	E: 0.00	dE -3.84	batch_acc 0.9940
[INFO  16:32:19] 20%:	E: 0.00	dE -4.87	batch_acc 0.9880
[INFO  16:32:23] 30%:	E: 0.00	dE -4.15	batch_acc 0.9920
[INFO  16:32:28] 40%:	E: 0.00	dE -5.55	batch_acc 0.9800
[INFO  16:32:33] 50%:	E: 0.00	dE -5.20	batch_acc 0.9820
[INFO  16:32:37] 60%:	E: 0.00	dE -5.12	batch_acc 0.9880
[INFO  16:32:42] 70%:	E: 0.00	dE -4.11	batch_acc 0.9920
[INFO  16:32:46] 80%:	E: 0.00	dE -5.13	batch_acc 0.9860
[INFO  16:32:50] 90%:	E: 0.00	dE -4.39	batch_acc 0.9860
[INFO  16:32:56] epoch: 76 	 test_acc: 0.8987 	 mean_E: 0.0000
[INFO  16:32:56] 0%:	E: 0.00	dE -5.21	batch_acc 0.9860
[INFO  16:33:01] 10%:	E: 0.00	dE -4.49	batch_acc 0.9940
[INFO  16:33:05] 20%:	E: 0.00	dE -4.06	batch_acc 0.9940
[INFO  16:33:10] 30%:	E: 0.00	dE -4.69	batch_acc 0.9880
[INFO  16:33:14] 40%:	E: 0.00	dE -3.88	batch_acc 0.9940
[INFO  16:33:19] 50%:	E: 0.00	dE -3.99	batch_acc 0.9940
[INFO  16:33:23] 60%:	E: 0.00	dE -4.47	batch_acc 0.9960
[INFO  16:33:28] 70%:	E: 0.00	dE -4.90	batch_acc 0.9880
[INFO  16:33:32] 80%:	E: 0.00	dE -4.39	batch_acc 0.9900
[INFO  16:33:37] 90%:	E: 0.00	dE -3.79	batch_acc 0.9920
[INFO  16:33:42] epoch: 77 	 test_acc: 0.9001 	 mean_E: 0.0000
[INFO  16:33:43] 0%:	E: 0.00	dE -3.55	batch_acc 0.9960
[INFO  16:33:47] 10%:	E: 0.00	dE -3.72	batch_acc 0.9900
[INFO  16:33:51] 20%:	E: 0.00	dE -4.19	batch_acc 0.9940
[INFO  16:33:55] 30%:	E: 0.00	dE -3.83	batch_acc 0.9920
[INFO  16:34:00] 40%:	E: 0.00	dE -3.79	batch_acc 0.9960
[INFO  16:34:04] 50%:	E: 0.00	dE -4.90	batch_acc 0.9780
[INFO  16:34:09] 60%:	E: 0.00	dE -4.38	batch_acc 0.9820
[INFO  16:34:14] 70%:	E: 0.00	dE -4.52	batch_acc 0.9880
[INFO  16:34:18] 80%:	E: 0.00	dE -4.92	batch_acc 0.9840
[INFO  16:34:23] 90%:	E: 0.00	dE -3.70	batch_acc 0.9940
[INFO  16:34:29] epoch: 78 	 test_acc: 0.8993 	 mean_E: 0.0000
[INFO  16:34:29] 0%:	E: 0.00	dE -3.99	batch_acc 0.9900
[INFO  16:34:34] 10%:	E: 0.00	dE -3.92	batch_acc 0.9960
[INFO  16:34:38] 20%:	E: 0.00	dE -4.20	batch_acc 0.9980
[INFO  16:34:43] 30%:	E: 0.00	dE -4.26	batch_acc 0.9940
[INFO  16:34:47] 40%:	E: 0.00	dE -4.66	batch_acc 0.9860
[INFO  16:34:52] 50%:	E: 0.00	dE -5.38	batch_acc 0.9800
[INFO  16:34:57] 60%:	E: 0.00	dE -4.29	batch_acc 0.9920
[INFO  16:35:01] 70%:	E: 0.00	dE -3.18	batch_acc 0.9980
[INFO  16:35:06] 80%:	E: 0.00	dE -4.07	batch_acc 0.9960
[INFO  16:35:10] 90%:	E: 0.00	dE -4.44	batch_acc 0.9880
[INFO  16:35:16] epoch: 79 	 test_acc: 0.8966 	 mean_E: 0.0000
[INFO  16:35:17] 0%:	E: 0.00	dE -3.56	batch_acc 0.9920
[INFO  16:35:21] 10%:	E: 0.00	dE -5.07	batch_acc 0.9800
[INFO  16:35:26] 20%:	E: 0.00	dE -5.34	batch_acc 0.9780
[INFO  16:35:31] 30%:	E: 0.00	dE -3.63	batch_acc 0.9940
[INFO  16:35:35] 40%:	E: 0.00	dE -3.69	batch_acc 0.9960
[INFO  16:35:40] 50%:	E: 0.00	dE -4.42	batch_acc 0.9980
[INFO  16:35:45] 60%:	E: 0.00	dE -4.39	batch_acc 0.9880
[INFO  16:35:49] 70%:	E: 0.00	dE -4.29	batch_acc 0.9980
[INFO  16:35:54] 80%:	E: 0.00	dE -5.08	batch_acc 0.9900
[INFO  16:35:59] 90%:	E: 0.00	dE -4.62	batch_acc 0.9920
[INFO  16:36:05] epoch: 80 	 test_acc: 0.8997 	 mean_E: 0.0000
[INFO  16:36:05] 0%:	E: 0.00	dE -4.01	batch_acc 0.9920
[INFO  16:36:10] 10%:	E: 0.00	dE -4.17	batch_acc 0.9960
[INFO  16:36:15] 20%:	E: 0.00	dE -3.99	batch_acc 0.9940
[INFO  16:36:20] 30%:	E: 0.00	dE -3.96	batch_acc 0.9940
[INFO  16:36:25] 40%:	E: 0.00	dE -3.86	batch_acc 0.9920
[INFO  16:36:30] 50%:	E: 0.00	dE -4.78	batch_acc 0.9880
[INFO  16:36:34] 60%:	E: 0.00	dE -4.73	batch_acc 0.9880
[INFO  16:36:39] 70%:	E: 0.00	dE -4.12	batch_acc 0.9960
[INFO  16:36:44] 80%:	E: 0.00	dE -4.51	batch_acc 0.9860
[INFO  16:36:48] 90%:	E: 0.00	dE -4.42	batch_acc 0.9920
[INFO  16:36:53] epoch: 81 	 test_acc: 0.8974 	 mean_E: 0.0000
[INFO  16:36:54] 0%:	E: 0.00	dE -3.14	batch_acc 0.9980
[INFO  16:36:59] 10%:	E: 0.00	dE -4.46	batch_acc 0.9940
[INFO  16:37:03] 20%:	E: 0.00	dE -4.29	batch_acc 0.9940
[INFO  16:37:08] 30%:	E: 0.00	dE -4.44	batch_acc 0.9920
[INFO  16:37:13] 40%:	E: 0.00	dE -4.67	batch_acc 0.9960
[INFO  16:37:17] 50%:	E: 0.00	dE -4.44	batch_acc 0.9820
[INFO  16:37:22] 60%:	E: 0.00	dE -4.02	batch_acc 0.9900
[INFO  16:37:27] 70%:	E: 0.00	dE -4.00	batch_acc 0.9920
[INFO  16:37:32] 80%:	E: 0.00	dE -4.93	batch_acc 0.9900
[INFO  16:37:36] 90%:	E: 0.00	dE -3.66	batch_acc 0.9940
[INFO  16:37:42] epoch: 82 	 test_acc: 0.8981 	 mean_E: 0.0000
[INFO  16:37:43] 0%:	E: 0.00	dE -3.26	batch_acc 0.9960
[INFO  16:37:47] 10%:	E: 0.00	dE -3.97	batch_acc 0.9800
[INFO  16:37:52] 20%:	E: 0.00	dE -4.36	batch_acc 0.9960
[INFO  16:37:56] 30%:	E: 0.00	dE -4.53	batch_acc 0.9940
[INFO  16:38:01] 40%:	E: 0.00	dE -4.46	batch_acc 0.9860
[INFO  16:38:05] 50%:	E: 0.00	dE -4.96	batch_acc 0.9820
[INFO  16:38:10] 60%:	E: 0.00	dE -3.94	batch_acc 0.9940
[INFO  16:38:15] 70%:	E: 0.00	dE -4.40	batch_acc 1.0000
[INFO  16:38:20] 80%:	E: 0.00	dE -4.31	batch_acc 0.9940
[INFO  16:38:24] 90%:	E: 0.00	dE -4.68	batch_acc 0.9880
[INFO  16:38:30] epoch: 83 	 test_acc: 0.8967 	 mean_E: 0.0000
[INFO  16:38:30] 0%:	E: 0.00	dE -3.48	batch_acc 0.9900
[INFO  16:38:35] 10%:	E: 0.00	dE -3.76	batch_acc 0.9960
[INFO  16:38:40] 20%:	E: 0.00	dE -3.49	batch_acc 0.9940
[INFO  16:38:45] 30%:	E: 0.00	dE -3.92	batch_acc 0.9860
[INFO  16:38:49] 40%:	E: 0.00	dE -4.61	batch_acc 0.9820
[INFO  16:38:54] 50%:	E: 0.00	dE -4.93	batch_acc 0.9900
[INFO  16:38:59] 60%:	E: 0.00	dE -4.81	batch_acc 0.9880
[INFO  16:39:03] 70%:	E: 0.00	dE -4.05	batch_acc 0.9940
[INFO  16:39:08] 80%:	E: 0.00	dE -4.02	batch_acc 0.9920
[INFO  16:39:13] 90%:	E: 0.00	dE -4.24	batch_acc 0.9920
[INFO  16:39:19] epoch: 84 	 test_acc: 0.8984 	 mean_E: 0.0000
[INFO  16:39:19] 0%:	E: 0.00	dE -3.16	batch_acc 0.9940
[INFO  16:39:24] 10%:	E: 0.00	dE -4.02	batch_acc 0.9860
[INFO  16:39:29] 20%:	E: 0.00	dE -3.05	batch_acc 0.9980
[INFO  16:39:33] 30%:	E: 0.00	dE -3.76	batch_acc 0.9900
[INFO  16:39:37] 40%:	E: 0.00	dE -3.10	batch_acc 0.9980
[INFO  16:39:41] 50%:	E: 0.00	dE -3.90	batch_acc 0.9880
[INFO  16:39:45] 60%:	E: 0.00	dE -3.87	batch_acc 0.9980
[INFO  16:39:50] 70%:	E: 0.00	dE -3.63	batch_acc 0.9920
[INFO  16:39:55] 80%:	E: 0.00	dE -4.44	batch_acc 0.9900
[INFO  16:40:00] 90%:	E: 0.00	dE -3.82	batch_acc 0.9940
[INFO  16:40:05] epoch: 85 	 test_acc: 0.8967 	 mean_E: 0.0000
[INFO  16:40:06] 0%:	E: 0.00	dE -2.99	batch_acc 1.0000
[INFO  16:40:10] 10%:	E: 0.00	dE -3.70	batch_acc 0.9880
[INFO  16:40:14] 20%:	E: 0.00	dE -3.47	batch_acc 0.9980
[INFO  16:40:19] 30%:	E: 0.00	dE -3.98	batch_acc 0.9920
[INFO  16:40:24] 40%:	E: 0.00	dE -3.38	batch_acc 0.9940
[INFO  16:40:28] 50%:	E: 0.00	dE -4.30	batch_acc 0.9900
[INFO  16:40:33] 60%:	E: 0.00	dE -4.69	batch_acc 0.9880
[INFO  16:40:38] 70%:	E: 0.00	dE -4.28	batch_acc 0.9900
[INFO  16:40:42] 80%:	E: 0.00	dE -4.12	batch_acc 0.9940
[INFO  16:40:47] 90%:	E: 0.00	dE -3.58	batch_acc 0.9880
[INFO  16:40:53] epoch: 86 	 test_acc: 0.8959 	 mean_E: 0.0000
[INFO  16:40:53] 0%:	E: 0.00	dE -3.76	batch_acc 0.9900
[INFO  16:40:58] 10%:	E: 0.00	dE -2.95	batch_acc 1.0000
[INFO  16:41:02] 20%:	E: 0.00	dE -3.34	batch_acc 0.9960
[INFO  16:41:06] 30%:	E: 0.00	dE -3.26	batch_acc 0.9940
[INFO  16:41:11] 40%:	E: 0.00	dE -3.43	batch_acc 0.9920
[INFO  16:41:16] 50%:	E: 0.00	dE -3.70	batch_acc 0.9940
[INFO  16:41:21] 60%:	E: 0.00	dE -4.47	batch_acc 0.9880
[INFO  16:41:25] 70%:	E: 0.00	dE -3.88	batch_acc 0.9960
[INFO  16:41:30] 80%:	E: 0.00	dE -3.73	batch_acc 0.9920
[INFO  16:41:35] 90%:	E: 0.00	dE -3.32	batch_acc 0.9980
[INFO  16:41:40] epoch: 87 	 test_acc: 0.8976 	 mean_E: 0.0000
[INFO  16:41:41] 0%:	E: 0.00	dE -3.15	batch_acc 0.9960
[INFO  16:41:46] 10%:	E: 0.00	dE -3.37	batch_acc 0.9940
[INFO  16:41:50] 20%:	E: 0.00	dE -3.65	batch_acc 0.9900
[INFO  16:41:55] 30%:	E: 0.00	dE -4.35	batch_acc 0.9940
[INFO  16:41:59] 40%:	E: 0.00	dE -3.24	batch_acc 0.9980
[INFO  16:42:03] 50%:	E: 0.00	dE -3.71	batch_acc 0.9960
[INFO  16:42:08] 60%:	E: 0.00	dE -3.39	batch_acc 0.9940
[INFO  16:42:13] 70%:	E: 0.00	dE -3.85	batch_acc 0.9960
[INFO  16:42:17] 80%:	E: 0.00	dE -3.89	batch_acc 0.9980
[INFO  16:42:22] 90%:	E: 0.00	dE -4.24	batch_acc 0.9900
[INFO  16:42:28] epoch: 88 	 test_acc: 0.8981 	 mean_E: 0.0000
[INFO  16:42:28] 0%:	E: 0.00	dE -3.37	batch_acc 0.9980
[INFO  16:42:33] 10%:	E: 0.00	dE -3.73	batch_acc 0.9980
[INFO  16:42:37] 20%:	E: 0.00	dE -2.95	batch_acc 0.9980
[INFO  16:42:42] 30%:	E: 0.00	dE -3.89	batch_acc 0.9880
[INFO  16:42:46] 40%:	E: 0.00	dE -3.33	batch_acc 0.9980
[INFO  16:42:51] 50%:	E: 0.00	dE -3.15	batch_acc 0.9980
[INFO  16:42:56] 60%:	E: 0.00	dE -3.62	batch_acc 0.9960
[INFO  16:43:00] 70%:	E: 0.00	dE -4.30	batch_acc 0.9880
[INFO  16:43:05] 80%:	E: 0.00	dE -4.08	batch_acc 0.9880
[INFO  16:43:09] 90%:	E: 0.00	dE -4.45	batch_acc 0.9900
[INFO  16:43:15] epoch: 89 	 test_acc: 0.8960 	 mean_E: 0.0000
[INFO  16:43:16] 0%:	E: 0.00	dE -3.21	batch_acc 0.9960
[INFO  16:43:20] 10%:	E: 0.00	dE -3.34	batch_acc 0.9920
[INFO  16:43:25] 20%:	E: 0.00	dE -3.31	batch_acc 0.9940
[INFO  16:43:29] 30%:	E: 0.00	dE -3.68	batch_acc 0.9900
[INFO  16:43:34] 40%:	E: 0.00	dE -3.68	batch_acc 0.9920
[INFO  16:43:39] 50%:	E: 0.00	dE -3.64	batch_acc 0.9940
[INFO  16:43:43] 60%:	E: 0.00	dE -3.18	batch_acc 0.9960
[INFO  16:43:48] 70%:	E: 0.00	dE -3.60	batch_acc 0.9920
[INFO  16:43:52] 80%:	E: 0.00	dE -4.28	batch_acc 0.9920
[INFO  16:43:57] 90%:	E: 0.00	dE -3.42	batch_acc 0.9920
[INFO  16:44:03] epoch: 90 	 test_acc: 0.8965 	 mean_E: 0.0000
[INFO  16:44:03] 0%:	E: 0.00	dE -3.18	batch_acc 0.9940
[INFO  16:44:08] 10%:	E: 0.00	dE -3.15	batch_acc 0.9960
[INFO  16:44:13] 20%:	E: 0.00	dE -3.71	batch_acc 0.9880
[INFO  16:44:18] 30%:	E: 0.00	dE -2.60	batch_acc 0.9980
[INFO  16:44:22] 40%:	E: 0.00	dE -3.06	batch_acc 0.9960
[INFO  16:44:26] 50%:	E: 0.00	dE -3.12	batch_acc 0.9940
[INFO  16:44:31] 60%:	E: 0.00	dE -4.03	batch_acc 0.9980
[INFO  16:44:35] 70%:	E: 0.00	dE -3.75	batch_acc 0.9940
[INFO  16:44:40] 80%:	E: 0.00	dE -3.81	batch_acc 0.9980
[INFO  16:44:45] 90%:	E: 0.00	dE -2.98	batch_acc 0.9980
[INFO  16:44:50] epoch: 91 	 test_acc: 0.8976 	 mean_E: 0.0000
[INFO  16:44:51] 0%:	E: 0.00	dE -3.51	batch_acc 0.9940
[INFO  16:44:56] 10%:	E: 0.00	dE -3.97	batch_acc 0.9880
[INFO  16:45:00] 20%:	E: 0.00	dE -2.86	batch_acc 1.0000
[INFO  16:45:05] 30%:	E: 0.00	dE -3.76	batch_acc 0.9900
[INFO  16:45:10] 40%:	E: 0.00	dE -3.40	batch_acc 0.9940
[INFO  16:45:14] 50%:	E: 0.00	dE -3.77	batch_acc 0.9880
[INFO  16:45:19] 60%:	E: 0.00	dE -3.66	batch_acc 0.9900
[INFO  16:45:23] 70%:	E: 0.00	dE -3.49	batch_acc 0.9900
[INFO  16:45:28] 80%:	E: 0.00	dE -5.01	batch_acc 0.9880
[INFO  16:45:32] 90%:	E: 0.00	dE -3.92	batch_acc 0.9920
[INFO  16:45:38] epoch: 92 	 test_acc: 0.8966 	 mean_E: 0.0000
[INFO  16:45:39] 0%:	E: 0.00	dE -4.05	batch_acc 0.9920
[INFO  16:45:43] 10%:	E: 0.00	dE -3.44	batch_acc 0.9980
[INFO  16:45:47] 20%:	E: 0.00	dE -3.16	batch_acc 0.9880
[INFO  16:45:51] 30%:	E: 0.00	dE -2.70	batch_acc 0.9940
[INFO  16:45:55] 40%:	E: 0.00	dE -3.40	batch_acc 0.9940
[INFO  16:46:00] 50%:	E: 0.00	dE -2.99	batch_acc 0.9940
[INFO  16:46:04] 60%:	E: 0.00	dE -3.38	batch_acc 0.9880
[INFO  16:46:09] 70%:	E: 0.00	dE -3.58	batch_acc 0.9940
[INFO  16:46:13] 80%:	E: 0.00	dE -3.81	batch_acc 0.9980
[INFO  16:46:18] 90%:	E: 0.00	dE -4.72	batch_acc 0.9880
[INFO  16:46:23] epoch: 93 	 test_acc: 0.8988 	 mean_E: 0.0000
[INFO  16:46:24] 0%:	E: 0.00	dE -3.30	batch_acc 0.9960
[INFO  16:46:28] 10%:	E: 0.00	dE -3.69	batch_acc 0.9960
[INFO  16:46:33] 20%:	E: 0.00	dE -2.50	batch_acc 1.0000
[INFO  16:46:38] 30%:	E: 0.00	dE -3.06	batch_acc 0.9960
[INFO  16:46:42] 40%:	E: 0.00	dE -2.89	batch_acc 1.0000
[INFO  16:46:46] 50%:	E: 0.00	dE -3.67	batch_acc 0.9920
[INFO  16:46:51] 60%:	E: 0.00	dE -3.35	batch_acc 0.9940
[INFO  16:46:56] 70%:	E: 0.00	dE -3.39	batch_acc 0.9920
[INFO  16:47:00] 80%:	E: 0.00	dE -3.75	batch_acc 0.9860
[INFO  16:47:05] 90%:	E: 0.00	dE -4.09	batch_acc 0.9900
[INFO  16:47:10] epoch: 94 	 test_acc: 0.8994 	 mean_E: 0.0000
[INFO  16:47:11] 0%:	E: 0.00	dE -3.45	batch_acc 0.9960
[INFO  16:47:15] 10%:	E: 0.00	dE -3.75	batch_acc 0.9940
[INFO  16:47:20] 20%:	E: 0.00	dE -3.68	batch_acc 0.9980
[INFO  16:47:24] 30%:	E: 0.00	dE -3.32	batch_acc 0.9940
[INFO  16:47:29] 40%:	E: 0.00	dE -3.08	batch_acc 0.9920
[INFO  16:47:34] 50%:	E: 0.00	dE -3.26	batch_acc 0.9960
[INFO  16:47:38] 60%:	E: 0.00	dE -4.08	batch_acc 0.9900
[INFO  16:47:43] 70%:	E: 0.00	dE -3.55	batch_acc 0.9980
[INFO  16:47:47] 80%:	E: 0.00	dE -3.74	batch_acc 0.9900
[INFO  16:47:52] 90%:	E: 0.00	dE -3.36	batch_acc 0.9940
[INFO  16:47:58] epoch: 95 	 test_acc: 0.8972 	 mean_E: 0.0000
[INFO  16:47:58] 0%:	E: 0.00	dE -3.53	batch_acc 0.9940
[INFO  16:48:03] 10%:	E: 0.00	dE -3.09	batch_acc 0.9980
[INFO  16:48:07] 20%:	E: 0.00	dE -3.10	batch_acc 0.9980
[INFO  16:48:12] 30%:	E: 0.00	dE -3.72	batch_acc 0.9920
[INFO  16:48:17] 40%:	E: 0.00	dE -3.28	batch_acc 0.9960
[INFO  16:48:21] 50%:	E: 0.00	dE -2.74	batch_acc 0.9960
[INFO  16:48:26] 60%:	E: 0.00	dE -3.75	batch_acc 0.9900
[INFO  16:48:30] 70%:	E: 0.00	dE -3.31	batch_acc 0.9940
[INFO  16:48:35] 80%:	E: 0.00	dE -3.35	batch_acc 0.9960
[INFO  16:48:40] 90%:	E: 0.00	dE -3.29	batch_acc 0.9940
[INFO  16:48:45] epoch: 96 	 test_acc: 0.8984 	 mean_E: 0.0000
[INFO  16:48:46] 0%:	E: 0.00	dE -3.93	batch_acc 0.9920
[INFO  16:48:50] 10%:	E: 0.00	dE -3.05	batch_acc 0.9940
[INFO  16:48:55] 20%:	E: 0.00	dE -3.04	batch_acc 0.9960
[INFO  16:49:00] 30%:	E: 0.00	dE -3.14	batch_acc 0.9980
[INFO  16:49:05] 40%:	E: 0.00	dE -3.06	batch_acc 0.9980
[INFO  16:49:09] 50%:	E: 0.00	dE -3.13	batch_acc 0.9940
[INFO  16:49:13] 60%:	E: 0.00	dE -3.20	batch_acc 0.9960
[INFO  16:49:17] 70%:	E: 0.00	dE -3.63	batch_acc 0.9900
[INFO  16:49:22] 80%:	E: 0.00	dE -3.59	batch_acc 0.9940
[INFO  16:49:26] 90%:	E: 0.00	dE -3.90	batch_acc 0.9900
[INFO  16:49:32] epoch: 97 	 test_acc: 0.8960 	 mean_E: 0.0000
[INFO  16:49:33] 0%:	E: 0.00	dE -3.35	batch_acc 0.9920
[INFO  16:49:37] 10%:	E: 0.00	dE -2.88	batch_acc 0.9980
[INFO  16:49:42] 20%:	E: 0.00	dE -3.28	batch_acc 0.9960
[INFO  16:49:46] 30%:	E: 0.00	dE -3.21	batch_acc 0.9940
[INFO  16:49:51] 40%:	E: 0.00	dE -3.15	batch_acc 0.9960
[INFO  16:49:54] 50%:	E: 0.00	dE -3.51	batch_acc 0.9940
[INFO  16:49:59] 60%:	E: 0.00	dE -3.38	batch_acc 0.9940
[INFO  16:50:04] 70%:	E: 0.00	dE -3.24	batch_acc 0.9920
[INFO  16:50:08] 80%:	E: 0.00	dE -3.60	batch_acc 0.9940
[INFO  16:50:13] 90%:	E: 0.00	dE -3.21	batch_acc 0.9940
[INFO  16:50:18] epoch: 98 	 test_acc: 0.8959 	 mean_E: 0.0000
[INFO  16:50:19] 0%:	E: 0.00	dE -2.87	batch_acc 0.9980
[INFO  16:50:24] 10%:	E: 0.00	dE -3.14	batch_acc 0.9900
[INFO  16:50:28] 20%:	E: 0.00	dE -2.61	batch_acc 0.9980
[INFO  16:50:33] 30%:	E: 0.00	dE -3.61	batch_acc 0.9960
[INFO  16:50:37] 40%:	E: 0.00	dE -2.65	batch_acc 0.9940
[INFO  16:50:42] 50%:	E: 0.00	dE -3.24	batch_acc 0.9940
[INFO  16:50:46] 60%:	E: 0.00	dE -3.47	batch_acc 0.9900
[INFO  16:50:51] 70%:	E: 0.00	dE -3.74	batch_acc 0.9900
[INFO  16:50:56] 80%:	E: 0.00	dE -3.39	batch_acc 1.0000
[INFO  16:51:00] 90%:	E: 0.00	dE -2.98	batch_acc 0.9920
[INFO  16:51:06] epoch: 99 	 test_acc: 0.8981 	 mean_E: 0.0000
[INFO  16:51:06] 0%:	E: 0.00	dE -2.92	batch_acc 0.9960
[INFO  16:51:11] 10%:	E: 0.00	dE -2.97	batch_acc 0.9980
[INFO  16:51:16] 20%:	E: 0.00	dE -2.86	batch_acc 0.9960
[INFO  16:51:20] 30%:	E: 0.00	dE -2.80	batch_acc 0.9960
[INFO  16:51:25] 40%:	E: 0.00	dE -3.39	batch_acc 0.9960
[INFO  16:51:29] 50%:	E: 0.00	dE -2.95	batch_acc 0.9980
[INFO  16:51:33] 60%:	E: 0.00	dE -3.96	batch_acc 0.9940
[INFO  16:51:38] 70%:	E: 0.00	dE -3.30	batch_acc 0.9960
[INFO  16:51:42] 80%:	E: 0.00	dE -3.35	batch_acc 0.9940
[INFO  16:51:47] 90%:	E: 0.00	dE -3.82	batch_acc 0.9900
[INFO  16:51:52] epoch: 100 	 test_acc: 0.8977 	 mean_E: 0.0000
