[INFO  17:22:06] Start training with parametrization:
{
    "batch_size": 1000,
    "beta": 1,
    "c_energy": "squared_error",
    "dataset": "mnist",
    "dimensions": [
        784,
        1000,
        10
    ],
    "dynamics": {
        "dt": 0.1,
        "n_relax": 20,
        "tau": 1,
        "tol": 0
    },
    "energy": "cond_gaussian",
    "epochs": 100,
    "fast_ff_init": true,
    "learning_rate": 0.001,
    "log_dir": "",
    "nonlinearity": "sigmoid",
    "optimizer": "adam",
    "seed": 2022
}
[INFO  17:22:06] 0%:	E: 0.00	dE -237.89	batch_acc 0.3810
[INFO  17:22:09] 10%:	E: 0.00	dE -163.72	batch_acc 0.6710
[INFO  17:22:11] 20%:	E: 0.00	dE -99.84	batch_acc 0.7200
[INFO  17:22:13] 30%:	E: 0.00	dE -106.96	batch_acc 0.7260
[INFO  17:22:16] 40%:	E: 0.00	dE -97.33	batch_acc 0.7510
[INFO  17:22:18] 50%:	E: 0.00	dE -77.99	batch_acc 0.7710
[INFO  17:22:20] 60%:	E: 0.00	dE -67.53	batch_acc 0.7620
[INFO  17:22:23] 70%:	E: 0.00	dE -59.60	batch_acc 0.8000
[INFO  17:22:25] 80%:	E: 0.00	dE -63.90	batch_acc 0.7740
[INFO  17:22:27] 90%:	E: 0.00	dE -60.40	batch_acc 0.7930
[INFO  17:22:31] epoch: 1 	 test_acc: 0.7963 	 mean_E: 0.0000
[INFO  17:22:31] 0%:	E: 0.00	dE -58.90	batch_acc 0.8010
[INFO  17:22:34] 10%:	E: 0.00	dE -52.34	batch_acc 0.8320
[INFO  17:22:36] 20%:	E: 0.00	dE -54.81	batch_acc 0.8170
[INFO  17:22:38] 30%:	E: 0.00	dE -56.61	batch_acc 0.8040
[INFO  17:22:41] 40%:	E: 0.00	dE -53.16	batch_acc 0.8150
[INFO  17:22:43] 50%:	E: 0.00	dE -53.41	batch_acc 0.8300
[INFO  17:22:46] 60%:	E: 0.00	dE -51.55	batch_acc 0.8330
[INFO  17:22:48] 70%:	E: 0.00	dE -50.80	batch_acc 0.8300
[INFO  17:22:50] 80%:	E: 0.00	dE -53.34	batch_acc 0.8180
[INFO  17:22:52] 90%:	E: 0.00	dE -49.90	batch_acc 0.8220
[INFO  17:22:56] epoch: 2 	 test_acc: 0.8157 	 mean_E: 0.0000
[INFO  17:22:56] 0%:	E: 0.00	dE -51.94	batch_acc 0.8240
[INFO  17:22:59] 10%:	E: 0.00	dE -49.19	batch_acc 0.8500
[INFO  17:23:01] 20%:	E: 0.00	dE -52.11	batch_acc 0.8080
[INFO  17:23:04] 30%:	E: 0.00	dE -48.75	batch_acc 0.8410
[INFO  17:23:06] 40%:	E: 0.00	dE -49.54	batch_acc 0.8310
[INFO  17:23:09] 50%:	E: 0.00	dE -47.24	batch_acc 0.8410
[INFO  17:23:11] 60%:	E: 0.00	dE -48.62	batch_acc 0.8350
[INFO  17:23:13] 70%:	E: 0.00	dE -48.57	batch_acc 0.8330
[INFO  17:23:16] 80%:	E: 0.00	dE -46.19	batch_acc 0.8460
[INFO  17:23:18] 90%:	E: 0.00	dE -47.06	batch_acc 0.8490
[INFO  17:23:21] epoch: 3 	 test_acc: 0.8263 	 mean_E: 0.0000
[INFO  17:23:22] 0%:	E: 0.00	dE -48.43	batch_acc 0.8280
[INFO  17:23:24] 10%:	E: 0.00	dE -44.96	batch_acc 0.8470
[INFO  17:23:27] 20%:	E: 0.00	dE -45.69	batch_acc 0.8590
[INFO  17:23:29] 30%:	E: 0.00	dE -44.03	batch_acc 0.8450
[INFO  17:23:31] 40%:	E: 0.00	dE -44.68	batch_acc 0.8490
[INFO  17:23:34] 50%:	E: 0.00	dE -44.20	batch_acc 0.8470
[INFO  17:23:36] 60%:	E: 0.00	dE -45.87	batch_acc 0.8420
[INFO  17:23:38] 70%:	E: 0.00	dE -47.34	batch_acc 0.8510
[INFO  17:23:41] 80%:	E: 0.00	dE -45.14	batch_acc 0.8550
[INFO  17:23:43] 90%:	E: 0.00	dE -44.66	batch_acc 0.8390
[INFO  17:23:47] epoch: 4 	 test_acc: 0.8315 	 mean_E: 0.0000
[INFO  17:23:47] 0%:	E: 0.00	dE -41.27	batch_acc 0.8660
[INFO  17:23:50] 10%:	E: 0.00	dE -43.89	batch_acc 0.8590
[INFO  17:23:52] 20%:	E: 0.00	dE -44.56	batch_acc 0.8520
[INFO  17:23:55] 30%:	E: 0.00	dE -44.62	batch_acc 0.8390
[INFO  17:23:57] 40%:	E: 0.00	dE -45.55	batch_acc 0.8410
[INFO  17:23:59] 50%:	E: 0.00	dE -43.00	batch_acc 0.8600
[INFO  17:24:02] 60%:	E: 0.00	dE -42.20	batch_acc 0.8730
[INFO  17:24:04] 70%:	E: 0.00	dE -43.66	batch_acc 0.8430
[INFO  17:24:06] 80%:	E: 0.00	dE -42.04	batch_acc 0.8560
[INFO  17:24:08] 90%:	E: 0.00	dE -43.31	batch_acc 0.8490
[INFO  17:24:12] epoch: 5 	 test_acc: 0.8388 	 mean_E: 0.0000
[INFO  17:24:12] 0%:	E: 0.00	dE -42.08	batch_acc 0.8560
[INFO  17:24:15] 10%:	E: 0.00	dE -41.24	batch_acc 0.8440
[INFO  17:24:17] 20%:	E: 0.00	dE -40.02	batch_acc 0.8600
[INFO  17:24:19] 30%:	E: 0.00	dE -39.18	batch_acc 0.8660
[INFO  17:24:22] 40%:	E: 0.00	dE -42.76	batch_acc 0.8500
[INFO  17:24:24] 50%:	E: 0.00	dE -41.71	batch_acc 0.8620
[INFO  17:24:26] 60%:	E: 0.00	dE -42.07	batch_acc 0.8470
[INFO  17:24:29] 70%:	E: 0.00	dE -39.18	batch_acc 0.8680
[INFO  17:24:31] 80%:	E: 0.00	dE -42.17	batch_acc 0.8560
[INFO  17:24:34] 90%:	E: 0.00	dE -42.06	batch_acc 0.8560
[INFO  17:24:37] epoch: 6 	 test_acc: 0.8438 	 mean_E: 0.0000
[INFO  17:24:38] 0%:	E: 0.00	dE -41.84	batch_acc 0.8490
[INFO  17:24:40] 10%:	E: 0.00	dE -41.55	batch_acc 0.8580
[INFO  17:24:42] 20%:	E: 0.00	dE -40.91	batch_acc 0.8610
[INFO  17:24:44] 30%:	E: 0.00	dE -39.87	batch_acc 0.8560
[INFO  17:24:46] 40%:	E: 0.00	dE -40.92	batch_acc 0.8590
[INFO  17:24:48] 50%:	E: 0.00	dE -38.31	batch_acc 0.8800
[INFO  17:24:50] 60%:	E: 0.00	dE -40.16	batch_acc 0.8560
[INFO  17:24:52] 70%:	E: 0.00	dE -39.93	batch_acc 0.8670
[INFO  17:24:54] 80%:	E: 0.00	dE -39.02	batch_acc 0.8660
[INFO  17:24:56] 90%:	E: 0.00	dE -37.97	batch_acc 0.8690
[INFO  17:25:00] epoch: 7 	 test_acc: 0.8481 	 mean_E: 0.0000
[INFO  17:25:00] 0%:	E: 0.00	dE -37.99	batch_acc 0.8690
[INFO  17:25:03] 10%:	E: 0.00	dE -36.26	batch_acc 0.8760
[INFO  17:25:05] 20%:	E: 0.00	dE -36.61	batch_acc 0.8680
[INFO  17:25:07] 30%:	E: 0.00	dE -37.17	batch_acc 0.8720
[INFO  17:25:09] 40%:	E: 0.00	dE -36.51	batch_acc 0.8690
[INFO  17:25:12] 50%:	E: 0.00	dE -36.59	batch_acc 0.8780
[INFO  17:25:14] 60%:	E: 0.00	dE -34.25	batch_acc 0.8800
[INFO  17:25:16] 70%:	E: 0.00	dE -36.88	batch_acc 0.8810
[INFO  17:25:19] 80%:	E: 0.00	dE -37.88	batch_acc 0.8720
[INFO  17:25:21] 90%:	E: 0.00	dE -39.78	batch_acc 0.8710
[INFO  17:25:24] epoch: 8 	 test_acc: 0.8510 	 mean_E: 0.0000
[INFO  17:25:25] 0%:	E: 0.00	dE -36.66	batch_acc 0.8780
[INFO  17:25:27] 10%:	E: 0.00	dE -36.49	batch_acc 0.8780
[INFO  17:25:30] 20%:	E: 0.00	dE -37.48	batch_acc 0.8680
[INFO  17:25:32] 30%:	E: 0.00	dE -32.70	batch_acc 0.8880
[INFO  17:25:34] 40%:	E: 0.00	dE -39.29	batch_acc 0.8630
[INFO  17:25:36] 50%:	E: 0.00	dE -35.02	batch_acc 0.8750
[INFO  17:25:39] 60%:	E: 0.00	dE -40.84	batch_acc 0.8590
[INFO  17:25:41] 70%:	E: 0.00	dE -37.92	batch_acc 0.8630
[INFO  17:25:43] 80%:	E: 0.00	dE -38.33	batch_acc 0.8590
[INFO  17:25:46] 90%:	E: 0.00	dE -36.31	batch_acc 0.8750
[INFO  17:25:49] epoch: 9 	 test_acc: 0.8557 	 mean_E: 0.0000
[INFO  17:25:50] 0%:	E: 0.00	dE -37.56	batch_acc 0.8680
[INFO  17:25:52] 10%:	E: 0.00	dE -37.77	batch_acc 0.8650
[INFO  17:25:55] 20%:	E: 0.00	dE -36.02	batch_acc 0.8670
[INFO  17:25:57] 30%:	E: 0.00	dE -35.31	batch_acc 0.8750
[INFO  17:25:59] 40%:	E: 0.00	dE -35.17	batch_acc 0.8720
[INFO  17:26:02] 50%:	E: 0.00	dE -31.17	batch_acc 0.8960
[INFO  17:26:04] 60%:	E: 0.00	dE -38.50	batch_acc 0.8620
[INFO  17:26:06] 70%:	E: 0.00	dE -36.07	batch_acc 0.8720
[INFO  17:26:09] 80%:	E: 0.00	dE -34.65	batch_acc 0.8710
[INFO  17:26:11] 90%:	E: 0.00	dE -37.82	batch_acc 0.8730
[INFO  17:26:15] epoch: 10 	 test_acc: 0.8570 	 mean_E: 0.0000
[INFO  17:26:15] 0%:	E: 0.00	dE -36.38	batch_acc 0.8830
[INFO  17:26:17] 10%:	E: 0.00	dE -32.84	batch_acc 0.8890
[INFO  17:26:20] 20%:	E: 0.00	dE -34.11	batch_acc 0.8880
[INFO  17:26:22] 30%:	E: 0.00	dE -37.66	batch_acc 0.8670
[INFO  17:26:25] 40%:	E: 0.00	dE -35.14	batch_acc 0.8770
[INFO  17:26:27] 50%:	E: 0.00	dE -35.97	batch_acc 0.8710
[INFO  17:26:29] 60%:	E: 0.00	dE -34.96	batch_acc 0.8790
[INFO  17:26:32] 70%:	E: 0.00	dE -35.65	batch_acc 0.8580
[INFO  17:26:33] 80%:	E: 0.00	dE -31.71	batch_acc 0.8930
[INFO  17:26:35] 90%:	E: 0.00	dE -34.22	batch_acc 0.8740
[INFO  17:26:38] epoch: 11 	 test_acc: 0.8617 	 mean_E: 0.0000
[INFO  17:26:39] 0%:	E: 0.00	dE -32.32	batch_acc 0.8860
[INFO  17:26:41] 10%:	E: 0.00	dE -36.28	batch_acc 0.8690
[INFO  17:26:43] 20%:	E: 0.00	dE -33.52	batch_acc 0.8850
[INFO  17:26:46] 30%:	E: 0.00	dE -34.25	batch_acc 0.8790
[INFO  17:26:48] 40%:	E: 0.00	dE -31.86	batch_acc 0.8790
[INFO  17:26:50] 50%:	E: 0.00	dE -34.91	batch_acc 0.8760
[INFO  17:26:53] 60%:	E: 0.00	dE -32.76	batch_acc 0.8810
[INFO  17:26:55] 70%:	E: 0.00	dE -33.01	batch_acc 0.8830
[INFO  17:26:57] 80%:	E: 0.00	dE -32.97	batch_acc 0.8920
[INFO  17:27:00] 90%:	E: 0.00	dE -33.01	batch_acc 0.8900
[INFO  17:27:03] epoch: 12 	 test_acc: 0.8637 	 mean_E: 0.0000
[INFO  17:27:04] 0%:	E: 0.00	dE -33.67	batch_acc 0.8790
[INFO  17:27:06] 10%:	E: 0.00	dE -31.37	batch_acc 0.8900
[INFO  17:27:08] 20%:	E: 0.00	dE -32.30	batch_acc 0.8940
[INFO  17:27:10] 30%:	E: 0.00	dE -31.84	batch_acc 0.8860
[INFO  17:27:13] 40%:	E: 0.00	dE -33.41	batch_acc 0.8820
[INFO  17:27:15] 50%:	E: 0.00	dE -32.48	batch_acc 0.8840
[INFO  17:27:17] 60%:	E: 0.00	dE -32.31	batch_acc 0.8850
[INFO  17:27:20] 70%:	E: 0.00	dE -30.83	batch_acc 0.8980
[INFO  17:27:22] 80%:	E: 0.00	dE -31.25	batch_acc 0.8910
[INFO  17:27:24] 90%:	E: 0.00	dE -31.41	batch_acc 0.8890
[INFO  17:27:28] epoch: 13 	 test_acc: 0.8668 	 mean_E: 0.0000
[INFO  17:27:28] 0%:	E: 0.00	dE -28.54	batch_acc 0.9070
[INFO  17:27:31] 10%:	E: 0.00	dE -29.66	batch_acc 0.9030
[INFO  17:27:33] 20%:	E: 0.00	dE -32.87	batch_acc 0.8900
[INFO  17:27:35] 30%:	E: 0.00	dE -32.05	batch_acc 0.8910
[INFO  17:27:37] 40%:	E: 0.00	dE -33.89	batch_acc 0.8760
[INFO  17:27:40] 50%:	E: 0.00	dE -31.02	batch_acc 0.8980
[INFO  17:27:42] 60%:	E: 0.00	dE -33.20	batch_acc 0.8870
[INFO  17:27:44] 70%:	E: 0.00	dE -30.90	batch_acc 0.8950
[INFO  17:27:47] 80%:	E: 0.00	dE -35.00	batch_acc 0.8730
[INFO  17:27:49] 90%:	E: 0.00	dE -31.52	batch_acc 0.8890
[INFO  17:27:53] epoch: 14 	 test_acc: 0.8662 	 mean_E: 0.0000
[INFO  17:27:53] 0%:	E: 0.00	dE -32.89	batch_acc 0.8880
[INFO  17:27:56] 10%:	E: 0.00	dE -29.96	batch_acc 0.9000
[INFO  17:27:58] 20%:	E: 0.00	dE -34.44	batch_acc 0.8720
[INFO  17:28:00] 30%:	E: 0.00	dE -29.51	batch_acc 0.8990
[INFO  17:28:03] 40%:	E: 0.00	dE -30.35	batch_acc 0.9050
[INFO  17:28:05] 50%:	E: 0.00	dE -29.86	batch_acc 0.8940
[INFO  17:28:08] 60%:	E: 0.00	dE -29.65	batch_acc 0.8980
[INFO  17:28:10] 70%:	E: 0.00	dE -31.03	batch_acc 0.8890
[INFO  17:28:12] 80%:	E: 0.00	dE -30.26	batch_acc 0.8980
[INFO  17:28:15] 90%:	E: 0.00	dE -33.11	batch_acc 0.8800
[INFO  17:28:18] epoch: 15 	 test_acc: 0.8706 	 mean_E: 0.0000
[INFO  17:28:19] 0%:	E: 0.00	dE -30.47	batch_acc 0.8850
[INFO  17:28:21] 10%:	E: 0.00	dE -27.55	batch_acc 0.9080
[INFO  17:28:23] 20%:	E: 0.00	dE -33.20	batch_acc 0.8910
[INFO  17:28:26] 30%:	E: 0.00	dE -30.91	batch_acc 0.8930
[INFO  17:28:28] 40%:	E: 0.00	dE -29.28	batch_acc 0.8990
[INFO  17:28:31] 50%:	E: 0.00	dE -30.04	batch_acc 0.8980
[INFO  17:28:33] 60%:	E: 0.00	dE -32.52	batch_acc 0.8740
[INFO  17:28:35] 70%:	E: 0.00	dE -31.76	batch_acc 0.8930
[INFO  17:28:37] 80%:	E: 0.00	dE -30.85	batch_acc 0.8910
[INFO  17:28:39] 90%:	E: 0.00	dE -31.90	batch_acc 0.8950
[INFO  17:28:42] epoch: 16 	 test_acc: 0.8706 	 mean_E: 0.0000
[INFO  17:28:43] 0%:	E: 0.00	dE -33.85	batch_acc 0.8870
[INFO  17:28:45] 10%:	E: 0.00	dE -30.31	batch_acc 0.8960
[INFO  17:28:47] 20%:	E: 0.00	dE -36.13	batch_acc 0.8720
[INFO  17:28:49] 30%:	E: 0.00	dE -30.05	batch_acc 0.8950
[INFO  17:28:52] 40%:	E: 0.00	dE -29.68	batch_acc 0.9070
[INFO  17:28:54] 50%:	E: 0.00	dE -29.52	batch_acc 0.8980
[INFO  17:28:56] 60%:	E: 0.00	dE -30.19	batch_acc 0.8900
[INFO  17:28:59] 70%:	E: 0.00	dE -31.18	batch_acc 0.8960
[INFO  17:29:01] 80%:	E: 0.00	dE -30.62	batch_acc 0.9050
[INFO  17:29:03] 90%:	E: 0.00	dE -29.38	batch_acc 0.8960
[INFO  17:29:06] epoch: 17 	 test_acc: 0.8756 	 mean_E: 0.0000
[INFO  17:29:07] 0%:	E: 0.00	dE -29.85	batch_acc 0.9030
[INFO  17:29:09] 10%:	E: 0.00	dE -29.09	batch_acc 0.9000
[INFO  17:29:11] 20%:	E: 0.00	dE -28.71	batch_acc 0.9000
[INFO  17:29:14] 30%:	E: 0.00	dE -31.33	batch_acc 0.8950
[INFO  17:29:16] 40%:	E: 0.00	dE -29.39	batch_acc 0.9020
[INFO  17:29:18] 50%:	E: 0.00	dE -31.67	batch_acc 0.8930
[INFO  17:29:20] 60%:	E: 0.00	dE -31.06	batch_acc 0.8860
[INFO  17:29:23] 70%:	E: 0.00	dE -29.93	batch_acc 0.8950
[INFO  17:29:25] 80%:	E: 0.00	dE -33.31	batch_acc 0.8810
[INFO  17:29:27] 90%:	E: 0.00	dE -30.42	batch_acc 0.8900
[INFO  17:29:31] epoch: 18 	 test_acc: 0.8735 	 mean_E: 0.0000
[INFO  17:29:31] 0%:	E: 0.00	dE -31.29	batch_acc 0.8960
[INFO  17:29:33] 10%:	E: 0.00	dE -29.83	batch_acc 0.8900
[INFO  17:29:36] 20%:	E: 0.00	dE -29.24	batch_acc 0.8930
[INFO  17:29:38] 30%:	E: 0.00	dE -29.47	batch_acc 0.8900
[INFO  17:29:40] 40%:	E: 0.00	dE -31.86	batch_acc 0.8830
[INFO  17:29:43] 50%:	E: 0.00	dE -27.76	batch_acc 0.9030
[INFO  17:29:45] 60%:	E: 0.00	dE -32.28	batch_acc 0.8690
[INFO  17:29:47] 70%:	E: 0.00	dE -26.54	batch_acc 0.9160
[INFO  17:29:49] 80%:	E: 0.00	dE -28.64	batch_acc 0.9040
[INFO  17:29:51] 90%:	E: 0.00	dE -29.67	batch_acc 0.8890
[INFO  17:29:54] epoch: 19 	 test_acc: 0.8769 	 mean_E: 0.0000
[INFO  17:29:55] 0%:	E: 0.00	dE -29.05	batch_acc 0.9030
[INFO  17:29:57] 10%:	E: 0.00	dE -30.55	batch_acc 0.8900
[INFO  17:29:59] 20%:	E: 0.00	dE -29.76	batch_acc 0.9020
[INFO  17:30:02] 30%:	E: 0.00	dE -29.35	batch_acc 0.9060
[INFO  17:30:04] 40%:	E: 0.00	dE -28.74	batch_acc 0.9040
[INFO  17:30:06] 50%:	E: 0.00	dE -31.82	batch_acc 0.8810
[INFO  17:30:08] 60%:	E: 0.00	dE -29.88	batch_acc 0.9000
[INFO  17:30:11] 70%:	E: 0.00	dE -26.15	batch_acc 0.9080
[INFO  17:30:13] 80%:	E: 0.00	dE -26.11	batch_acc 0.9090
[INFO  17:30:15] 90%:	E: 0.00	dE -30.79	batch_acc 0.8970
[INFO  17:30:19] epoch: 20 	 test_acc: 0.8776 	 mean_E: 0.0000
[INFO  17:30:19] 0%:	E: 0.00	dE -28.73	batch_acc 0.9050
[INFO  17:30:21] 10%:	E: 0.00	dE -28.63	batch_acc 0.9020
[INFO  17:30:24] 20%:	E: 0.00	dE -30.16	batch_acc 0.8930
[INFO  17:30:26] 30%:	E: 0.00	dE -27.00	batch_acc 0.9130
[INFO  17:30:28] 40%:	E: 0.00	dE -27.19	batch_acc 0.9100
[INFO  17:30:31] 50%:	E: 0.00	dE -28.58	batch_acc 0.8960
[INFO  17:30:33] 60%:	E: 0.00	dE -27.91	batch_acc 0.9030
[INFO  17:30:35] 70%:	E: 0.00	dE -28.65	batch_acc 0.8940
[INFO  17:30:38] 80%:	E: 0.00	dE -25.61	batch_acc 0.9150
[INFO  17:30:40] 90%:	E: 0.00	dE -28.92	batch_acc 0.8970
[INFO  17:30:43] epoch: 21 	 test_acc: 0.8783 	 mean_E: 0.0000
[INFO  17:30:44] 0%:	E: 0.00	dE -29.27	batch_acc 0.8990
[INFO  17:30:46] 10%:	E: 0.00	dE -27.47	batch_acc 0.9110
[INFO  17:30:48] 20%:	E: 0.00	dE -29.02	batch_acc 0.8960
[INFO  17:30:51] 30%:	E: 0.00	dE -28.58	batch_acc 0.8960
[INFO  17:30:53] 40%:	E: 0.00	dE -26.15	batch_acc 0.9070
[INFO  17:30:55] 50%:	E: 0.00	dE -28.28	batch_acc 0.9030
[INFO  17:30:58] 60%:	E: 0.00	dE -28.11	batch_acc 0.9050
[INFO  17:31:00] 70%:	E: 0.00	dE -27.84	batch_acc 0.9030
[INFO  17:31:03] 80%:	E: 0.00	dE -26.06	batch_acc 0.9120
[INFO  17:31:05] 90%:	E: 0.00	dE -30.13	batch_acc 0.8980
[INFO  17:31:08] epoch: 22 	 test_acc: 0.8800 	 mean_E: 0.0000
[INFO  17:31:09] 0%:	E: 0.00	dE -27.86	batch_acc 0.9090
[INFO  17:31:11] 10%:	E: 0.00	dE -28.78	batch_acc 0.9030
[INFO  17:31:14] 20%:	E: 0.00	dE -28.22	batch_acc 0.9060
[INFO  17:31:16] 30%:	E: 0.00	dE -28.87	batch_acc 0.8990
[INFO  17:31:18] 40%:	E: 0.00	dE -28.16	batch_acc 0.8990
[INFO  17:31:21] 50%:	E: 0.00	dE -27.53	batch_acc 0.9080
[INFO  17:31:23] 60%:	E: 0.00	dE -26.80	batch_acc 0.9070
[INFO  17:31:25] 70%:	E: 0.00	dE -27.28	batch_acc 0.9090
[INFO  17:31:28] 80%:	E: 0.00	dE -25.27	batch_acc 0.9190
[INFO  17:31:30] 90%:	E: 0.00	dE -28.23	batch_acc 0.8960
[INFO  17:31:33] epoch: 23 	 test_acc: 0.8810 	 mean_E: 0.0000
[INFO  17:31:34] 0%:	E: 0.00	dE -28.37	batch_acc 0.9040
[INFO  17:31:36] 10%:	E: 0.00	dE -26.42	batch_acc 0.9200
[INFO  17:31:38] 20%:	E: 0.00	dE -24.99	batch_acc 0.9240
[INFO  17:31:40] 30%:	E: 0.00	dE -26.15	batch_acc 0.9160
[INFO  17:31:42] 40%:	E: 0.00	dE -27.50	batch_acc 0.9090
[INFO  17:31:45] 50%:	E: 0.00	dE -24.79	batch_acc 0.9260
[INFO  17:31:47] 60%:	E: 0.00	dE -28.31	batch_acc 0.9040
[INFO  17:31:49] 70%:	E: 0.00	dE -29.27	batch_acc 0.9000
[INFO  17:31:52] 80%:	E: 0.00	dE -25.80	batch_acc 0.9210
[INFO  17:31:54] 90%:	E: 0.00	dE -28.41	batch_acc 0.8980
[INFO  17:31:57] epoch: 24 	 test_acc: 0.8813 	 mean_E: 0.0000
[INFO  17:31:58] 0%:	E: 0.00	dE -27.40	batch_acc 0.9100
[INFO  17:32:00] 10%:	E: 0.00	dE -22.66	batch_acc 0.9310
[INFO  17:32:02] 20%:	E: 0.00	dE -27.19	batch_acc 0.9010
[INFO  17:32:04] 30%:	E: 0.00	dE -27.61	batch_acc 0.9010
[INFO  17:32:07] 40%:	E: 0.00	dE -25.82	batch_acc 0.9100
[INFO  17:32:09] 50%:	E: 0.00	dE -25.58	batch_acc 0.9130
[INFO  17:32:11] 60%:	E: 0.00	dE -26.38	batch_acc 0.9170
[INFO  17:32:13] 70%:	E: 0.00	dE -26.20	batch_acc 0.9140
[INFO  17:32:16] 80%:	E: 0.00	dE -26.67	batch_acc 0.9110
[INFO  17:32:18] 90%:	E: 0.00	dE -28.71	batch_acc 0.8880
[INFO  17:32:21] epoch: 25 	 test_acc: 0.8812 	 mean_E: 0.0000
[INFO  17:32:22] 0%:	E: 0.00	dE -28.48	batch_acc 0.9040
[INFO  17:32:24] 10%:	E: 0.00	dE -28.35	batch_acc 0.9060
[INFO  17:32:26] 20%:	E: 0.00	dE -27.34	batch_acc 0.9070
[INFO  17:32:29] 30%:	E: 0.00	dE -26.54	batch_acc 0.9100
[INFO  17:32:31] 40%:	E: 0.00	dE -27.21	batch_acc 0.9080
[INFO  17:32:33] 50%:	E: 0.00	dE -26.62	batch_acc 0.9120
[INFO  17:32:36] 60%:	E: 0.00	dE -27.55	batch_acc 0.8960
[INFO  17:32:38] 70%:	E: 0.00	dE -25.44	batch_acc 0.9060
[INFO  17:32:40] 80%:	E: 0.00	dE -25.81	batch_acc 0.9050
[INFO  17:32:43] 90%:	E: 0.00	dE -27.11	batch_acc 0.9060
[INFO  17:32:46] epoch: 26 	 test_acc: 0.8821 	 mean_E: 0.0000
[INFO  17:32:46] 0%:	E: 0.00	dE -24.28	batch_acc 0.9210
[INFO  17:32:49] 10%:	E: 0.00	dE -29.83	batch_acc 0.8860
[INFO  17:32:51] 20%:	E: 0.00	dE -25.56	batch_acc 0.9140
[INFO  17:32:53] 30%:	E: 0.00	dE -25.08	batch_acc 0.9140
[INFO  17:32:55] 40%:	E: 0.00	dE -27.99	batch_acc 0.9030
[INFO  17:32:58] 50%:	E: 0.00	dE -25.66	batch_acc 0.9190
[INFO  17:33:00] 60%:	E: 0.00	dE -25.85	batch_acc 0.9170
[INFO  17:33:02] 70%:	E: 0.00	dE -29.64	batch_acc 0.8960
[INFO  17:33:04] 80%:	E: 0.00	dE -24.92	batch_acc 0.9150
[INFO  17:33:07] 90%:	E: 0.00	dE -25.86	batch_acc 0.9110
[INFO  17:33:10] epoch: 27 	 test_acc: 0.8824 	 mean_E: 0.0000
[INFO  17:33:11] 0%:	E: 0.00	dE -23.31	batch_acc 0.9290
[INFO  17:33:13] 10%:	E: 0.00	dE -24.31	batch_acc 0.9250
[INFO  17:33:15] 20%:	E: 0.00	dE -23.08	batch_acc 0.9280
[INFO  17:33:18] 30%:	E: 0.00	dE -24.92	batch_acc 0.9180
[INFO  17:33:20] 40%:	E: 0.00	dE -25.93	batch_acc 0.9080
[INFO  17:33:22] 50%:	E: 0.00	dE -26.27	batch_acc 0.9180
[INFO  17:33:25] 60%:	E: 0.00	dE -27.29	batch_acc 0.9010
[INFO  17:33:27] 70%:	E: 0.00	dE -26.06	batch_acc 0.9100
[INFO  17:33:29] 80%:	E: 0.00	dE -27.00	batch_acc 0.9060
[INFO  17:33:31] 90%:	E: 0.00	dE -25.97	batch_acc 0.9090
[INFO  17:33:34] epoch: 28 	 test_acc: 0.8839 	 mean_E: 0.0000
[INFO  17:33:35] 0%:	E: 0.00	dE -27.59	batch_acc 0.9000
[INFO  17:33:37] 10%:	E: 0.00	dE -24.94	batch_acc 0.9150
[INFO  17:33:39] 20%:	E: 0.00	dE -25.83	batch_acc 0.9090
[INFO  17:33:42] 30%:	E: 0.00	dE -24.17	batch_acc 0.9280
[INFO  17:33:44] 40%:	E: 0.00	dE -28.20	batch_acc 0.8900
[INFO  17:33:46] 50%:	E: 0.00	dE -25.76	batch_acc 0.9130
[INFO  17:33:49] 60%:	E: 0.00	dE -23.39	batch_acc 0.9230
[INFO  17:33:51] 70%:	E: 0.00	dE -26.29	batch_acc 0.9130
[INFO  17:33:53] 80%:	E: 0.00	dE -26.29	batch_acc 0.9120
[INFO  17:33:55] 90%:	E: 0.00	dE -26.98	batch_acc 0.9120
[INFO  17:33:59] epoch: 29 	 test_acc: 0.8835 	 mean_E: 0.0000
[INFO  17:33:59] 0%:	E: 0.00	dE -26.58	batch_acc 0.9080
[INFO  17:34:02] 10%:	E: 0.00	dE -24.79	batch_acc 0.9180
[INFO  17:34:04] 20%:	E: 0.00	dE -23.89	batch_acc 0.9110
[INFO  17:34:06] 30%:	E: 0.00	dE -25.94	batch_acc 0.9120
[INFO  17:34:08] 40%:	E: 0.00	dE -24.59	batch_acc 0.9250
[INFO  17:34:11] 50%:	E: 0.00	dE -25.56	batch_acc 0.9170
[INFO  17:34:13] 60%:	E: 0.00	dE -25.69	batch_acc 0.9170
[INFO  17:34:15] 70%:	E: 0.00	dE -27.85	batch_acc 0.8980
[INFO  17:34:17] 80%:	E: 0.00	dE -25.97	batch_acc 0.9190
[INFO  17:34:19] 90%:	E: 0.00	dE -24.93	batch_acc 0.9140
[INFO  17:34:22] epoch: 30 	 test_acc: 0.8857 	 mean_E: 0.0000
[INFO  17:34:23] 0%:	E: 0.00	dE -25.02	batch_acc 0.9200
[INFO  17:34:25] 10%:	E: 0.00	dE -25.69	batch_acc 0.9040
[INFO  17:34:28] 20%:	E: 0.00	dE -27.78	batch_acc 0.9080
[INFO  17:34:30] 30%:	E: 0.00	dE -24.78	batch_acc 0.9280
[INFO  17:34:32] 40%:	E: 0.00	dE -23.10	batch_acc 0.9240
[INFO  17:34:35] 50%:	E: 0.00	dE -24.59	batch_acc 0.9230
[INFO  17:34:37] 60%:	E: 0.00	dE -23.69	batch_acc 0.9260
[INFO  17:34:39] 70%:	E: 0.00	dE -25.35	batch_acc 0.9120
[INFO  17:34:42] 80%:	E: 0.00	dE -26.38	batch_acc 0.9070
[INFO  17:34:44] 90%:	E: 0.00	dE -22.97	batch_acc 0.9220
[INFO  17:34:47] epoch: 31 	 test_acc: 0.8858 	 mean_E: 0.0000
[INFO  17:34:48] 0%:	E: 0.00	dE -24.64	batch_acc 0.9220
[INFO  17:34:50] 10%:	E: 0.00	dE -25.36	batch_acc 0.9210
[INFO  17:34:52] 20%:	E: 0.00	dE -23.82	batch_acc 0.9230
[INFO  17:34:55] 30%:	E: 0.00	dE -25.25	batch_acc 0.9050
[INFO  17:34:57] 40%:	E: 0.00	dE -23.35	batch_acc 0.9270
[INFO  17:34:59] 50%:	E: 0.00	dE -25.84	batch_acc 0.9120
[INFO  17:35:02] 60%:	E: 0.00	dE -24.32	batch_acc 0.9210
[INFO  17:35:04] 70%:	E: 0.00	dE -24.33	batch_acc 0.9240
[INFO  17:35:06] 80%:	E: 0.00	dE -25.86	batch_acc 0.9200
[INFO  17:35:09] 90%:	E: 0.00	dE -25.69	batch_acc 0.9150
[INFO  17:35:12] epoch: 32 	 test_acc: 0.8855 	 mean_E: 0.0000
[INFO  17:35:13] 0%:	E: 0.00	dE -24.98	batch_acc 0.9130
[INFO  17:35:15] 10%:	E: 0.00	dE -23.14	batch_acc 0.9230
[INFO  17:35:17] 20%:	E: 0.00	dE -26.08	batch_acc 0.9140
[INFO  17:35:19] 30%:	E: 0.00	dE -24.67	batch_acc 0.9230
[INFO  17:35:22] 40%:	E: 0.00	dE -24.65	batch_acc 0.9210
[INFO  17:35:24] 50%:	E: 0.00	dE -25.08	batch_acc 0.9240
[INFO  17:35:27] 60%:	E: 0.00	dE -24.38	batch_acc 0.9180
[INFO  17:35:29] 70%:	E: 0.00	dE -23.45	batch_acc 0.9190
[INFO  17:35:31] 80%:	E: 0.00	dE -23.84	batch_acc 0.9240
[INFO  17:35:34] 90%:	E: 0.00	dE -23.55	batch_acc 0.9220
[INFO  17:35:37] epoch: 33 	 test_acc: 0.8881 	 mean_E: 0.0000
[INFO  17:35:38] 0%:	E: 0.00	dE -23.09	batch_acc 0.9290
[INFO  17:35:40] 10%:	E: 0.00	dE -21.99	batch_acc 0.9280
[INFO  17:35:42] 20%:	E: 0.00	dE -25.41	batch_acc 0.9100
[INFO  17:35:45] 30%:	E: 0.00	dE -23.56	batch_acc 0.9260
[INFO  17:35:47] 40%:	E: 0.00	dE -23.00	batch_acc 0.9260
[INFO  17:35:49] 50%:	E: 0.00	dE -24.53	batch_acc 0.9150
[INFO  17:35:51] 60%:	E: 0.00	dE -26.12	batch_acc 0.9040
[INFO  17:35:54] 70%:	E: 0.00	dE -26.76	batch_acc 0.9050
[INFO  17:35:56] 80%:	E: 0.00	dE -22.14	batch_acc 0.9310
[INFO  17:35:58] 90%:	E: 0.00	dE -24.54	batch_acc 0.9250
[INFO  17:36:02] epoch: 34 	 test_acc: 0.8874 	 mean_E: 0.0000
[INFO  17:36:02] 0%:	E: 0.00	dE -25.93	batch_acc 0.9070
[INFO  17:36:05] 10%:	E: 0.00	dE -22.92	batch_acc 0.9270
[INFO  17:36:07] 20%:	E: 0.00	dE -22.73	batch_acc 0.9170
[INFO  17:36:09] 30%:	E: 0.00	dE -23.39	batch_acc 0.9360
[INFO  17:36:12] 40%:	E: 0.00	dE -24.28	batch_acc 0.9300
[INFO  17:36:14] 50%:	E: 0.00	dE -22.52	batch_acc 0.9320
[INFO  17:36:16] 60%:	E: 0.00	dE -22.21	batch_acc 0.9400
[INFO  17:36:19] 70%:	E: 0.00	dE -21.75	batch_acc 0.9290
[INFO  17:36:21] 80%:	E: 0.00	dE -23.59	batch_acc 0.9150
[INFO  17:36:24] 90%:	E: 0.00	dE -25.30	batch_acc 0.9170
[INFO  17:36:27] epoch: 35 	 test_acc: 0.8881 	 mean_E: 0.0000
[INFO  17:36:28] 0%:	E: 0.00	dE -24.98	batch_acc 0.9250
[INFO  17:36:30] 10%:	E: 0.00	dE -22.90	batch_acc 0.9250
[INFO  17:36:32] 20%:	E: 0.00	dE -19.95	batch_acc 0.9430
[INFO  17:36:35] 30%:	E: 0.00	dE -21.61	batch_acc 0.9370
[INFO  17:36:37] 40%:	E: 0.00	dE -24.17	batch_acc 0.9140
[INFO  17:36:39] 50%:	E: 0.00	dE -24.28	batch_acc 0.9150
[INFO  17:36:41] 60%:	E: 0.00	dE -22.55	batch_acc 0.9350
[INFO  17:36:43] 70%:	E: 0.00	dE -22.58	batch_acc 0.9220
[INFO  17:36:45] 80%:	E: 0.00	dE -24.54	batch_acc 0.9250
[INFO  17:36:47] 90%:	E: 0.00	dE -25.07	batch_acc 0.9080
[INFO  17:36:51] epoch: 36 	 test_acc: 0.8886 	 mean_E: 0.0000
[INFO  17:36:51] 0%:	E: 0.00	dE -23.16	batch_acc 0.9270
[INFO  17:36:54] 10%:	E: 0.00	dE -23.97	batch_acc 0.9220
[INFO  17:36:56] 20%:	E: 0.00	dE -22.56	batch_acc 0.9330
[INFO  17:36:58] 30%:	E: 0.00	dE -23.35	batch_acc 0.9200
[INFO  17:37:01] 40%:	E: 0.00	dE -23.27	batch_acc 0.9240
[INFO  17:37:03] 50%:	E: 0.00	dE -24.64	batch_acc 0.9110
[INFO  17:37:05] 60%:	E: 0.00	dE -22.16	batch_acc 0.9310
[INFO  17:37:08] 70%:	E: 0.00	dE -23.16	batch_acc 0.9290
[INFO  17:37:10] 80%:	E: 0.00	dE -23.08	batch_acc 0.9260
[INFO  17:37:12] 90%:	E: 0.00	dE -24.40	batch_acc 0.9230
[INFO  17:37:16] epoch: 37 	 test_acc: 0.8897 	 mean_E: 0.0000
[INFO  17:37:16] 0%:	E: 0.00	dE -20.42	batch_acc 0.9410
[INFO  17:37:19] 10%:	E: 0.00	dE -23.22	batch_acc 0.9320
[INFO  17:37:21] 20%:	E: 0.00	dE -22.16	batch_acc 0.9270
[INFO  17:37:23] 30%:	E: 0.00	dE -22.68	batch_acc 0.9320
[INFO  17:37:25] 40%:	E: 0.00	dE -22.84	batch_acc 0.9300
[INFO  17:37:27] 50%:	E: 0.00	dE -22.01	batch_acc 0.9330
[INFO  17:37:29] 60%:	E: 0.00	dE -22.38	batch_acc 0.9250
[INFO  17:37:31] 70%:	E: 0.00	dE -21.26	batch_acc 0.9330
[INFO  17:37:33] 80%:	E: 0.00	dE -22.84	batch_acc 0.9410
[INFO  17:37:35] 90%:	E: 0.00	dE -25.56	batch_acc 0.9100
[INFO  17:37:39] epoch: 38 	 test_acc: 0.8909 	 mean_E: 0.0000
[INFO  17:37:39] 0%:	E: 0.00	dE -21.57	batch_acc 0.9360
[INFO  17:37:42] 10%:	E: 0.00	dE -23.09	batch_acc 0.9260
[INFO  17:37:44] 20%:	E: 0.00	dE -24.23	batch_acc 0.9200
[INFO  17:37:46] 30%:	E: 0.00	dE -24.57	batch_acc 0.9170
[INFO  17:37:49] 40%:	E: 0.00	dE -24.09	batch_acc 0.9300
[INFO  17:37:51] 50%:	E: 0.00	dE -23.64	batch_acc 0.9300
[INFO  17:37:54] 60%:	E: 0.00	dE -22.45	batch_acc 0.9300
[INFO  17:37:56] 70%:	E: 0.00	dE -25.19	batch_acc 0.9190
[INFO  17:37:58] 80%:	E: 0.00	dE -23.08	batch_acc 0.9220
[INFO  17:38:01] 90%:	E: 0.00	dE -21.49	batch_acc 0.9280
[INFO  17:38:04] epoch: 39 	 test_acc: 0.8900 	 mean_E: 0.0000
[INFO  17:38:05] 0%:	E: 0.00	dE -21.59	batch_acc 0.9340
[INFO  17:38:07] 10%:	E: 0.00	dE -23.70	batch_acc 0.9210
[INFO  17:38:09] 20%:	E: 0.00	dE -20.02	batch_acc 0.9450
[INFO  17:38:12] 30%:	E: 0.00	dE -23.20	batch_acc 0.9280
[INFO  17:38:14] 40%:	E: 0.00	dE -24.34	batch_acc 0.9160
[INFO  17:38:16] 50%:	E: 0.00	dE -21.39	batch_acc 0.9480
[INFO  17:38:19] 60%:	E: 0.00	dE -22.07	batch_acc 0.9320
[INFO  17:38:21] 70%:	E: 0.00	dE -24.32	batch_acc 0.9270
[INFO  17:38:24] 80%:	E: 0.00	dE -24.56	batch_acc 0.9220
[INFO  17:38:26] 90%:	E: 0.00	dE -22.50	batch_acc 0.9350
[INFO  17:38:29] epoch: 40 	 test_acc: 0.8915 	 mean_E: 0.0000
[INFO  17:38:30] 0%:	E: 0.00	dE -20.58	batch_acc 0.9330
[INFO  17:38:32] 10%:	E: 0.00	dE -22.15	batch_acc 0.9310
[INFO  17:38:35] 20%:	E: 0.00	dE -20.91	batch_acc 0.9430
[INFO  17:38:37] 30%:	E: 0.00	dE -22.12	batch_acc 0.9270
[INFO  17:38:39] 40%:	E: 0.00	dE -22.60	batch_acc 0.9270
[INFO  17:38:41] 50%:	E: 0.00	dE -23.72	batch_acc 0.9280
[INFO  17:38:43] 60%:	E: 0.00	dE -23.28	batch_acc 0.9240
[INFO  17:38:46] 70%:	E: 0.00	dE -21.05	batch_acc 0.9360
[INFO  17:38:48] 80%:	E: 0.00	dE -21.23	batch_acc 0.9310
[INFO  17:38:50] 90%:	E: 0.00	dE -21.91	batch_acc 0.9350
[INFO  17:38:54] epoch: 41 	 test_acc: 0.8898 	 mean_E: 0.0000
[INFO  17:38:54] 0%:	E: 0.00	dE -20.92	batch_acc 0.9390
[INFO  17:38:57] 10%:	E: 0.00	dE -21.40	batch_acc 0.9440
[INFO  17:38:59] 20%:	E: 0.00	dE -22.18	batch_acc 0.9420
[INFO  17:39:01] 30%:	E: 0.00	dE -22.16	batch_acc 0.9290
[INFO  17:39:04] 40%:	E: 0.00	dE -20.93	batch_acc 0.9420
[INFO  17:39:06] 50%:	E: 0.00	dE -22.60	batch_acc 0.9240
[INFO  17:39:08] 60%:	E: 0.00	dE -22.67	batch_acc 0.9280
[INFO  17:39:11] 70%:	E: 0.00	dE -21.52	batch_acc 0.9370
[INFO  17:39:13] 80%:	E: 0.00	dE -22.73	batch_acc 0.9230
[INFO  17:39:16] 90%:	E: 0.00	dE -22.90	batch_acc 0.9280
[INFO  17:39:19] epoch: 42 	 test_acc: 0.8919 	 mean_E: 0.0000
[INFO  17:39:20] 0%:	E: 0.00	dE -19.63	batch_acc 0.9440
[INFO  17:39:22] 10%:	E: 0.00	dE -22.22	batch_acc 0.9270
[INFO  17:39:24] 20%:	E: 0.00	dE -22.31	batch_acc 0.9300
[INFO  17:39:27] 30%:	E: 0.00	dE -24.07	batch_acc 0.9230
[INFO  17:39:29] 40%:	E: 0.00	dE -19.81	batch_acc 0.9420
[INFO  17:39:31] 50%:	E: 0.00	dE -21.80	batch_acc 0.9320
[INFO  17:39:34] 60%:	E: 0.00	dE -21.59	batch_acc 0.9350
[INFO  17:39:36] 70%:	E: 0.00	dE -22.73	batch_acc 0.9230
[INFO  17:39:39] 80%:	E: 0.00	dE -20.62	batch_acc 0.9430
[INFO  17:39:41] 90%:	E: 0.00	dE -21.09	batch_acc 0.9390
[INFO  17:39:44] epoch: 43 	 test_acc: 0.8925 	 mean_E: 0.0000
[INFO  17:39:44] 0%:	E: 0.00	dE -19.71	batch_acc 0.9430
[INFO  17:39:47] 10%:	E: 0.00	dE -21.78	batch_acc 0.9330
[INFO  17:39:49] 20%:	E: 0.00	dE -20.37	batch_acc 0.9400
[INFO  17:39:51] 30%:	E: 0.00	dE -19.27	batch_acc 0.9490
[INFO  17:39:54] 40%:	E: 0.00	dE -21.44	batch_acc 0.9360
[INFO  17:39:56] 50%:	E: 0.00	dE -21.86	batch_acc 0.9340
[INFO  17:39:58] 60%:	E: 0.00	dE -21.03	batch_acc 0.9360
[INFO  17:40:01] 70%:	E: 0.00	dE -22.77	batch_acc 0.9180
[INFO  17:40:03] 80%:	E: 0.00	dE -22.18	batch_acc 0.9410
[INFO  17:40:05] 90%:	E: 0.00	dE -20.01	batch_acc 0.9410
[INFO  17:40:08] epoch: 44 	 test_acc: 0.8929 	 mean_E: 0.0000
[INFO  17:40:09] 0%:	E: 0.00	dE -19.82	batch_acc 0.9490
[INFO  17:40:11] 10%:	E: 0.00	dE -22.60	batch_acc 0.9350
[INFO  17:40:14] 20%:	E: 0.00	dE -22.31	batch_acc 0.9340
[INFO  17:40:16] 30%:	E: 0.00	dE -24.16	batch_acc 0.9280
[INFO  17:40:18] 40%:	E: 0.00	dE -20.35	batch_acc 0.9370
[INFO  17:40:21] 50%:	E: 0.00	dE -19.98	batch_acc 0.9360
[INFO  17:40:23] 60%:	E: 0.00	dE -22.79	batch_acc 0.9230
[INFO  17:40:26] 70%:	E: 0.00	dE -20.64	batch_acc 0.9430
[INFO  17:40:28] 80%:	E: 0.00	dE -21.21	batch_acc 0.9410
[INFO  17:40:30] 90%:	E: 0.00	dE -21.10	batch_acc 0.9310
[INFO  17:40:34] epoch: 45 	 test_acc: 0.8926 	 mean_E: 0.0000
[INFO  17:40:34] 0%:	E: 0.00	dE -22.40	batch_acc 0.9290
[INFO  17:40:37] 10%:	E: 0.00	dE -21.11	batch_acc 0.9350
[INFO  17:40:39] 20%:	E: 0.00	dE -21.38	batch_acc 0.9320
[INFO  17:40:41] 30%:	E: 0.00	dE -22.57	batch_acc 0.9300
[INFO  17:40:44] 40%:	E: 0.00	dE -19.98	batch_acc 0.9440
[INFO  17:40:46] 50%:	E: 0.00	dE -22.67	batch_acc 0.9300
[INFO  17:40:49] 60%:	E: 0.00	dE -23.61	batch_acc 0.9200
[INFO  17:40:51] 70%:	E: 0.00	dE -20.94	batch_acc 0.9430
[INFO  17:40:53] 80%:	E: 0.00	dE -23.47	batch_acc 0.9350
[INFO  17:40:56] 90%:	E: 0.00	dE -22.63	batch_acc 0.9370
[INFO  17:40:59] epoch: 46 	 test_acc: 0.8930 	 mean_E: 0.0000
[INFO  17:40:59] 0%:	E: 0.00	dE -20.59	batch_acc 0.9400
[INFO  17:41:02] 10%:	E: 0.00	dE -19.77	batch_acc 0.9420
[INFO  17:41:04] 20%:	E: 0.00	dE -19.57	batch_acc 0.9460
[INFO  17:41:06] 30%:	E: 0.00	dE -19.07	batch_acc 0.9460
[INFO  17:41:09] 40%:	E: 0.00	dE -21.96	batch_acc 0.9380
[INFO  17:41:11] 50%:	E: 0.00	dE -22.12	batch_acc 0.9300
[INFO  17:41:13] 60%:	E: 0.00	dE -18.37	batch_acc 0.9540
[INFO  17:41:16] 70%:	E: 0.00	dE -21.57	batch_acc 0.9390
[INFO  17:41:18] 80%:	E: 0.00	dE -18.68	batch_acc 0.9400
[INFO  17:41:20] 90%:	E: 0.00	dE -21.84	batch_acc 0.9370
[INFO  17:41:24] epoch: 47 	 test_acc: 0.8934 	 mean_E: 0.0000
[INFO  17:41:25] 0%:	E: 0.00	dE -19.26	batch_acc 0.9530
[INFO  17:41:27] 10%:	E: 0.00	dE -20.36	batch_acc 0.9410
[INFO  17:41:29] 20%:	E: 0.00	dE -20.36	batch_acc 0.9400
[INFO  17:41:32] 30%:	E: 0.00	dE -21.38	batch_acc 0.9370
[INFO  17:41:34] 40%:	E: 0.00	dE -18.50	batch_acc 0.9470
[INFO  17:41:36] 50%:	E: 0.00	dE -21.28	batch_acc 0.9400
[INFO  17:41:39] 60%:	E: 0.00	dE -20.41	batch_acc 0.9370
[INFO  17:41:41] 70%:	E: 0.00	dE -20.04	batch_acc 0.9430
[INFO  17:41:43] 80%:	E: 0.00	dE -20.64	batch_acc 0.9440
[INFO  17:41:45] 90%:	E: 0.00	dE -22.79	batch_acc 0.9220
[INFO  17:41:48] epoch: 48 	 test_acc: 0.8956 	 mean_E: 0.0000
[INFO  17:41:49] 0%:	E: 0.00	dE -18.89	batch_acc 0.9490
[INFO  17:41:51] 10%:	E: 0.00	dE -19.48	batch_acc 0.9540
[INFO  17:41:53] 20%:	E: 0.00	dE -18.71	batch_acc 0.9390
[INFO  17:41:55] 30%:	E: 0.00	dE -21.92	batch_acc 0.9430
[INFO  17:41:58] 40%:	E: 0.00	dE -22.06	batch_acc 0.9330
[INFO  17:42:00] 50%:	E: 0.00	dE -21.48	batch_acc 0.9330
[INFO  17:42:02] 60%:	E: 0.00	dE -22.16	batch_acc 0.9260
[INFO  17:42:05] 70%:	E: 0.00	dE -19.92	batch_acc 0.9450
[INFO  17:42:07] 80%:	E: 0.00	dE -20.64	batch_acc 0.9380
[INFO  17:42:10] 90%:	E: 0.00	dE -22.16	batch_acc 0.9380
[INFO  17:42:13] epoch: 49 	 test_acc: 0.8916 	 mean_E: 0.0000
[INFO  17:42:14] 0%:	E: 0.00	dE -21.41	batch_acc 0.9440
[INFO  17:42:16] 10%:	E: 0.00	dE -21.53	batch_acc 0.9340
[INFO  17:42:18] 20%:	E: 0.00	dE -20.45	batch_acc 0.9320
[INFO  17:42:21] 30%:	E: 0.00	dE -21.74	batch_acc 0.9410
[INFO  17:42:23] 40%:	E: 0.00	dE -20.76	batch_acc 0.9370
[INFO  17:42:25] 50%:	E: 0.00	dE -18.06	batch_acc 0.9570
[INFO  17:42:27] 60%:	E: 0.00	dE -22.05	batch_acc 0.9290
[INFO  17:42:29] 70%:	E: 0.00	dE -21.11	batch_acc 0.9380
[INFO  17:42:32] 80%:	E: 0.00	dE -17.92	batch_acc 0.9490
[INFO  17:42:34] 90%:	E: 0.00	dE -22.27	batch_acc 0.9380
[INFO  17:42:37] epoch: 50 	 test_acc: 0.8938 	 mean_E: 0.0000
[INFO  17:42:38] 0%:	E: 0.00	dE -21.33	batch_acc 0.9340
[INFO  17:42:40] 10%:	E: 0.00	dE -20.22	batch_acc 0.9390
[INFO  17:42:42] 20%:	E: 0.00	dE -20.11	batch_acc 0.9380
[INFO  17:42:45] 30%:	E: 0.00	dE -18.93	batch_acc 0.9430
[INFO  17:42:47] 40%:	E: 0.00	dE -18.17	batch_acc 0.9480
[INFO  17:42:49] 50%:	E: 0.00	dE -18.50	batch_acc 0.9400
[INFO  17:42:52] 60%:	E: 0.00	dE -20.29	batch_acc 0.9390
[INFO  17:42:54] 70%:	E: 0.00	dE -18.34	batch_acc 0.9600
[INFO  17:42:56] 80%:	E: 0.00	dE -23.62	batch_acc 0.9370
[INFO  17:42:59] 90%:	E: 0.00	dE -19.43	batch_acc 0.9430
[INFO  17:43:02] epoch: 51 	 test_acc: 0.8961 	 mean_E: 0.0000
[INFO  17:43:03] 0%:	E: 0.00	dE -20.89	batch_acc 0.9340
[INFO  17:43:05] 10%:	E: 0.00	dE -21.03	batch_acc 0.9350
[INFO  17:43:07] 20%:	E: 0.00	dE -18.91	batch_acc 0.9570
[INFO  17:43:09] 30%:	E: 0.00	dE -19.21	batch_acc 0.9450
[INFO  17:43:12] 40%:	E: 0.00	dE -20.12	batch_acc 0.9450
[INFO  17:43:14] 50%:	E: 0.00	dE -20.71	batch_acc 0.9330
[INFO  17:43:16] 60%:	E: 0.00	dE -18.35	batch_acc 0.9550
[INFO  17:43:19] 70%:	E: 0.00	dE -20.65	batch_acc 0.9390
[INFO  17:43:21] 80%:	E: 0.00	dE -19.32	batch_acc 0.9490
[INFO  17:43:23] 90%:	E: 0.00	dE -19.72	batch_acc 0.9400
[INFO  17:43:27] epoch: 52 	 test_acc: 0.8944 	 mean_E: 0.0000
[INFO  17:43:27] 0%:	E: 0.00	dE -20.09	batch_acc 0.9430
[INFO  17:43:30] 10%:	E: 0.00	dE -19.79	batch_acc 0.9430
[INFO  17:43:32] 20%:	E: 0.00	dE -18.50	batch_acc 0.9570
[INFO  17:43:34] 30%:	E: 0.00	dE -19.28	batch_acc 0.9510
[INFO  17:43:37] 40%:	E: 0.00	dE -18.52	batch_acc 0.9480
[INFO  17:43:39] 50%:	E: 0.00	dE -19.10	batch_acc 0.9520
[INFO  17:43:41] 60%:	E: 0.00	dE -17.76	batch_acc 0.9520
[INFO  17:43:44] 70%:	E: 0.00	dE -19.75	batch_acc 0.9450
[INFO  17:43:46] 80%:	E: 0.00	dE -18.91	batch_acc 0.9440
[INFO  17:43:48] 90%:	E: 0.00	dE -19.20	batch_acc 0.9440
[INFO  17:43:51] epoch: 53 	 test_acc: 0.8954 	 mean_E: 0.0000
[INFO  17:43:52] 0%:	E: 0.00	dE -17.76	batch_acc 0.9550
[INFO  17:43:54] 10%:	E: 0.00	dE -19.99	batch_acc 0.9410
[INFO  17:43:57] 20%:	E: 0.00	dE -16.64	batch_acc 0.9600
[INFO  17:43:59] 30%:	E: 0.00	dE -19.09	batch_acc 0.9570
[INFO  17:44:01] 40%:	E: 0.00	dE -18.25	batch_acc 0.9480
[INFO  17:44:04] 50%:	E: 0.00	dE -18.79	batch_acc 0.9410
[INFO  17:44:06] 60%:	E: 0.00	dE -18.03	batch_acc 0.9420
[INFO  17:44:08] 70%:	E: 0.00	dE -19.90	batch_acc 0.9300
[INFO  17:44:11] 80%:	E: 0.00	dE -18.60	batch_acc 0.9440
[INFO  17:44:13] 90%:	E: 0.00	dE -21.99	batch_acc 0.9290
[INFO  17:44:16] epoch: 54 	 test_acc: 0.8962 	 mean_E: 0.0000
[INFO  17:44:17] 0%:	E: 0.00	dE -18.24	batch_acc 0.9520
[INFO  17:44:19] 10%:	E: 0.00	dE -20.10	batch_acc 0.9490
[INFO  17:44:22] 20%:	E: 0.00	dE -19.37	batch_acc 0.9450
[INFO  17:44:24] 30%:	E: 0.00	dE -19.41	batch_acc 0.9420
[INFO  17:44:26] 40%:	E: 0.00	dE -20.37	batch_acc 0.9360
[INFO  17:44:29] 50%:	E: 0.00	dE -20.74	batch_acc 0.9450
[INFO  17:44:31] 60%:	E: 0.00	dE -18.51	batch_acc 0.9460
[INFO  17:44:33] 70%:	E: 0.00	dE -18.45	batch_acc 0.9490
[INFO  17:44:36] 80%:	E: 0.00	dE -19.12	batch_acc 0.9500
[INFO  17:44:38] 90%:	E: 0.00	dE -19.57	batch_acc 0.9380
[INFO  17:44:41] epoch: 55 	 test_acc: 0.8957 	 mean_E: 0.0000
[INFO  17:44:42] 0%:	E: 0.00	dE -16.43	batch_acc 0.9580
[INFO  17:44:45] 10%:	E: 0.00	dE -19.30	batch_acc 0.9500
[INFO  17:44:47] 20%:	E: 0.00	dE -18.42	batch_acc 0.9490
[INFO  17:44:49] 30%:	E: 0.00	dE -19.57	batch_acc 0.9510
[INFO  17:44:52] 40%:	E: 0.00	dE -20.06	batch_acc 0.9410
[INFO  17:44:54] 50%:	E: 0.00	dE -19.82	batch_acc 0.9410
[INFO  17:44:56] 60%:	E: 0.00	dE -18.57	batch_acc 0.9510
[INFO  17:44:59] 70%:	E: 0.00	dE -19.46	batch_acc 0.9500
[INFO  17:45:01] 80%:	E: 0.00	dE -19.34	batch_acc 0.9440
[INFO  17:45:03] 90%:	E: 0.00	dE -17.95	batch_acc 0.9570
[INFO  17:45:07] epoch: 56 	 test_acc: 0.8939 	 mean_E: 0.0000
[INFO  17:45:07] 0%:	E: 0.00	dE -17.99	batch_acc 0.9540
[INFO  17:45:10] 10%:	E: 0.00	dE -19.10	batch_acc 0.9480
[INFO  17:45:12] 20%:	E: 0.00	dE -19.03	batch_acc 0.9420
[INFO  17:45:14] 30%:	E: 0.00	dE -16.57	batch_acc 0.9590
[INFO  17:45:17] 40%:	E: 0.00	dE -18.93	batch_acc 0.9540
[INFO  17:45:19] 50%:	E: 0.00	dE -19.28	batch_acc 0.9590
[INFO  17:45:22] 60%:	E: 0.00	dE -19.83	batch_acc 0.9400
[INFO  17:45:24] 70%:	E: 0.00	dE -19.26	batch_acc 0.9450
[INFO  17:45:27] 80%:	E: 0.00	dE -18.72	batch_acc 0.9560
[INFO  17:45:29] 90%:	E: 0.00	dE -18.18	batch_acc 0.9550
[INFO  17:45:32] epoch: 57 	 test_acc: 0.8978 	 mean_E: 0.0000
[INFO  17:45:33] 0%:	E: 0.00	dE -16.66	batch_acc 0.9590
[INFO  17:45:36] 10%:	E: 0.00	dE -18.07	batch_acc 0.9530
[INFO  17:45:38] 20%:	E: 0.00	dE -18.78	batch_acc 0.9430
[INFO  17:45:40] 30%:	E: 0.00	dE -19.56	batch_acc 0.9470
[INFO  17:45:43] 40%:	E: 0.00	dE -15.39	batch_acc 0.9620
[INFO  17:45:45] 50%:	E: 0.00	dE -17.76	batch_acc 0.9500
[INFO  17:45:48] 60%:	E: 0.00	dE -18.11	batch_acc 0.9560
[INFO  17:45:50] 70%:	E: 0.00	dE -19.35	batch_acc 0.9490
[INFO  17:45:53] 80%:	E: 0.00	dE -17.71	batch_acc 0.9630
[INFO  17:45:55] 90%:	E: 0.00	dE -18.05	batch_acc 0.9540
[INFO  17:45:58] epoch: 58 	 test_acc: 0.8965 	 mean_E: 0.0000
[INFO  17:45:59] 0%:	E: 0.00	dE -16.78	batch_acc 0.9550
[INFO  17:46:02] 10%:	E: 0.00	dE -19.45	batch_acc 0.9480
[INFO  17:46:04] 20%:	E: 0.00	dE -19.44	batch_acc 0.9440
[INFO  17:46:06] 30%:	E: 0.00	dE -19.11	batch_acc 0.9380
[INFO  17:46:09] 40%:	E: 0.00	dE -18.53	batch_acc 0.9450
[INFO  17:46:11] 50%:	E: 0.00	dE -19.44	batch_acc 0.9440
[INFO  17:46:14] 60%:	E: 0.00	dE -19.13	batch_acc 0.9500
[INFO  17:46:16] 70%:	E: 0.00	dE -16.89	batch_acc 0.9590
[INFO  17:46:18] 80%:	E: 0.00	dE -17.17	batch_acc 0.9600
[INFO  17:46:20] 90%:	E: 0.00	dE -18.56	batch_acc 0.9570
[INFO  17:46:23] epoch: 59 	 test_acc: 0.8977 	 mean_E: 0.0000
[INFO  17:46:24] 0%:	E: 0.00	dE -16.23	batch_acc 0.9650
[INFO  17:46:26] 10%:	E: 0.00	dE -16.76	batch_acc 0.9600
[INFO  17:46:28] 20%:	E: 0.00	dE -18.52	batch_acc 0.9490
[INFO  17:46:31] 30%:	E: 0.00	dE -16.90	batch_acc 0.9610
[INFO  17:46:33] 40%:	E: 0.00	dE -19.52	batch_acc 0.9510
[INFO  17:46:35] 50%:	E: 0.00	dE -15.96	batch_acc 0.9600
[INFO  17:46:38] 60%:	E: 0.00	dE -19.55	batch_acc 0.9480
[INFO  17:46:40] 70%:	E: 0.00	dE -19.80	batch_acc 0.9450
[INFO  17:46:42] 80%:	E: 0.00	dE -17.91	batch_acc 0.9540
[INFO  17:46:45] 90%:	E: 0.00	dE -18.26	batch_acc 0.9470
[INFO  17:46:48] epoch: 60 	 test_acc: 0.8962 	 mean_E: 0.0000
[INFO  17:46:48] 0%:	E: 0.00	dE -15.82	batch_acc 0.9600
[INFO  17:46:51] 10%:	E: 0.00	dE -18.28	batch_acc 0.9500
[INFO  17:46:53] 20%:	E: 0.00	dE -16.72	batch_acc 0.9580
[INFO  17:46:55] 30%:	E: 0.00	dE -18.13	batch_acc 0.9540
[INFO  17:46:57] 40%:	E: 0.00	dE -20.31	batch_acc 0.9370
[INFO  17:47:00] 50%:	E: 0.00	dE -17.29	batch_acc 0.9580
[INFO  17:47:02] 60%:	E: 0.00	dE -16.06	batch_acc 0.9610
[INFO  17:47:04] 70%:	E: 0.00	dE -16.81	batch_acc 0.9590
[INFO  17:47:07] 80%:	E: 0.00	dE -16.66	batch_acc 0.9630
[INFO  17:47:09] 90%:	E: 0.00	dE -17.52	batch_acc 0.9590
[INFO  17:47:12] epoch: 61 	 test_acc: 0.8976 	 mean_E: 0.0000
[INFO  17:47:13] 0%:	E: 0.00	dE -17.66	batch_acc 0.9580
[INFO  17:47:15] 10%:	E: 0.00	dE -17.43	batch_acc 0.9580
[INFO  17:47:18] 20%:	E: 0.00	dE -16.34	batch_acc 0.9570
[INFO  17:47:20] 30%:	E: 0.00	dE -17.73	batch_acc 0.9630
[INFO  17:47:22] 40%:	E: 0.00	dE -15.76	batch_acc 0.9600
[INFO  17:47:24] 50%:	E: 0.00	dE -16.76	batch_acc 0.9530
[INFO  17:47:27] 60%:	E: 0.00	dE -17.08	batch_acc 0.9480
[INFO  17:47:29] 70%:	E: 0.00	dE -16.88	batch_acc 0.9480
[INFO  17:47:31] 80%:	E: 0.00	dE -17.91	batch_acc 0.9530
[INFO  17:47:34] 90%:	E: 0.00	dE -18.36	batch_acc 0.9540
[INFO  17:47:37] epoch: 62 	 test_acc: 0.8961 	 mean_E: 0.0000
[INFO  17:47:38] 0%:	E: 0.00	dE -17.60	batch_acc 0.9550
[INFO  17:47:40] 10%:	E: 0.00	dE -16.25	batch_acc 0.9540
[INFO  17:47:42] 20%:	E: 0.00	dE -16.61	batch_acc 0.9540
[INFO  17:47:45] 30%:	E: 0.00	dE -17.57	batch_acc 0.9580
[INFO  17:47:47] 40%:	E: 0.00	dE -16.94	batch_acc 0.9550
[INFO  17:47:49] 50%:	E: 0.00	dE -17.53	batch_acc 0.9530
[INFO  17:47:52] 60%:	E: 0.00	dE -16.72	batch_acc 0.9600
[INFO  17:47:54] 70%:	E: 0.00	dE -16.17	batch_acc 0.9650
[INFO  17:47:57] 80%:	E: 0.00	dE -18.03	batch_acc 0.9520
[INFO  17:47:59] 90%:	E: 0.00	dE -16.37	batch_acc 0.9570
[INFO  17:48:02] epoch: 63 	 test_acc: 0.8965 	 mean_E: 0.0000
[INFO  17:48:03] 0%:	E: 0.00	dE -17.00	batch_acc 0.9610
[INFO  17:48:05] 10%:	E: 0.00	dE -15.50	batch_acc 0.9630
[INFO  17:48:08] 20%:	E: 0.00	dE -16.29	batch_acc 0.9580
[INFO  17:48:10] 30%:	E: 0.00	dE -17.14	batch_acc 0.9560
[INFO  17:48:12] 40%:	E: 0.00	dE -15.90	batch_acc 0.9610
[INFO  17:48:15] 50%:	E: 0.00	dE -16.76	batch_acc 0.9570
[INFO  17:48:17] 60%:	E: 0.00	dE -16.29	batch_acc 0.9600
[INFO  17:48:19] 70%:	E: 0.00	dE -18.15	batch_acc 0.9550
[INFO  17:48:22] 80%:	E: 0.00	dE -15.95	batch_acc 0.9650
[INFO  17:48:24] 90%:	E: 0.00	dE -18.21	batch_acc 0.9480
[INFO  17:48:27] epoch: 64 	 test_acc: 0.8986 	 mean_E: 0.0000
[INFO  17:48:28] 0%:	E: 0.00	dE -15.99	batch_acc 0.9620
[INFO  17:48:30] 10%:	E: 0.00	dE -16.96	batch_acc 0.9580
[INFO  17:48:33] 20%:	E: 0.00	dE -17.73	batch_acc 0.9610
[INFO  17:48:35] 30%:	E: 0.00	dE -17.26	batch_acc 0.9530
[INFO  17:48:37] 40%:	E: 0.00	dE -14.93	batch_acc 0.9680
[INFO  17:48:40] 50%:	E: 0.00	dE -19.31	batch_acc 0.9470
[INFO  17:48:42] 60%:	E: 0.00	dE -17.54	batch_acc 0.9560
[INFO  17:48:44] 70%:	E: 0.00	dE -16.09	batch_acc 0.9600
[INFO  17:48:47] 80%:	E: 0.00	dE -18.36	batch_acc 0.9550
[INFO  17:48:49] 90%:	E: 0.00	dE -16.33	batch_acc 0.9590
[INFO  17:48:53] epoch: 65 	 test_acc: 0.8976 	 mean_E: 0.0000
[INFO  17:48:53] 0%:	E: 0.00	dE -17.17	batch_acc 0.9570
[INFO  17:48:56] 10%:	E: 0.00	dE -16.50	batch_acc 0.9560
[INFO  17:48:58] 20%:	E: 0.00	dE -16.78	batch_acc 0.9550
[INFO  17:49:00] 30%:	E: 0.00	dE -17.14	batch_acc 0.9590
[INFO  17:49:03] 40%:	E: 0.00	dE -16.64	batch_acc 0.9630
[INFO  17:49:05] 50%:	E: 0.00	dE -16.94	batch_acc 0.9680
[INFO  17:49:07] 60%:	E: 0.00	dE -16.55	batch_acc 0.9530
[INFO  17:49:10] 70%:	E: 0.00	dE -18.14	batch_acc 0.9540
[INFO  17:49:12] 80%:	E: 0.00	dE -18.65	batch_acc 0.9470
[INFO  17:49:14] 90%:	E: 0.00	dE -17.10	batch_acc 0.9660
[INFO  17:49:18] epoch: 66 	 test_acc: 0.8986 	 mean_E: 0.0000
[INFO  17:49:18] 0%:	E: 0.00	dE -15.24	batch_acc 0.9610
[INFO  17:49:21] 10%:	E: 0.00	dE -16.20	batch_acc 0.9600
[INFO  17:49:23] 20%:	E: 0.00	dE -15.61	batch_acc 0.9590
[INFO  17:49:26] 30%:	E: 0.00	dE -18.63	batch_acc 0.9530
[INFO  17:49:28] 40%:	E: 0.00	dE -15.88	batch_acc 0.9650
[INFO  17:49:30] 50%:	E: 0.00	dE -19.22	batch_acc 0.9470
[INFO  17:49:32] 60%:	E: 0.00	dE -14.75	batch_acc 0.9660
[INFO  17:49:34] 70%:	E: 0.00	dE -17.02	batch_acc 0.9510
[INFO  17:49:35] 80%:	E: 0.00	dE -15.29	batch_acc 0.9620
[INFO  17:49:37] 90%:	E: 0.00	dE -17.10	batch_acc 0.9560
[INFO  17:49:40] epoch: 67 	 test_acc: 0.8990 	 mean_E: 0.0000
[INFO  17:49:41] 0%:	E: 0.00	dE -15.95	batch_acc 0.9640
[INFO  17:49:43] 10%:	E: 0.00	dE -16.49	batch_acc 0.9540
[INFO  17:49:45] 20%:	E: 0.00	dE -18.48	batch_acc 0.9610
[INFO  17:49:48] 30%:	E: 0.00	dE -19.06	batch_acc 0.9570
[INFO  17:49:50] 40%:	E: 0.00	dE -17.27	batch_acc 0.9640
[INFO  17:49:52] 50%:	E: 0.00	dE -15.98	batch_acc 0.9660
[INFO  17:49:54] 60%:	E: 0.00	dE -16.24	batch_acc 0.9740
[INFO  17:49:57] 70%:	E: 0.00	dE -16.20	batch_acc 0.9640
[INFO  17:49:59] 80%:	E: 0.00	dE -15.28	batch_acc 0.9620
[INFO  17:50:01] 90%:	E: 0.00	dE -18.57	batch_acc 0.9540
[INFO  17:50:05] epoch: 68 	 test_acc: 0.8967 	 mean_E: 0.0000
[INFO  17:50:05] 0%:	E: 0.00	dE -16.18	batch_acc 0.9630
[INFO  17:50:08] 10%:	E: 0.00	dE -16.13	batch_acc 0.9600
[INFO  17:50:10] 20%:	E: 0.00	dE -16.56	batch_acc 0.9510
[INFO  17:50:12] 30%:	E: 0.00	dE -16.97	batch_acc 0.9520
[INFO  17:50:14] 40%:	E: 0.00	dE -16.28	batch_acc 0.9540
[INFO  17:50:17] 50%:	E: 0.00	dE -14.73	batch_acc 0.9710
[INFO  17:50:19] 60%:	E: 0.00	dE -15.16	batch_acc 0.9650
[INFO  17:50:21] 70%:	E: 0.00	dE -15.46	batch_acc 0.9630
[INFO  17:50:24] 80%:	E: 0.00	dE -17.93	batch_acc 0.9530
[INFO  17:50:25] 90%:	E: 0.00	dE -17.67	batch_acc 0.9570
[INFO  17:50:29] epoch: 69 	 test_acc: 0.8986 	 mean_E: 0.0000
[INFO  17:50:29] 0%:	E: 0.00	dE -16.76	batch_acc 0.9570
[INFO  17:50:32] 10%:	E: 0.00	dE -14.47	batch_acc 0.9740
[INFO  17:50:34] 20%:	E: 0.00	dE -13.77	batch_acc 0.9700
[INFO  17:50:36] 30%:	E: 0.00	dE -14.45	batch_acc 0.9640
[INFO  17:50:39] 40%:	E: 0.00	dE -16.78	batch_acc 0.9570
[INFO  17:50:41] 50%:	E: 0.00	dE -16.69	batch_acc 0.9600
[INFO  17:50:43] 60%:	E: 0.00	dE -15.94	batch_acc 0.9680
[INFO  17:50:46] 70%:	E: 0.00	dE -16.09	batch_acc 0.9660
[INFO  17:50:48] 80%:	E: 0.00	dE -15.57	batch_acc 0.9650
[INFO  17:50:50] 90%:	E: 0.00	dE -15.17	batch_acc 0.9620
[INFO  17:50:54] epoch: 70 	 test_acc: 0.8964 	 mean_E: 0.0000
[INFO  17:50:54] 0%:	E: 0.00	dE -16.77	batch_acc 0.9720
[INFO  17:50:57] 10%:	E: 0.00	dE -16.90	batch_acc 0.9550
[INFO  17:50:59] 20%:	E: 0.00	dE -16.11	batch_acc 0.9680
[INFO  17:51:01] 30%:	E: 0.00	dE -15.56	batch_acc 0.9690
[INFO  17:51:03] 40%:	E: 0.00	dE -15.30	batch_acc 0.9660
[INFO  17:51:06] 50%:	E: 0.00	dE -14.39	batch_acc 0.9700
[INFO  17:51:08] 60%:	E: 0.00	dE -15.29	batch_acc 0.9680
[INFO  17:51:10] 70%:	E: 0.00	dE -15.37	batch_acc 0.9700
[INFO  17:51:13] 80%:	E: 0.00	dE -16.55	batch_acc 0.9590
[INFO  17:51:15] 90%:	E: 0.00	dE -16.62	batch_acc 0.9630
[INFO  17:51:18] epoch: 71 	 test_acc: 0.8987 	 mean_E: 0.0000
[INFO  17:51:19] 0%:	E: 0.00	dE -15.45	batch_acc 0.9710
[INFO  17:51:21] 10%:	E: 0.00	dE -15.73	batch_acc 0.9680
[INFO  17:51:23] 20%:	E: 0.00	dE -14.51	batch_acc 0.9630
[INFO  17:51:25] 30%:	E: 0.00	dE -17.17	batch_acc 0.9530
[INFO  17:51:28] 40%:	E: 0.00	dE -16.49	batch_acc 0.9630
[INFO  17:51:30] 50%:	E: 0.00	dE -18.33	batch_acc 0.9530
[INFO  17:51:32] 60%:	E: 0.00	dE -14.74	batch_acc 0.9700
[INFO  17:51:34] 70%:	E: 0.00	dE -15.15	batch_acc 0.9610
[INFO  17:51:37] 80%:	E: 0.00	dE -15.94	batch_acc 0.9620
[INFO  17:51:39] 90%:	E: 0.00	dE -14.84	batch_acc 0.9680
[INFO  17:51:42] epoch: 72 	 test_acc: 0.8970 	 mean_E: 0.0000
[INFO  17:51:43] 0%:	E: 0.00	dE -15.19	batch_acc 0.9640
[INFO  17:51:45] 10%:	E: 0.00	dE -16.03	batch_acc 0.9640
[INFO  17:51:47] 20%:	E: 0.00	dE -14.61	batch_acc 0.9690
[INFO  17:51:50] 30%:	E: 0.00	dE -17.01	batch_acc 0.9600
[INFO  17:51:52] 40%:	E: 0.00	dE -16.86	batch_acc 0.9640
[INFO  17:51:54] 50%:	E: 0.00	dE -15.15	batch_acc 0.9680
[INFO  17:51:56] 60%:	E: 0.00	dE -17.03	batch_acc 0.9580
[INFO  17:51:59] 70%:	E: 0.00	dE -15.42	batch_acc 0.9640
[INFO  17:52:01] 80%:	E: 0.00	dE -14.91	batch_acc 0.9660
[INFO  17:52:03] 90%:	E: 0.00	dE -16.19	batch_acc 0.9600
[INFO  17:52:06] epoch: 73 	 test_acc: 0.8988 	 mean_E: 0.0000
[INFO  17:52:07] 0%:	E: 0.00	dE -15.74	batch_acc 0.9660
[INFO  17:52:09] 10%:	E: 0.00	dE -14.67	batch_acc 0.9690
[INFO  17:52:12] 20%:	E: 0.00	dE -15.37	batch_acc 0.9640
[INFO  17:52:14] 30%:	E: 0.00	dE -17.29	batch_acc 0.9640
[INFO  17:52:16] 40%:	E: 0.00	dE -14.44	batch_acc 0.9720
[INFO  17:52:19] 50%:	E: 0.00	dE -16.23	batch_acc 0.9560
[INFO  17:52:21] 60%:	E: 0.00	dE -14.69	batch_acc 0.9680
[INFO  17:52:23] 70%:	E: 0.00	dE -14.03	batch_acc 0.9780
[INFO  17:52:26] 80%:	E: 0.00	dE -16.50	batch_acc 0.9590
[INFO  17:52:28] 90%:	E: 0.00	dE -15.03	batch_acc 0.9610
[INFO  17:52:32] epoch: 74 	 test_acc: 0.8976 	 mean_E: 0.0000
[INFO  17:52:32] 0%:	E: 0.00	dE -15.18	batch_acc 0.9670
[INFO  17:52:35] 10%:	E: 0.00	dE -13.72	batch_acc 0.9710
[INFO  17:52:37] 20%:	E: 0.00	dE -14.81	batch_acc 0.9650
[INFO  17:52:39] 30%:	E: 0.00	dE -13.75	batch_acc 0.9690
[INFO  17:52:42] 40%:	E: 0.00	dE -15.34	batch_acc 0.9760
[INFO  17:52:44] 50%:	E: 0.00	dE -16.04	batch_acc 0.9670
[INFO  17:52:46] 60%:	E: 0.00	dE -16.45	batch_acc 0.9590
[INFO  17:52:47] 70%:	E: 0.00	dE -14.02	batch_acc 0.9640
[INFO  17:52:50] 80%:	E: 0.00	dE -15.23	batch_acc 0.9630
[INFO  17:52:52] 90%:	E: 0.00	dE -14.26	batch_acc 0.9680
[INFO  17:52:55] epoch: 75 	 test_acc: 0.8984 	 mean_E: 0.0000
[INFO  17:52:56] 0%:	E: 0.00	dE -15.64	batch_acc 0.9640
[INFO  17:52:58] 10%:	E: 0.00	dE -13.96	batch_acc 0.9690
[INFO  17:53:00] 20%:	E: 0.00	dE -14.10	batch_acc 0.9710
[INFO  17:53:03] 30%:	E: 0.00	dE -14.68	batch_acc 0.9640
[INFO  17:53:05] 40%:	E: 0.00	dE -14.31	batch_acc 0.9730
[INFO  17:53:07] 50%:	E: 0.00	dE -16.23	batch_acc 0.9600
[INFO  17:53:10] 60%:	E: 0.00	dE -16.23	batch_acc 0.9730
[INFO  17:53:12] 70%:	E: 0.00	dE -14.10	batch_acc 0.9680
[INFO  17:53:14] 80%:	E: 0.00	dE -16.14	batch_acc 0.9660
[INFO  17:53:17] 90%:	E: 0.00	dE -15.13	batch_acc 0.9730
[INFO  17:53:20] epoch: 76 	 test_acc: 0.8981 	 mean_E: 0.0000
[INFO  17:53:21] 0%:	E: 0.00	dE -16.86	batch_acc 0.9670
[INFO  17:53:23] 10%:	E: 0.00	dE -14.31	batch_acc 0.9660
[INFO  17:53:25] 20%:	E: 0.00	dE -13.69	batch_acc 0.9700
[INFO  17:53:27] 30%:	E: 0.00	dE -16.87	batch_acc 0.9620
[INFO  17:53:30] 40%:	E: 0.00	dE -14.69	batch_acc 0.9720
[INFO  17:53:32] 50%:	E: 0.00	dE -14.24	batch_acc 0.9730
[INFO  17:53:34] 60%:	E: 0.00	dE -15.17	batch_acc 0.9680
[INFO  17:53:36] 70%:	E: 0.00	dE -15.87	batch_acc 0.9640
[INFO  17:53:39] 80%:	E: 0.00	dE -14.95	batch_acc 0.9680
[INFO  17:53:41] 90%:	E: 0.00	dE -13.44	batch_acc 0.9740
[INFO  17:53:44] epoch: 77 	 test_acc: 0.8999 	 mean_E: 0.0000
[INFO  17:53:45] 0%:	E: 0.00	dE -12.39	batch_acc 0.9760
[INFO  17:53:47] 10%:	E: 0.00	dE -13.68	batch_acc 0.9690
[INFO  17:53:50] 20%:	E: 0.00	dE -12.99	batch_acc 0.9730
[INFO  17:53:52] 30%:	E: 0.00	dE -13.61	batch_acc 0.9770
[INFO  17:53:54] 40%:	E: 0.00	dE -14.09	batch_acc 0.9760
[INFO  17:53:57] 50%:	E: 0.00	dE -14.65	batch_acc 0.9580
[INFO  17:53:59] 60%:	E: 0.00	dE -15.21	batch_acc 0.9660
[INFO  17:54:01] 70%:	E: 0.00	dE -14.71	batch_acc 0.9690
[INFO  17:54:04] 80%:	E: 0.00	dE -16.03	batch_acc 0.9640
[INFO  17:54:06] 90%:	E: 0.00	dE -14.45	batch_acc 0.9740
[INFO  17:54:09] epoch: 78 	 test_acc: 0.8979 	 mean_E: 0.0000
[INFO  17:54:10] 0%:	E: 0.00	dE -13.55	batch_acc 0.9770
[INFO  17:54:12] 10%:	E: 0.00	dE -13.27	batch_acc 0.9670
[INFO  17:54:14] 20%:	E: 0.00	dE -15.02	batch_acc 0.9710
[INFO  17:54:17] 30%:	E: 0.00	dE -14.31	batch_acc 0.9710
[INFO  17:54:19] 40%:	E: 0.00	dE -13.86	batch_acc 0.9720
[INFO  17:54:21] 50%:	E: 0.00	dE -13.99	batch_acc 0.9730
[INFO  17:54:24] 60%:	E: 0.00	dE -14.67	batch_acc 0.9730
[INFO  17:54:26] 70%:	E: 0.00	dE -13.45	batch_acc 0.9740
[INFO  17:54:28] 80%:	E: 0.00	dE -14.43	batch_acc 0.9680
[INFO  17:54:31] 90%:	E: 0.00	dE -14.88	batch_acc 0.9660
[INFO  17:54:34] epoch: 79 	 test_acc: 0.9007 	 mean_E: 0.0000
[INFO  17:54:35] 0%:	E: 0.00	dE -13.31	batch_acc 0.9650
[INFO  17:54:37] 10%:	E: 0.00	dE -15.31	batch_acc 0.9620
[INFO  17:54:39] 20%:	E: 0.00	dE -14.58	batch_acc 0.9690
[INFO  17:54:42] 30%:	E: 0.00	dE -13.41	batch_acc 0.9790
[INFO  17:54:44] 40%:	E: 0.00	dE -14.26	batch_acc 0.9700
[INFO  17:54:46] 50%:	E: 0.00	dE -15.15	batch_acc 0.9610
[INFO  17:54:49] 60%:	E: 0.00	dE -13.52	batch_acc 0.9700
[INFO  17:54:51] 70%:	E: 0.00	dE -13.73	batch_acc 0.9720
[INFO  17:54:53] 80%:	E: 0.00	dE -13.66	batch_acc 0.9770
[INFO  17:54:56] 90%:	E: 0.00	dE -15.65	batch_acc 0.9650
[INFO  17:54:59] epoch: 80 	 test_acc: 0.8962 	 mean_E: 0.0000
[INFO  17:55:00] 0%:	E: 0.00	dE -13.78	batch_acc 0.9710
[INFO  17:55:02] 10%:	E: 0.00	dE -13.72	batch_acc 0.9660
[INFO  17:55:04] 20%:	E: 0.00	dE -13.11	batch_acc 0.9760
[INFO  17:55:07] 30%:	E: 0.00	dE -15.16	batch_acc 0.9720
[INFO  17:55:09] 40%:	E: 0.00	dE -14.10	batch_acc 0.9750
[INFO  17:55:11] 50%:	E: 0.00	dE -13.73	batch_acc 0.9750
[INFO  17:55:13] 60%:	E: 0.00	dE -15.68	batch_acc 0.9620
[INFO  17:55:15] 70%:	E: 0.00	dE -14.99	batch_acc 0.9690
[INFO  17:55:17] 80%:	E: 0.00	dE -15.90	batch_acc 0.9690
[INFO  17:55:19] 90%:	E: 0.00	dE -14.24	batch_acc 0.9680
[INFO  17:55:22] epoch: 81 	 test_acc: 0.8980 	 mean_E: 0.0000
[INFO  17:55:23] 0%:	E: 0.00	dE -12.26	batch_acc 0.9760
[INFO  17:55:25] 10%:	E: 0.00	dE -15.61	batch_acc 0.9700
[INFO  17:55:27] 20%:	E: 0.00	dE -12.88	batch_acc 0.9780
[INFO  17:55:30] 30%:	E: 0.00	dE -13.18	batch_acc 0.9710
[INFO  17:55:32] 40%:	E: 0.00	dE -13.89	batch_acc 0.9690
[INFO  17:55:34] 50%:	E: 0.00	dE -14.35	batch_acc 0.9620
[INFO  17:55:36] 60%:	E: 0.00	dE -13.59	batch_acc 0.9780
[INFO  17:55:38] 70%:	E: 0.00	dE -13.94	batch_acc 0.9740
[INFO  17:55:41] 80%:	E: 0.00	dE -14.95	batch_acc 0.9640
[INFO  17:55:43] 90%:	E: 0.00	dE -13.17	batch_acc 0.9760
[INFO  17:55:46] epoch: 82 	 test_acc: 0.8986 	 mean_E: 0.0000
[INFO  17:55:47] 0%:	E: 0.00	dE -11.86	batch_acc 0.9790
[INFO  17:55:49] 10%:	E: 0.00	dE -13.80	batch_acc 0.9760
[INFO  17:55:51] 20%:	E: 0.00	dE -11.60	batch_acc 0.9760
[INFO  17:55:54] 30%:	E: 0.00	dE -13.87	batch_acc 0.9640
[INFO  17:55:56] 40%:	E: 0.00	dE -14.06	batch_acc 0.9720
[INFO  17:55:58] 50%:	E: 0.00	dE -15.26	batch_acc 0.9620
[INFO  17:56:00] 60%:	E: 0.00	dE -13.50	batch_acc 0.9780
[INFO  17:56:03] 70%:	E: 0.00	dE -13.92	batch_acc 0.9710
[INFO  17:56:05] 80%:	E: 0.00	dE -14.60	batch_acc 0.9680
[INFO  17:56:07] 90%:	E: 0.00	dE -14.84	batch_acc 0.9630
[INFO  17:56:11] epoch: 83 	 test_acc: 0.8997 	 mean_E: 0.0000
[INFO  17:56:11] 0%:	E: 0.00	dE -12.96	batch_acc 0.9770
[INFO  17:56:14] 10%:	E: 0.00	dE -14.32	batch_acc 0.9660
[INFO  17:56:16] 20%:	E: 0.00	dE -12.36	batch_acc 0.9780
[INFO  17:56:18] 30%:	E: 0.00	dE -13.97	batch_acc 0.9640
[INFO  17:56:21] 40%:	E: 0.00	dE -14.20	batch_acc 0.9640
[INFO  17:56:23] 50%:	E: 0.00	dE -16.35	batch_acc 0.9590
[INFO  17:56:25] 60%:	E: 0.00	dE -14.17	batch_acc 0.9680
[INFO  17:56:27] 70%:	E: 0.00	dE -14.80	batch_acc 0.9740
[INFO  17:56:30] 80%:	E: 0.00	dE -13.39	batch_acc 0.9780
[INFO  17:56:32] 90%:	E: 0.00	dE -14.69	batch_acc 0.9650
[INFO  17:56:35] epoch: 84 	 test_acc: 0.8978 	 mean_E: 0.0000
[INFO  17:56:36] 0%:	E: 0.00	dE -13.25	batch_acc 0.9760
[INFO  17:56:38] 10%:	E: 0.00	dE -14.02	batch_acc 0.9730
[INFO  17:56:41] 20%:	E: 0.00	dE -12.65	batch_acc 0.9780
[INFO  17:56:43] 30%:	E: 0.00	dE -13.70	batch_acc 0.9750
[INFO  17:56:45] 40%:	E: 0.00	dE -13.09	batch_acc 0.9740
[INFO  17:56:48] 50%:	E: 0.00	dE -13.43	batch_acc 0.9770
[INFO  17:56:50] 60%:	E: 0.00	dE -11.73	batch_acc 0.9840
[INFO  17:56:52] 70%:	E: 0.00	dE -12.68	batch_acc 0.9720
[INFO  17:56:55] 80%:	E: 0.00	dE -15.20	batch_acc 0.9710
[INFO  17:56:57] 90%:	E: 0.00	dE -13.59	batch_acc 0.9720
[INFO  17:57:00] epoch: 85 	 test_acc: 0.8988 	 mean_E: 0.0000
[INFO  17:57:01] 0%:	E: 0.00	dE -12.22	batch_acc 0.9770
[INFO  17:57:03] 10%:	E: 0.00	dE -13.53	batch_acc 0.9730
[INFO  17:57:06] 20%:	E: 0.00	dE -13.37	batch_acc 0.9760
[INFO  17:57:08] 30%:	E: 0.00	dE -13.50	batch_acc 0.9720
[INFO  17:57:10] 40%:	E: 0.00	dE -11.67	batch_acc 0.9830
[INFO  17:57:12] 50%:	E: 0.00	dE -14.84	batch_acc 0.9630
[INFO  17:57:15] 60%:	E: 0.00	dE -16.12	batch_acc 0.9590
[INFO  17:57:17] 70%:	E: 0.00	dE -12.60	batch_acc 0.9790
[INFO  17:57:19] 80%:	E: 0.00	dE -14.48	batch_acc 0.9720
[INFO  17:57:21] 90%:	E: 0.00	dE -13.22	batch_acc 0.9740
[INFO  17:57:25] epoch: 86 	 test_acc: 0.8999 	 mean_E: 0.0000
[INFO  17:57:26] 0%:	E: 0.00	dE -13.73	batch_acc 0.9700
[INFO  17:57:28] 10%:	E: 0.00	dE -12.09	batch_acc 0.9800
[INFO  17:57:30] 20%:	E: 0.00	dE -12.76	batch_acc 0.9800
[INFO  17:57:32] 30%:	E: 0.00	dE -10.61	batch_acc 0.9800
[INFO  17:57:35] 40%:	E: 0.00	dE -12.32	batch_acc 0.9800
[INFO  17:57:37] 50%:	E: 0.00	dE -13.70	batch_acc 0.9710
[INFO  17:57:39] 60%:	E: 0.00	dE -12.90	batch_acc 0.9770
[INFO  17:57:42] 70%:	E: 0.00	dE -13.02	batch_acc 0.9690
[INFO  17:57:44] 80%:	E: 0.00	dE -13.03	batch_acc 0.9760
[INFO  17:57:46] 90%:	E: 0.00	dE -12.58	batch_acc 0.9770
[INFO  17:57:50] epoch: 87 	 test_acc: 0.8994 	 mean_E: 0.0000
[INFO  17:57:50] 0%:	E: 0.00	dE -12.92	batch_acc 0.9780
[INFO  17:57:53] 10%:	E: 0.00	dE -11.97	batch_acc 0.9790
[INFO  17:57:55] 20%:	E: 0.00	dE -12.28	batch_acc 0.9810
[INFO  17:57:57] 30%:	E: 0.00	dE -15.68	batch_acc 0.9610
[INFO  17:58:00] 40%:	E: 0.00	dE -11.81	batch_acc 0.9840
[INFO  17:58:02] 50%:	E: 0.00	dE -11.90	batch_acc 0.9830
[INFO  17:58:04] 60%:	E: 0.00	dE -12.80	batch_acc 0.9750
[INFO  17:58:07] 70%:	E: 0.00	dE -14.61	batch_acc 0.9690
[INFO  17:58:09] 80%:	E: 0.00	dE -14.00	batch_acc 0.9750
[INFO  17:58:11] 90%:	E: 0.00	dE -13.67	batch_acc 0.9730
[INFO  17:58:14] epoch: 88 	 test_acc: 0.8989 	 mean_E: 0.0000
[INFO  17:58:15] 0%:	E: 0.00	dE -12.83	batch_acc 0.9650
[INFO  17:58:17] 10%:	E: 0.00	dE -13.35	batch_acc 0.9800
[INFO  17:58:19] 20%:	E: 0.00	dE -12.13	batch_acc 0.9790
[INFO  17:58:22] 30%:	E: 0.00	dE -13.41	batch_acc 0.9760
[INFO  17:58:24] 40%:	E: 0.00	dE -12.25	batch_acc 0.9810
[INFO  17:58:26] 50%:	E: 0.00	dE -12.54	batch_acc 0.9800
[INFO  17:58:29] 60%:	E: 0.00	dE -13.60	batch_acc 0.9780
[INFO  17:58:31] 70%:	E: 0.00	dE -14.35	batch_acc 0.9720
[INFO  17:58:33] 80%:	E: 0.00	dE -13.22	batch_acc 0.9710
[INFO  17:58:35] 90%:	E: 0.00	dE -12.54	batch_acc 0.9800
[INFO  17:58:38] epoch: 89 	 test_acc: 0.8997 	 mean_E: 0.0000
[INFO  17:58:39] 0%:	E: 0.00	dE -12.42	batch_acc 0.9760
[INFO  17:58:41] 10%:	E: 0.00	dE -11.71	batch_acc 0.9800
[INFO  17:58:44] 20%:	E: 0.00	dE -12.47	batch_acc 0.9750
[INFO  17:58:46] 30%:	E: 0.00	dE -12.42	batch_acc 0.9780
[INFO  17:58:48] 40%:	E: 0.00	dE -12.64	batch_acc 0.9720
[INFO  17:58:50] 50%:	E: 0.00	dE -12.58	batch_acc 0.9790
[INFO  17:58:53] 60%:	E: 0.00	dE -11.51	batch_acc 0.9800
[INFO  17:58:55] 70%:	E: 0.00	dE -13.93	batch_acc 0.9700
[INFO  17:58:57] 80%:	E: 0.00	dE -14.91	batch_acc 0.9680
[INFO  17:59:00] 90%:	E: 0.00	dE -12.95	batch_acc 0.9830
[INFO  17:59:03] epoch: 90 	 test_acc: 0.8996 	 mean_E: 0.0000
[INFO  17:59:04] 0%:	E: 0.00	dE -12.09	batch_acc 0.9780
[INFO  17:59:06] 10%:	E: 0.00	dE -12.21	batch_acc 0.9790
[INFO  17:59:08] 20%:	E: 0.00	dE -13.37	batch_acc 0.9750
[INFO  17:59:11] 30%:	E: 0.00	dE -11.64	batch_acc 0.9790
[INFO  17:59:13] 40%:	E: 0.00	dE -11.97	batch_acc 0.9850
[INFO  17:59:15] 50%:	E: 0.00	dE -12.58	batch_acc 0.9800
[INFO  17:59:17] 60%:	E: 0.00	dE -14.16	batch_acc 0.9740
[INFO  17:59:19] 70%:	E: 0.00	dE -12.28	batch_acc 0.9770
[INFO  17:59:21] 80%:	E: 0.00	dE -13.25	batch_acc 0.9680
[INFO  17:59:23] 90%:	E: 0.00	dE -11.98	batch_acc 0.9830
[INFO  17:59:26] epoch: 91 	 test_acc: 0.8989 	 mean_E: 0.0000
[INFO  17:59:27] 0%:	E: 0.00	dE -11.82	batch_acc 0.9750
[INFO  17:59:29] 10%:	E: 0.00	dE -12.72	batch_acc 0.9790
[INFO  17:59:32] 20%:	E: 0.00	dE -12.01	batch_acc 0.9850
[INFO  17:59:34] 30%:	E: 0.00	dE -12.53	batch_acc 0.9780
[INFO  17:59:36] 40%:	E: 0.00	dE -12.79	batch_acc 0.9760
[INFO  17:59:38] 50%:	E: 0.00	dE -14.75	batch_acc 0.9710
[INFO  17:59:41] 60%:	E: 0.00	dE -13.16	batch_acc 0.9770
[INFO  17:59:43] 70%:	E: 0.00	dE -11.88	batch_acc 0.9850
[INFO  17:59:45] 80%:	E: 0.00	dE -13.94	batch_acc 0.9750
[INFO  17:59:48] 90%:	E: 0.00	dE -14.33	batch_acc 0.9660
[INFO  17:59:51] epoch: 92 	 test_acc: 0.9004 	 mean_E: 0.0000
[INFO  17:59:52] 0%:	E: 0.00	dE -13.61	batch_acc 0.9760
[INFO  17:59:54] 10%:	E: 0.00	dE -10.60	batch_acc 0.9840
[INFO  17:59:56] 20%:	E: 0.00	dE -13.16	batch_acc 0.9800
[INFO  17:59:59] 30%:	E: 0.00	dE -10.06	batch_acc 0.9810
[INFO  18:00:01] 40%:	E: 0.00	dE -12.90	batch_acc 0.9810
[INFO  18:00:03] 50%:	E: 0.00	dE -11.13	batch_acc 0.9830
[INFO  18:00:06] 60%:	E: 0.00	dE -12.23	batch_acc 0.9810
[INFO  18:00:08] 70%:	E: 0.00	dE -12.47	batch_acc 0.9820
[INFO  18:00:10] 80%:	E: 0.00	dE -12.61	batch_acc 0.9760
[INFO  18:00:13] 90%:	E: 0.00	dE -12.84	batch_acc 0.9750
[INFO  18:00:16] epoch: 93 	 test_acc: 0.8971 	 mean_E: 0.0000
[INFO  18:00:16] 0%:	E: 0.00	dE -10.75	batch_acc 0.9910
[INFO  18:00:18] 10%:	E: 0.00	dE -13.19	batch_acc 0.9680
[INFO  18:00:20] 20%:	E: 0.00	dE -12.74	batch_acc 0.9780
[INFO  18:00:22] 30%:	E: 0.00	dE -11.27	batch_acc 0.9860
[INFO  18:00:25] 40%:	E: 0.00	dE -11.40	batch_acc 0.9840
[INFO  18:00:27] 50%:	E: 0.00	dE -13.11	batch_acc 0.9750
[INFO  18:00:29] 60%:	E: 0.00	dE -11.87	batch_acc 0.9750
[INFO  18:00:32] 70%:	E: 0.00	dE -12.63	batch_acc 0.9770
[INFO  18:00:34] 80%:	E: 0.00	dE -12.58	batch_acc 0.9780
[INFO  18:00:36] 90%:	E: 0.00	dE -13.08	batch_acc 0.9720
[INFO  18:00:40] epoch: 94 	 test_acc: 0.9001 	 mean_E: 0.0000
[INFO  18:00:41] 0%:	E: 0.00	dE -11.86	batch_acc 0.9760
[INFO  18:00:43] 10%:	E: 0.00	dE -11.44	batch_acc 0.9790
[INFO  18:00:45] 20%:	E: 0.00	dE -12.02	batch_acc 0.9820
[INFO  18:00:48] 30%:	E: 0.00	dE -12.97	batch_acc 0.9800
[INFO  18:00:50] 40%:	E: 0.00	dE -11.56	batch_acc 0.9850
[INFO  18:00:52] 50%:	E: 0.00	dE -10.85	batch_acc 0.9860
[INFO  18:00:55] 60%:	E: 0.00	dE -11.89	batch_acc 0.9760
[INFO  18:00:57] 70%:	E: 0.00	dE -12.49	batch_acc 0.9760
[INFO  18:00:59] 80%:	E: 0.00	dE -13.66	batch_acc 0.9730
[INFO  18:01:02] 90%:	E: 0.00	dE -11.09	batch_acc 0.9810
[INFO  18:01:05] epoch: 95 	 test_acc: 0.8979 	 mean_E: 0.0000
[INFO  18:01:06] 0%:	E: 0.00	dE -12.72	batch_acc 0.9760
[INFO  18:01:08] 10%:	E: 0.00	dE -11.08	batch_acc 0.9820
[INFO  18:01:10] 20%:	E: 0.00	dE -10.78	batch_acc 0.9810
[INFO  18:01:13] 30%:	E: 0.00	dE -13.69	batch_acc 0.9820
[INFO  18:01:15] 40%:	E: 0.00	dE -12.06	batch_acc 0.9800
[INFO  18:01:17] 50%:	E: 0.00	dE -10.59	batch_acc 0.9870
[INFO  18:01:20] 60%:	E: 0.00	dE -12.14	batch_acc 0.9740
[INFO  18:01:22] 70%:	E: 0.00	dE -12.90	batch_acc 0.9830
[INFO  18:01:24] 80%:	E: 0.00	dE -13.28	batch_acc 0.9740
[INFO  18:01:26] 90%:	E: 0.00	dE -13.63	batch_acc 0.9770
[INFO  18:01:29] epoch: 96 	 test_acc: 0.9005 	 mean_E: 0.0000
[INFO  18:01:30] 0%:	E: 0.00	dE -11.71	batch_acc 0.9760
[INFO  18:01:32] 10%:	E: 0.00	dE -11.34	batch_acc 0.9830
[INFO  18:01:35] 20%:	E: 0.00	dE -11.14	batch_acc 0.9830
[INFO  18:01:37] 30%:	E: 0.00	dE -12.93	batch_acc 0.9730
[INFO  18:01:39] 40%:	E: 0.00	dE -10.21	batch_acc 0.9810
[INFO  18:01:42] 50%:	E: 0.00	dE -11.32	batch_acc 0.9800
[INFO  18:01:44] 60%:	E: 0.00	dE -13.07	batch_acc 0.9760
[INFO  18:01:46] 70%:	E: 0.00	dE -12.18	batch_acc 0.9720
[INFO  18:01:48] 80%:	E: 0.00	dE -12.68	batch_acc 0.9820
[INFO  18:01:50] 90%:	E: 0.00	dE -12.92	batch_acc 0.9730
[INFO  18:01:54] epoch: 97 	 test_acc: 0.9014 	 mean_E: 0.0000
[INFO  18:01:54] 0%:	E: 0.00	dE -12.03	batch_acc 0.9780
[INFO  18:01:57] 10%:	E: 0.00	dE -11.23	batch_acc 0.9850
[INFO  18:01:59] 20%:	E: 0.00	dE -11.33	batch_acc 0.9800
[INFO  18:02:01] 30%:	E: 0.00	dE -11.52	batch_acc 0.9850
[INFO  18:02:04] 40%:	E: 0.00	dE -10.85	batch_acc 0.9820
[INFO  18:02:06] 50%:	E: 0.00	dE -12.49	batch_acc 0.9820
[INFO  18:02:08] 60%:	E: 0.00	dE -13.08	batch_acc 0.9760
[INFO  18:02:11] 70%:	E: 0.00	dE -11.09	batch_acc 0.9810
[INFO  18:02:13] 80%:	E: 0.00	dE -11.80	batch_acc 0.9810
[INFO  18:02:15] 90%:	E: 0.00	dE -12.47	batch_acc 0.9790
[INFO  18:02:18] epoch: 98 	 test_acc: 0.9002 	 mean_E: 0.0000
[INFO  18:02:19] 0%:	E: 0.00	dE -10.16	batch_acc 0.9850
[INFO  18:02:21] 10%:	E: 0.00	dE -12.49	batch_acc 0.9770
[INFO  18:02:24] 20%:	E: 0.00	dE -12.09	batch_acc 0.9850
[INFO  18:02:26] 30%:	E: 0.00	dE -11.56	batch_acc 0.9830
[INFO  18:02:28] 40%:	E: 0.00	dE -11.84	batch_acc 0.9760
[INFO  18:02:31] 50%:	E: 0.00	dE -11.61	batch_acc 0.9810
[INFO  18:02:33] 60%:	E: 0.00	dE -11.77	batch_acc 0.9810
[INFO  18:02:35] 70%:	E: 0.00	dE -11.41	batch_acc 0.9780
[INFO  18:02:38] 80%:	E: 0.00	dE -12.78	batch_acc 0.9840
[INFO  18:02:40] 90%:	E: 0.00	dE -13.14	batch_acc 0.9730
[INFO  18:02:43] epoch: 99 	 test_acc: 0.8966 	 mean_E: 0.0000
[INFO  18:02:44] 0%:	E: 0.00	dE -11.44	batch_acc 0.9840
[INFO  18:02:46] 10%:	E: 0.00	dE -11.64	batch_acc 0.9810
[INFO  18:02:48] 20%:	E: 0.00	dE -11.71	batch_acc 0.9830
[INFO  18:02:51] 30%:	E: 0.00	dE -12.42	batch_acc 0.9770
[INFO  18:02:53] 40%:	E: 0.00	dE -10.69	batch_acc 0.9880
[INFO  18:02:55] 50%:	E: 0.00	dE -10.68	batch_acc 0.9860
[INFO  18:02:58] 60%:	E: 0.00	dE -11.66	batch_acc 0.9800
[INFO  18:03:00] 70%:	E: 0.00	dE -12.92	batch_acc 0.9810
[INFO  18:03:02] 80%:	E: 0.00	dE -12.66	batch_acc 0.9730
[INFO  18:03:05] 90%:	E: 0.00	dE -11.70	batch_acc 0.9830
[INFO  18:03:08] epoch: 100 	 test_acc: 0.9000 	 mean_E: 0.0000
