[INFO  00:11:05] Start training with parametrization:
{
    "batch_size": 100,
    "beta": 1,
    "c_energy": "squared_error",
    "dataset": "mnist",
    "dimensions": [
        784,
        1000,
        10
    ],
    "dynamics": {
        "dt": 0.1,
        "n_relax": 50,
        "tau": 1,
        "tol": 0
    },
    "energy": "restr_hopfield",
    "epochs": 100,
    "fast_ff_init": false,
    "learning_rate": 0.001,
    "log_dir": "",
    "nonlinearity": "relu",
    "optimizer": "adam",
    "seed": 2022
}
[INFO  00:11:06] 0%:	E: 534.10	dE -30.06	batch_acc 0.3100
[INFO  00:11:45] 10%:	E: -186118.94	dE -2561.16	batch_acc 0.2200
[INFO  00:12:24] 20%:	E: -1174525.75	dE -5493.48	batch_acc 0.1700
[INFO  00:13:03] 30%:	E: -3489033.00	dE -679.11	batch_acc 0.1500
[INFO  00:13:42] 40%:	E: -5868390.50	dE -38196.21	batch_acc 0.1100
[INFO  00:14:20] 50%:	E: -11559280.00	dE -348306.69	batch_acc 0.1600
[INFO  00:14:59] 60%:	E: -13765409.00	dE -217137.48	batch_acc 0.1500
[INFO  00:15:38] 70%:	E: -20503282.00	dE -2147966.00	batch_acc 0.1400
[INFO  00:16:17] 80%:	E: -30714358.00	dE -2109031.25	batch_acc 0.1300
[INFO  00:16:55] 90%:	E: -32823592.00	dE -16108742.00	batch_acc 0.1400
[INFO  00:18:05] epoch: 1 	 test_acc: 0.1136 	 mean_E: -48221985.7152
[INFO  00:18:06] 0%:	E: -40858884.00	dE -9131595.00	batch_acc 0.1600
[INFO  00:18:44] 10%:	E: -53909264.00	dE -17143182.00	batch_acc 0.1200
[INFO  00:19:23] 20%:	E: -70227128.00	dE -61439192.00	batch_acc 0.0700
[INFO  00:20:02] 30%:	E: -73324984.00	dE -18899504.00	batch_acc 0.1100
[INFO  00:20:41] 40%:	E: -84092816.00	dE -71712568.00	batch_acc 0.0900
[INFO  00:21:19] 50%:	E: -126414376.00	dE -120113976.00	batch_acc 0.1600
[INFO  00:21:58] 60%:	E: -99777248.00	dE -256164256.00	batch_acc 0.1300
[INFO  00:22:37] 70%:	E: -134063632.00	dE -109071600.00	batch_acc 0.1100
[INFO  00:23:16] 80%:	E: -133088752.00	dE -129383792.00	batch_acc 0.0700
[INFO  00:23:54] 90%:	E: -156646032.00	dE -703260096.00	batch_acc 0.1100
[INFO  00:25:03] epoch: 2 	 test_acc: 0.1229 	 mean_E: -165488829.5424
[INFO  00:25:04] 0%:	E: -154446336.00	dE -316771872.00	batch_acc 0.1000
[INFO  00:25:43] 10%:	E: -159890208.00	dE -480751232.00	batch_acc 0.1200
[INFO  00:26:22] 20%:	E: -186626160.00	dE -607855104.00	batch_acc 0.0900
[INFO  00:27:00] 30%:	E: -187201536.00	dE -601875584.00	batch_acc 0.0900
[INFO  00:27:39] 40%:	E: -214235296.00	dE -672151808.00	batch_acc 0.1200
[INFO  00:28:18] 50%:	E: -217462816.00	dE -694785024.00	batch_acc 0.1200
[INFO  00:28:57] 60%:	E: -250824368.00	dE -454715872.00	batch_acc 0.1600
[INFO  00:29:36] 70%:	E: -244501456.00	dE -1486044160.00	batch_acc 0.0800
[INFO  00:30:14] 80%:	E: -290103936.00	dE -2633922048.00	batch_acc 0.1300
[INFO  00:30:53] 90%:	E: -230713120.00	dE -1051556864.00	batch_acc 0.0900
[INFO  00:32:02] epoch: 3 	 test_acc: 0.1253 	 mean_E: -288501745.0496
[INFO  00:32:03] 0%:	E: -241447888.00	dE -2337352704.00	batch_acc 0.1100
[INFO  00:32:42] 10%:	E: -276814848.00	dE -1315118080.00	batch_acc 0.0500
[INFO  00:33:21] 20%:	E: -320196864.00	dE -1812791808.00	batch_acc 0.1400
[INFO  00:34:00] 30%:	E: -360490208.00	dE -2835134208.00	batch_acc 0.1200
[INFO  00:34:39] 40%:	E: -281034176.00	dE -1488259840.00	batch_acc 0.0600
[INFO  00:35:17] 50%:	E: -371733792.00	dE -2562957312.00	batch_acc 0.1300
[INFO  00:35:56] 60%:	E: -2089543868088320.00	dE -904645623197285513953280.00	batch_acc 0.1500
[INFO  00:36:34] 70%:	E: -2268938612244480.00	dE -781496024452329002500096.00	batch_acc 0.0900
[INFO  00:37:13] 80%:	E: -1511875061743616.00	dE -2818853591202208071811072.00	batch_acc 0.0800
[INFO  00:37:52] 90%:	E: -3164768932200448.00	dE -1421375097614097094541312.00	batch_acc 0.1300
[INFO  00:39:01] epoch: 4 	 test_acc: 0.1127 	 mean_E: -2199357026909500.2500
[INFO  00:39:02] 0%:	E: -2910470897926144.00	dE -1674032080741164575096832.00	batch_acc 0.1200
[INFO  00:39:41] 10%:	E: -4531347263586304.00	dE -2231495136606864514482176.00	batch_acc 0.1300
[INFO  00:40:20] 20%:	E: -3112039887142912.00	dE -3668464794607461897076736.00	batch_acc 0.1300
[INFO  00:40:59] 30%:	E: -2931583078105088.00	dE -1424114583224231038812160.00	batch_acc 0.0700
[INFO  00:41:37] 40%:	E: -1661418172579840.00	dE -3872262117290795809636352.00	batch_acc 0.0900
[INFO  00:42:16] 50%:	E: -2373259609767936.00	dE -1419604642528585205153792.00	batch_acc 0.0900
[INFO  00:42:55] 60%:	E: -4982789128585216.00	dE -1527384644695627839569920.00	batch_acc 0.1100
[INFO  00:43:34] 70%:	E: -6917245083058176.00	dE -2174997515310298661126144.00	batch_acc 0.1200
[INFO  00:44:13] 80%:	E: -3910585439748096.00	dE -6859004426224229089804288.00	batch_acc 0.0900
[INFO  00:44:51] 90%:	E: -7358615249747968.00	dE -3236658797644050285461504.00	batch_acc 0.0900
[INFO  00:46:00] epoch: 5 	 test_acc: 0.0995 	 mean_E: -9062654989421668.0000
[INFO  00:46:01] 0%:	E: -3974885395136512.00	dE -6611702763486060413452288.00	batch_acc 0.1000
[INFO  00:46:40] 10%:	E: -10212724634025984.00	dE -5608873768495703507599360.00	batch_acc 0.1300
[INFO  00:47:19] 20%:	E: -12572775877181440.00	dE -11645876867276627391807488.00	batch_acc 0.1000
[INFO  00:47:58] 30%:	E: -13081362282053632.00	dE -17254724695038477245349888.00	batch_acc 0.1000
[INFO  00:48:37] 40%:	E: -10765104672931840.00	dE -23978055624443581796712448.00	batch_acc 0.0800
[INFO  00:49:15] 50%:	E: -15556804264067072.00	dE -8661252475147156889534464.00	batch_acc 0.1500
[INFO  00:49:54] 60%:	E: -6968424987099136.00	dE -17427213281342707621429248.00	batch_acc 0.1200
[INFO  00:50:33] 70%:	E: -24565439111626752.00	dE -41938003957105993627729920.00	batch_acc 0.1400
[INFO  00:51:12] 80%:	E: -16497165878689792.00	dE -22991574479927797677555712.00	batch_acc 0.0600
[INFO  00:51:50] 90%:	E: -16764981785657344.00	dE -16062196877983871255183360.00	batch_acc 0.0400
[INFO  00:53:00] epoch: 6 	 test_acc: 0.1049 	 mean_E: -22260296876149020.0000
[INFO  00:53:01] 0%:	E: -24208364120571904.00	dE -74202341631145924437737472.00	batch_acc 0.0900
[INFO  00:53:39] 10%:	E: -26840463960965120.00	dE -37482511132436722924650496.00	batch_acc 0.0400
[INFO  00:54:18] 20%:	E: -35529485595967488.00	dE -26222355683741362257133568.00	batch_acc 0.1200
[INFO  00:54:57] 30%:	E: -29289920317095936.00	dE -30007800505892253275783168.00	batch_acc 0.1200
[INFO  00:55:36] 40%:	E: -45000592858284032.00	dE -27424094190696272347791360.00	batch_acc 0.1300
[INFO  00:56:15] 50%:	E: -32128034706292736.00	dE -57138840496861538831826944.00	batch_acc 0.0900
[INFO  00:56:54] 60%:	E: -17019994395115520.00	dE -47384640340855678539137024.00	batch_acc 0.0700
[INFO  00:57:33] 70%:	E: -25618116268523520.00	dE -21789847502187933655367680.00	batch_acc 0.1200
[INFO  00:58:12] 80%:	E: -16032083197558784.00	dE -99250437539073176195039232.00	batch_acc 0.0800
[INFO  00:58:51] 90%:	E: -41992887390437376.00	dE -36268943650844546584018944.00	batch_acc 0.1500
[INFO  01:00:00] epoch: 7 	 test_acc: 0.0995 	 mean_E: -35767319011410524.0000
[INFO  01:00:01] 0%:	E: -52733187553492992.00	dE -183612065214397604251566080.00	batch_acc 0.0700
[INFO  01:00:39] 10%:	E: -34113993224224768.00	dE -37799808965562582494609408.00	batch_acc 0.0600
[INFO  01:01:18] 20%:	E: -48318442209542144.00	dE -81206293654772335543058432.00	batch_acc 0.1000
[INFO  01:01:57] 30%:	E: -86560642034565120.00	dE -90856836944142003437830144.00	batch_acc 0.1100
[INFO  01:02:36] 40%:	E: -27714811928248320.00	dE -49448194590033234385436672.00	batch_acc 0.1400
[INFO  01:03:15] 50%:	E: -31256392568406016.00	dE -24362033825709882968375296.00	batch_acc 0.1500
[INFO  01:03:54] 60%:	E: -37972523123474432.00	dE -62212848038636272373202944.00	batch_acc 0.1100
[INFO  01:04:32] 70%:	E: -66952956687155200.00	dE -122687394819602635714199552.00	batch_acc 0.1000
[INFO  01:05:11] 80%:	E: -76211686406619136.00	dE -96499456148616797052993536.00	batch_acc 0.1500
[INFO  01:05:50] 90%:	E: -24122640868311040.00	dE -76699103829836493821575168.00	batch_acc 0.1500
[INFO  01:06:59] epoch: 8 	 test_acc: 0.1027 	 mean_E: -51651073072142536.0000
[INFO  01:07:00] 0%:	E: -48394342871597056.00	dE -105536488400210995825344512.00	batch_acc 0.1100
[INFO  01:07:39] 10%:	E: -69079734297821184.00	dE -67774333850988872952971264.00	batch_acc 0.1000
[INFO  01:08:18] 20%:	E: -79077640773828608.00	dE -93603317329044397449281536.00	batch_acc 0.1100
[INFO  01:08:57] 30%:	E: -56887971411918848.00	dE -682943697025196336644882432.00	batch_acc 0.0800
[INFO  01:09:36] 40%:	E: -60315123385892864.00	dE -65075796553934050066169856.00	batch_acc 0.0700
[INFO  01:10:15] 50%:	E: -45517552301899776.00	dE -143171489542533038758428672.00	batch_acc 0.0600
[INFO  01:10:53] 60%:	E: -75729627867250688.00	dE -195357346973801433989644288.00	batch_acc 0.1100
[INFO  01:11:32] 70%:	E: -56517302849372160.00	dE -143638634889455659443552256.00	batch_acc 0.1000
[INFO  01:12:11] 80%:	E: -108790430685986816.00	dE -116711830331341458401918976.00	batch_acc 0.1000
[INFO  01:12:50] 90%:	E: -112760148698595328.00	dE -63123144130127636044185600.00	batch_acc 0.0400
[INFO  01:13:59] epoch: 9 	 test_acc: 0.0987 	 mean_E: -66685554579670776.0000
[INFO  01:14:00] 0%:	E: -69183436283183104.00	dE -190790338969520570619658240.00	batch_acc 0.1200
[INFO  01:14:39] 10%:	E: -66517794895691776.00	dE -92240305856182072389926912.00	batch_acc 0.1400
[INFO  01:15:18] 20%:	E: -58096643928489984.00	dE -134957375767439059938443264.00	batch_acc 0.0800
[INFO  01:15:57] 30%:	E: -71866498058027008.00	dE -319130812297487793264787456.00	batch_acc 0.1300
[INFO  01:16:36] 40%:	E: -75142445708345344.00	dE -84405475585987635660718080.00	batch_acc 0.1100
[INFO  01:17:14] 50%:	E: -94357115778367488.00	dE -197570126159163263253741568.00	batch_acc 0.0900
[INFO  01:17:53] 60%:	E: -87266287981428736.00	dE -76762436113927557139660800.00	batch_acc 0.1200
[INFO  01:18:32] 70%:	E: -89880290977120256.00	dE -74375934716251568173219840.00	batch_acc 0.1000
[INFO  01:19:11] 80%:	E: -76722521226870784.00	dE -146880677830526223704391680.00	batch_acc 0.0300
[INFO  01:19:50] 90%:	E: -81498705248649216.00	dE -102139271447992386816311296.00	batch_acc 0.0900
[INFO  01:20:59] epoch: 10 	 test_acc: 0.1025 	 mean_E: -87877642243763760.0000
[INFO  01:21:00] 0%:	E: -32599405219545088.00	dE -120187012447387600830857216.00	batch_acc 0.1200
[INFO  01:21:39] 10%:	E: -96441901493780480.00	dE -312643313767693028476059648.00	batch_acc 0.0900
[INFO  01:22:18] 20%:	E: -68047675131428864.00	dE -53473421720869248224460800.00	batch_acc 0.1900
[INFO  01:22:56] 30%:	E: -227910859014275072.00	dE -143080528647505576959410176.00	batch_acc 0.1000
[INFO  01:23:35] 40%:	E: -112492933013307392.00	dE -207725538387086287866691584.00	batch_acc 0.0400
[INFO  01:24:14] 50%:	E: -54511767870504960.00	dE -556362139191401393455890432.00	batch_acc 0.0700
[INFO  01:24:53] 60%:	E: -119065573005983744.00	dE -84427445658179423736692736.00	batch_acc 0.0900
[INFO  01:25:31] 70%:	E: -78929258243686400.00	dE -306504882976005069532561408.00	batch_acc 0.1000
[INFO  01:26:10] 80%:	E: -55185128548204544.00	dE -154846489207016035104849920.00	batch_acc 0.1000
[INFO  01:26:49] 90%:	E: -53257976722489344.00	dE -396000903609829519347679232.00	batch_acc 0.1200
[INFO  01:27:58] epoch: 11 	 test_acc: 0.1007 	 mean_E: -108815076390306256.0000
[INFO  01:27:59] 0%:	E: -62088073000779776.00	dE -271545037882624422629605376.00	batch_acc 0.0600
[INFO  01:28:38] 10%:	E: -97870948782309376.00	dE -86467000693317083456339968.00	batch_acc 0.1000
[INFO  01:29:17] 20%:	E: -137985067153620992.00	dE -145461007183241499757248512.00	batch_acc 0.1000
[INFO  01:29:56] 30%:	E: -98117840682352640.00	dE -144083035400935396251533312.00	batch_acc 0.0800
[INFO  01:30:34] 40%:	E: -180724527234285568.00	dE -252112721166544717089865728.00	batch_acc 0.0200
[INFO  01:31:13] 50%:	E: -149514494542872576.00	dE -356685874474366415855943680.00	batch_acc 0.0900
[INFO  01:31:52] 60%:	E: -70552392684273664.00	dE -75722537810260328586412032.00	batch_acc 0.1400
[INFO  01:32:31] 70%:	E: -103944839992705024.00	dE -142800949794324434995118080.00	batch_acc 0.1600
[INFO  01:33:09] 80%:	E: -167786797248544768.00	dE -273375176255665294664531968.00	batch_acc 0.0800
[INFO  01:33:48] 90%:	E: -117808470438182912.00	dE -84095939220430789384601600.00	batch_acc 0.0900
[INFO  01:34:57] epoch: 12 	 test_acc: 0.1044 	 mean_E: -136756027833412752.0000
[INFO  01:34:58] 0%:	E: -89211719187955712.00	dE -295545653875070151207944192.00	batch_acc 0.0800
[INFO  01:35:37] 10%:	E: -123571715253993472.00	dE -304908169702472918163783680.00	batch_acc 0.1300
[INFO  01:36:16] 20%:	E: -101603241002795008.00	dE -299613160943323107339272192.00	batch_acc 0.0400
[INFO  01:36:55] 30%:	E: -56690059318919168.00	dE -449482810832972673965883392.00	batch_acc 0.1100
[INFO  01:37:33] 40%:	E: -160919522499362816.00	dE -589974615650894220999262208.00	batch_acc 0.0600
[INFO  01:38:12] 50%:	E: -83441757043294208.00	dE -216520097411203611437826048.00	batch_acc 0.1000
[INFO  01:38:51] 60%:	E: -171219214852423680.00	dE -333888724065289498425032704.00	batch_acc 0.1200
[INFO  01:39:30] 70%:	E: -168920428096520192.00	dE -1192792592395667980215648256.00	batch_acc 0.0700
[INFO  01:40:09] 80%:	E: -210000690771132416.00	dE -540641528743880934215909376.00	batch_acc 0.0900
[INFO  01:40:47] 90%:	E: -161004614391431168.00	dE -829187344219253111548542976.00	batch_acc 0.1000
[INFO  01:41:56] epoch: 13 	 test_acc: 0.1006 	 mean_E: -151701495380945184.0000
[INFO  01:41:57] 0%:	E: -306482956367560704.00	dE -251397485558574776645058560.00	batch_acc 0.1100
[INFO  01:42:36] 10%:	E: -65648051133349888.00	dE -179818326274942571575771136.00	batch_acc 0.1000
[INFO  01:43:15] 20%:	E: -121389141723185152.00	dE -274754365523080263000653824.00	batch_acc 0.1100
[INFO  01:43:54] 30%:	E: -127394184607825920.00	dE -750696153037713790069637120.00	batch_acc 0.1300
[INFO  01:44:32] 40%:	E: -235561432719032320.00	dE -565779792336840478261510144.00	batch_acc 0.1700
[INFO  01:45:11] 50%:	E: -128786509925974016.00	dE -246001277961436595220381696.00	batch_acc 0.1300
[INFO  01:45:50] 60%:	E: -154931393195933696.00	dE -609631613709791708877684736.00	batch_acc 0.1100
[INFO  01:46:29] 70%:	E: -102962572382175232.00	dE -905664298521895939667394560.00	batch_acc 0.0400
[INFO  01:47:07] 80%:	E: -135686615405166592.00	dE -661198675111107517199941632.00	batch_acc 0.1300
[INFO  01:47:46] 90%:	E: -170789649403346944.00	dE -334038216479262840631328768.00	batch_acc 0.1300
[INFO  01:48:55] epoch: 14 	 test_acc: 0.1065 	 mean_E: -176749508586070720.0000
[INFO  01:48:56] 0%:	E: -155089585431379968.00	dE -170627807889283072479199232.00	batch_acc 0.0600
[INFO  01:49:35] 10%:	E: -144937949190946816.00	dE -313397748706819601718050816.00	batch_acc 0.1200
[INFO  01:50:14] 20%:	E: -189544345655836672.00	dE -230565411455437916619145216.00	batch_acc 0.0700
[INFO  01:50:53] 30%:	E: -171799275955552256.00	dE -230996345843743845454446592.00	batch_acc 0.1100
[INFO  01:51:32] 40%:	E: -81868690911395840.00	dE -236860621125008333041827840.00	batch_acc 0.0800
[INFO  01:52:11] 50%:	E: -227861655868932096.00	dE -485004746665023324616130560.00	batch_acc 0.1300
[INFO  01:52:50] 60%:	E: -138546883235676160.00	dE -383458851633649952946651136.00	batch_acc 0.0500
[INFO  01:53:28] 70%:	E: -156937727038717952.00	dE -745743276040899070298947584.00	batch_acc 0.0700
[INFO  01:54:07] 80%:	E: -75709845247885312.00	dE -1704651813935292490721525760.00	batch_acc 0.1200
[INFO  01:54:46] 90%:	E: -147904946958761984.00	dE -258189650513490928388276224.00	batch_acc 0.1000
[INFO  01:55:55] epoch: 15 	 test_acc: 0.1000 	 mean_E: -207937205111082304.0000
[INFO  01:55:56] 0%:	E: -177072447823020032.00	dE -399776546293348242953338880.00	batch_acc 0.0600
[INFO  01:56:35] 10%:	E: -244561313349500928.00	dE -274686057229775316531019776.00	batch_acc 0.1200
[INFO  01:57:14] 20%:	E: -243710171090518016.00	dE -357136380858134550525509632.00	batch_acc 0.1000
[INFO  01:57:52] 30%:	E: -181924369298096128.00	dE -623133818715007857440325632.00	batch_acc 0.1300
[INFO  01:58:31] 40%:	E: -199475546994769920.00	dE -575515651817551052832505856.00	batch_acc 0.1300
[INFO  01:59:10] 50%:	E: -305954091274600448.00	dE -747830562026327453483401216.00	batch_acc 0.0800
[INFO  01:59:49] 60%:	E: -237620594659557376.00	dE -232941020050738380095356928.00	batch_acc 0.0700
[INFO  02:00:27] 70%:	E: -295242958234451968.00	dE -402323672715046057840476160.00	batch_acc 0.0600
[INFO  02:01:06] 80%:	E: -292089249648345088.00	dE -349641653208427096799444992.00	batch_acc 0.1000
[INFO  02:01:45] 90%:	E: -61735679524077568.00	dE -177801949573733527907729408.00	batch_acc 0.0800
[INFO  02:02:54] epoch: 16 	 test_acc: 0.1019 	 mean_E: -246078431313256256.0000
[INFO  02:02:55] 0%:	E: -350738642982928384.00	dE -588844641895915068705472512.00	batch_acc 0.1300
[INFO  02:03:34] 10%:	E: -214778223412641792.00	dE -213812004700718607003287552.00	batch_acc 0.1000
[INFO  02:04:13] 20%:	E: -284247446819700736.00	dE -437818122898426881258815488.00	batch_acc 0.1600
[INFO  02:04:52] 30%:	E: -191135596679266304.00	dE -1413625649251769327078604800.00	batch_acc 0.1100
[INFO  02:05:30] 40%:	E: -132653466551058432.00	dE -706310630465221994706108416.00	batch_acc 0.1200
[INFO  02:06:09] 50%:	E: -434005826785509376.00	dE -591595567946139226718863360.00	batch_acc 0.0400
[INFO  02:06:48] 60%:	E: -208574710089252864.00	dE -1354329549657521806305656832.00	batch_acc 0.1000
[INFO  02:07:27] 70%:	E: -308581855345508352.00	dE -497998338042639153421615104.00	batch_acc 0.1600
[INFO  02:08:06] 80%:	E: -278605509060198400.00	dE -463854669140799785629908992.00	batch_acc 0.0900
[INFO  02:08:45] 90%:	E: -206807880802762752.00	dE -556794678446441735022182400.00	batch_acc 0.0700
[INFO  02:09:54] epoch: 17 	 test_acc: 0.1046 	 mean_E: -261157933891187840.0000
[INFO  02:09:55] 0%:	E: -453306653899489280.00	dE -569255195813815505205067776.00	batch_acc 0.0900
[INFO  02:10:33] 10%:	E: -293393888914178048.00	dE -787252434703465482698096640.00	batch_acc 0.1200
[INFO  02:11:12] 20%:	E: -317189485202767872.00	dE -429762282187485330391695360.00	batch_acc 0.0900
[INFO  02:11:51] 30%:	E: -186755863908712448.00	dE -612183831432853867601068032.00	batch_acc 0.1400
[INFO  02:12:30] 40%:	E: -199267808016596992.00	dE -431212565206560375339745280.00	batch_acc 0.1200
[INFO  02:13:09] 50%:	E: -228805294543601664.00	dE -910840012187121070821605376.00	batch_acc 0.0500
[INFO  02:13:48] 60%:	E: -301674104824528896.00	dE -494637119911480388602560512.00	batch_acc 0.1200
[INFO  02:14:27] 70%:	E: -583375718369460224.00	dE -1016001727311358546541543424.00	batch_acc 0.1200
[INFO  02:15:06] 80%:	E: -364722472383152128.00	dE -511517218904497935418916864.00	batch_acc 0.0700
[INFO  02:15:45] 90%:	E: -299196252292120576.00	dE -268242664865060791280205824.00	batch_acc 0.1300
[INFO  02:16:54] epoch: 18 	 test_acc: 0.1007 	 mean_E: -302735874506218688.0000
[INFO  02:16:55] 0%:	E: -496176784065167360.00	dE -992604983932909773844905984.00	batch_acc 0.1500
[INFO  02:17:34] 10%:	E: -401897475914334208.00	dE -1120116847963830037140996096.00	batch_acc 0.0800
[INFO  02:18:13] 20%:	E: -261048902524862464.00	dE -1089718089469882592841957376.00	batch_acc 0.1600
[INFO  02:18:52] 30%:	E: -466851778160230400.00	dE -219158276961649256671739904.00	batch_acc 0.0900
[INFO  02:19:30] 40%:	E: -153726706409013248.00	dE -2052617322190206042822934528.00	batch_acc 0.0800
[INFO  02:20:09] 50%:	E: -409781455321825280.00	dE -375726972642130889225011200.00	batch_acc 0.0800
[INFO  02:20:48] 60%:	E: -185045006636023808.00	dE -660890762059029157364367360.00	batch_acc 0.0600
[INFO  02:21:27] 70%:	E: -414463450710802432.00	dE -750123270953760666234650624.00	batch_acc 0.1300
[INFO  02:22:06] 80%:	E: -289217840672669696.00	dE -406831060842480691939639296.00	batch_acc 0.1200
[INFO  02:22:44] 90%:	E: -356400784268591104.00	dE -1638564508616820651102044160.00	batch_acc 0.1200
[INFO  02:23:54] epoch: 19 	 test_acc: 0.1024 	 mean_E: -320835117929969664.0000
[INFO  02:23:55] 0%:	E: -157544004622221312.00	dE -1214492899402122127707471872.00	batch_acc 0.1500
[INFO  02:24:33] 10%:	E: -339219300176887808.00	dE -1302628933829112340829700096.00	batch_acc 0.1000
[INFO  02:25:12] 20%:	E: -264022342743621632.00	dE -863664677827897737709879296.00	batch_acc 0.0700
[INFO  02:25:51] 30%:	E: -306099158089990144.00	dE -399505563622905449640099840.00	batch_acc 0.0800
[INFO  02:26:30] 40%:	E: -556289283778936832.00	dE -730462067037214372578459648.00	batch_acc 0.0900
[INFO  02:27:09] 50%:	E: -317818989969408000.00	dE -1524954996363563443962249216.00	batch_acc 0.1500
[INFO  02:27:48] 60%:	E: -297275680356302848.00	dE -194677178626315615402459136.00	batch_acc 0.1500
[INFO  02:28:27] 70%:	E: -355313676506365952.00	dE -310305188956350342808731648.00	batch_acc 0.1500
[INFO  02:29:05] 80%:	E: -392817399654514688.00	dE -211554492160978032076521472.00	batch_acc 0.1000
[INFO  02:29:44] 90%:	E: -230881825331871744.00	dE -531805796586991090925568000.00	batch_acc 0.0700
[INFO  02:30:54] epoch: 20 	 test_acc: 0.1015 	 mean_E: -347891182744895488.0000
[INFO  02:30:55] 0%:	E: -190147118546026496.00	dE -823713309808867949525598208.00	batch_acc 0.0700
[INFO  02:31:33] 10%:	E: -189641996032278528.00	dE -727197067123144076780634112.00	batch_acc 0.1500
[INFO  02:32:12] 20%:	E: -327983459572121600.00	dE -1143899423441324518819233792.00	batch_acc 0.0900
[INFO  02:32:51] 30%:	E: -303700023718182912.00	dE -2743082199496111532690898944.00	batch_acc 0.0700
[INFO  02:33:30] 40%:	E: -232154252342984704.00	dE -893702249072881948988276736.00	batch_acc 0.0700
[INFO  02:34:09] 50%:	E: -263814620945317888.00	dE -544833551334631429820645376.00	batch_acc 0.0500
[INFO  02:34:48] 60%:	E: -445384019786334208.00	dE -2471824303631738472941748224.00	batch_acc 0.1900
[INFO  02:35:27] 70%:	E: -319653147163230208.00	dE -1430069519640931790418345984.00	batch_acc 0.0900
[INFO  02:36:06] 80%:	E: -257664210597576704.00	dE -873164824812834451630325760.00	batch_acc 0.1200
[INFO  02:36:44] 90%:	E: -136433527397810176.00	dE -648385492890532567809261568.00	batch_acc 0.1200
[INFO  02:37:53] epoch: 21 	 test_acc: 0.0987 	 mean_E: -373190084822221376.0000
[INFO  02:37:54] 0%:	E: -763059145531195392.00	dE -498695772542577964149112832.00	batch_acc 0.1300
[INFO  02:38:33] 10%:	E: -268656904513781760.00	dE -1495354465379173559380738048.00	batch_acc 0.0900
[INFO  02:39:12] 20%:	E: -264969675090165760.00	dE -382944999130732699676835840.00	batch_acc 0.1000
[INFO  02:39:51] 30%:	E: -450927997931749376.00	dE -573941000849931058087460864.00	batch_acc 0.0700
[INFO  02:40:30] 40%:	E: -389070092228362240.00	dE -700615456486881202578391040.00	batch_acc 0.1500
[INFO  02:41:09] 50%:	E: -467171048849145856.00	dE -373772835255426541584121856.00	batch_acc 0.0900
[INFO  02:41:47] 60%:	E: -495883764216365056.00	dE -1160241615377152695110467584.00	batch_acc 0.1000
[INFO  02:42:26] 70%:	E: -521130750213357568.00	dE -366231437343212602692468736.00	batch_acc 0.0600
[INFO  02:43:05] 80%:	E: -243269644884901888.00	dE -1256299567153109327755083776.00	batch_acc 0.0700
[INFO  02:43:44] 90%:	E: -466216672756236288.00	dE -734426050977725670706118656.00	batch_acc 0.1000
[INFO  02:44:53] epoch: 22 	 test_acc: 0.0958 	 mean_E: -444822765664672000.0000
[INFO  02:44:54] 0%:	E: -289587001701695488.00	dE -2827287011400065355849138176.00	batch_acc 0.1300
[INFO  02:45:33] 10%:	E: -458760094134304768.00	dE -1177963623769694345862578176.00	batch_acc 0.1300
[INFO  02:46:12] 20%:	E: -296191664970530816.00	dE -1024216357595286589228974080.00	batch_acc 0.1500
[INFO  02:46:51] 30%:	E: -358245524261830656.00	dE -602667894034990058304438272.00	batch_acc 0.0900
[INFO  02:47:29] 40%:	E: -1222798492208988160.00	dE -390506983609332898428092416.00	batch_acc 0.0700
[INFO  02:48:08] 50%:	E: -457926389442543616.00	dE -1729487034416609134253178880.00	batch_acc 0.1100
[INFO  02:48:47] 60%:	E: -528727276049661952.00	dE -569473014967837867590549504.00	batch_acc 0.1200
[INFO  02:49:26] 70%:	E: -444787191130882048.00	dE -727314388415452869528911872.00	batch_acc 0.1300
[INFO  02:50:05] 80%:	E: -350153359199567872.00	dE -1084432654570907037274734592.00	batch_acc 0.1200
[INFO  02:50:44] 90%:	E: -386463150158905344.00	dE -465385675111941383575830528.00	batch_acc 0.1100
[INFO  02:51:53] epoch: 23 	 test_acc: 0.1020 	 mean_E: -495084443507203328.0000
[INFO  02:51:54] 0%:	E: -228955549679484928.00	dE -596652632153482258037080064.00	batch_acc 0.1200
[INFO  02:52:33] 10%:	E: -230240810052878336.00	dE -677248744407784429031784448.00	batch_acc 0.0900
[INFO  02:53:12] 20%:	E: -288670421320990720.00	dE -783249196091565330644598784.00	batch_acc 0.0800
[INFO  02:53:50] 30%:	E: -769402502989742080.00	dE -1422073962889623122365906944.00	batch_acc 0.1400
[INFO  02:54:29] 40%:	E: -667837727714050048.00	dE -1203894875996894516113047552.00	batch_acc 0.0900
[INFO  02:55:08] 50%:	E: -306629947328299008.00	dE -535445634340639164812230656.00	batch_acc 0.1800
[INFO  02:55:47] 60%:	E: -326198814761287680.00	dE -701268176079185341352771584.00	batch_acc 0.0700
[INFO  02:56:25] 70%:	E: -495269893130682368.00	dE -2143402604214086126910046208.00	batch_acc 0.0900
[INFO  02:57:04] 80%:	E: -381520226916761600.00	dE -4125403871628748340353564672.00	batch_acc 0.1200
[INFO  02:57:43] 90%:	E: -857230598463291392.00	dE -1064509728249442952500215808.00	batch_acc 0.1200
[INFO  02:58:52] epoch: 24 	 test_acc: 0.0977 	 mean_E: -509763265796080320.0000
[INFO  02:58:53] 0%:	E: -533187307528781824.00	dE -1203492441828182468534992896.00	batch_acc 0.0800
[INFO  02:59:32] 10%:	E: -556883982130610176.00	dE -3450709632340291210029563904.00	batch_acc 0.0500
[INFO  03:00:11] 20%:	E: -606462164017872896.00	dE -437097814435836670687313920.00	batch_acc 0.0500
[INFO  03:00:50] 30%:	E: -814183618724233216.00	dE -1281496048670365499145584640.00	batch_acc 0.1100
[INFO  03:01:29] 40%:	E: -813220927574638592.00	dE -463848803076184345992495104.00	batch_acc 0.1300
[INFO  03:02:07] 50%:	E: -524251542170107904.00	dE -672576922003676747989516288.00	batch_acc 0.1200
[INFO  03:02:46] 60%:	E: -373756128636436480.00	dE -697760859734962796884918272.00	batch_acc 0.1300
[INFO  03:03:25] 70%:	E: -452621005320355840.00	dE -1009932232002274040192434176.00	batch_acc 0.1200
[INFO  03:04:04] 80%:	E: -515389512809971712.00	dE -593604233908325459794329600.00	batch_acc 0.1200
[INFO  03:04:43] 90%:	E: -517641793659994112.00	dE -4547980113981855672655937536.00	batch_acc 0.1100
[INFO  03:05:52] epoch: 25 	 test_acc: 0.0994 	 mean_E: -532727969998628416.0000
[INFO  03:05:53] 0%:	E: -384905691938160640.00	dE -511055349326380395665555456.00	batch_acc 0.0700
[INFO  03:06:32] 10%:	E: -248266512916283392.00	dE -3985968917672297760951369728.00	batch_acc 0.1600
[INFO  03:07:11] 20%:	E: -694953333722447872.00	dE -869759260708922489049186304.00	batch_acc 0.0700
[INFO  03:07:50] 30%:	E: -589957257534373888.00	dE -630864996730252120199004160.00	batch_acc 0.0800
[INFO  03:08:28] 40%:	E: -363657217414529024.00	dE -1148031346539882868704804864.00	batch_acc 0.1000
[INFO  03:09:07] 50%:	E: -385107624120549376.00	dE -1252643570051652684301205504.00	batch_acc 0.0800
[INFO  03:09:46] 60%:	E: -342563670951198720.00	dE -576828285232348077106397184.00	batch_acc 0.0800
[INFO  03:10:25] 70%:	E: -630334210724331520.00	dE -830177860589035019632115712.00	batch_acc 0.0800
[INFO  03:11:03] 80%:	E: -370312595657195520.00	dE -2624833847617150437187125248.00	batch_acc 0.1900
[INFO  03:11:42] 90%:	E: -339693327127412736.00	dE -2549586479487484792940789760.00	batch_acc 0.1000
[INFO  03:12:52] epoch: 26 	 test_acc: 0.1021 	 mean_E: -569422951437159552.0000
[INFO  03:12:52] 0%:	E: -629064549672157184.00	dE -595480452248062458289192960.00	batch_acc 0.0900
[INFO  03:13:31] 10%:	E: -714867413446819840.00	dE -1034990805660835158975053824.00	batch_acc 0.1000
[INFO  03:14:10] 20%:	E: -445702431481790464.00	dE -998289089864806340241653760.00	batch_acc 0.0900
[INFO  03:14:49] 30%:	E: -725095620364206080.00	dE -885713038001534637021593600.00	batch_acc 0.1100
[INFO  03:15:28] 40%:	E: -517762465061142528.00	dE -2436373941166693815351771136.00	batch_acc 0.1100
[INFO  03:16:06] 50%:	E: -524156400054566912.00	dE -528573853238300882644238336.00	batch_acc 0.0400
[INFO  03:16:45] 60%:	E: -853335509802418176.00	dE -3338954534375275876694622208.00	batch_acc 0.1100
[INFO  03:17:24] 70%:	E: -858497442016919552.00	dE -866827187631894503238926336.00	batch_acc 0.1600
[INFO  03:18:03] 80%:	E: -812117017900351488.00	dE -1350160142775005678611202048.00	batch_acc 0.1100
[INFO  03:18:42] 90%:	E: -673154416190160896.00	dE -2378214456155291982311194624.00	batch_acc 0.1300
[INFO  03:19:51] epoch: 27 	 test_acc: 0.1039 	 mean_E: -586621693518348032.0000
[INFO  03:19:52] 0%:	E: -483239827173539840.00	dE -1852882913335850732716294144.00	batch_acc 0.0800
[INFO  03:20:31] 10%:	E: -562542515643744256.00	dE -5165785479990708083854671872.00	batch_acc 0.1300
[INFO  03:21:10] 20%:	E: -448104898748219392.00	dE -1471150418693082961867177984.00	batch_acc 0.0900
[INFO  03:21:49] 30%:	E: -675703702618636288.00	dE -1976202644095556058150338560.00	batch_acc 0.1200
[INFO  03:22:28] 40%:	E: -622807022840053760.00	dE -1382119053095731181947715584.00	batch_acc 0.1100
[INFO  03:23:07] 50%:	E: -488176290784870400.00	dE -1095249308786896254474911744.00	batch_acc 0.1100
[INFO  03:23:45] 60%:	E: -717914228886863872.00	dE -1410508149503312412855500800.00	batch_acc 0.1000
[INFO  03:24:24] 70%:	E: -429403889586929664.00	dE -2001107224334589849596067840.00	batch_acc 0.0600
[INFO  03:25:03] 80%:	E: -945164865528397824.00	dE -1990369153248354635085774848.00	batch_acc 0.0600
[INFO  03:25:42] 90%:	E: -383671833733365760.00	dE -696741345083497017386205184.00	batch_acc 0.1200
[INFO  03:26:51] epoch: 28 	 test_acc: 0.1028 	 mean_E: -638875892368937216.0000
[INFO  03:26:52] 0%:	E: -970918726385795072.00	dE -1342715922310572041637462016.00	batch_acc 0.0900
[INFO  03:27:31] 10%:	E: -1115562435957227520.00	dE -1402823531070110193005101056.00	batch_acc 0.1000
[INFO  03:28:10] 20%:	E: -511789883539324928.00	dE -3419619342304508542059544576.00	batch_acc 0.1500
[INFO  03:28:49] 30%:	E: -475655945720954880.00	dE -2644108776712793252832477184.00	batch_acc 0.1400
[INFO  03:29:28] 40%:	E: -546068464205299712.00	dE -1952162847218697770484367360.00	batch_acc 0.0500
[INFO  03:30:06] 50%:	E: -712282461609918464.00	dE -1208005105724422183565918208.00	batch_acc 0.0900
[INFO  03:30:45] 60%:	E: -523627809839513600.00	dE -1458628178520038559524585472.00	batch_acc 0.0600
[INFO  03:31:24] 70%:	E: -488577337651101696.00	dE -1159585870518820467969622016.00	batch_acc 0.1700
[INFO  03:32:02] 80%:	E: -819194436809392128.00	dE -1602342039231826806519627776.00	batch_acc 0.1100
[INFO  03:32:41] 90%:	E: -411572662842687488.00	dE -2869837009150246755988668416.00	batch_acc 0.1400
[INFO  03:33:50] epoch: 29 	 test_acc: 0.1012 	 mean_E: -687831249132649728.0000
[INFO  03:33:52] 0%:	E: -545986413150076928.00	dE -691147628197561627792375808.00	batch_acc 0.1400
[INFO  03:34:30] 10%:	E: -815188984668880896.00	dE -628998112443016418737258496.00	batch_acc 0.1400
[INFO  03:35:09] 20%:	E: -767606244587339776.00	dE -2357183101875926837999173632.00	batch_acc 0.0800
[INFO  03:35:48] 30%:	E: -1414872865659944960.00	dE -4216326545002489413181112320.00	batch_acc 0.1100
[INFO  03:36:27] 40%:	E: -424334763025760256.00	dE -759278390037542716701671424.00	batch_acc 0.0700
[INFO  03:37:06] 50%:	E: -443722588997287936.00	dE -1787248660051829199684501504.00	batch_acc 0.0900
[INFO  03:37:45] 60%:	E: -743352736065519616.00	dE -2625345929232636614339985408.00	batch_acc 0.0900
[INFO  03:38:24] 70%:	E: -562000387691773952.00	dE -3219430258102224438924673024.00	batch_acc 0.1100
[INFO  03:39:02] 80%:	E: -570236348259106816.00	dE -1642371769019681712879173632.00	batch_acc 0.1300
[INFO  03:39:41] 90%:	E: -1180561165344833536.00	dE -3080514469310984341143158784.00	batch_acc 0.1100
[INFO  03:40:50] epoch: 30 	 test_acc: 0.0950 	 mean_E: -758212566225777408.0000
[INFO  03:40:51] 0%:	E: -884796660641693696.00	dE -978688022333940339723730944.00	batch_acc 0.0700
[INFO  03:41:30] 10%:	E: -647705601089994752.00	dE -1459216851016918778735755264.00	batch_acc 0.0700
[INFO  03:42:09] 20%:	E: -468958889115648000.00	dE -3133069095603030264020729856.00	batch_acc 0.1200
[INFO  03:42:48] 30%:	E: -797289897441361920.00	dE -10468011933587727392046055424.00	batch_acc 0.1100
[INFO  03:43:27] 40%:	E: -900748925093281792.00	dE -1433928726075104418292826112.00	batch_acc 0.1300
[INFO  03:44:06] 50%:	E: -640052587843813376.00	dE -2484090502997039786707910656.00	batch_acc 0.0900
[INFO  03:44:45] 60%:	E: -552266514330288128.00	dE -2554937215860481280320733184.00	batch_acc 0.1000
[INFO  03:45:24] 70%:	E: -348138401062453248.00	dE -891393897306474230537256960.00	batch_acc 0.1100
[INFO  03:46:03] 80%:	E: -804560143202123776.00	dE -1913907841784686312666693632.00	batch_acc 0.1000
[INFO  03:46:41] 90%:	E: -1314409113840517120.00	dE -1322029153210503791749627904.00	batch_acc 0.0700
[INFO  03:47:50] epoch: 31 	 test_acc: 0.1015 	 mean_E: -771302928134199424.0000
[INFO  03:47:52] 0%:	E: -588622381698777088.00	dE -1164915651390549221298929664.00	batch_acc 0.0900
[INFO  03:48:30] 10%:	E: -718512019614990336.00	dE -1329693406438248636255043584.00	batch_acc 0.1200
[INFO  03:49:09] 20%:	E: -1733160178863308800.00	dE -1479878089823189014604152832.00	batch_acc 0.0900
[INFO  03:49:48] 30%:	E: -390916275330613248.00	dE -3325533863978865524350124032.00	batch_acc 0.1400
[INFO  03:50:27] 40%:	E: -1249049469761093632.00	dE -3376172980366297447387889664.00	batch_acc 0.0700
[INFO  03:51:06] 50%:	E: -661385518604353536.00	dE -3735407825936769049086132224.00	batch_acc 0.0700
[INFO  03:51:45] 60%:	E: -413944515582230528.00	dE -5137296033295365872986095616.00	batch_acc 0.0800
[INFO  03:52:24] 70%:	E: -644358825133998080.00	dE -1429578541100665936992534528.00	batch_acc 0.0600
[INFO  03:53:03] 80%:	E: -843187773392289792.00	dE -1288965209132786791433109504.00	batch_acc 0.1000
[INFO  03:53:42] 90%:	E: -661839204589764608.00	dE -468623263164318146979954688.00	batch_acc 0.0800
[INFO  03:54:51] epoch: 32 	 test_acc: 0.0999 	 mean_E: -825946351238392448.0000
[INFO  03:54:52] 0%:	E: -809049105580949504.00	dE -918313599868120053401518080.00	batch_acc 0.1300
[INFO  03:55:31] 10%:	E: -1272201473790312448.00	dE -1505073243174871878906937344.00	batch_acc 0.1400
[INFO  03:56:09] 20%:	E: -704510082632646656.00	dE -1846628138929289887630753792.00	batch_acc 0.1500
[INFO  03:56:48] 30%:	E: -479735752335294464.00	dE -3030297709575864071999193088.00	batch_acc 0.1500
[INFO  03:57:27] 40%:	E: -601894586557661184.00	dE -2197897237686875935911968768.00	batch_acc 0.1400
[INFO  03:58:06] 50%:	E: -798334777085132800.00	dE -888165864667527648680869888.00	batch_acc 0.1200
[INFO  03:58:45] 60%:	E: -951762897367728128.00	dE -3385007052316220656818585600.00	batch_acc 0.1800
[INFO  03:59:24] 70%:	E: -965487413822488576.00	dE -1251407047902903785637281792.00	batch_acc 0.1200
[INFO  04:00:03] 80%:	E: -509341889619558400.00	dE -3616765156456488338207014912.00	batch_acc 0.0800
[INFO  04:00:41] 90%:	E: -826409981866672128.00	dE -1673208527004915316771782656.00	batch_acc 0.1200
[INFO  04:01:51] epoch: 33 	 test_acc: 0.1008 	 mean_E: -843792084444271232.0000
[INFO  04:01:52] 0%:	E: -1070735003295416320.00	dE -2019098850338512839154597888.00	batch_acc 0.0600
[INFO  04:02:30] 10%:	E: -789996630655893504.00	dE -4128888682945200959168446464.00	batch_acc 0.0800
[INFO  04:03:09] 20%:	E: -537085385486893056.00	dE -1651291581436059524305780736.00	batch_acc 0.0700
[INFO  04:03:48] 30%:	E: -1499499801748701184.00	dE -1261357664378120486808190976.00	batch_acc 0.0900
[INFO  04:04:27] 40%:	E: -903372016239771648.00	dE -5097750346072005105260953600.00	batch_acc 0.1000
[INFO  04:05:06] 50%:	E: -455688642761850880.00	dE -1022896456163324523391746048.00	batch_acc 0.1400
[INFO  04:05:44] 60%:	E: -837733371084800000.00	dE -1393419971237143422296915968.00	batch_acc 0.1500
[INFO  04:06:23] 70%:	E: -910018289151770624.00	dE -2153281794896249424697098240.00	batch_acc 0.1400
[INFO  04:07:02] 80%:	E: -691659471763537920.00	dE -3412176597579600801849933824.00	batch_acc 0.1400
[INFO  04:07:41] 90%:	E: -1472318225042636800.00	dE -2232933802788859140840095744.00	batch_acc 0.0900
[INFO  04:08:50] epoch: 34 	 test_acc: 0.0955 	 mean_E: -935559276971400192.0000
[INFO  04:08:51] 0%:	E: -879847415207690240.00	dE -14038563716494948202839015424.00	batch_acc 0.1300
[INFO  04:09:30] 10%:	E: -534955700183367680.00	dE -339486868169802578311249920.00	batch_acc 0.1000
[INFO  04:10:09] 20%:	E: -1190350942000644096.00	dE -2258118921111765907146801152.00	batch_acc 0.0600
[INFO  04:10:47] 30%:	E: -849427158282534912.00	dE -3385329944124486868810072064.00	batch_acc 0.0900
[INFO  04:11:26] 40%:	E: -943902557460234240.00	dE -4284012223801460038029017088.00	batch_acc 0.1100
[INFO  04:12:05] 50%:	E: -1326004426028089344.00	dE -939464046327225066578771968.00	batch_acc 0.1300
[INFO  04:12:44] 60%:	E: -738275260087926784.00	dE -1468308734662016152859836416.00	batch_acc 0.1200
[INFO  04:13:23] 70%:	E: -585597762649718784.00	dE -2316775435195489770346119168.00	batch_acc 0.1000
[INFO  04:14:02] 80%:	E: -1407409655608508416.00	dE -1484068894928830645378482176.00	batch_acc 0.1500
[INFO  04:14:40] 90%:	E: -986433247770574848.00	dE -5281950382807008127760728064.00	batch_acc 0.1100
[INFO  04:15:50] epoch: 35 	 test_acc: 0.1051 	 mean_E: -947198088477795200.0000
[INFO  04:15:51] 0%:	E: -713641595420803072.00	dE -2996783664942748558623244288.00	batch_acc 0.1300
[INFO  04:16:29] 10%:	E: -695338231511646208.00	dE -3767948472778603056842407936.00	batch_acc 0.1300
[INFO  04:17:08] 20%:	E: -971615060843560960.00	dE -3500422869749175503252619264.00	batch_acc 0.1400
[INFO  04:17:47] 30%:	E: -1380278106681507840.00	dE -5946094560224829291324506112.00	batch_acc 0.0700
[INFO  04:18:26] 40%:	E: -1846943689419522048.00	dE -2682917774764826355904282624.00	batch_acc 0.1200
[INFO  04:19:05] 50%:	E: -1299721562638778368.00	dE -1640077289204817424010969088.00	batch_acc 0.1000
[INFO  04:19:44] 60%:	E: -1296193779581059072.00	dE -1511817963104030449683398656.00	batch_acc 0.0800
[INFO  04:20:23] 70%:	E: -1442882237182771200.00	dE -5496483950348913957585027072.00	batch_acc 0.1100
[INFO  04:21:02] 80%:	E: -498056227394158592.00	dE -2364962462786691630106673152.00	batch_acc 0.1300
[INFO  04:21:41] 90%:	E: -1206289599995838464.00	dE -2032309965722245850992738304.00	batch_acc 0.1600
[INFO  04:22:50] epoch: 36 	 test_acc: 0.0954 	 mean_E: -1009894207200470784.0000
[INFO  04:22:51] 0%:	E: -768194826905583616.00	dE -2399973940316734590044602368.00	batch_acc 0.0800
[INFO  04:23:30] 10%:	E: -1328164554059808768.00	dE -2864839269671844774588448768.00	batch_acc 0.0600
[INFO  04:24:09] 20%:	E: -1426758861234110464.00	dE -1300679629489355305091334144.00	batch_acc 0.0800
[INFO  04:24:47] 30%:	E: -868711630161051648.00	dE -2734528813204013887797592064.00	batch_acc 0.1100
[INFO  04:25:26] 40%:	E: -944520070678183936.00	dE -2120823937041818225408475136.00	batch_acc 0.0900
[INFO  04:26:05] 50%:	E: -388729827739303936.00	dE -805706114752946749105504256.00	batch_acc 0.0800
[INFO  04:26:44] 60%:	E: -2353719044021944320.00	dE -6782000061061774831895183360.00	batch_acc 0.1100
[INFO  04:27:23] 70%:	E: -1035205315835985920.00	dE -905689976389646543363244032.00	batch_acc 0.1300
[INFO  04:28:01] 80%:	E: -942602934716203008.00	dE -3796978630436233842087952384.00	batch_acc 0.0900
[INFO  04:28:40] 90%:	E: -1387070339762094080.00	dE -2773191417895078031867772928.00	batch_acc 0.1200
[INFO  04:29:49] epoch: 37 	 test_acc: 0.1001 	 mean_E: -1094751286246180992.0000
[INFO  04:29:50] 0%:	E: -419340403255279616.00	dE -4807297653768245424158670848.00	batch_acc 0.0800
[INFO  04:30:29] 10%:	E: -571453748149223424.00	dE -995669357058434404559355904.00	batch_acc 0.1300
[INFO  04:31:08] 20%:	E: -1228187198696718336.00	dE -1360374473903500131532013568.00	batch_acc 0.1200
[INFO  04:31:47] 30%:	E: -1225525830801686528.00	dE -2035076682185397104382312448.00	batch_acc 0.1300
[INFO  04:32:26] 40%:	E: -1144271165594796032.00	dE -1719930145246901689751961600.00	batch_acc 0.1100
[INFO  04:33:05] 50%:	E: -1472834033435017216.00	dE -3764625107366283544023269376.00	batch_acc 0.0400
[INFO  04:33:44] 60%:	E: -1680587855014920192.00	dE -1898215565536063071297994752.00	batch_acc 0.1000
[INFO  04:34:23] 70%:	E: -677156363637358592.00	dE -2143589580412017246925225984.00	batch_acc 0.1200
[INFO  04:35:02] 80%:	E: -618404165965578240.00	dE -1081208827789609261196115968.00	batch_acc 0.0900
[INFO  04:35:40] 90%:	E: -1310040341826502656.00	dE -2091410972551169819547795456.00	batch_acc 0.1100
[INFO  04:36:49] epoch: 38 	 test_acc: 0.0999 	 mean_E: -1086096375794635264.0000
[INFO  04:36:50] 0%:	E: -838303330424848384.00	dE -6919112201004463904557891584.00	batch_acc 0.1600
[INFO  04:37:29] 10%:	E: -1314300674506227712.00	dE -3970852032264821667916677120.00	batch_acc 0.0600
[INFO  04:38:08] 20%:	E: -968933489422368768.00	dE -2615794943021032756895285248.00	batch_acc 0.1400
[INFO  04:38:46] 30%:	E: -579559313509449728.00	dE -3167113816169658253777567744.00	batch_acc 0.1200
[INFO  04:39:25] 40%:	E: -1045469050722844672.00	dE -1651449633139283067744026624.00	batch_acc 0.0800
[INFO  04:40:04] 50%:	E: -1522702933068611584.00	dE -3915161164332339941911560192.00	batch_acc 0.0500
[INFO  04:40:43] 60%:	E: -799684633766658048.00	dE -4065012773306285420596690944.00	batch_acc 0.1300
[INFO  04:41:22] 70%:	E: -762167579040022528.00	dE -4295174422427437982550065152.00	batch_acc 0.0900
[INFO  04:42:00] 80%:	E: -1497332801769308160.00	dE -342152422688453608519761920.00	batch_acc 0.0800
[INFO  04:42:39] 90%:	E: -1625646908242395136.00	dE -1499977071870092583339294720.00	batch_acc 0.1000
[INFO  04:43:49] epoch: 39 	 test_acc: 0.1017 	 mean_E: -1242879035354977536.0000
[INFO  04:43:50] 0%:	E: -1454805341274374144.00	dE -911227836534526740434780160.00	batch_acc 0.1300
[INFO  04:44:29] 10%:	E: -781926902502785024.00	dE -2816778270236154498484535296.00	batch_acc 0.0700
[INFO  04:45:08] 20%:	E: -1766880001463943168.00	dE -2286767895249857558217752576.00	batch_acc 0.0900
[INFO  04:45:46] 30%:	E: -482734601580576768.00	dE -4546039221357396248473108480.00	batch_acc 0.1100
[INFO  04:46:25] 40%:	E: -927155002504380416.00	dE -2110538770416080727809458176.00	batch_acc 0.1200
[INFO  04:47:04] 50%:	E: -1350981894237323264.00	dE -4010395948600751359524864000.00	batch_acc 0.1200
[INFO  04:47:43] 60%:	E: -1480150596123099136.00	dE -2204229783566451540467122176.00	batch_acc 0.1400
[INFO  04:48:22] 70%:	E: -1163986302434017280.00	dE -5836621841010565893391908864.00	batch_acc 0.0800
[INFO  04:49:01] 80%:	E: -993384429000851456.00	dE -2704967094169155088112680960.00	batch_acc 0.0800
[INFO  04:49:40] 90%:	E: -1577509601983594496.00	dE -1697452861380062895946072064.00	batch_acc 0.0900
[INFO  04:50:48] epoch: 40 	 test_acc: 0.1038 	 mean_E: -1245297289794187008.0000
[INFO  04:50:49] 0%:	E: -667377169780965376.00	dE -3965892366866187823030992896.00	batch_acc 0.0900
[INFO  04:51:28] 10%:	E: -1372962231188193280.00	dE -3584882689443204287252398080.00	batch_acc 0.0400
[INFO  04:52:07] 20%:	E: -1154885507251961856.00	dE -6152976713472865578491314176.00	batch_acc 0.1500
[INFO  04:52:46] 30%:	E: -1379678323088556032.00	dE -1342572480428654876164096000.00	batch_acc 0.1400
[INFO  04:53:25] 40%:	E: -1307267236062298112.00	dE -2986593093220621043604914176.00	batch_acc 0.1000
[INFO  04:54:04] 50%:	E: -2023417642139779072.00	dE -2093319989201869873625432064.00	batch_acc 0.1000
[INFO  04:54:43] 60%:	E: -1181739429492948992.00	dE -2468855263279586773190049792.00	batch_acc 0.1100
[INFO  04:55:22] 70%:	E: -1461416704692191232.00	dE -2014219465170087778237546496.00	batch_acc 0.0500
[INFO  04:56:01] 80%:	E: -1231112999138230272.00	dE -5763045010024215386139918336.00	batch_acc 0.1100
[INFO  04:56:39] 90%:	E: -1515964438618832896.00	dE -4032731561473104063974342656.00	batch_acc 0.1400
[INFO  04:57:48] epoch: 41 	 test_acc: 0.1007 	 mean_E: -1272109905582341888.0000
[INFO  04:57:49] 0%:	E: -1519708688028270592.00	dE -4098244656542049472671121408.00	batch_acc 0.1200
[INFO  04:58:28] 10%:	E: -1775379638663512064.00	dE -11690921860949754303641288704.00	batch_acc 0.0700
[INFO  04:59:07] 20%:	E: -918814725771362304.00	dE -1370351948838088153810075648.00	batch_acc 0.1200
[INFO  04:59:46] 30%:	E: -1880643995688763392.00	dE -1977290559274047152666443776.00	batch_acc 0.0700
[INFO  05:00:25] 40%:	E: -1306468715742625792.00	dE -2039075493578719566143422464.00	batch_acc 0.1400
[INFO  05:01:04] 50%:	E: -1655955770895761408.00	dE -7898183915615137402955235328.00	batch_acc 0.1400
[INFO  05:01:43] 60%:	E: -1191903177541156864.00	dE -1500572090046934158636220416.00	batch_acc 0.1200
[INFO  05:02:22] 70%:	E: -1244319095860494336.00	dE -2098131933073961452421775360.00	batch_acc 0.1000
[INFO  05:03:01] 80%:	E: -742778172520529920.00	dE -1973869352331160684385533952.00	batch_acc 0.0900
[INFO  05:03:40] 90%:	E: -2308464244934311936.00	dE -2288510153334131277948780544.00	batch_acc 0.0400
[INFO  05:04:48] epoch: 42 	 test_acc: 0.1037 	 mean_E: -1415523606998895360.0000
[INFO  05:04:49] 0%:	E: -2206451143792394240.00	dE -1905254400352732867165421568.00	batch_acc 0.0300
[INFO  05:05:28] 10%:	E: -531276802996305920.00	dE -3209392868142885008022962176.00	batch_acc 0.0800
[INFO  05:06:07] 20%:	E: -1023841725723967488.00	dE -6277488989343448079018229760.00	batch_acc 0.0600
[INFO  05:06:46] 30%:	E: -1519993049223004160.00	dE -5195244782702469648109010944.00	batch_acc 0.1200
[INFO  05:07:25] 40%:	E: -1643700476853616640.00	dE -4385093888071474435122528256.00	batch_acc 0.0700
[INFO  05:08:03] 50%:	E: -1673695978693066752.00	dE -3788308955869495532181258240.00	batch_acc 0.1200
[INFO  05:08:42] 60%:	E: -2227221880513757184.00	dE -2557680910787028544189890560.00	batch_acc 0.1000
[INFO  05:09:21] 70%:	E: -1361155263012274176.00	dE -5915238617625759029498216448.00	batch_acc 0.1400
[INFO  05:10:00] 80%:	E: -1256831263306678272.00	dE -2754165888779311769360269312.00	batch_acc 0.1200
[INFO  05:10:39] 90%:	E: -1530284478058987520.00	dE -3250828092255203992539234304.00	batch_acc 0.1100
[INFO  05:11:48] epoch: 43 	 test_acc: 0.0985 	 mean_E: -1408119491299405312.0000
[INFO  05:11:49] 0%:	E: -1599173004707758080.00	dE -8295790645190071486190190592.00	batch_acc 0.1100
[INFO  05:12:28] 10%:	E: -972387330323120128.00	dE -1054967079966160411772846080.00	batch_acc 0.1200
[INFO  05:13:07] 20%:	E: -1039432457008447488.00	dE -2081962402662663197533667328.00	batch_acc 0.0700
[INFO  05:13:46] 30%:	E: -1595449783458201600.00	dE -1912476374444566451461292032.00	batch_acc 0.1300
[INFO  05:14:24] 40%:	E: -1218817435482718208.00	dE -6259319684300607119058534400.00	batch_acc 0.1000
[INFO  05:15:03] 50%:	E: -1836244341769633792.00	dE -2676548187823150742569484288.00	batch_acc 0.1100
[INFO  05:15:42] 60%:	E: -2247424169723559936.00	dE -2037605066715116030365007872.00	batch_acc 0.0800
[INFO  05:16:21] 70%:	E: -1582713178200997888.00	dE -3673575520393315349480603648.00	batch_acc 0.0900
[INFO  05:17:00] 80%:	E: -851750976107839488.00	dE -8670881131374683101046243328.00	batch_acc 0.0800
[INFO  05:17:39] 90%:	E: -1226932655929425920.00	dE -3013463063360244145518018560.00	batch_acc 0.1400
[INFO  05:18:48] epoch: 44 	 test_acc: 0.1024 	 mean_E: -1401340295348091904.0000
[INFO  05:18:49] 0%:	E: -1442112441604374528.00	dE -5148118516682482382404583424.00	batch_acc 0.1100
[INFO  05:19:28] 10%:	E: -895191237412257792.00	dE -2396916503166981674121560064.00	batch_acc 0.1200
[INFO  05:20:07] 20%:	E: -1075447097815203840.00	dE -1428121986188605830796935168.00	batch_acc 0.0800
[INFO  05:20:46] 30%:	E: -2036005950766186496.00	dE -4641101639249182924036112384.00	batch_acc 0.1500
[INFO  05:21:25] 40%:	E: -1342804001627832320.00	dE -1211047637904963542171254784.00	batch_acc 0.1500
[INFO  05:22:04] 50%:	E: -1936911640679153664.00	dE -5736654064934698373863178240.00	batch_acc 0.1500
[INFO  05:22:43] 60%:	E: -2151386364522790912.00	dE -2834018744821396035101261824.00	batch_acc 0.0500
[INFO  05:23:22] 70%:	E: -1216203071709773824.00	dE -936412216987670558359420928.00	batch_acc 0.0900
[INFO  05:24:00] 80%:	E: -2355181119608979456.00	dE -2357121563537696942934982656.00	batch_acc 0.0700
[INFO  05:24:39] 90%:	E: -2026333684415594496.00	dE -5773246502218834537212805120.00	batch_acc 0.1000
[INFO  05:25:48] epoch: 45 	 test_acc: 0.0993 	 mean_E: -1586296580714115328.0000
[INFO  05:25:49] 0%:	E: -1097936920966594560.00	dE -5284240730551199905689370624.00	batch_acc 0.1200
[INFO  05:26:28] 10%:	E: -1638198520668225536.00	dE -1897943291593535118316142592.00	batch_acc 0.1000
[INFO  05:27:07] 20%:	E: -1799716641349566464.00	dE -2157809511335653286722142208.00	batch_acc 0.1200
[INFO  05:27:46] 30%:	E: -1076396319947358208.00	dE -9058974063374065925292556288.00	batch_acc 0.0800
[INFO  05:28:25] 40%:	E: -2453148980033355776.00	dE -7571004198582479773614735360.00	batch_acc 0.0600
[INFO  05:29:04] 50%:	E: -933472865037058048.00	dE -1251164731472751536967254016.00	batch_acc 0.0700
[INFO  05:29:42] 60%:	E: -1377997444687593472.00	dE -2979996832687767687299858432.00	batch_acc 0.0700
[INFO  05:30:21] 70%:	E: -1339621327782281216.00	dE -1807501119009426031889088512.00	batch_acc 0.0500
[INFO  05:31:00] 80%:	E: -940785235837059072.00	dE -1351954937186401323145232384.00	batch_acc 0.1000
[INFO  05:31:39] 90%:	E: -2963717924629512192.00	dE -1214386498582304971013750784.00	batch_acc 0.1200
[INFO  05:32:48] epoch: 46 	 test_acc: 0.1015 	 mean_E: -1573407122889734400.0000
[INFO  05:32:49] 0%:	E: -1440951082447536128.00	dE -8893102711550700713278439424.00	batch_acc 0.0800
[INFO  05:33:28] 10%:	E: -1612001006869020672.00	dE -10619073353825003037964369920.00	batch_acc 0.0900
[INFO  05:34:07] 20%:	E: -1095296856109350912.00	dE -4912025870406750725415632896.00	batch_acc 0.1100
[INFO  05:34:46] 30%:	E: -2092890559218712576.00	dE -2507333695677819001096896512.00	batch_acc 0.1500
[INFO  05:35:24] 40%:	E: -1408521674181050368.00	dE -1693763955287178754652110848.00	batch_acc 0.1300
[INFO  05:36:03] 50%:	E: -2118626690451111936.00	dE -1368129780259992806384205824.00	batch_acc 0.0800
[INFO  05:36:42] 60%:	E: -1675535186768429056.00	dE -16440040549944856057472876544.00	batch_acc 0.0400
[INFO  05:37:21] 70%:	E: -1328085801539469312.00	dE -4327486624790663171219128320.00	batch_acc 0.0900
[INFO  05:38:00] 80%:	E: -1342416286340087808.00	dE -5300426641671235614659313664.00	batch_acc 0.1100
[INFO  05:38:39] 90%:	E: -1304149570841739264.00	dE -2094390490653955386324811776.00	batch_acc 0.0900
[INFO  05:39:48] epoch: 47 	 test_acc: 0.1011 	 mean_E: -1703597754423025664.0000
[INFO  05:39:49] 0%:	E: -2131977785269288960.00	dE -1770457695726175817421553664.00	batch_acc 0.1100
[INFO  05:40:27] 10%:	E: -1229902024519188480.00	dE -2514943494117058255005941760.00	batch_acc 0.0600
[INFO  05:41:06] 20%:	E: -1559540970645618688.00	dE -2106920994968344810546528256.00	batch_acc 0.0900
[INFO  05:41:45] 30%:	E: -994699651066101760.00	dE -5623477829806244456671739904.00	batch_acc 0.0600
[INFO  05:42:24] 40%:	E: -1434840821454077952.00	dE -4891963191552184217078071296.00	batch_acc 0.0900
[INFO  05:43:03] 50%:	E: -1597266726423101440.00	dE -3319943467506863402475585536.00	batch_acc 0.0700
[INFO  05:43:42] 60%:	E: -1808325405078192128.00	dE -1733286325826030353504010240.00	batch_acc 0.0900
[INFO  05:44:21] 70%:	E: -1419883889903534080.00	dE -6057705330864211921127604224.00	batch_acc 0.1300
[INFO  05:44:59] 80%:	E: -1917932558155251712.00	dE -3263143433746717668550901760.00	batch_acc 0.1000
[INFO  05:45:38] 90%:	E: -1500012174167244800.00	dE -4745363817345410027181047808.00	batch_acc 0.1600
[INFO  05:46:47] epoch: 48 	 test_acc: 0.1008 	 mean_E: -1651599715173526784.0000
[INFO  05:46:48] 0%:	E: -1541971324589572096.00	dE -4085385652609195428754227200.00	batch_acc 0.1000
[INFO  05:47:27] 10%:	E: -1726250572916457472.00	dE -19241558492891617297449353216.00	batch_acc 0.1000
[INFO  05:48:06] 20%:	E: -2352626679219748864.00	dE -2424931056882890306293334016.00	batch_acc 0.1000
[INFO  05:48:45] 30%:	E: -1559655044977000448.00	dE -2681364116191962242628976640.00	batch_acc 0.0800
[INFO  05:49:24] 40%:	E: -1307989202884886528.00	dE -1953162218025635059152715776.00	batch_acc 0.0900
[INFO  05:50:03] 50%:	E: -1219987315854671872.00	dE -2926358423287903180845744128.00	batch_acc 0.0900
[INFO  05:50:42] 60%:	E: -1560953568209403904.00	dE -6059864042642693707695915008.00	batch_acc 0.1300
[INFO  05:51:20] 70%:	E: -1476790763466522624.00	dE -2040923267039094904509693952.00	batch_acc 0.1300
[INFO  05:51:59] 80%:	E: -1232197529920077824.00	dE -1224846540341861235162087424.00	batch_acc 0.0400
[INFO  05:52:38] 90%:	E: -1203764159225790464.00	dE -3670331844915394261924446208.00	batch_acc 0.1000
[INFO  05:53:47] epoch: 49 	 test_acc: 0.1028 	 mean_E: -1745347798624471040.0000
[INFO  05:53:48] 0%:	E: -2214484038305972224.00	dE -3079278980179903570214125568.00	batch_acc 0.0500
[INFO  05:54:27] 10%:	E: -1625724148934246400.00	dE -10522611934862666230006808576.00	batch_acc 0.1500
[INFO  05:55:06] 20%:	E: -2187743090884739072.00	dE -4952882899772823357746053120.00	batch_acc 0.1200
[INFO  05:55:45] 30%:	E: -1160932821204729856.00	dE -8998220228276137580912705536.00	batch_acc 0.1200
[INFO  05:56:24] 40%:	E: -1440557869601652736.00	dE -9164380234750768199990509568.00	batch_acc 0.0400
[INFO  05:57:02] 50%:	E: -1867993289777479680.00	dE -1247150277240454569506373632.00	batch_acc 0.0800
[INFO  05:57:41] 60%:	E: -1652167678460166144.00	dE -7304349872169141669566873600.00	batch_acc 0.0800
[INFO  05:58:20] 70%:	E: -1758806562459090944.00	dE -9865213067669813995925143552.00	batch_acc 0.0800
[INFO  05:58:59] 80%:	E: -1774735737166495744.00	dE -18249944172902442021364432896.00	batch_acc 0.1200
[INFO  05:59:37] 90%:	E: -2012732725580005376.00	dE -7795099967956386276291117056.00	batch_acc 0.0600
[INFO  06:00:46] epoch: 50 	 test_acc: 0.0967 	 mean_E: -1855312330144050688.0000
[INFO  06:00:48] 0%:	E: -1624948993236664320.00	dE -1685060486285297408846856192.00	batch_acc 0.1000
[INFO  06:01:26] 10%:	E: -2062286477693288448.00	dE -2270178812091346853287690240.00	batch_acc 0.0800
[INFO  06:02:05] 20%:	E: -1313706251032461312.00	dE -5808377367076522545368793088.00	batch_acc 0.0800
[INFO  06:02:44] 30%:	E: -1319831355432894464.00	dE -2304028587466603880503050240.00	batch_acc 0.1100
[INFO  06:03:23] 40%:	E: -1245562231194648576.00	dE -2998938244650557834251993088.00	batch_acc 0.0700
[INFO  06:04:02] 50%:	E: -2119434006863806464.00	dE -4537866871010885148077981696.00	batch_acc 0.1000
[INFO  06:04:41] 60%:	E: -3162722657309294592.00	dE -4107818073994446960930586624.00	batch_acc 0.0800
[INFO  06:05:20] 70%:	E: -830885062911197184.00	dE -1922782053849713914081705984.00	batch_acc 0.0800
[INFO  06:05:59] 80%:	E: -1842258670373568512.00	dE -10255014315744374914327511040.00	batch_acc 0.1800
[INFO  06:06:37] 90%:	E: -1453011488053657600.00	dE -1645481742496556553605218304.00	batch_acc 0.0900
[INFO  06:07:47] epoch: 51 	 test_acc: 0.1055 	 mean_E: -1857822559610533120.0000
[INFO  06:07:48] 0%:	E: -1348290289772527616.00	dE -1739305277056352895681691648.00	batch_acc 0.0700
[INFO  06:08:26] 10%:	E: -1486950250907172864.00	dE -10198198343997349495350231040.00	batch_acc 0.1200
[INFO  06:09:05] 20%:	E: -3153501603042951168.00	dE -3873065694356134745123848192.00	batch_acc 0.0900
[INFO  06:09:44] 30%:	E: -2040533327332507648.00	dE -1663965970354223883030102016.00	batch_acc 0.1200
[INFO  06:10:23] 40%:	E: -2031952326272483328.00	dE -8141514473969582329292652544.00	batch_acc 0.0900
[INFO  06:11:01] 50%:	E: -2010732988806987776.00	dE -6742947861135873942094872576.00	batch_acc 0.1400
[INFO  06:11:40] 60%:	E: -2401839170411560960.00	dE -3118035441904814748482928640.00	batch_acc 0.1300
[INFO  06:12:19] 70%:	E: -2202058732278382592.00	dE -13041950771583655407295397888.00	batch_acc 0.1000
[INFO  06:12:57] 80%:	E: -1258619344091348992.00	dE -6983776745846018673880334336.00	batch_acc 0.0800
[INFO  06:13:36] 90%:	E: -2350062068347961344.00	dE -18727939747115266075072135168.00	batch_acc 0.1400
[INFO  06:14:45] epoch: 52 	 test_acc: 0.1055 	 mean_E: -1914982769008849664.0000
[INFO  06:14:46] 0%:	E: -1220087371412799488.00	dE -3932981604551258906831093760.00	batch_acc 0.1100
[INFO  06:15:25] 10%:	E: -1766657762676178944.00	dE -2167490952921346418115870720.00	batch_acc 0.1700
[INFO  06:16:04] 20%:	E: -2080486693667864576.00	dE -2900284467048548793503973376.00	batch_acc 0.1600
[INFO  06:16:43] 30%:	E: -1700080272030040064.00	dE -6028655103149028939889901568.00	batch_acc 0.1300
[INFO  06:17:22] 40%:	E: -2140530473904898048.00	dE -9542557968023555845405016064.00	batch_acc 0.0800
[INFO  06:18:01] 50%:	E: -1346710291563413504.00	dE -2272641231064258193913806848.00	batch_acc 0.1200
[INFO  06:18:40] 60%:	E: -970101583087927296.00	dE -2251498310876735254233612288.00	batch_acc 0.0300
[INFO  06:19:19] 70%:	E: -1798170590561959936.00	dE -4031388048208727649911046144.00	batch_acc 0.1200
[INFO  06:19:57] 80%:	E: -2906869325182795776.00	dE -4733738531656205678076231680.00	batch_acc 0.0500
[INFO  06:20:36] 90%:	E: -2582822082878373888.00	dE -6543464475574873671566622720.00	batch_acc 0.0700
[INFO  06:21:45] epoch: 53 	 test_acc: 0.1013 	 mean_E: -1995211440003590144.0000
[INFO  06:21:46] 0%:	E: -2118918610788286464.00	dE -8679325312941864385393983488.00	batch_acc 0.1500
[INFO  06:22:25] 10%:	E: -2402584089539379200.00	dE -12058076410259903479715725312.00	batch_acc 0.1000
[INFO  06:23:04] 20%:	E: -2338593337436536832.00	dE -7136870554558359343357493248.00	batch_acc 0.1100
[INFO  06:23:43] 30%:	E: -1815621626801160192.00	dE -11289886693308256857981190144.00	batch_acc 0.0800
[INFO  06:24:22] 40%:	E: -2341530957628047360.00	dE -5755388873363862973837213696.00	batch_acc 0.1300
[INFO  06:25:01] 50%:	E: -1906274161488035840.00	dE -3389382029714694203756249088.00	batch_acc 0.0800
[INFO  06:25:39] 60%:	E: -1288319627058741248.00	dE -11502959869015335250023153664.00	batch_acc 0.0500
[INFO  06:26:18] 70%:	E: -2642332050220122112.00	dE -5707912561928332995681320960.00	batch_acc 0.1600
[INFO  06:26:57] 80%:	E: -1629404076913459200.00	dE -1295571504694416245734244352.00	batch_acc 0.1100
[INFO  06:27:36] 90%:	E: -2308291346730844160.00	dE -6834895288036397727933792256.00	batch_acc 0.1100
[INFO  06:28:45] epoch: 54 	 test_acc: 0.0972 	 mean_E: -2237502163820272128.0000
[INFO  06:28:46] 0%:	E: -2683670663767523328.00	dE -6898355039129010379021090816.00	batch_acc 0.1300
[INFO  06:29:25] 10%:	E: -1380887236123295744.00	dE -5252132770538358829175799808.00	batch_acc 0.1200
[INFO  06:30:04] 20%:	E: -2042088998846857216.00	dE -5259011487616468826135199744.00	batch_acc 0.0500
[INFO  06:30:43] 30%:	E: -1719358696594604032.00	dE -6928087058505157665286520832.00	batch_acc 0.1400
[INFO  06:31:22] 40%:	E: -2889384066644180992.00	dE -4232644092088235113511387136.00	batch_acc 0.1500
[INFO  06:32:00] 50%:	E: -1689424355089448960.00	dE -2862900443082721605875400704.00	batch_acc 0.1400
[INFO  06:32:39] 60%:	E: -3485779789392904192.00	dE -2866658266211465126054199296.00	batch_acc 0.0800
[INFO  06:33:18] 70%:	E: -1874408665247645696.00	dE -4387593495680438374204702720.00	batch_acc 0.0700
[INFO  06:33:57] 80%:	E: -1474357406795300864.00	dE -7521775889181805157084561408.00	batch_acc 0.1100
[INFO  06:34:36] 90%:	E: -1749824514532835328.00	dE -5574564738368301388959580160.00	batch_acc 0.0700
[INFO  06:35:45] epoch: 55 	 test_acc: 0.1022 	 mean_E: -2236556204708775424.0000
[INFO  06:35:46] 0%:	E: -1819294133076885504.00	dE -5648685822091802622822449152.00	batch_acc 0.0200
[INFO  06:36:24] 10%:	E: -1350399702830415872.00	dE -6087054838555246766130724864.00	batch_acc 0.1300
[INFO  06:37:03] 20%:	E: -1751200003579183104.00	dE -8386491957634928044398346240.00	batch_acc 0.0900
[INFO  06:37:42] 30%:	E: -1948309453090586624.00	dE -3296472420643285727705038848.00	batch_acc 0.1500
[INFO  06:38:21] 40%:	E: -1643050528042647552.00	dE -4288234314585050680202887168.00	batch_acc 0.1000
[INFO  06:39:00] 50%:	E: -2072951740482715648.00	dE -4075740809363744537110904832.00	batch_acc 0.1100
[INFO  06:39:39] 60%:	E: -1274964409071960064.00	dE -4293054965320345049907593216.00	batch_acc 0.1400
[INFO  06:40:18] 70%:	E: -1436575988241661952.00	dE -11452023243539482539336925184.00	batch_acc 0.1500
[INFO  06:40:57] 80%:	E: -2319872777584115712.00	dE -1776221934314328578110521344.00	batch_acc 0.0900
[INFO  06:41:36] 90%:	E: -2164635342198538240.00	dE -5155994833680098591915376640.00	batch_acc 0.0200
[INFO  06:42:45] epoch: 56 	 test_acc: 0.1008 	 mean_E: -2405662087019235840.0000
[INFO  06:42:46] 0%:	E: -1878806162002935808.00	dE -3028595591606694744252481536.00	batch_acc 0.0800
[INFO  06:43:25] 10%:	E: -1873724906454122496.00	dE -2333788645893743205286936576.00	batch_acc 0.0400
[INFO  06:44:04] 20%:	E: -1393145278944509952.00	dE -14136974292223089456858529792.00	batch_acc 0.0900
[INFO  06:44:42] 30%:	E: -2856549076025999360.00	dE -4561256752200538500821417984.00	batch_acc 0.0900
[INFO  06:45:21] 40%:	E: -3643501983618301952.00	dE -6866842687588821236510097408.00	batch_acc 0.1100
[INFO  06:46:00] 50%:	E: -1223005887589777408.00	dE -7273976201247134470258032640.00	batch_acc 0.1200
[INFO  06:46:38] 60%:	E: -3734767770915569664.00	dE -4354170356602118101499117568.00	batch_acc 0.1200
[INFO  06:47:17] 70%:	E: -1520154814871240704.00	dE -4128121003243829462468395008.00	batch_acc 0.0900
[INFO  06:47:56] 80%:	E: -1504098784009781248.00	dE -2227882936687524875931222016.00	batch_acc 0.1100
[INFO  06:48:35] 90%:	E: -977876573405315072.00	dE -5882675539543131390927175680.00	batch_acc 0.0700
[INFO  06:49:44] epoch: 57 	 test_acc: 0.1026 	 mean_E: -2220689107548265728.0000
[INFO  06:49:45] 0%:	E: -4134834697408610304.00	dE -5783460390625471221104377856.00	batch_acc 0.1000
[INFO  06:50:24] 10%:	E: -1392093870950449152.00	dE -1833807356650156569904807936.00	batch_acc 0.1600
[INFO  06:51:02] 20%:	E: -3523361646586101760.00	dE -7249540315881525491099762688.00	batch_acc 0.0900
[INFO  06:51:41] 30%:	E: -2121219338869407744.00	dE -6807497888590219122520883200.00	batch_acc 0.0900
[INFO  06:52:20] 40%:	E: -2429213436530393088.00	dE -3638254285136786658751938560.00	batch_acc 0.0700
[INFO  06:52:59] 50%:	E: -3043205743370043392.00	dE -4148719375546296496184885248.00	batch_acc 0.1600
[INFO  06:53:37] 60%:	E: -1536508950822780928.00	dE -10953068626284062282759536640.00	batch_acc 0.1800
[INFO  06:54:16] 70%:	E: -1235701810916753408.00	dE -5508266845019484081098850304.00	batch_acc 0.0800
[INFO  06:54:55] 80%:	E: -2779763581988634624.00	dE -7773263155043786678117335040.00	batch_acc 0.0800
[INFO  06:55:34] 90%:	E: -1295227583738150912.00	dE -11511992575505444163905650688.00	batch_acc 0.0800
[INFO  06:56:43] epoch: 58 	 test_acc: 0.0976 	 mean_E: -2370025647646011392.0000
[INFO  06:56:44] 0%:	E: -1386326382706950144.00	dE -3246318232264063481360154624.00	batch_acc 0.1400
[INFO  06:57:23] 10%:	E: -2678743477285552128.00	dE -4311140448358115073664745472.00	batch_acc 0.0900
[INFO  06:58:01] 20%:	E: -3234578490963525632.00	dE -3106639781285839935876628480.00	batch_acc 0.0900
[INFO  06:58:40] 30%:	E: -3011169273071534080.00	dE -10566490983629870255921168384.00	batch_acc 0.1100
[INFO  06:59:19] 40%:	E: -2623357503181684736.00	dE -6019016162861681635303096320.00	batch_acc 0.0700
[INFO  06:59:58] 50%:	E: -3497898606554251264.00	dE -14408785442835721213479747584.00	batch_acc 0.1400
[INFO  07:00:37] 60%:	E: -1724436928486440960.00	dE -5913239876011884452161519616.00	batch_acc 0.0400
[INFO  07:01:16] 70%:	E: -4667026087920795648.00	dE -10248444323375082520423956480.00	batch_acc 0.0800
[INFO  07:01:54] 80%:	E: -1471929135365357568.00	dE -4839597164771547900656222208.00	batch_acc 0.1200
[INFO  07:02:33] 90%:	E: -3090161486945845248.00	dE -9236392191543857778559811584.00	batch_acc 0.1400
[INFO  07:03:42] epoch: 59 	 test_acc: 0.1055 	 mean_E: -2457333604300634112.0000
[INFO  07:03:43] 0%:	E: -2435512263768014848.00	dE -1031885554550443187894222848.00	batch_acc 0.0900
[INFO  07:04:22] 10%:	E: -2050383714566799360.00	dE -6474474833330820665934086144.00	batch_acc 0.1300
[INFO  07:05:01] 20%:	E: -1331671583835553792.00	dE -3054618192110547924202553344.00	batch_acc 0.0700
[INFO  07:05:40] 30%:	E: -3368774709767307264.00	dE -7211064244666534698015522816.00	batch_acc 0.1100
[INFO  07:06:18] 40%:	E: -1728260480172032000.00	dE -3505093880496543941074616320.00	batch_acc 0.1400
[INFO  07:06:57] 50%:	E: -2174892686174060544.00	dE -7272946135058058528895795200.00	batch_acc 0.1500
[INFO  07:07:36] 60%:	E: -1722009619129171968.00	dE -10003668720876879482651148288.00	batch_acc 0.1000
[INFO  07:08:15] 70%:	E: -1406793654219046912.00	dE -3517684004687779594567155712.00	batch_acc 0.1400
[INFO  07:08:54] 80%:	E: -1561489992444805120.00	dE -8041514821919955439658729472.00	batch_acc 0.0400
[INFO  07:09:33] 90%:	E: -1692022363626930176.00	dE -5720187173008931921003020288.00	batch_acc 0.1000
[INFO  07:10:42] epoch: 60 	 test_acc: 0.1020 	 mean_E: -2449309031550761984.0000
[INFO  07:10:43] 0%:	E: -3111086292734050304.00	dE -40345202758376530138401603584.00	batch_acc 0.0900
[INFO  07:11:22] 10%:	E: -2542202549935538176.00	dE -9081427145112680012166725632.00	batch_acc 0.0500
[INFO  07:12:01] 20%:	E: -2474685664042418176.00	dE -6502398186344028878082670592.00	batch_acc 0.1500
[INFO  07:12:39] 30%:	E: -2796341468556427264.00	dE -6904971074571510751965478912.00	batch_acc 0.1300
[INFO  07:13:18] 40%:	E: -3191597207044227072.00	dE -5592585879162742313800695808.00	batch_acc 0.1200
[INFO  07:13:57] 50%:	E: -2461849140666040320.00	dE -4574206366540282606055849984.00	batch_acc 0.1200
[INFO  07:14:36] 60%:	E: -4557889663259377664.00	dE -3037484561066981313308786688.00	batch_acc 0.0900
[INFO  07:15:14] 70%:	E: -3516469907703201792.00	dE -4206221566172863910482280448.00	batch_acc 0.1400
[INFO  07:15:53] 80%:	E: -2443247328069419008.00	dE -4059707194562781374199103488.00	batch_acc 0.0500
[INFO  07:16:32] 90%:	E: -3059355370158817280.00	dE -6190805820479703230181277696.00	batch_acc 0.0900
[INFO  07:17:41] epoch: 61 	 test_acc: 0.1023 	 mean_E: -2568388759435795456.0000
[INFO  07:17:42] 0%:	E: -2379365702495633408.00	dE -8218662594608603005737500672.00	batch_acc 0.1100
[INFO  07:18:21] 10%:	E: -2686318562645114880.00	dE -3687052268891709778862014464.00	batch_acc 0.0900
[INFO  07:18:59] 20%:	E: -2648273261300809728.00	dE -1754049538233540055773741056.00	batch_acc 0.0600
[INFO  07:19:38] 30%:	E: -3940537798641057792.00	dE -7563921829449796023205494784.00	batch_acc 0.0900
[INFO  07:20:17] 40%:	E: -1527539684719198208.00	dE -11851547253906461698528641024.00	batch_acc 0.1300
[INFO  07:20:56] 50%:	E: -4338988168163360768.00	dE -6216999016472750076064694272.00	batch_acc 0.0900
[INFO  07:21:35] 60%:	E: -1434206953000665088.00	dE -9927329305498050232949145600.00	batch_acc 0.0400
[INFO  07:22:13] 70%:	E: -1851735910849183744.00	dE -8062934295694631432936751104.00	batch_acc 0.1400
[INFO  07:22:52] 80%:	E: -1488091543976804352.00	dE -12994976211586930328943460352.00	batch_acc 0.1100
[INFO  07:23:31] 90%:	E: -5479804874382114816.00	dE -2274414774826480925044375552.00	batch_acc 0.0500
[INFO  07:24:40] epoch: 62 	 test_acc: 0.1028 	 mean_E: -2807941713373064192.0000
[INFO  07:24:41] 0%:	E: -7440648072834580480.00	dE -5951341109387297467156922368.00	batch_acc 0.1300
[INFO  07:25:20] 10%:	E: -3210296051541999616.00	dE -26128775830670779618233942016.00	batch_acc 0.0700
[INFO  07:25:59] 20%:	E: -1571071549086105600.00	dE -5301915367704960270312931328.00	batch_acc 0.1300
[INFO  07:26:38] 30%:	E: -3016503828611596288.00	dE -1176092681198762428299476992.00	batch_acc 0.0900
[INFO  07:27:16] 40%:	E: -1036776311793647616.00	dE -3179974886137848553164242944.00	batch_acc 0.1000
[INFO  07:27:55] 50%:	E: -4529893623315038208.00	dE -7308415239415082075390214144.00	batch_acc 0.0800
[INFO  07:28:34] 60%:	E: -4312920946492047360.00	dE -4356468083043939363248406528.00	batch_acc 0.1100
[INFO  07:29:13] 70%:	E: -1812051375106818048.00	dE -1247044171568542592165478400.00	batch_acc 0.1500
[INFO  07:29:52] 80%:	E: -2545736930063024128.00	dE -3315573507622777904535961600.00	batch_acc 0.1700
[INFO  07:30:31] 90%:	E: -2581662372988977152.00	dE -5870644720632210611039633408.00	batch_acc 0.0900
[INFO  07:31:40] epoch: 63 	 test_acc: 0.1052 	 mean_E: -2798779976439625216.0000
[INFO  07:31:41] 0%:	E: -4068503909683953664.00	dE -1634138323056798486449094656.00	batch_acc 0.0900
[INFO  07:32:19] 10%:	E: -5353450097629724672.00	dE -13856084392047140807313981440.00	batch_acc 0.1000
[INFO  07:32:58] 20%:	E: -1620817990612156416.00	dE -10781084761344432673721942016.00	batch_acc 0.1600
[INFO  07:33:37] 30%:	E: -2090679303896301568.00	dE -9764569402891085758425202688.00	batch_acc 0.1200
[INFO  07:34:16] 40%:	E: -3587394180130799616.00	dE -3327799714446927415994220544.00	batch_acc 0.0700
[INFO  07:34:55] 50%:	E: -3182732119667376128.00	dE -24991240386360932305045815296.00	batch_acc 0.1200
[INFO  07:35:34] 60%:	E: -3324149106208669696.00	dE -6240481574104629745595449344.00	batch_acc 0.0900
[INFO  07:36:13] 70%:	E: -2337166171343683584.00	dE -8451866038040533977914146816.00	batch_acc 0.0800
[INFO  07:36:52] 80%:	E: -3465760156552265728.00	dE -4250403731838687131748794368.00	batch_acc 0.1000
[INFO  07:37:31] 90%:	E: -1886345100917735424.00	dE -2667654200848476124515139584.00	batch_acc 0.1100
[INFO  07:38:40] epoch: 64 	 test_acc: 0.1005 	 mean_E: -2859174294177733120.0000
[INFO  07:38:41] 0%:	E: -2583081292744622080.00	dE -13336187260031814391625154560.00	batch_acc 0.0400
[INFO  07:39:20] 10%:	E: -2414499222171680768.00	dE -5602846991234207694144405504.00	batch_acc 0.0700
[INFO  07:39:59] 20%:	E: -2698805716201766912.00	dE -4755652968467867446043213824.00	batch_acc 0.0600
[INFO  07:40:37] 30%:	E: -1131137774078918656.00	dE -4585757274957381758248550400.00	batch_acc 0.1400
[INFO  07:41:16] 40%:	E: -1047274448815652864.00	dE -6909491559887237719846289408.00	batch_acc 0.0900
[INFO  07:41:55] 50%:	E: -2233589014911254528.00	dE -11953790030035451669639069696.00	batch_acc 0.0900
[INFO  07:42:34] 60%:	E: -4148662430517428224.00	dE -6175485283017653383696744448.00	batch_acc 0.1100
[INFO  07:43:13] 70%:	E: -4174331903857393664.00	dE -5244624207830596093286023168.00	batch_acc 0.1000
[INFO  07:43:51] 80%:	E: -2020195523314581504.00	dE -8393855307573342538697801728.00	batch_acc 0.1400
[INFO  07:44:30] 90%:	E: -2484137065994780672.00	dE -9021165616720590828300402688.00	batch_acc 0.0800
[INFO  07:45:39] epoch: 65 	 test_acc: 0.1015 	 mean_E: -3046417813538572288.0000
[INFO  07:45:40] 0%:	E: -3682993142753132544.00	dE -5847619051957548579683303424.00	batch_acc 0.1100
[INFO  07:46:19] 10%:	E: -1900795844802641920.00	dE -5960087522409382408798339072.00	batch_acc 0.1100
[INFO  07:46:58] 20%:	E: -5020530621122871296.00	dE -5742569419250302963198984192.00	batch_acc 0.1900
[INFO  07:47:37] 30%:	E: -2402703661428899840.00	dE -6544560064598899429256200192.00	batch_acc 0.1300
[INFO  07:48:16] 40%:	E: -5459712398896136192.00	dE -5930990071029370731108499456.00	batch_acc 0.0600
[INFO  07:48:55] 50%:	E: -1989479291603124224.00	dE -6406453276215755937570357248.00	batch_acc 0.1300
[INFO  07:49:34] 60%:	E: -3201273184246562816.00	dE -10221799551087111264716980224.00	batch_acc 0.1300
[INFO  07:50:12] 70%:	E: -2613534741177040896.00	dE -7046068301529931446482894848.00	batch_acc 0.0900
[INFO  07:50:51] 80%:	E: -1658386791104774144.00	dE -3835085766769750444139872256.00	batch_acc 0.0900
[INFO  07:51:30] 90%:	E: -3034663912411758592.00	dE -4006831152201995136094175232.00	batch_acc 0.1000
[INFO  07:52:40] epoch: 66 	 test_acc: 0.1068 	 mean_E: -3086215947523785216.0000
[INFO  07:52:41] 0%:	E: -1955571452514140160.00	dE -2069698564480603318590111744.00	batch_acc 0.1100
[INFO  07:53:19] 10%:	E: -2953795656822554624.00	dE -11344888095734239615785107456.00	batch_acc 0.1700
[INFO  07:53:58] 20%:	E: -2955375929909575680.00	dE -11919587110191647546767572992.00	batch_acc 0.1500
[INFO  07:54:37] 30%:	E: -3274226605383221248.00	dE -4295661711618889094065553408.00	batch_acc 0.0300
[INFO  07:55:16] 40%:	E: -2414280144479846400.00	dE -6758003946074883088447438848.00	batch_acc 0.1000
[INFO  07:55:54] 50%:	E: -3797052080972103680.00	dE -9960833315102389648329015296.00	batch_acc 0.1400
[INFO  07:56:33] 60%:	E: -2588660764499771392.00	dE -2371262542396697505850982400.00	batch_acc 0.0900
[INFO  07:57:12] 70%:	E: -2713451760839557120.00	dE -9759798632151766699348066304.00	batch_acc 0.1100
[INFO  07:57:51] 80%:	E: -2306200900248535040.00	dE -2469197487275642232791629824.00	batch_acc 0.1300
[INFO  07:58:30] 90%:	E: -1494871407551578112.00	dE -9838702292530794166401105920.00	batch_acc 0.1100
[INFO  07:59:38] epoch: 67 	 test_acc: 0.1018 	 mean_E: -3050721750650432000.0000
[INFO  07:59:39] 0%:	E: -2296624291409559552.00	dE -18940399015179571413236318208.00	batch_acc 0.1500
[INFO  08:00:18] 10%:	E: -2859621111514005504.00	dE -10093365349852505523840090112.00	batch_acc 0.1400
[INFO  08:00:57] 20%:	E: -4357149626353057792.00	dE -14044301391771634821773656064.00	batch_acc 0.1500
[INFO  08:01:36] 30%:	E: -2615311551967526912.00	dE -3828221807086899414821765120.00	batch_acc 0.0800
[INFO  08:02:15] 40%:	E: -1871802272934002688.00	dE -6710133317038033494916202496.00	batch_acc 0.1200
[INFO  08:02:54] 50%:	E: -2283392493602996224.00	dE -5491219692312135020583059456.00	batch_acc 0.1200
[INFO  08:03:33] 60%:	E: -2842546245690458112.00	dE -8558762706338391984382672896.00	batch_acc 0.0700
[INFO  08:04:11] 70%:	E: -3022159441546969088.00	dE -1807855148921688665603702784.00	batch_acc 0.0700
[INFO  08:04:50] 80%:	E: -4279854233798311936.00	dE -6889997631045951824404152320.00	batch_acc 0.1300
[INFO  08:05:29] 90%:	E: -3627780891486453760.00	dE -3212948810104485850868875264.00	batch_acc 0.1000
[INFO  08:06:38] epoch: 68 	 test_acc: 0.1073 	 mean_E: -3217219259767100416.0000
[INFO  08:06:39] 0%:	E: -3981321983450152960.00	dE -17113216253261165417507848192.00	batch_acc 0.1000
[INFO  08:07:18] 10%:	E: -2231904013341687808.00	dE -4317805478352875219178225664.00	batch_acc 0.1700
[INFO  08:07:57] 20%:	E: -1428793919818170368.00	dE -2721840404760353509814042624.00	batch_acc 0.0800
[INFO  08:08:36] 30%:	E: -1883205857781481472.00	dE -9583929440188356089710903296.00	batch_acc 0.1000
[INFO  08:09:15] 40%:	E: -4698010325591523328.00	dE -3454977766197089831244267520.00	batch_acc 0.1100
[INFO  08:09:54] 50%:	E: -4597917658946469888.00	dE -8045448553200185854121738240.00	batch_acc 0.1200
[INFO  08:10:32] 60%:	E: -2591991734976118784.00	dE -6701758790376474537835364352.00	batch_acc 0.1700
[INFO  08:11:11] 70%:	E: -4296895839395119104.00	dE -8522612400616214491566178304.00	batch_acc 0.0700
[INFO  08:11:50] 80%:	E: -2321357118281613312.00	dE -2859848023447356738950397952.00	batch_acc 0.1500
[INFO  08:12:29] 90%:	E: -2269808577197637632.00	dE -6920743778624295366979223552.00	batch_acc 0.1300
[INFO  08:13:38] epoch: 69 	 test_acc: 0.0998 	 mean_E: -3342524278232676352.0000
[INFO  08:13:39] 0%:	E: -2083698642010505216.00	dE -7108606010566763799342219264.00	batch_acc 0.1200
[INFO  08:14:18] 10%:	E: -2456616289951547392.00	dE -18627087707915481214477139968.00	batch_acc 0.0600
[INFO  08:14:56] 20%:	E: -1945810400599605248.00	dE -4396471249520328127853625344.00	batch_acc 0.0800
[INFO  08:15:35] 30%:	E: -2205302429019275264.00	dE -9055779972744214969011142656.00	batch_acc 0.1100
[INFO  08:16:14] 40%:	E: -3034592169278046208.00	dE -4129945902741553400990662656.00	batch_acc 0.1400
[INFO  08:16:53] 50%:	E: -2505777378974760960.00	dE -7432850186534507585476755456.00	batch_acc 0.0900
[INFO  08:17:32] 60%:	E: -2508497845619785728.00	dE -10145966609513569784464146432.00	batch_acc 0.0900
[INFO  08:18:11] 70%:	E: -1769419048690384896.00	dE -9973959132741525827200483328.00	batch_acc 0.0700
[INFO  08:18:50] 80%:	E: -2520635629356711936.00	dE -11131420602425841608367800320.00	batch_acc 0.0700
[INFO  08:19:28] 90%:	E: -4442209220267343872.00	dE -6766962865588697164123471872.00	batch_acc 0.0700
[INFO  08:20:37] epoch: 70 	 test_acc: 0.1079 	 mean_E: -3379884399994532864.0000
[INFO  08:20:39] 0%:	E: -2935344477318938624.00	dE -30637495370305677777994514432.00	batch_acc 0.0800
[INFO  08:21:18] 10%:	E: -1913336599551148032.00	dE -3099392424474160927237734400.00	batch_acc 0.1300
[INFO  08:21:57] 20%:	E: -3701127662907949056.00	dE -16102270926074363248740663296.00	batch_acc 0.0900
[INFO  08:22:35] 30%:	E: -2430557039739535360.00	dE -4455289799803995455754338304.00	batch_acc 0.1700
[INFO  08:23:14] 40%:	E: -2988833244109078528.00	dE -17711520016583197270090973184.00	batch_acc 0.1100
[INFO  08:23:53] 50%:	E: -3407928593710317568.00	dE -4861397379343905259079598080.00	batch_acc 0.1000
[INFO  08:24:32] 60%:	E: -3202260270810398720.00	dE -4757191574497567412324401152.00	batch_acc 0.0900
[INFO  08:25:11] 70%:	E: -1966498536509931520.00	dE -7379801482649191425968701440.00	batch_acc 0.1100
[INFO  08:25:50] 80%:	E: -4480779263536005120.00	dE -15816982141519621524679557120.00	batch_acc 0.1300
[INFO  08:26:29] 90%:	E: -8232931962554155008.00	dE -4470186209726302572228116480.00	batch_acc 0.0900
[INFO  08:27:38] epoch: 71 	 test_acc: 0.0985 	 mean_E: -3481649070222493696.0000
[INFO  08:27:39] 0%:	E: -4266994070921936896.00	dE -8856732225491259423253856256.00	batch_acc 0.1100
[INFO  08:28:18] 10%:	E: -2933084706045952000.00	dE -3798982094416591289069862912.00	batch_acc 0.1100
[INFO  08:28:56] 20%:	E: -2383217566605639680.00	dE -18654993352054378665456173056.00	batch_acc 0.1300
[INFO  08:29:35] 30%:	E: -6505502438294814720.00	dE -4738554755172922357488549888.00	batch_acc 0.0900
[INFO  08:30:14] 40%:	E: -2366028351572803584.00	dE -11094771496743911009275609088.00	batch_acc 0.0600
[INFO  08:30:53] 50%:	E: -5081945492359741440.00	dE -13901390776083792183494180864.00	batch_acc 0.1000
[INFO  08:31:32] 60%:	E: -1894663456137674752.00	dE -8862252081613923679803015168.00	batch_acc 0.0900
[INFO  08:32:11] 70%:	E: -1384703091227492352.00	dE -7285172341882208040354054144.00	batch_acc 0.1300
[INFO  08:32:50] 80%:	E: -3620859190911696896.00	dE -1599148538897786208943865856.00	batch_acc 0.1000
[INFO  08:33:28] 90%:	E: -2241200796471394304.00	dE -6627369122059260092900966400.00	batch_acc 0.0800
[INFO  08:34:37] epoch: 72 	 test_acc: 0.1001 	 mean_E: -3771988348818893824.0000
[INFO  08:34:38] 0%:	E: -4805752019753107456.00	dE -18182081405360363784821014528.00	batch_acc 0.0700
[INFO  08:35:17] 10%:	E: -4586272181540880384.00	dE -13203736686103528017494016000.00	batch_acc 0.1000
[INFO  08:35:56] 20%:	E: -5938239650513551360.00	dE -18992038092669750983648083968.00	batch_acc 0.1200
[INFO  08:36:35] 30%:	E: -2577636511163875328.00	dE -6704942255681739037415047168.00	batch_acc 0.0600
[INFO  08:37:14] 40%:	E: -3110503551571329024.00	dE -8414461353721344235587764224.00	batch_acc 0.1000
[INFO  08:37:52] 50%:	E: -3846643903675498496.00	dE -10130778298313040288045596672.00	batch_acc 0.1400
[INFO  08:38:31] 60%:	E: -4441172655680258048.00	dE -9984373131427874112307986432.00	batch_acc 0.0600
[INFO  08:39:10] 70%:	E: -4284108794041991168.00	dE -11822457476371984684012273664.00	batch_acc 0.0800
[INFO  08:39:49] 80%:	E: -1908852928572030976.00	dE -6073707069691415713934213120.00	batch_acc 0.1000
[INFO  08:40:28] 90%:	E: -3126763954156601344.00	dE -7624283117833835828326957056.00	batch_acc 0.1200
[INFO  08:41:37] epoch: 73 	 test_acc: 0.1030 	 mean_E: -3844570526891308032.0000
[INFO  08:41:38] 0%:	E: -3333254711754096640.00	dE -9726382576623170731110301696.00	batch_acc 0.0800
[INFO  08:42:17] 10%:	E: -3701807985727635456.00	dE -5701885641704570610977341440.00	batch_acc 0.0800
[INFO  08:42:55] 20%:	E: -2530207977588129792.00	dE -7514267326474042421194784768.00	batch_acc 0.1200
[INFO  08:43:34] 30%:	E: -3447572859839315968.00	dE -3404613137361474706334547968.00	batch_acc 0.1000
[INFO  08:44:13] 40%:	E: -2782296307023216640.00	dE -5440540435809598705560977408.00	batch_acc 0.0900
[INFO  08:44:52] 50%:	E: -4937382803051380736.00	dE -7249120615560360451381395456.00	batch_acc 0.0700
[INFO  08:45:31] 60%:	E: -3341746240055410688.00	dE -16562603669049634111937839104.00	batch_acc 0.1400
[INFO  08:46:09] 70%:	E: -5387278771881508864.00	dE -18431161444907702504206106624.00	batch_acc 0.0700
[INFO  08:46:48] 80%:	E: -3458268359198507008.00	dE -3114970330909527169386414080.00	batch_acc 0.0900
[INFO  08:47:27] 90%:	E: -2801030335893078016.00	dE -3335869648470341280958775296.00	batch_acc 0.0900
[INFO  08:48:36] epoch: 74 	 test_acc: 0.1045 	 mean_E: -3929080130575827456.0000
[INFO  08:48:37] 0%:	E: -4597891545545310208.00	dE -10437683715443117813072396288.00	batch_acc 0.1100
[INFO  08:49:16] 10%:	E: -1912174553199542272.00	dE -5360395973637197239228039168.00	batch_acc 0.1000
[INFO  08:49:55] 20%:	E: -4387501644837814272.00	dE -41376005636623799165292380160.00	batch_acc 0.1000
[INFO  08:50:33] 30%:	E: -5093352375742103552.00	dE -7650196513612772647731462144.00	batch_acc 0.1500
[INFO  08:51:12] 40%:	E: -2418558344223522816.00	dE -5126923355315742697274212352.00	batch_acc 0.1100
[INFO  08:51:51] 50%:	E: -3531808919544397824.00	dE -9340394639483527051217993728.00	batch_acc 0.1100
[INFO  08:52:30] 60%:	E: -3030950586766852096.00	dE -5007736728246216439137042432.00	batch_acc 0.1600
[INFO  08:53:09] 70%:	E: -5300249128008155136.00	dE -9433603528530787391034621952.00	batch_acc 0.0900
[INFO  08:53:47] 80%:	E: -2161804786951782400.00	dE -4811690635188934911618711552.00	batch_acc 0.2000
[INFO  08:54:26] 90%:	E: -3488501630427463680.00	dE -11474972764054608297664184320.00	batch_acc 0.1500
[INFO  08:55:35] epoch: 75 	 test_acc: 0.1076 	 mean_E: -3987087519400805888.0000
[INFO  08:55:36] 0%:	E: -3553349176966250496.00	dE -16760702220639532859007172608.00	batch_acc 0.0800
[INFO  08:56:15] 10%:	E: -3604559205907824640.00	dE -13732483532907752148313309184.00	batch_acc 0.0400
[INFO  08:56:54] 20%:	E: -4163811501724925952.00	dE -21893658399137141528041881600.00	batch_acc 0.1300
[INFO  08:57:33] 30%:	E: -3910636030167875584.00	dE -6262615896105650131417694208.00	batch_acc 0.0800
[INFO  08:58:11] 40%:	E: -3028637489179918336.00	dE -9342709779651753894784008192.00	batch_acc 0.0800
[INFO  08:58:50] 50%:	E: -3424044410516537344.00	dE -13305936960934172161797521408.00	batch_acc 0.0900
[INFO  08:59:29] 60%:	E: -2499380145446453248.00	dE -9769957032752229664908378112.00	batch_acc 0.1300
[INFO  09:00:08] 70%:	E: -6063079300242866176.00	dE -8269393797142450886856933376.00	batch_acc 0.1300
[INFO  09:00:46] 80%:	E: -7308320748920111104.00	dE -14221711255800081653161787392.00	batch_acc 0.1600
[INFO  09:01:25] 90%:	E: -3476273686737059840.00	dE -14375011077750237510911393792.00	batch_acc 0.1000
[INFO  09:02:34] epoch: 76 	 test_acc: 0.1021 	 mean_E: -3879694026497989632.0000
[INFO  09:02:36] 0%:	E: -7076185806750089216.00	dE -15230061642604546951884046336.00	batch_acc 0.1100
[INFO  09:03:14] 10%:	E: -5422462594214526976.00	dE -10639877739365285259953307648.00	batch_acc 0.0400
