[INFO  10:53:22] Start training with parametrization:
{
    "batch_size": 200,
    "beta": 1,
    "c_energy": "squared_error",
    "dataset": "mnist",
    "dimensions": [
        784,
        1000,
        10
    ],
    "dynamics": {
        "dt": 0.1,
        "n_relax": 20,
        "tau": 1,
        "tol": 0
    },
    "energy": "cond_gaussian",
    "epochs": 100,
    "fast_ff_init": true,
    "learning_rate": 0.001,
    "log_dir": "",
    "nonlinearity": "tanh",
    "optimizer": "adam",
    "seed": 2022
}
[INFO  10:53:22] 0%:	E: 0.00	dE -64.14	batch_acc 0.1250
[INFO  10:53:24] 10%:	E: 0.00	dE -14.85	batch_acc 0.7500
[INFO  10:53:25] 20%:	E: 0.00	dE -13.08	batch_acc 0.8200
[INFO  10:53:27] 30%:	E: 0.00	dE -13.87	batch_acc 0.7950
[INFO  10:53:29] 40%:	E: 0.00	dE -11.11	batch_acc 0.8650
[INFO  10:53:30] 50%:	E: 0.00	dE -13.17	batch_acc 0.7800
[INFO  10:53:32] 60%:	E: 0.00	dE -12.73	batch_acc 0.8250
[INFO  10:53:33] 70%:	E: 0.00	dE -8.81	batch_acc 0.9000
[INFO  10:53:35] 80%:	E: 0.00	dE -10.96	batch_acc 0.8050
[INFO  10:53:36] 90%:	E: 0.00	dE -10.31	batch_acc 0.8400
[INFO  10:53:39] epoch: 1 	 test_acc: 0.8445 	 mean_E: 0.0000
[INFO  10:53:39] 0%:	E: 0.00	dE -9.81	batch_acc 0.8550
[INFO  10:53:41] 10%:	E: 0.00	dE -8.46	batch_acc 0.8950
[INFO  10:53:42] 20%:	E: 0.00	dE -8.22	batch_acc 0.8850
[INFO  10:53:44] 30%:	E: 0.00	dE -8.95	batch_acc 0.8600
[INFO  10:53:45] 40%:	E: 0.00	dE -7.44	batch_acc 0.8950
[INFO  10:53:47] 50%:	E: 0.00	dE -8.89	batch_acc 0.8600
[INFO  10:53:49] 60%:	E: 0.00	dE -10.68	batch_acc 0.8750
[INFO  10:53:50] 70%:	E: 0.00	dE -8.63	batch_acc 0.8950
[INFO  10:53:52] 80%:	E: 0.00	dE -8.91	batch_acc 0.8550
[INFO  10:53:53] 90%:	E: 0.00	dE -6.19	batch_acc 0.9250
[INFO  10:53:56] epoch: 2 	 test_acc: 0.8577 	 mean_E: 0.0000
[INFO  10:53:56] 0%:	E: 0.00	dE -7.88	batch_acc 0.8900
[INFO  10:53:58] 10%:	E: 0.00	dE -7.22	batch_acc 0.8750
[INFO  10:54:00] 20%:	E: 0.00	dE -6.62	batch_acc 0.8950
[INFO  10:54:01] 30%:	E: 0.00	dE -6.81	batch_acc 0.8950
[INFO  10:54:03] 40%:	E: 0.00	dE -8.39	batch_acc 0.8950
[INFO  10:54:04] 50%:	E: 0.00	dE -7.49	batch_acc 0.8950
[INFO  10:54:06] 60%:	E: 0.00	dE -8.08	batch_acc 0.8400
[INFO  10:54:07] 70%:	E: 0.00	dE -7.82	batch_acc 0.9250
[INFO  10:54:09] 80%:	E: 0.00	dE -7.21	batch_acc 0.9050
[INFO  10:54:10] 90%:	E: 0.00	dE -6.40	batch_acc 0.9250
[INFO  10:54:13] epoch: 3 	 test_acc: 0.8691 	 mean_E: 0.0000
[INFO  10:54:14] 0%:	E: 0.00	dE -6.58	batch_acc 0.9300
[INFO  10:54:15] 10%:	E: 0.00	dE -7.56	batch_acc 0.8900
[INFO  10:54:17] 20%:	E: 0.00	dE -7.50	batch_acc 0.9150
[INFO  10:54:18] 30%:	E: 0.00	dE -6.25	batch_acc 0.9250
[INFO  10:54:20] 40%:	E: 0.00	dE -8.04	batch_acc 0.8850
[INFO  10:54:21] 50%:	E: 0.00	dE -6.44	batch_acc 0.9000
[INFO  10:54:23] 60%:	E: 0.00	dE -8.79	batch_acc 0.9200
[INFO  10:54:24] 70%:	E: 0.00	dE -9.10	batch_acc 0.8700
[INFO  10:54:26] 80%:	E: 0.00	dE -7.20	batch_acc 0.9150
[INFO  10:54:27] 90%:	E: 0.00	dE -7.18	batch_acc 0.8800
[INFO  10:54:30] epoch: 4 	 test_acc: 0.8703 	 mean_E: 0.0000
[INFO  10:54:31] 0%:	E: 0.00	dE -6.16	batch_acc 0.9300
[INFO  10:54:32] 10%:	E: 0.00	dE -6.87	batch_acc 0.9150
[INFO  10:54:34] 20%:	E: 0.00	dE -7.39	batch_acc 0.8950
[INFO  10:54:35] 30%:	E: 0.00	dE -6.41	batch_acc 0.9150
[INFO  10:54:37] 40%:	E: 0.00	dE -8.47	batch_acc 0.8800
[INFO  10:54:38] 50%:	E: 0.00	dE -6.48	batch_acc 0.9350
[INFO  10:54:40] 60%:	E: 0.00	dE -8.08	batch_acc 0.9050
[INFO  10:54:41] 70%:	E: 0.00	dE -6.35	batch_acc 0.9200
[INFO  10:54:43] 80%:	E: 0.00	dE -6.99	batch_acc 0.8850
[INFO  10:54:44] 90%:	E: 0.00	dE -6.54	batch_acc 0.9000
[INFO  10:54:48] epoch: 5 	 test_acc: 0.8779 	 mean_E: 0.0000
[INFO  10:54:48] 0%:	E: 0.00	dE -6.71	batch_acc 0.9100
[INFO  10:54:49] 10%:	E: 0.00	dE -6.74	batch_acc 0.9050
[INFO  10:54:51] 20%:	E: 0.00	dE -6.12	batch_acc 0.9000
[INFO  10:54:52] 30%:	E: 0.00	dE -6.79	batch_acc 0.8900
[INFO  10:54:54] 40%:	E: 0.00	dE -6.44	batch_acc 0.9150
[INFO  10:54:55] 50%:	E: 0.00	dE -7.27	batch_acc 0.8750
[INFO  10:54:57] 60%:	E: 0.00	dE -7.95	batch_acc 0.8900
[INFO  10:54:58] 70%:	E: 0.00	dE -5.46	batch_acc 0.9500
[INFO  10:55:00] 80%:	E: 0.00	dE -6.49	batch_acc 0.8850
[INFO  10:55:02] 90%:	E: 0.00	dE -6.87	batch_acc 0.8900
[INFO  10:55:05] epoch: 6 	 test_acc: 0.8786 	 mean_E: 0.0000
[INFO  10:55:05] 0%:	E: 0.00	dE -7.49	batch_acc 0.9200
[INFO  10:55:06] 10%:	E: 0.00	dE -7.13	batch_acc 0.8900
[INFO  10:55:08] 20%:	E: 0.00	dE -6.91	batch_acc 0.9050
[INFO  10:55:10] 30%:	E: 0.00	dE -5.68	batch_acc 0.9150
[INFO  10:55:11] 40%:	E: 0.00	dE -5.60	batch_acc 0.9400
[INFO  10:55:13] 50%:	E: 0.00	dE -5.34	batch_acc 0.9200
[INFO  10:55:14] 60%:	E: 0.00	dE -6.53	batch_acc 0.9200
[INFO  10:55:16] 70%:	E: 0.00	dE -6.75	batch_acc 0.8950
[INFO  10:55:17] 80%:	E: 0.00	dE -5.76	batch_acc 0.9250
[INFO  10:55:19] 90%:	E: 0.00	dE -6.80	batch_acc 0.9050
[INFO  10:55:22] epoch: 7 	 test_acc: 0.8826 	 mean_E: 0.0000
[INFO  10:55:22] 0%:	E: 0.00	dE -5.88	batch_acc 0.9250
[INFO  10:55:23] 10%:	E: 0.00	dE -6.02	batch_acc 0.9000
[INFO  10:55:25] 20%:	E: 0.00	dE -6.45	batch_acc 0.9450
[INFO  10:55:26] 30%:	E: 0.00	dE -6.70	batch_acc 0.8850
[INFO  10:55:28] 40%:	E: 0.00	dE -7.20	batch_acc 0.9200
[INFO  10:55:30] 50%:	E: 0.00	dE -5.88	batch_acc 0.9100
[INFO  10:55:31] 60%:	E: 0.00	dE -5.66	batch_acc 0.9300
[INFO  10:55:33] 70%:	E: 0.00	dE -6.34	batch_acc 0.9450
[INFO  10:55:34] 80%:	E: 0.00	dE -6.45	batch_acc 0.9300
[INFO  10:55:36] 90%:	E: 0.00	dE -6.27	batch_acc 0.9150
[INFO  10:55:39] epoch: 8 	 test_acc: 0.8806 	 mean_E: 0.0000
[INFO  10:55:39] 0%:	E: 0.00	dE -6.67	batch_acc 0.8850
[INFO  10:55:40] 10%:	E: 0.00	dE -5.47	batch_acc 0.9350
[INFO  10:55:42] 20%:	E: 0.00	dE -5.32	batch_acc 0.9150
[INFO  10:55:44] 30%:	E: 0.00	dE -5.01	batch_acc 0.9250
[INFO  10:55:45] 40%:	E: 0.00	dE -6.99	batch_acc 0.8900
[INFO  10:55:47] 50%:	E: 0.00	dE -5.07	batch_acc 0.9400
[INFO  10:55:48] 60%:	E: 0.00	dE -6.24	batch_acc 0.8950
[INFO  10:55:50] 70%:	E: 0.00	dE -7.25	batch_acc 0.9350
[INFO  10:55:51] 80%:	E: 0.00	dE -6.53	batch_acc 0.8950
[INFO  10:55:53] 90%:	E: 0.00	dE -5.97	batch_acc 0.9350
[INFO  10:55:56] epoch: 9 	 test_acc: 0.8822 	 mean_E: 0.0000
[INFO  10:55:56] 0%:	E: 0.00	dE -6.30	batch_acc 0.9250
[INFO  10:55:58] 10%:	E: 0.00	dE -5.75	batch_acc 0.9150
[INFO  10:55:59] 20%:	E: 0.00	dE -6.72	batch_acc 0.9200
[INFO  10:56:01] 30%:	E: 0.00	dE -5.91	batch_acc 0.9150
[INFO  10:56:02] 40%:	E: 0.00	dE -5.18	batch_acc 0.9100
[INFO  10:56:04] 50%:	E: 0.00	dE -4.87	batch_acc 0.9650
[INFO  10:56:05] 60%:	E: 0.00	dE -6.27	batch_acc 0.9250
[INFO  10:56:07] 70%:	E: 0.00	dE -5.43	batch_acc 0.9550
[INFO  10:56:08] 80%:	E: 0.00	dE -5.29	batch_acc 0.9350
[INFO  10:56:10] 90%:	E: 0.00	dE -7.85	batch_acc 0.8850
[INFO  10:56:13] epoch: 10 	 test_acc: 0.8880 	 mean_E: 0.0000
[INFO  10:56:13] 0%:	E: 0.00	dE -5.97	batch_acc 0.9100
[INFO  10:56:15] 10%:	E: 0.00	dE -5.00	batch_acc 0.9400
[INFO  10:56:16] 20%:	E: 0.00	dE -4.51	batch_acc 0.9450
[INFO  10:56:18] 30%:	E: 0.00	dE -5.12	batch_acc 0.9350
[INFO  10:56:19] 40%:	E: 0.00	dE -5.44	batch_acc 0.9300
[INFO  10:56:21] 50%:	E: 0.00	dE -5.04	batch_acc 0.9400
[INFO  10:56:23] 60%:	E: 0.00	dE -5.72	batch_acc 0.9300
[INFO  10:56:24] 70%:	E: 0.00	dE -5.12	batch_acc 0.9350
[INFO  10:56:26] 80%:	E: 0.00	dE -4.44	batch_acc 0.9400
[INFO  10:56:27] 90%:	E: 0.00	dE -4.47	batch_acc 0.9700
[INFO  10:56:30] epoch: 11 	 test_acc: 0.8848 	 mean_E: 0.0000
[INFO  10:56:30] 0%:	E: 0.00	dE -5.72	batch_acc 0.9350
[INFO  10:56:32] 10%:	E: 0.00	dE -3.57	batch_acc 0.9700
[INFO  10:56:33] 20%:	E: 0.00	dE -5.39	batch_acc 0.9400
[INFO  10:56:35] 30%:	E: 0.00	dE -6.10	batch_acc 0.9350
[INFO  10:56:36] 40%:	E: 0.00	dE -5.45	batch_acc 0.9350
[INFO  10:56:38] 50%:	E: 0.00	dE -8.20	batch_acc 0.9200
[INFO  10:56:40] 60%:	E: 0.00	dE -5.54	batch_acc 0.9300
[INFO  10:56:41] 70%:	E: 0.00	dE -4.88	batch_acc 0.9250
[INFO  10:56:43] 80%:	E: 0.00	dE -4.93	batch_acc 0.9350
[INFO  10:56:44] 90%:	E: 0.00	dE -4.58	batch_acc 0.9300
[INFO  10:56:47] epoch: 12 	 test_acc: 0.8816 	 mean_E: 0.0000
[INFO  10:56:47] 0%:	E: 0.00	dE -7.30	batch_acc 0.9150
[INFO  10:56:49] 10%:	E: 0.00	dE -4.54	batch_acc 0.9450
[INFO  10:56:51] 20%:	E: 0.00	dE -5.73	batch_acc 0.9350
[INFO  10:56:52] 30%:	E: 0.00	dE -4.29	batch_acc 0.9450
[INFO  10:56:54] 40%:	E: 0.00	dE -4.99	batch_acc 0.9400
[INFO  10:56:55] 50%:	E: 0.00	dE -5.27	batch_acc 0.9400
[INFO  10:56:57] 60%:	E: 0.00	dE -5.03	batch_acc 0.9500
[INFO  10:56:58] 70%:	E: 0.00	dE -5.77	batch_acc 0.9050
[INFO  10:57:00] 80%:	E: 0.00	dE -4.85	batch_acc 0.9400
[INFO  10:57:01] 90%:	E: 0.00	dE -5.16	batch_acc 0.9350
[INFO  10:57:04] epoch: 13 	 test_acc: 0.8815 	 mean_E: 0.0000
[INFO  10:57:04] 0%:	E: 0.00	dE -5.31	batch_acc 0.9700
[INFO  10:57:06] 10%:	E: 0.00	dE -4.77	batch_acc 0.9450
[INFO  10:57:07] 20%:	E: 0.00	dE -3.91	batch_acc 0.9750
[INFO  10:57:09] 30%:	E: 0.00	dE -5.35	batch_acc 0.9300
[INFO  10:57:11] 40%:	E: 0.00	dE -5.10	batch_acc 0.9400
[INFO  10:57:12] 50%:	E: 0.00	dE -5.02	batch_acc 0.9350
[INFO  10:57:14] 60%:	E: 0.00	dE -4.07	batch_acc 0.9600
[INFO  10:57:15] 70%:	E: 0.00	dE -5.20	batch_acc 0.9250
[INFO  10:57:17] 80%:	E: 0.00	dE -5.55	batch_acc 0.9250
[INFO  10:57:19] 90%:	E: 0.00	dE -4.80	batch_acc 0.9400
[INFO  10:57:22] epoch: 14 	 test_acc: 0.8874 	 mean_E: 0.0000
[INFO  10:57:22] 0%:	E: 0.00	dE -5.09	batch_acc 0.9250
[INFO  10:57:24] 10%:	E: 0.00	dE -4.00	batch_acc 0.9500
[INFO  10:57:25] 20%:	E: 0.00	dE -5.98	batch_acc 0.9450
[INFO  10:57:26] 30%:	E: 0.00	dE -4.97	batch_acc 0.9450
[INFO  10:57:28] 40%:	E: 0.00	dE -5.33	batch_acc 0.9300
[INFO  10:57:30] 50%:	E: 0.00	dE -5.19	batch_acc 0.9350
[INFO  10:57:31] 60%:	E: 0.00	dE -4.43	batch_acc 0.9550
[INFO  10:57:33] 70%:	E: 0.00	dE -4.58	batch_acc 0.9550
[INFO  10:57:34] 80%:	E: 0.00	dE -4.72	batch_acc 0.9300
[INFO  10:57:36] 90%:	E: 0.00	dE -4.96	batch_acc 0.9300
[INFO  10:57:39] epoch: 15 	 test_acc: 0.8882 	 mean_E: 0.0000
[INFO  10:57:39] 0%:	E: 0.00	dE -4.70	batch_acc 0.9600
[INFO  10:57:40] 10%:	E: 0.00	dE -4.35	batch_acc 0.9500
[INFO  10:57:42] 20%:	E: 0.00	dE -4.41	batch_acc 0.9450
[INFO  10:57:44] 30%:	E: 0.00	dE -3.89	batch_acc 0.9750
[INFO  10:57:45] 40%:	E: 0.00	dE -4.64	batch_acc 0.9550
[INFO  10:57:47] 50%:	E: 0.00	dE -4.83	batch_acc 0.9250
[INFO  10:57:48] 60%:	E: 0.00	dE -4.95	batch_acc 0.9400
[INFO  10:57:50] 70%:	E: 0.00	dE -5.69	batch_acc 0.9300
[INFO  10:57:52] 80%:	E: 0.00	dE -4.85	batch_acc 0.9450
[INFO  10:57:53] 90%:	E: 0.00	dE -4.50	batch_acc 0.9400
[INFO  10:57:56] epoch: 16 	 test_acc: 0.8871 	 mean_E: 0.0000
[INFO  10:57:56] 0%:	E: 0.00	dE -5.55	batch_acc 0.9450
[INFO  10:57:58] 10%:	E: 0.00	dE -4.69	batch_acc 0.9550
[INFO  10:57:59] 20%:	E: 0.00	dE -5.13	batch_acc 0.9250
[INFO  10:58:01] 30%:	E: 0.00	dE -3.96	batch_acc 0.9550
[INFO  10:58:02] 40%:	E: 0.00	dE -5.32	batch_acc 0.9400
[INFO  10:58:04] 50%:	E: 0.00	dE -4.17	batch_acc 0.9650
[INFO  10:58:05] 60%:	E: 0.00	dE -4.11	batch_acc 0.9600
[INFO  10:58:07] 70%:	E: 0.00	dE -4.34	batch_acc 0.9600
[INFO  10:58:08] 80%:	E: 0.00	dE -4.92	batch_acc 0.9350
[INFO  10:58:10] 90%:	E: 0.00	dE -3.99	batch_acc 0.9450
[INFO  10:58:13] epoch: 17 	 test_acc: 0.8894 	 mean_E: 0.0000
[INFO  10:58:13] 0%:	E: 0.00	dE -4.78	batch_acc 0.9350
[INFO  10:58:14] 10%:	E: 0.00	dE -4.32	batch_acc 0.9500
[INFO  10:58:16] 20%:	E: 0.00	dE -3.75	batch_acc 0.9550
[INFO  10:58:17] 30%:	E: 0.00	dE -3.80	batch_acc 0.9800
[INFO  10:58:19] 40%:	E: 0.00	dE -4.40	batch_acc 0.9450
[INFO  10:58:20] 50%:	E: 0.00	dE -5.23	batch_acc 0.9500
[INFO  10:58:22] 60%:	E: 0.00	dE -4.10	batch_acc 0.9550
[INFO  10:58:23] 70%:	E: 0.00	dE -5.29	batch_acc 0.9350
[INFO  10:58:25] 80%:	E: 0.00	dE -4.81	batch_acc 0.9450
[INFO  10:58:27] 90%:	E: 0.00	dE -4.26	batch_acc 0.9500
[INFO  10:58:30] epoch: 18 	 test_acc: 0.8918 	 mean_E: 0.0000
[INFO  10:58:30] 0%:	E: 0.00	dE -3.93	batch_acc 0.9600
[INFO  10:58:31] 10%:	E: 0.00	dE -3.44	batch_acc 0.9750
[INFO  10:58:33] 20%:	E: 0.00	dE -4.36	batch_acc 0.9550
[INFO  10:58:34] 30%:	E: 0.00	dE -3.64	batch_acc 0.9550
[INFO  10:58:36] 40%:	E: 0.00	dE -4.68	batch_acc 0.9500
[INFO  10:58:37] 50%:	E: 0.00	dE -5.05	batch_acc 0.9350
[INFO  10:58:39] 60%:	E: 0.00	dE -5.29	batch_acc 0.9600
[INFO  10:58:40] 70%:	E: 0.00	dE -3.85	batch_acc 0.9800
[INFO  10:58:42] 80%:	E: 0.00	dE -4.06	batch_acc 0.9650
[INFO  10:58:44] 90%:	E: 0.00	dE -3.14	batch_acc 0.9750
[INFO  10:58:47] epoch: 19 	 test_acc: 0.8903 	 mean_E: 0.0000
[INFO  10:58:47] 0%:	E: 0.00	dE -4.82	batch_acc 0.9400
[INFO  10:58:48] 10%:	E: 0.00	dE -4.22	batch_acc 0.9400
[INFO  10:58:50] 20%:	E: 0.00	dE -4.63	batch_acc 0.9400
[INFO  10:58:51] 30%:	E: 0.00	dE -3.65	batch_acc 0.9700
[INFO  10:58:53] 40%:	E: 0.00	dE -3.85	batch_acc 0.9700
[INFO  10:58:54] 50%:	E: 0.00	dE -4.12	batch_acc 0.9650
[INFO  10:58:56] 60%:	E: 0.00	dE -5.78	batch_acc 0.9400
[INFO  10:58:57] 70%:	E: 0.00	dE -4.69	batch_acc 0.9150
[INFO  10:58:59] 80%:	E: 0.00	dE -4.57	batch_acc 0.9500
[INFO  10:59:00] 90%:	E: 0.00	dE -4.65	batch_acc 0.9550
[INFO  10:59:03] epoch: 20 	 test_acc: 0.8895 	 mean_E: 0.0000
[INFO  10:59:04] 0%:	E: 0.00	dE -4.51	batch_acc 0.9600
[INFO  10:59:05] 10%:	E: 0.00	dE -4.44	batch_acc 0.9750
[INFO  10:59:07] 20%:	E: 0.00	dE -4.84	batch_acc 0.9550
[INFO  10:59:08] 30%:	E: 0.00	dE -4.46	batch_acc 0.9550
[INFO  10:59:10] 40%:	E: 0.00	dE -3.22	batch_acc 0.9700
[INFO  10:59:11] 50%:	E: 0.00	dE -4.07	batch_acc 0.9650
[INFO  10:59:13] 60%:	E: 0.00	dE -4.98	batch_acc 0.9550
[INFO  10:59:14] 70%:	E: 0.00	dE -5.29	batch_acc 0.9400
[INFO  10:59:16] 80%:	E: 0.00	dE -4.16	batch_acc 0.9550
[INFO  10:59:18] 90%:	E: 0.00	dE -4.47	batch_acc 0.9600
[INFO  10:59:21] epoch: 21 	 test_acc: 0.8914 	 mean_E: 0.0000
[INFO  10:59:21] 0%:	E: 0.00	dE -3.47	batch_acc 0.9750
[INFO  10:59:23] 10%:	E: 0.00	dE -4.00	batch_acc 0.9550
[INFO  10:59:24] 20%:	E: 0.00	dE -3.53	batch_acc 0.9800
[INFO  10:59:26] 30%:	E: 0.00	dE -4.99	batch_acc 0.9250
[INFO  10:59:27] 40%:	E: 0.00	dE -3.84	batch_acc 0.9550
[INFO  10:59:29] 50%:	E: 0.00	dE -4.74	batch_acc 0.9500
[INFO  10:59:31] 60%:	E: 0.00	dE -5.80	batch_acc 0.9550
[INFO  10:59:32] 70%:	E: 0.00	dE -4.30	batch_acc 0.9550
[INFO  10:59:34] 80%:	E: 0.00	dE -3.92	batch_acc 0.9550
[INFO  10:59:35] 90%:	E: 0.00	dE -4.72	batch_acc 0.9650
[INFO  10:59:38] epoch: 22 	 test_acc: 0.8890 	 mean_E: 0.0000
[INFO  10:59:39] 0%:	E: 0.00	dE -4.16	batch_acc 0.9500
[INFO  10:59:40] 10%:	E: 0.00	dE -4.40	batch_acc 0.9550
[INFO  10:59:42] 20%:	E: 0.00	dE -3.97	batch_acc 0.9400
[INFO  10:59:43] 30%:	E: 0.00	dE -3.85	batch_acc 0.9550
[INFO  10:59:45] 40%:	E: 0.00	dE -5.16	batch_acc 0.9250
[INFO  10:59:47] 50%:	E: 0.00	dE -3.53	batch_acc 0.9550
[INFO  10:59:48] 60%:	E: 0.00	dE -3.79	batch_acc 0.9700
[INFO  10:59:50] 70%:	E: 0.00	dE -3.27	batch_acc 0.9700
[INFO  10:59:51] 80%:	E: 0.00	dE -3.51	batch_acc 0.9700
[INFO  10:59:53] 90%:	E: 0.00	dE -3.38	batch_acc 0.9600
[INFO  10:59:56] epoch: 23 	 test_acc: 0.8947 	 mean_E: 0.0000
[INFO  10:59:56] 0%:	E: 0.00	dE -3.33	batch_acc 0.9800
[INFO  10:59:58] 10%:	E: 0.00	dE -3.85	batch_acc 0.9700
[INFO  10:59:59] 20%:	E: 0.00	dE -3.92	batch_acc 0.9750
[INFO  11:00:01] 30%:	E: 0.00	dE -4.00	batch_acc 0.9700
[INFO  11:00:02] 40%:	E: 0.00	dE -3.43	batch_acc 0.9700
[INFO  11:00:04] 50%:	E: 0.00	dE -2.76	batch_acc 0.9750
[INFO  11:00:05] 60%:	E: 0.00	dE -4.69	batch_acc 0.9350
[INFO  11:00:07] 70%:	E: 0.00	dE -5.98	batch_acc 0.9250
[INFO  11:00:08] 80%:	E: 0.00	dE -3.75	batch_acc 0.9800
[INFO  11:00:10] 90%:	E: 0.00	dE -3.88	batch_acc 0.9550
[INFO  11:00:13] epoch: 24 	 test_acc: 0.8906 	 mean_E: 0.0000
[INFO  11:00:13] 0%:	E: 0.00	dE -4.06	batch_acc 0.9650
[INFO  11:00:14] 10%:	E: 0.00	dE -3.12	batch_acc 0.9800
[INFO  11:00:16] 20%:	E: 0.00	dE -3.53	batch_acc 0.9750
[INFO  11:00:18] 30%:	E: 0.00	dE -3.75	batch_acc 0.9750
[INFO  11:00:19] 40%:	E: 0.00	dE -4.33	batch_acc 0.9500
[INFO  11:00:21] 50%:	E: 0.00	dE -3.19	batch_acc 0.9700
[INFO  11:00:22] 60%:	E: 0.00	dE -3.98	batch_acc 0.9650
[INFO  11:00:24] 70%:	E: 0.00	dE -3.92	batch_acc 0.9600
[INFO  11:00:26] 80%:	E: 0.00	dE -4.12	batch_acc 0.9350
[INFO  11:00:27] 90%:	E: 0.00	dE -4.30	batch_acc 0.9500
[INFO  11:00:30] epoch: 25 	 test_acc: 0.8944 	 mean_E: 0.0000
[INFO  11:00:30] 0%:	E: 0.00	dE -2.83	batch_acc 0.9800
[INFO  11:00:32] 10%:	E: 0.00	dE -4.30	batch_acc 0.9550
[INFO  11:00:33] 20%:	E: 0.00	dE -3.59	batch_acc 0.9500
[INFO  11:00:35] 30%:	E: 0.00	dE -5.07	batch_acc 0.9500
[INFO  11:00:36] 40%:	E: 0.00	dE -3.61	batch_acc 0.9650
[INFO  11:00:38] 50%:	E: 0.00	dE -4.48	batch_acc 0.9700
[INFO  11:00:40] 60%:	E: 0.00	dE -3.69	batch_acc 0.9650
[INFO  11:00:41] 70%:	E: 0.00	dE -4.40	batch_acc 0.9600
[INFO  11:00:43] 80%:	E: 0.00	dE -4.04	batch_acc 0.9500
[INFO  11:00:44] 90%:	E: 0.00	dE -4.66	batch_acc 0.9500
[INFO  11:00:47] epoch: 26 	 test_acc: 0.8922 	 mean_E: 0.0000
[INFO  11:00:47] 0%:	E: 0.00	dE -3.50	batch_acc 0.9650
[INFO  11:00:49] 10%:	E: 0.00	dE -4.06	batch_acc 0.9600
[INFO  11:00:50] 20%:	E: 0.00	dE -4.15	batch_acc 0.9500
[INFO  11:00:52] 30%:	E: 0.00	dE -3.73	batch_acc 0.9600
[INFO  11:00:54] 40%:	E: 0.00	dE -3.55	batch_acc 0.9650
[INFO  11:00:55] 50%:	E: 0.00	dE -3.55	batch_acc 0.9700
[INFO  11:00:57] 60%:	E: 0.00	dE -3.95	batch_acc 0.9700
[INFO  11:00:58] 70%:	E: 0.00	dE -3.58	batch_acc 0.9600
[INFO  11:01:00] 80%:	E: 0.00	dE -2.97	batch_acc 0.9750
[INFO  11:01:01] 90%:	E: 0.00	dE -3.38	batch_acc 0.9750
[INFO  11:01:04] epoch: 27 	 test_acc: 0.8935 	 mean_E: 0.0000
[INFO  11:01:04] 0%:	E: 0.00	dE -3.19	batch_acc 0.9850
[INFO  11:01:06] 10%:	E: 0.00	dE -3.20	batch_acc 0.9650
[INFO  11:01:08] 20%:	E: 0.00	dE -3.43	batch_acc 0.9500
[INFO  11:01:09] 30%:	E: 0.00	dE -3.47	batch_acc 0.9750
[INFO  11:01:11] 40%:	E: 0.00	dE -4.42	batch_acc 0.9650
[INFO  11:01:12] 50%:	E: 0.00	dE -3.22	batch_acc 0.9850
[INFO  11:01:14] 60%:	E: 0.00	dE -3.34	batch_acc 0.9800
[INFO  11:01:15] 70%:	E: 0.00	dE -4.66	batch_acc 0.9300
[INFO  11:01:17] 80%:	E: 0.00	dE -3.26	batch_acc 0.9700
[INFO  11:01:18] 90%:	E: 0.00	dE -3.86	batch_acc 0.9550
[INFO  11:01:21] epoch: 28 	 test_acc: 0.8914 	 mean_E: 0.0000
[INFO  11:01:22] 0%:	E: 0.00	dE -4.28	batch_acc 0.9400
[INFO  11:01:23] 10%:	E: 0.00	dE -2.82	batch_acc 0.9700
[INFO  11:01:25] 20%:	E: 0.00	dE -3.53	batch_acc 0.9750
[INFO  11:01:26] 30%:	E: 0.00	dE -2.80	batch_acc 0.9850
[INFO  11:01:28] 40%:	E: 0.00	dE -3.89	batch_acc 0.9550
[INFO  11:01:29] 50%:	E: 0.00	dE -3.61	batch_acc 0.9850
[INFO  11:01:31] 60%:	E: 0.00	dE -4.64	batch_acc 0.9900
[INFO  11:01:33] 70%:	E: 0.00	dE -3.59	batch_acc 0.9700
[INFO  11:01:34] 80%:	E: 0.00	dE -4.04	batch_acc 0.9650
[INFO  11:01:36] 90%:	E: 0.00	dE -3.48	batch_acc 0.9650
[INFO  11:01:39] epoch: 29 	 test_acc: 0.8935 	 mean_E: 0.0000
[INFO  11:01:39] 0%:	E: 0.00	dE -3.17	batch_acc 0.9650
[INFO  11:01:40] 10%:	E: 0.00	dE -3.72	batch_acc 0.9750
[INFO  11:01:42] 20%:	E: 0.00	dE -3.43	batch_acc 0.9750
[INFO  11:01:43] 30%:	E: 0.00	dE -3.39	batch_acc 0.9800
[INFO  11:01:45] 40%:	E: 0.00	dE -3.35	batch_acc 0.9750
[INFO  11:01:46] 50%:	E: 0.00	dE -3.70	batch_acc 0.9650
[INFO  11:01:48] 60%:	E: 0.00	dE -3.06	batch_acc 0.9700
[INFO  11:01:49] 70%:	E: 0.00	dE -3.03	batch_acc 0.9800
[INFO  11:01:51] 80%:	E: 0.00	dE -3.00	batch_acc 0.9700
[INFO  11:01:53] 90%:	E: 0.00	dE -4.05	batch_acc 0.9550
[INFO  11:01:56] epoch: 30 	 test_acc: 0.8814 	 mean_E: 0.0000
[INFO  11:01:56] 0%:	E: 0.00	dE -4.38	batch_acc 0.9700
[INFO  11:01:57] 10%:	E: 0.00	dE -3.67	batch_acc 0.9700
[INFO  11:01:59] 20%:	E: 0.00	dE -4.50	batch_acc 0.9350
[INFO  11:02:01] 30%:	E: 0.00	dE -3.45	batch_acc 0.9700
[INFO  11:02:02] 40%:	E: 0.00	dE -3.13	batch_acc 0.9700
[INFO  11:02:04] 50%:	E: 0.00	dE -3.49	batch_acc 0.9750
[INFO  11:02:06] 60%:	E: 0.00	dE -3.17	batch_acc 0.9650
[INFO  11:02:07] 70%:	E: 0.00	dE -3.56	batch_acc 0.9700
[INFO  11:02:09] 80%:	E: 0.00	dE -3.80	batch_acc 0.9600
[INFO  11:02:10] 90%:	E: 0.00	dE -3.69	batch_acc 0.9650
[INFO  11:02:13] epoch: 31 	 test_acc: 0.8949 	 mean_E: 0.0000
[INFO  11:02:14] 0%:	E: 0.00	dE -3.94	batch_acc 0.9700
[INFO  11:02:15] 10%:	E: 0.00	dE -3.32	batch_acc 0.9750
[INFO  11:02:17] 20%:	E: 0.00	dE -3.39	batch_acc 0.9600
[INFO  11:02:18] 30%:	E: 0.00	dE -2.92	batch_acc 0.9800
[INFO  11:02:20] 40%:	E: 0.00	dE -3.12	batch_acc 0.9850
[INFO  11:02:21] 50%:	E: 0.00	dE -3.59	batch_acc 0.9800
[INFO  11:02:23] 60%:	E: 0.00	dE -2.99	batch_acc 0.9800
[INFO  11:02:24] 70%:	E: 0.00	dE -3.61	batch_acc 0.9650
[INFO  11:02:26] 80%:	E: 0.00	dE -3.99	batch_acc 0.9650
[INFO  11:02:28] 90%:	E: 0.00	dE -4.04	batch_acc 0.9550
[INFO  11:02:30] epoch: 32 	 test_acc: 0.8940 	 mean_E: 0.0000
[INFO  11:02:31] 0%:	E: 0.00	dE -3.27	batch_acc 0.9650
[INFO  11:02:32] 10%:	E: 0.00	dE -3.30	batch_acc 0.9700
[INFO  11:02:34] 20%:	E: 0.00	dE -2.65	batch_acc 0.9850
[INFO  11:02:35] 30%:	E: 0.00	dE -2.77	batch_acc 0.9800
[INFO  11:02:37] 40%:	E: 0.00	dE -3.22	batch_acc 0.9700
[INFO  11:02:38] 50%:	E: 0.00	dE -2.96	batch_acc 0.9700
[INFO  11:02:40] 60%:	E: 0.00	dE -3.65	batch_acc 0.9600
[INFO  11:02:42] 70%:	E: 0.00	dE -3.58	batch_acc 0.9500
[INFO  11:02:43] 80%:	E: 0.00	dE -3.47	batch_acc 0.9700
[INFO  11:02:45] 90%:	E: 0.00	dE -2.86	batch_acc 0.9900
[INFO  11:02:48] epoch: 33 	 test_acc: 0.8936 	 mean_E: 0.0000
[INFO  11:02:48] 0%:	E: 0.00	dE -2.74	batch_acc 0.9800
[INFO  11:02:49] 10%:	E: 0.00	dE -2.88	batch_acc 0.9800
[INFO  11:02:51] 20%:	E: 0.00	dE -3.27	batch_acc 0.9850
[INFO  11:02:53] 30%:	E: 0.00	dE -2.01	batch_acc 0.9900
[INFO  11:02:54] 40%:	E: 0.00	dE -2.65	batch_acc 0.9800
[INFO  11:02:55] 50%:	E: 0.00	dE -3.35	batch_acc 0.9850
[INFO  11:02:57] 60%:	E: 0.00	dE -3.19	batch_acc 0.9850
[INFO  11:02:58] 70%:	E: 0.00	dE -3.35	batch_acc 0.9600
[INFO  11:02:59] 80%:	E: 0.00	dE -2.67	batch_acc 0.9850
[INFO  11:03:01] 90%:	E: 0.00	dE -3.32	batch_acc 0.9700
[INFO  11:03:04] epoch: 34 	 test_acc: 0.8973 	 mean_E: 0.0000
[INFO  11:03:04] 0%:	E: 0.00	dE -3.69	batch_acc 0.9700
[INFO  11:03:06] 10%:	E: 0.00	dE -2.83	batch_acc 0.9800
[INFO  11:03:07] 20%:	E: 0.00	dE -2.88	batch_acc 0.9750
[INFO  11:03:09] 30%:	E: 0.00	dE -3.52	batch_acc 0.9750
[INFO  11:03:10] 40%:	E: 0.00	dE -2.73	batch_acc 0.9900
[INFO  11:03:12] 50%:	E: 0.00	dE -3.01	batch_acc 0.9800
[INFO  11:03:13] 60%:	E: 0.00	dE -3.50	batch_acc 0.9750
[INFO  11:03:15] 70%:	E: 0.00	dE -3.91	batch_acc 0.9450
[INFO  11:03:16] 80%:	E: 0.00	dE -3.02	batch_acc 0.9800
[INFO  11:03:18] 90%:	E: 0.00	dE -3.14	batch_acc 0.9750
[INFO  11:03:21] epoch: 35 	 test_acc: 0.8954 	 mean_E: 0.0000
[INFO  11:03:21] 0%:	E: 0.00	dE -2.79	batch_acc 0.9950
[INFO  11:03:23] 10%:	E: 0.00	dE -3.43	batch_acc 0.9800
[INFO  11:03:24] 20%:	E: 0.00	dE -3.17	batch_acc 0.9800
[INFO  11:03:26] 30%:	E: 0.00	dE -2.71	batch_acc 0.9950
[INFO  11:03:27] 40%:	E: 0.00	dE -3.08	batch_acc 0.9600
[INFO  11:03:29] 50%:	E: 0.00	dE -3.76	batch_acc 0.9900
[INFO  11:03:30] 60%:	E: 0.00	dE -2.09	batch_acc 0.9950
[INFO  11:03:32] 70%:	E: 0.00	dE -2.86	batch_acc 0.9900
[INFO  11:03:33] 80%:	E: 0.00	dE -3.15	batch_acc 0.9850
[INFO  11:03:35] 90%:	E: 0.00	dE -4.21	batch_acc 0.9650
[INFO  11:03:38] epoch: 36 	 test_acc: 0.8903 	 mean_E: 0.0000
[INFO  11:03:38] 0%:	E: 0.00	dE -3.14	batch_acc 0.9700
[INFO  11:03:40] 10%:	E: 0.00	dE -3.18	batch_acc 0.9600
[INFO  11:03:42] 20%:	E: 0.00	dE -2.24	batch_acc 0.9950
[INFO  11:03:43] 30%:	E: 0.00	dE -2.84	batch_acc 0.9850
[INFO  11:03:45] 40%:	E: 0.00	dE -3.36	batch_acc 0.9750
[INFO  11:03:46] 50%:	E: 0.00	dE -3.25	batch_acc 0.9600
[INFO  11:03:48] 60%:	E: 0.00	dE -3.00	batch_acc 0.9850
[INFO  11:03:50] 70%:	E: 0.00	dE -3.01	batch_acc 0.9850
[INFO  11:03:51] 80%:	E: 0.00	dE -2.68	batch_acc 0.9750
[INFO  11:03:53] 90%:	E: 0.00	dE -3.01	batch_acc 0.9750
[INFO  11:03:56] epoch: 37 	 test_acc: 0.8922 	 mean_E: 0.0000
[INFO  11:03:56] 0%:	E: 0.00	dE -2.51	batch_acc 0.9900
[INFO  11:03:57] 10%:	E: 0.00	dE -3.11	batch_acc 0.9600
[INFO  11:03:59] 20%:	E: 0.00	dE -3.17	batch_acc 0.9700
[INFO  11:04:00] 30%:	E: 0.00	dE -3.00	batch_acc 0.9800
[INFO  11:04:02] 40%:	E: 0.00	dE -2.92	batch_acc 0.9750
[INFO  11:04:03] 50%:	E: 0.00	dE -3.00	batch_acc 0.9750
[INFO  11:04:05] 60%:	E: 0.00	dE -3.45	batch_acc 0.9800
[INFO  11:04:06] 70%:	E: 0.00	dE -2.63	batch_acc 0.9700
[INFO  11:04:08] 80%:	E: 0.00	dE -2.90	batch_acc 0.9900
[INFO  11:04:09] 90%:	E: 0.00	dE -2.19	batch_acc 0.9850
[INFO  11:04:12] epoch: 38 	 test_acc: 0.8930 	 mean_E: 0.0000
[INFO  11:04:12] 0%:	E: 0.00	dE -2.99	batch_acc 0.9900
[INFO  11:04:14] 10%:	E: 0.00	dE -3.13	batch_acc 0.9750
[INFO  11:04:16] 20%:	E: 0.00	dE -3.19	batch_acc 0.9750
[INFO  11:04:17] 30%:	E: 0.00	dE -3.88	batch_acc 0.9750
[INFO  11:04:19] 40%:	E: 0.00	dE -4.07	batch_acc 0.9550
[INFO  11:04:20] 50%:	E: 0.00	dE -3.55	batch_acc 0.9650
[INFO  11:04:22] 60%:	E: 0.00	dE -2.51	batch_acc 0.9850
[INFO  11:04:24] 70%:	E: 0.00	dE -2.99	batch_acc 0.9750
[INFO  11:04:25] 80%:	E: 0.00	dE -2.46	batch_acc 0.9900
[INFO  11:04:27] 90%:	E: 0.00	dE -2.66	batch_acc 0.9750
[INFO  11:04:30] epoch: 39 	 test_acc: 0.8950 	 mean_E: 0.0000
[INFO  11:04:30] 0%:	E: 0.00	dE -2.01	batch_acc 0.9900
[INFO  11:04:31] 10%:	E: 0.00	dE -3.47	batch_acc 0.9600
[INFO  11:04:33] 20%:	E: 0.00	dE -2.71	batch_acc 0.9850
[INFO  11:04:35] 30%:	E: 0.00	dE -2.69	batch_acc 0.9900
[INFO  11:04:36] 40%:	E: 0.00	dE -3.25	batch_acc 0.9700
[INFO  11:04:38] 50%:	E: 0.00	dE -2.62	batch_acc 0.9750
[INFO  11:04:39] 60%:	E: 0.00	dE -3.01	batch_acc 0.9850
[INFO  11:04:41] 70%:	E: 0.00	dE -3.47	batch_acc 0.9650
[INFO  11:04:42] 80%:	E: 0.00	dE -2.74	batch_acc 0.9800
[INFO  11:04:44] 90%:	E: 0.00	dE -3.38	batch_acc 0.9850
[INFO  11:04:47] epoch: 40 	 test_acc: 0.8906 	 mean_E: 0.0000
[INFO  11:04:47] 0%:	E: 0.00	dE -2.91	batch_acc 0.9850
[INFO  11:04:49] 10%:	E: 0.00	dE -2.62	batch_acc 0.9900
[INFO  11:04:50] 20%:	E: 0.00	dE -2.31	batch_acc 0.9900
[INFO  11:04:52] 30%:	E: 0.00	dE -3.16	batch_acc 0.9600
[INFO  11:04:53] 40%:	E: 0.00	dE -3.16	batch_acc 0.9850
[INFO  11:04:55] 50%:	E: 0.00	dE -3.68	batch_acc 0.9700
[INFO  11:04:56] 60%:	E: 0.00	dE -2.42	batch_acc 0.9900
[INFO  11:04:58] 70%:	E: 0.00	dE -3.27	batch_acc 0.9700
[INFO  11:04:59] 80%:	E: 0.00	dE -2.47	batch_acc 1.0000
[INFO  11:05:01] 90%:	E: 0.00	dE -2.24	batch_acc 0.9800
[INFO  11:05:04] epoch: 41 	 test_acc: 0.8957 	 mean_E: 0.0000
[INFO  11:05:04] 0%:	E: 0.00	dE -2.54	batch_acc 0.9900
[INFO  11:05:06] 10%:	E: 0.00	dE -2.75	batch_acc 0.9950
[INFO  11:05:07] 20%:	E: 0.00	dE -2.29	batch_acc 0.9850
[INFO  11:05:09] 30%:	E: 0.00	dE -2.72	batch_acc 0.9850
[INFO  11:05:10] 40%:	E: 0.00	dE -3.07	batch_acc 0.9800
[INFO  11:05:12] 50%:	E: 0.00	dE -3.26	batch_acc 0.9850
[INFO  11:05:13] 60%:	E: 0.00	dE -3.36	batch_acc 0.9800
[INFO  11:05:15] 70%:	E: 0.00	dE -3.75	batch_acc 0.9650
[INFO  11:05:16] 80%:	E: 0.00	dE -3.31	batch_acc 0.9700
[INFO  11:05:18] 90%:	E: 0.00	dE -3.53	batch_acc 0.9750
[INFO  11:05:21] epoch: 42 	 test_acc: 0.8929 	 mean_E: 0.0000
[INFO  11:05:21] 0%:	E: 0.00	dE -2.57	batch_acc 0.9800
[INFO  11:05:23] 10%:	E: 0.00	dE -2.67	batch_acc 0.9800
[INFO  11:05:24] 20%:	E: 0.00	dE -2.68	batch_acc 0.9950
[INFO  11:05:26] 30%:	E: 0.00	dE -3.77	batch_acc 0.9850
[INFO  11:05:27] 40%:	E: 0.00	dE -2.57	batch_acc 0.9800
[INFO  11:05:29] 50%:	E: 0.00	dE -2.32	batch_acc 0.9800
[INFO  11:05:30] 60%:	E: 0.00	dE -2.99	batch_acc 0.9800
[INFO  11:05:32] 70%:	E: 0.00	dE -3.11	batch_acc 0.9800
[INFO  11:05:33] 80%:	E: 0.00	dE -2.49	batch_acc 0.9900
[INFO  11:05:34] 90%:	E: 0.00	dE -2.86	batch_acc 0.9900
[INFO  11:05:38] epoch: 43 	 test_acc: 0.8922 	 mean_E: 0.0000
[INFO  11:05:38] 0%:	E: 0.00	dE -2.50	batch_acc 0.9950
[INFO  11:05:39] 10%:	E: 0.00	dE -2.77	batch_acc 0.9850
[INFO  11:05:41] 20%:	E: 0.00	dE -1.97	batch_acc 0.9900
[INFO  11:05:43] 30%:	E: 0.00	dE -2.51	batch_acc 0.9900
[INFO  11:05:44] 40%:	E: 0.00	dE -2.00	batch_acc 1.0000
[INFO  11:05:46] 50%:	E: 0.00	dE -2.64	batch_acc 0.9850
[INFO  11:05:47] 60%:	E: 0.00	dE -2.88	batch_acc 0.9850
[INFO  11:05:49] 70%:	E: 0.00	dE -3.05	batch_acc 0.9900
[INFO  11:05:50] 80%:	E: 0.00	dE -2.59	batch_acc 0.9900
[INFO  11:05:52] 90%:	E: 0.00	dE -2.98	batch_acc 0.9750
[INFO  11:05:55] epoch: 44 	 test_acc: 0.8929 	 mean_E: 0.0000
[INFO  11:05:55] 0%:	E: 0.00	dE -2.47	batch_acc 0.9900
[INFO  11:05:57] 10%:	E: 0.00	dE -2.26	batch_acc 0.9800
[INFO  11:05:58] 20%:	E: 0.00	dE -2.48	batch_acc 0.9850
[INFO  11:06:00] 30%:	E: 0.00	dE -3.01	batch_acc 0.9900
[INFO  11:06:01] 40%:	E: 0.00	dE -2.74	batch_acc 0.9850
[INFO  11:06:03] 50%:	E: 0.00	dE -2.36	batch_acc 0.9800
[INFO  11:06:05] 60%:	E: 0.00	dE -2.91	batch_acc 0.9800
[INFO  11:06:06] 70%:	E: 0.00	dE -3.12	batch_acc 0.9900
[INFO  11:06:08] 80%:	E: 0.00	dE -2.77	batch_acc 0.9900
[INFO  11:06:09] 90%:	E: 0.00	dE -2.94	batch_acc 0.9800
[INFO  11:06:13] epoch: 45 	 test_acc: 0.8921 	 mean_E: 0.0000
[INFO  11:06:13] 0%:	E: 0.00	dE -2.55	batch_acc 0.9900
[INFO  11:06:14] 10%:	E: 0.00	dE -2.04	batch_acc 1.0000
[INFO  11:06:16] 20%:	E: 0.00	dE -2.92	batch_acc 0.9850
[INFO  11:06:17] 30%:	E: 0.00	dE -3.70	batch_acc 0.9800
[INFO  11:06:19] 40%:	E: 0.00	dE -2.77	batch_acc 0.9750
[INFO  11:06:20] 50%:	E: 0.00	dE -3.18	batch_acc 0.9850
[INFO  11:06:22] 60%:	E: 0.00	dE -3.06	batch_acc 0.9900
[INFO  11:06:23] 70%:	E: 0.00	dE -2.44	batch_acc 0.9900
[INFO  11:06:25] 80%:	E: 0.00	dE -3.46	batch_acc 0.9650
[INFO  11:06:27] 90%:	E: 0.00	dE -2.29	batch_acc 0.9900
[INFO  11:06:30] epoch: 46 	 test_acc: 0.8912 	 mean_E: 0.0000
[INFO  11:06:30] 0%:	E: 0.00	dE -3.32	batch_acc 0.9750
[INFO  11:06:31] 10%:	E: 0.00	dE -1.71	batch_acc 0.9950
[INFO  11:06:33] 20%:	E: 0.00	dE -2.15	batch_acc 0.9900
[INFO  11:06:34] 30%:	E: 0.00	dE -2.63	batch_acc 0.9700
[INFO  11:06:36] 40%:	E: 0.00	dE -2.54	batch_acc 0.9750
[INFO  11:06:38] 50%:	E: 0.00	dE -2.73	batch_acc 0.9800
[INFO  11:06:39] 60%:	E: 0.00	dE -2.35	batch_acc 0.9900
[INFO  11:06:41] 70%:	E: 0.00	dE -2.83	batch_acc 0.9750
[INFO  11:06:42] 80%:	E: 0.00	dE -3.06	batch_acc 0.9800
[INFO  11:06:44] 90%:	E: 0.00	dE -2.38	batch_acc 1.0000
[INFO  11:06:47] epoch: 47 	 test_acc: 0.8953 	 mean_E: 0.0000
[INFO  11:06:47] 0%:	E: 0.00	dE -1.96	batch_acc 0.9900
[INFO  11:06:49] 10%:	E: 0.00	dE -2.24	batch_acc 0.9850
[INFO  11:06:50] 20%:	E: 0.00	dE -2.40	batch_acc 0.9900
[INFO  11:06:52] 30%:	E: 0.00	dE -2.26	batch_acc 0.9850
[INFO  11:06:53] 40%:	E: 0.00	dE -2.79	batch_acc 0.9800
[INFO  11:06:55] 50%:	E: 0.00	dE -3.14	batch_acc 0.9900
[INFO  11:06:57] 60%:	E: 0.00	dE -2.99	batch_acc 0.9800
[INFO  11:06:58] 70%:	E: 0.00	dE -2.16	batch_acc 0.9900
[INFO  11:07:00] 80%:	E: 0.00	dE -2.32	batch_acc 0.9850
[INFO  11:07:01] 90%:	E: 0.00	dE -3.25	batch_acc 0.9800
[INFO  11:07:04] epoch: 48 	 test_acc: 0.8924 	 mean_E: 0.0000
[INFO  11:07:04] 0%:	E: 0.00	dE -2.51	batch_acc 0.9850
[INFO  11:07:06] 10%:	E: 0.00	dE -2.07	batch_acc 0.9950
[INFO  11:07:08] 20%:	E: 0.00	dE -2.20	batch_acc 0.9850
[INFO  11:07:09] 30%:	E: 0.00	dE -2.38	batch_acc 0.9800
[INFO  11:07:11] 40%:	E: 0.00	dE -2.61	batch_acc 0.9900
[INFO  11:07:12] 50%:	E: 0.00	dE -3.45	batch_acc 0.9800
[INFO  11:07:14] 60%:	E: 0.00	dE -3.74	batch_acc 0.9650
[INFO  11:07:16] 70%:	E: 0.00	dE -2.59	batch_acc 0.9900
[INFO  11:07:17] 80%:	E: 0.00	dE -2.38	batch_acc 0.9900
[INFO  11:07:19] 90%:	E: 0.00	dE -2.63	batch_acc 0.9900
[INFO  11:07:22] epoch: 49 	 test_acc: 0.8952 	 mean_E: 0.0000
[INFO  11:07:22] 0%:	E: 0.00	dE -2.38	batch_acc 0.9850
[INFO  11:07:23] 10%:	E: 0.00	dE -2.53	batch_acc 0.9800
[INFO  11:07:25] 20%:	E: 0.00	dE -2.18	batch_acc 0.9900
[INFO  11:07:27] 30%:	E: 0.00	dE -2.11	batch_acc 0.9800
[INFO  11:07:28] 40%:	E: 0.00	dE -3.34	batch_acc 0.9850
[INFO  11:07:30] 50%:	E: 0.00	dE -2.29	batch_acc 0.9900
[INFO  11:07:31] 60%:	E: 0.00	dE -2.30	batch_acc 0.9900
[INFO  11:07:33] 70%:	E: 0.00	dE -2.74	batch_acc 0.9750
[INFO  11:07:34] 80%:	E: 0.00	dE -2.72	batch_acc 0.9850
[INFO  11:07:36] 90%:	E: 0.00	dE -2.43	batch_acc 0.9850
[INFO  11:07:39] epoch: 50 	 test_acc: 0.8923 	 mean_E: 0.0000
[INFO  11:07:39] 0%:	E: 0.00	dE -1.99	batch_acc 0.9900
[INFO  11:07:41] 10%:	E: 0.00	dE -2.74	batch_acc 0.9800
[INFO  11:07:42] 20%:	E: 0.00	dE -2.19	batch_acc 0.9950
[INFO  11:07:44] 30%:	E: 0.00	dE -1.86	batch_acc 0.9900
[INFO  11:07:45] 40%:	E: 0.00	dE -2.38	batch_acc 0.9950
[INFO  11:07:47] 50%:	E: 0.00	dE -2.64	batch_acc 0.9800
[INFO  11:07:48] 60%:	E: 0.00	dE -2.10	batch_acc 0.9900
[INFO  11:07:50] 70%:	E: 0.00	dE -2.47	batch_acc 0.9850
[INFO  11:07:51] 80%:	E: 0.00	dE -2.24	batch_acc 0.9900
[INFO  11:07:53] 90%:	E: 0.00	dE -2.88	batch_acc 0.9800
[INFO  11:07:56] epoch: 51 	 test_acc: 0.8937 	 mean_E: 0.0000
[INFO  11:07:56] 0%:	E: 0.00	dE -2.66	batch_acc 0.9900
[INFO  11:07:58] 10%:	E: 0.00	dE -2.55	batch_acc 0.9850
[INFO  11:07:59] 20%:	E: 0.00	dE -2.42	batch_acc 0.9850
[INFO  11:08:01] 30%:	E: 0.00	dE -2.18	batch_acc 0.9900
[INFO  11:08:02] 40%:	E: 0.00	dE -3.22	batch_acc 0.9750
[INFO  11:08:04] 50%:	E: 0.00	dE -2.40	batch_acc 0.9900
[INFO  11:08:05] 60%:	E: 0.00	dE -1.98	batch_acc 1.0000
[INFO  11:08:07] 70%:	E: 0.00	dE -3.43	batch_acc 0.9700
[INFO  11:08:08] 80%:	E: 0.00	dE -2.41	batch_acc 0.9950
[INFO  11:08:10] 90%:	E: 0.00	dE -3.43	batch_acc 0.9750
[INFO  11:08:13] epoch: 52 	 test_acc: 0.8956 	 mean_E: 0.0000
[INFO  11:08:13] 0%:	E: 0.00	dE -2.24	batch_acc 0.9750
[INFO  11:08:14] 10%:	E: 0.00	dE -2.07	batch_acc 0.9850
[INFO  11:08:16] 20%:	E: 0.00	dE -1.91	batch_acc 0.9900
[INFO  11:08:17] 30%:	E: 0.00	dE -2.33	batch_acc 0.9900
[INFO  11:08:19] 40%:	E: 0.00	dE -2.62	batch_acc 0.9850
[INFO  11:08:20] 50%:	E: 0.00	dE -2.14	batch_acc 0.9850
[INFO  11:08:22] 60%:	E: 0.00	dE -1.79	batch_acc 0.9950
[INFO  11:08:24] 70%:	E: 0.00	dE -2.53	batch_acc 0.9900
[INFO  11:08:25] 80%:	E: 0.00	dE -2.23	batch_acc 0.9950
[INFO  11:08:27] 90%:	E: 0.00	dE -2.62	batch_acc 0.9950
[INFO  11:08:30] epoch: 53 	 test_acc: 0.8940 	 mean_E: 0.0000
[INFO  11:08:30] 0%:	E: 0.00	dE -2.60	batch_acc 0.9900
[INFO  11:08:31] 10%:	E: 0.00	dE -2.08	batch_acc 0.9900
[INFO  11:08:33] 20%:	E: 0.00	dE -2.10	batch_acc 0.9900
[INFO  11:08:35] 30%:	E: 0.00	dE -2.87	batch_acc 0.9900
[INFO  11:08:36] 40%:	E: 0.00	dE -1.65	batch_acc 0.9950
[INFO  11:08:38] 50%:	E: 0.00	dE -1.80	batch_acc 0.9900
[INFO  11:08:39] 60%:	E: 0.00	dE -2.10	batch_acc 1.0000
[INFO  11:08:41] 70%:	E: 0.00	dE -2.00	batch_acc 0.9900
[INFO  11:08:42] 80%:	E: 0.00	dE -2.49	batch_acc 0.9850
[INFO  11:08:44] 90%:	E: 0.00	dE -3.34	batch_acc 0.9700
[INFO  11:08:47] epoch: 54 	 test_acc: 0.8944 	 mean_E: 0.0000
[INFO  11:08:47] 0%:	E: 0.00	dE -1.59	batch_acc 0.9950
[INFO  11:08:48] 10%:	E: 0.00	dE -2.13	batch_acc 0.9900
[INFO  11:08:50] 20%:	E: 0.00	dE -1.97	batch_acc 1.0000
[INFO  11:08:51] 30%:	E: 0.00	dE -2.18	batch_acc 0.9850
[INFO  11:08:53] 40%:	E: 0.00	dE -2.37	batch_acc 0.9850
[INFO  11:08:55] 50%:	E: 0.00	dE -2.48	batch_acc 0.9900
[INFO  11:08:56] 60%:	E: 0.00	dE -1.92	batch_acc 0.9900
[INFO  11:08:58] 70%:	E: 0.00	dE -2.81	batch_acc 0.9800
[INFO  11:08:59] 80%:	E: 0.00	dE -2.36	batch_acc 0.9900
[INFO  11:09:01] 90%:	E: 0.00	dE -2.01	batch_acc 0.9950
[INFO  11:09:04] epoch: 55 	 test_acc: 0.8946 	 mean_E: 0.0000
[INFO  11:09:04] 0%:	E: 0.00	dE -2.56	batch_acc 0.9800
[INFO  11:09:06] 10%:	E: 0.00	dE -1.86	batch_acc 0.9900
[INFO  11:09:08] 20%:	E: 0.00	dE -1.77	batch_acc 1.0000
[INFO  11:09:09] 30%:	E: 0.00	dE -2.74	batch_acc 0.9750
[INFO  11:09:11] 40%:	E: 0.00	dE -1.88	batch_acc 0.9950
[INFO  11:09:12] 50%:	E: 0.00	dE -2.22	batch_acc 0.9950
[INFO  11:09:14] 60%:	E: 0.00	dE -2.20	batch_acc 0.9900
[INFO  11:09:15] 70%:	E: 0.00	dE -1.98	batch_acc 1.0000
[INFO  11:09:17] 80%:	E: 0.00	dE -2.18	batch_acc 0.9950
[INFO  11:09:18] 90%:	E: 0.00	dE -2.07	batch_acc 0.9900
[INFO  11:09:21] epoch: 56 	 test_acc: 0.8941 	 mean_E: 0.0000
[INFO  11:09:22] 0%:	E: 0.00	dE -2.45	batch_acc 0.9750
[INFO  11:09:23] 10%:	E: 0.00	dE -1.91	batch_acc 0.9850
[INFO  11:09:25] 20%:	E: 0.00	dE -2.03	batch_acc 0.9900
[INFO  11:09:26] 30%:	E: 0.00	dE -2.19	batch_acc 1.0000
[INFO  11:09:28] 40%:	E: 0.00	dE -2.30	batch_acc 0.9850
[INFO  11:09:29] 50%:	E: 0.00	dE -2.17	batch_acc 0.9850
[INFO  11:09:31] 60%:	E: 0.00	dE -2.50	batch_acc 0.9950
[INFO  11:09:32] 70%:	E: 0.00	dE -2.26	batch_acc 1.0000
[INFO  11:09:34] 80%:	E: 0.00	dE -3.24	batch_acc 0.9800
[INFO  11:09:35] 90%:	E: 0.00	dE -2.50	batch_acc 0.9900
[INFO  11:09:38] epoch: 57 	 test_acc: 0.8964 	 mean_E: 0.0000
[INFO  11:09:39] 0%:	E: 0.00	dE -1.55	batch_acc 1.0000
[INFO  11:09:40] 10%:	E: 0.00	dE -2.44	batch_acc 0.9900
[INFO  11:09:41] 20%:	E: 0.00	dE -2.08	batch_acc 0.9950
[INFO  11:09:43] 30%:	E: 0.00	dE -1.99	batch_acc 0.9900
[INFO  11:09:44] 40%:	E: 0.00	dE -2.04	batch_acc 0.9900
[INFO  11:09:46] 50%:	E: 0.00	dE -2.69	batch_acc 0.9800
[INFO  11:09:47] 60%:	E: 0.00	dE -2.04	batch_acc 0.9900
[INFO  11:09:49] 70%:	E: 0.00	dE -1.73	batch_acc 0.9950
[INFO  11:09:51] 80%:	E: 0.00	dE -2.11	batch_acc 1.0000
[INFO  11:09:52] 90%:	E: 0.00	dE -2.58	batch_acc 0.9850
[INFO  11:09:55] epoch: 58 	 test_acc: 0.8947 	 mean_E: 0.0000
[INFO  11:09:55] 0%:	E: 0.00	dE -2.23	batch_acc 1.0000
[INFO  11:09:57] 10%:	E: 0.00	dE -2.82	batch_acc 0.9800
[INFO  11:09:58] 20%:	E: 0.00	dE -2.76	batch_acc 0.9800
[INFO  11:10:00] 30%:	E: 0.00	dE -2.22	batch_acc 0.9750
[INFO  11:10:01] 40%:	E: 0.00	dE -2.29	batch_acc 0.9800
[INFO  11:10:03] 50%:	E: 0.00	dE -1.97	batch_acc 0.9900
[INFO  11:10:04] 60%:	E: 0.00	dE -2.08	batch_acc 0.9900
[INFO  11:10:06] 70%:	E: 0.00	dE -2.20	batch_acc 0.9800
[INFO  11:10:08] 80%:	E: 0.00	dE -2.32	batch_acc 0.9850
[INFO  11:10:09] 90%:	E: 0.00	dE -2.25	batch_acc 0.9700
[INFO  11:10:12] epoch: 59 	 test_acc: 0.8940 	 mean_E: 0.0000
[INFO  11:10:12] 0%:	E: 0.00	dE -2.10	batch_acc 0.9900
[INFO  11:10:14] 10%:	E: 0.00	dE -1.71	batch_acc 0.9950
[INFO  11:10:16] 20%:	E: 0.00	dE -2.74	batch_acc 0.9800
[INFO  11:10:17] 30%:	E: 0.00	dE -2.04	batch_acc 0.9950
[INFO  11:10:19] 40%:	E: 0.00	dE -2.84	batch_acc 0.9750
[INFO  11:10:20] 50%:	E: 0.00	dE -1.63	batch_acc 1.0000
[INFO  11:10:22] 60%:	E: 0.00	dE -2.19	batch_acc 0.9850
[INFO  11:10:23] 70%:	E: 0.00	dE -2.27	batch_acc 0.9900
[INFO  11:10:25] 80%:	E: 0.00	dE -2.11	batch_acc 0.9950
[INFO  11:10:26] 90%:	E: 0.00	dE -1.99	batch_acc 0.9950
[INFO  11:10:29] epoch: 60 	 test_acc: 0.8956 	 mean_E: 0.0000
[INFO  11:10:30] 0%:	E: 0.00	dE -1.81	batch_acc 1.0000
[INFO  11:10:31] 10%:	E: 0.00	dE -2.21	batch_acc 0.9950
[INFO  11:10:33] 20%:	E: 0.00	dE -2.20	batch_acc 0.9950
[INFO  11:10:34] 30%:	E: 0.00	dE -1.80	batch_acc 1.0000
[INFO  11:10:36] 40%:	E: 0.00	dE -1.92	batch_acc 0.9950
[INFO  11:10:37] 50%:	E: 0.00	dE -2.20	batch_acc 0.9850
[INFO  11:10:39] 60%:	E: 0.00	dE -2.10	batch_acc 0.9950
[INFO  11:10:40] 70%:	E: 0.00	dE -1.89	batch_acc 0.9900
[INFO  11:10:42] 80%:	E: 0.00	dE -2.33	batch_acc 0.9950
[INFO  11:10:44] 90%:	E: 0.00	dE -2.17	batch_acc 1.0000
[INFO  11:10:47] epoch: 61 	 test_acc: 0.8921 	 mean_E: 0.0000
[INFO  11:10:47] 0%:	E: 0.00	dE -2.16	batch_acc 0.9900
[INFO  11:10:48] 10%:	E: 0.00	dE -2.45	batch_acc 0.9950
[INFO  11:10:50] 20%:	E: 0.00	dE -2.29	batch_acc 0.9950
[INFO  11:10:52] 30%:	E: 0.00	dE -2.04	batch_acc 0.9900
[INFO  11:10:53] 40%:	E: 0.00	dE -1.71	batch_acc 0.9950
[INFO  11:10:55] 50%:	E: 0.00	dE -1.82	batch_acc 0.9850
[INFO  11:10:56] 60%:	E: 0.00	dE -1.88	batch_acc 1.0000
[INFO  11:10:58] 70%:	E: 0.00	dE -2.42	batch_acc 0.9800
[INFO  11:10:59] 80%:	E: 0.00	dE -2.54	batch_acc 0.9900
[INFO  11:11:01] 90%:	E: 0.00	dE -2.31	batch_acc 0.9900
[INFO  11:11:04] epoch: 62 	 test_acc: 0.8966 	 mean_E: 0.0000
[INFO  11:11:04] 0%:	E: 0.00	dE -1.83	batch_acc 1.0000
[INFO  11:11:05] 10%:	E: 0.00	dE -1.88	batch_acc 0.9950
[INFO  11:11:07] 20%:	E: 0.00	dE -2.05	batch_acc 1.0000
[INFO  11:11:08] 30%:	E: 0.00	dE -1.73	batch_acc 0.9850
[INFO  11:11:10] 40%:	E: 0.00	dE -1.60	batch_acc 0.9950
[INFO  11:11:11] 50%:	E: 0.00	dE -2.41	batch_acc 0.9850
[INFO  11:11:13] 60%:	E: 0.00	dE -1.85	batch_acc 0.9950
[INFO  11:11:14] 70%:	E: 0.00	dE -1.88	batch_acc 0.9950
[INFO  11:11:16] 80%:	E: 0.00	dE -1.76	batch_acc 0.9950
[INFO  11:11:17] 90%:	E: 0.00	dE -1.94	batch_acc 0.9900
[INFO  11:11:20] epoch: 63 	 test_acc: 0.8924 	 mean_E: 0.0000
[INFO  11:11:21] 0%:	E: 0.00	dE -1.81	batch_acc 0.9900
[INFO  11:11:22] 10%:	E: 0.00	dE -1.47	batch_acc 1.0000
[INFO  11:11:24] 20%:	E: 0.00	dE -2.00	batch_acc 1.0000
[INFO  11:11:25] 30%:	E: 0.00	dE -1.75	batch_acc 0.9850
[INFO  11:11:27] 40%:	E: 0.00	dE -2.26	batch_acc 0.9750
[INFO  11:11:29] 50%:	E: 0.00	dE -2.41	batch_acc 0.9850
[INFO  11:11:30] 60%:	E: 0.00	dE -1.58	batch_acc 1.0000
[INFO  11:11:32] 70%:	E: 0.00	dE -2.43	batch_acc 0.9900
[INFO  11:11:33] 80%:	E: 0.00	dE -2.65	batch_acc 0.9900
[INFO  11:11:35] 90%:	E: 0.00	dE -2.41	batch_acc 0.9800
[INFO  11:11:38] epoch: 64 	 test_acc: 0.8947 	 mean_E: 0.0000
[INFO  11:11:38] 0%:	E: 0.00	dE -2.07	batch_acc 0.9900
[INFO  11:11:40] 10%:	E: 0.00	dE -2.36	batch_acc 0.9800
[INFO  11:11:41] 20%:	E: 0.00	dE -2.27	batch_acc 0.9850
[INFO  11:11:43] 30%:	E: 0.00	dE -2.24	batch_acc 0.9900
[INFO  11:11:44] 40%:	E: 0.00	dE -1.56	batch_acc 0.9950
[INFO  11:11:46] 50%:	E: 0.00	dE -2.12	batch_acc 0.9950
[INFO  11:11:48] 60%:	E: 0.00	dE -1.58	batch_acc 0.9950
[INFO  11:11:49] 70%:	E: 0.00	dE -2.21	batch_acc 0.9850
[INFO  11:11:51] 80%:	E: 0.00	dE -2.42	batch_acc 0.9900
[INFO  11:11:52] 90%:	E: 0.00	dE -2.43	batch_acc 0.9800
[INFO  11:11:55] epoch: 65 	 test_acc: 0.8923 	 mean_E: 0.0000
[INFO  11:11:55] 0%:	E: 0.00	dE -2.32	batch_acc 0.9900
[INFO  11:11:57] 10%:	E: 0.00	dE -2.07	batch_acc 0.9850
[INFO  11:11:58] 20%:	E: 0.00	dE -2.13	batch_acc 0.9950
[INFO  11:12:00] 30%:	E: 0.00	dE -1.95	batch_acc 0.9900
[INFO  11:12:01] 40%:	E: 0.00	dE -2.15	batch_acc 0.9950
[INFO  11:12:02] 50%:	E: 0.00	dE -1.95	batch_acc 0.9900
[INFO  11:12:04] 60%:	E: 0.00	dE -1.58	batch_acc 0.9950
[INFO  11:12:05] 70%:	E: 0.00	dE -2.08	batch_acc 0.9900
[INFO  11:12:07] 80%:	E: 0.00	dE -1.98	batch_acc 0.9950
[INFO  11:12:08] 90%:	E: 0.00	dE -1.55	batch_acc 0.9950
[INFO  11:12:11] epoch: 66 	 test_acc: 0.8930 	 mean_E: 0.0000
[INFO  11:12:12] 0%:	E: 0.00	dE -1.62	batch_acc 0.9900
[INFO  11:12:13] 10%:	E: 0.00	dE -1.66	batch_acc 1.0000
[INFO  11:12:15] 20%:	E: 0.00	dE -1.40	batch_acc 1.0000
[INFO  11:12:16] 30%:	E: 0.00	dE -2.23	batch_acc 0.9850
[INFO  11:12:18] 40%:	E: 0.00	dE -1.76	batch_acc 1.0000
[INFO  11:12:19] 50%:	E: 0.00	dE -2.55	batch_acc 0.9800
[INFO  11:12:21] 60%:	E: 0.00	dE -1.58	batch_acc 1.0000
[INFO  11:12:22] 70%:	E: 0.00	dE -1.97	batch_acc 0.9800
[INFO  11:12:24] 80%:	E: 0.00	dE -1.28	batch_acc 0.9950
[INFO  11:12:25] 90%:	E: 0.00	dE -1.40	batch_acc 0.9950
[INFO  11:12:28] epoch: 67 	 test_acc: 0.8950 	 mean_E: 0.0000
[INFO  11:12:29] 0%:	E: 0.00	dE -1.74	batch_acc 0.9950
[INFO  11:12:30] 10%:	E: 0.00	dE -3.04	batch_acc 0.9850
[INFO  11:12:32] 20%:	E: 0.00	dE -2.01	batch_acc 0.9850
[INFO  11:12:33] 30%:	E: 0.00	dE -2.16	batch_acc 0.9900
[INFO  11:12:35] 40%:	E: 0.00	dE -1.86	batch_acc 0.9950
[INFO  11:12:36] 50%:	E: 0.00	dE -1.65	batch_acc 0.9950
[INFO  11:12:38] 60%:	E: 0.00	dE -1.76	batch_acc 1.0000
[INFO  11:12:39] 70%:	E: 0.00	dE -1.77	batch_acc 0.9900
[INFO  11:12:41] 80%:	E: 0.00	dE -2.10	batch_acc 0.9850
[INFO  11:12:42] 90%:	E: 0.00	dE -2.20	batch_acc 0.9800
[INFO  11:12:45] epoch: 68 	 test_acc: 0.8951 	 mean_E: 0.0000
[INFO  11:12:45] 0%:	E: 0.00	dE -1.73	batch_acc 0.9950
[INFO  11:12:47] 10%:	E: 0.00	dE -1.92	batch_acc 0.9950
[INFO  11:12:48] 20%:	E: 0.00	dE -1.70	batch_acc 0.9950
[INFO  11:12:50] 30%:	E: 0.00	dE -1.44	batch_acc 1.0000
[INFO  11:12:51] 40%:	E: 0.00	dE -2.03	batch_acc 1.0000
[INFO  11:12:53] 50%:	E: 0.00	dE -1.54	batch_acc 0.9950
[INFO  11:12:55] 60%:	E: 0.00	dE -1.82	batch_acc 0.9950
[INFO  11:12:56] 70%:	E: 0.00	dE -2.41	batch_acc 0.9900
[INFO  11:12:58] 80%:	E: 0.00	dE -1.65	batch_acc 0.9950
[INFO  11:12:59] 90%:	E: 0.00	dE -2.07	batch_acc 0.9950
[INFO  11:13:02] epoch: 69 	 test_acc: 0.8941 	 mean_E: 0.0000
[INFO  11:13:03] 0%:	E: 0.00	dE -1.61	batch_acc 1.0000
[INFO  11:13:04] 10%:	E: 0.00	dE -1.69	batch_acc 1.0000
[INFO  11:13:06] 20%:	E: 0.00	dE -1.46	batch_acc 0.9900
[INFO  11:13:07] 30%:	E: 0.00	dE -1.69	batch_acc 0.9950
[INFO  11:13:09] 40%:	E: 0.00	dE -1.97	batch_acc 0.9950
[INFO  11:13:10] 50%:	E: 0.00	dE -2.13	batch_acc 1.0000
[INFO  11:13:12] 60%:	E: 0.00	dE -1.67	batch_acc 0.9950
[INFO  11:13:13] 70%:	E: 0.00	dE -2.22	batch_acc 0.9850
[INFO  11:13:15] 80%:	E: 0.00	dE -2.17	batch_acc 0.9900
[INFO  11:13:16] 90%:	E: 0.00	dE -1.60	batch_acc 0.9950
[INFO  11:13:19] epoch: 70 	 test_acc: 0.8926 	 mean_E: 0.0000
[INFO  11:13:19] 0%:	E: 0.00	dE -2.25	batch_acc 1.0000
[INFO  11:13:21] 10%:	E: 0.00	dE -1.89	batch_acc 0.9950
[INFO  11:13:22] 20%:	E: 0.00	dE -1.76	batch_acc 1.0000
[INFO  11:13:24] 30%:	E: 0.00	dE -1.71	batch_acc 0.9900
[INFO  11:13:25] 40%:	E: 0.00	dE -1.80	batch_acc 1.0000
[INFO  11:13:27] 50%:	E: 0.00	dE -1.74	batch_acc 1.0000
[INFO  11:13:28] 60%:	E: 0.00	dE -1.48	batch_acc 1.0000
[INFO  11:13:30] 70%:	E: 0.00	dE -1.70	batch_acc 1.0000
[INFO  11:13:32] 80%:	E: 0.00	dE -1.92	batch_acc 0.9900
[INFO  11:13:33] 90%:	E: 0.00	dE -2.54	batch_acc 0.9750
[INFO  11:13:36] epoch: 71 	 test_acc: 0.8939 	 mean_E: 0.0000
[INFO  11:13:36] 0%:	E: 0.00	dE -1.74	batch_acc 0.9950
[INFO  11:13:38] 10%:	E: 0.00	dE -1.97	batch_acc 0.9900
[INFO  11:13:40] 20%:	E: 0.00	dE -1.44	batch_acc 1.0000
[INFO  11:13:41] 30%:	E: 0.00	dE -2.72	batch_acc 0.9850
[INFO  11:13:43] 40%:	E: 0.00	dE -1.78	batch_acc 0.9850
[INFO  11:13:44] 50%:	E: 0.00	dE -2.61	batch_acc 0.9850
[INFO  11:13:46] 60%:	E: 0.00	dE -1.60	batch_acc 1.0000
[INFO  11:13:47] 70%:	E: 0.00	dE -1.69	batch_acc 1.0000
[INFO  11:13:49] 80%:	E: 0.00	dE -1.97	batch_acc 0.9850
[INFO  11:13:50] 90%:	E: 0.00	dE -1.82	batch_acc 0.9850
[INFO  11:13:53] epoch: 72 	 test_acc: 0.8923 	 mean_E: 0.0000
[INFO  11:13:54] 0%:	E: 0.00	dE -1.91	batch_acc 0.9900
[INFO  11:13:55] 10%:	E: 0.00	dE -1.63	batch_acc 1.0000
[INFO  11:13:57] 20%:	E: 0.00	dE -1.82	batch_acc 1.0000
[INFO  11:13:58] 30%:	E: 0.00	dE -1.89	batch_acc 0.9950
[INFO  11:14:00] 40%:	E: 0.00	dE -2.02	batch_acc 0.9950
[INFO  11:14:01] 50%:	E: 0.00	dE -2.03	batch_acc 0.9950
[INFO  11:14:03] 60%:	E: 0.00	dE -2.19	batch_acc 0.9850
[INFO  11:14:04] 70%:	E: 0.00	dE -2.07	batch_acc 1.0000
[INFO  11:14:06] 80%:	E: 0.00	dE -1.54	batch_acc 1.0000
[INFO  11:14:07] 90%:	E: 0.00	dE -1.70	batch_acc 1.0000
[INFO  11:14:10] epoch: 73 	 test_acc: 0.8939 	 mean_E: 0.0000
[INFO  11:14:11] 0%:	E: 0.00	dE -2.16	batch_acc 0.9950
[INFO  11:14:12] 10%:	E: 0.00	dE -1.69	batch_acc 0.9950
[INFO  11:14:14] 20%:	E: 0.00	dE -1.41	batch_acc 0.9950
[INFO  11:14:15] 30%:	E: 0.00	dE -1.48	batch_acc 1.0000
[INFO  11:14:17] 40%:	E: 0.00	dE -1.49	batch_acc 1.0000
[INFO  11:14:19] 50%:	E: 0.00	dE -2.21	batch_acc 0.9850
[INFO  11:14:20] 60%:	E: 0.00	dE -1.64	batch_acc 0.9900
[INFO  11:14:22] 70%:	E: 0.00	dE -1.74	batch_acc 0.9950
[INFO  11:14:23] 80%:	E: 0.00	dE -2.38	batch_acc 0.9900
[INFO  11:14:25] 90%:	E: 0.00	dE -1.57	batch_acc 0.9950
[INFO  11:14:28] epoch: 74 	 test_acc: 0.8935 	 mean_E: 0.0000
[INFO  11:14:28] 0%:	E: 0.00	dE -2.73	batch_acc 0.9800
[INFO  11:14:29] 10%:	E: 0.00	dE -1.37	batch_acc 1.0000
[INFO  11:14:31] 20%:	E: 0.00	dE -1.65	batch_acc 1.0000
[INFO  11:14:32] 30%:	E: 0.00	dE -1.79	batch_acc 0.9950
[INFO  11:14:34] 40%:	E: 0.00	dE -1.30	batch_acc 0.9950
[INFO  11:14:35] 50%:	E: 0.00	dE -1.69	batch_acc 0.9950
[INFO  11:14:37] 60%:	E: 0.00	dE -1.77	batch_acc 0.9950
[INFO  11:14:38] 70%:	E: 0.00	dE -1.95	batch_acc 0.9900
[INFO  11:14:40] 80%:	E: 0.00	dE -2.18	batch_acc 0.9800
[INFO  11:14:42] 90%:	E: 0.00	dE -2.12	batch_acc 0.9900
[INFO  11:14:45] epoch: 75 	 test_acc: 0.8938 	 mean_E: 0.0000
[INFO  11:14:45] 0%:	E: 0.00	dE -1.70	batch_acc 0.9950
[INFO  11:14:46] 10%:	E: 0.00	dE -1.14	batch_acc 1.0000
[INFO  11:14:48] 20%:	E: 0.00	dE -1.90	batch_acc 0.9900
[INFO  11:14:49] 30%:	E: 0.00	dE -1.73	batch_acc 1.0000
[INFO  11:14:51] 40%:	E: 0.00	dE -2.15	batch_acc 0.9950
[INFO  11:14:53] 50%:	E: 0.00	dE -1.71	batch_acc 0.9900
[INFO  11:14:54] 60%:	E: 0.00	dE -2.16	batch_acc 0.9900
[INFO  11:14:56] 70%:	E: 0.00	dE -1.96	batch_acc 0.9950
[INFO  11:14:57] 80%:	E: 0.00	dE -2.15	batch_acc 0.9950
[INFO  11:14:59] 90%:	E: 0.00	dE -1.23	batch_acc 0.9950
[INFO  11:15:02] epoch: 76 	 test_acc: 0.8939 	 mean_E: 0.0000
[INFO  11:15:02] 0%:	E: 0.00	dE -1.98	batch_acc 0.9850
[INFO  11:15:04] 10%:	E: 0.00	dE -1.68	batch_acc 0.9900
[INFO  11:15:05] 20%:	E: 0.00	dE -1.28	batch_acc 0.9950
[INFO  11:15:07] 30%:	E: 0.00	dE -1.70	batch_acc 0.9900
[INFO  11:15:08] 40%:	E: 0.00	dE -1.92	batch_acc 1.0000
[INFO  11:15:10] 50%:	E: 0.00	dE -1.88	batch_acc 0.9950
[INFO  11:15:11] 60%:	E: 0.00	dE -1.73	batch_acc 1.0000
[INFO  11:15:13] 70%:	E: 0.00	dE -1.84	batch_acc 0.9950
[INFO  11:15:14] 80%:	E: 0.00	dE -1.69	batch_acc 0.9950
[INFO  11:15:16] 90%:	E: 0.00	dE -1.57	batch_acc 0.9950
[INFO  11:15:19] epoch: 77 	 test_acc: 0.8935 	 mean_E: 0.0000
[INFO  11:15:19] 0%:	E: 0.00	dE -1.51	batch_acc 1.0000
[INFO  11:15:20] 10%:	E: 0.00	dE -1.68	batch_acc 1.0000
[INFO  11:15:22] 20%:	E: 0.00	dE -1.47	batch_acc 0.9950
[INFO  11:15:24] 30%:	E: 0.00	dE -1.33	batch_acc 1.0000
[INFO  11:15:25] 40%:	E: 0.00	dE -1.51	batch_acc 1.0000
[INFO  11:15:27] 50%:	E: 0.00	dE -2.09	batch_acc 1.0000
[INFO  11:15:28] 60%:	E: 0.00	dE -1.92	batch_acc 0.9950
[INFO  11:15:30] 70%:	E: 0.00	dE -1.73	batch_acc 1.0000
[INFO  11:15:31] 80%:	E: 0.00	dE -2.01	batch_acc 1.0000
[INFO  11:15:33] 90%:	E: 0.00	dE -1.33	batch_acc 1.0000
[INFO  11:15:36] epoch: 78 	 test_acc: 0.8913 	 mean_E: 0.0000
[INFO  11:15:36] 0%:	E: 0.00	dE -1.66	batch_acc 0.9950
[INFO  11:15:38] 10%:	E: 0.00	dE -1.74	batch_acc 1.0000
[INFO  11:15:39] 20%:	E: 0.00	dE -1.70	batch_acc 0.9950
[INFO  11:15:41] 30%:	E: 0.00	dE -1.71	batch_acc 0.9950
[INFO  11:15:42] 40%:	E: 0.00	dE -1.99	batch_acc 0.9900
[INFO  11:15:44] 50%:	E: 0.00	dE -1.44	batch_acc 1.0000
[INFO  11:15:45] 60%:	E: 0.00	dE -1.80	batch_acc 1.0000
[INFO  11:15:47] 70%:	E: 0.00	dE -1.57	batch_acc 1.0000
[INFO  11:15:48] 80%:	E: 0.00	dE -2.17	batch_acc 1.0000
[INFO  11:15:50] 90%:	E: 0.00	dE -1.82	batch_acc 0.9900
[INFO  11:15:53] epoch: 79 	 test_acc: 0.8921 	 mean_E: 0.0000
[INFO  11:15:53] 0%:	E: 0.00	dE -1.39	batch_acc 0.9950
[INFO  11:15:54] 10%:	E: 0.00	dE -1.80	batch_acc 0.9950
[INFO  11:15:56] 20%:	E: 0.00	dE -1.93	batch_acc 0.9850
[INFO  11:15:57] 30%:	E: 0.00	dE -1.59	batch_acc 0.9950
[INFO  11:15:59] 40%:	E: 0.00	dE -1.61	batch_acc 0.9900
[INFO  11:16:01] 50%:	E: 0.00	dE -1.94	batch_acc 1.0000
[INFO  11:16:02] 60%:	E: 0.00	dE -1.55	batch_acc 0.9950
[INFO  11:16:04] 70%:	E: 0.00	dE -1.57	batch_acc 1.0000
[INFO  11:16:05] 80%:	E: 0.00	dE -1.83	batch_acc 1.0000
[INFO  11:16:07] 90%:	E: 0.00	dE -1.63	batch_acc 1.0000
[INFO  11:16:10] epoch: 80 	 test_acc: 0.8928 	 mean_E: 0.0000
[INFO  11:16:10] 0%:	E: 0.00	dE -1.75	batch_acc 0.9950
[INFO  11:16:12] 10%:	E: 0.00	dE -1.61	batch_acc 0.9950
[INFO  11:16:13] 20%:	E: 0.00	dE -1.51	batch_acc 1.0000
[INFO  11:16:15] 30%:	E: 0.00	dE -1.39	batch_acc 1.0000
[INFO  11:16:16] 40%:	E: 0.00	dE -1.40	batch_acc 0.9950
[INFO  11:16:18] 50%:	E: 0.00	dE -1.72	batch_acc 1.0000
[INFO  11:16:20] 60%:	E: 0.00	dE -2.86	batch_acc 0.9900
[INFO  11:16:21] 70%:	E: 0.00	dE -1.78	batch_acc 0.9800
[INFO  11:16:23] 80%:	E: 0.00	dE -1.79	batch_acc 0.9900
[INFO  11:16:24] 90%:	E: 0.00	dE -1.81	batch_acc 0.9950
[INFO  11:16:27] epoch: 81 	 test_acc: 0.8924 	 mean_E: 0.0000
[INFO  11:16:27] 0%:	E: 0.00	dE -1.04	batch_acc 1.0000
[INFO  11:16:29] 10%:	E: 0.00	dE -2.27	batch_acc 0.9900
[INFO  11:16:30] 20%:	E: 0.00	dE -1.81	batch_acc 0.9950
[INFO  11:16:32] 30%:	E: 0.00	dE -1.92	batch_acc 0.9900
[INFO  11:16:33] 40%:	E: 0.00	dE -1.36	batch_acc 0.9950
[INFO  11:16:35] 50%:	E: 0.00	dE -1.76	batch_acc 0.9850
[INFO  11:16:37] 60%:	E: 0.00	dE -2.20	batch_acc 0.9850
[INFO  11:16:38] 70%:	E: 0.00	dE -1.43	batch_acc 0.9950
[INFO  11:16:40] 80%:	E: 0.00	dE -1.83	batch_acc 0.9950
[INFO  11:16:41] 90%:	E: 0.00	dE -1.64	batch_acc 0.9950
[INFO  11:16:44] epoch: 82 	 test_acc: 0.8957 	 mean_E: 0.0000
[INFO  11:16:44] 0%:	E: 0.00	dE -1.30	batch_acc 0.9950
[INFO  11:16:46] 10%:	E: 0.00	dE -1.46	batch_acc 0.9950
[INFO  11:16:47] 20%:	E: 0.00	dE -2.01	batch_acc 0.9950
[INFO  11:16:49] 30%:	E: 0.00	dE -1.59	batch_acc 1.0000
[INFO  11:16:51] 40%:	E: 0.00	dE -1.69	batch_acc 0.9950
[INFO  11:16:52] 50%:	E: 0.00	dE -1.57	batch_acc 1.0000
[INFO  11:16:54] 60%:	E: 0.00	dE -1.44	batch_acc 0.9950
[INFO  11:16:55] 70%:	E: 0.00	dE -1.58	batch_acc 1.0000
[INFO  11:16:57] 80%:	E: 0.00	dE -1.51	batch_acc 1.0000
[INFO  11:16:58] 90%:	E: 0.00	dE -1.95	batch_acc 0.9950
[INFO  11:17:01] epoch: 83 	 test_acc: 0.8919 	 mean_E: 0.0000
[INFO  11:17:02] 0%:	E: 0.00	dE -1.20	batch_acc 1.0000
[INFO  11:17:03] 10%:	E: 0.00	dE -1.52	batch_acc 0.9900
[INFO  11:17:05] 20%:	E: 0.00	dE -1.53	batch_acc 0.9900
[INFO  11:17:06] 30%:	E: 0.00	dE -1.54	batch_acc 0.9950
[INFO  11:17:08] 40%:	E: 0.00	dE -1.21	batch_acc 1.0000
[INFO  11:17:09] 50%:	E: 0.00	dE -1.71	batch_acc 0.9950
[INFO  11:17:11] 60%:	E: 0.00	dE -2.01	batch_acc 0.9850
[INFO  11:17:12] 70%:	E: 0.00	dE -1.51	batch_acc 0.9950
[INFO  11:17:14] 80%:	E: 0.00	dE -1.70	batch_acc 0.9950
[INFO  11:17:15] 90%:	E: 0.00	dE -1.85	batch_acc 0.9950
[INFO  11:17:18] epoch: 84 	 test_acc: 0.8882 	 mean_E: 0.0000
[INFO  11:17:18] 0%:	E: 0.00	dE -1.75	batch_acc 1.0000
[INFO  11:17:20] 10%:	E: 0.00	dE -2.04	batch_acc 0.9900
[INFO  11:17:22] 20%:	E: 0.00	dE -1.49	batch_acc 0.9950
[INFO  11:17:23] 30%:	E: 0.00	dE -1.34	batch_acc 0.9950
[INFO  11:17:25] 40%:	E: 0.00	dE -1.52	batch_acc 0.9950
[INFO  11:17:26] 50%:	E: 0.00	dE -1.81	batch_acc 0.9850
[INFO  11:17:28] 60%:	E: 0.00	dE -1.36	batch_acc 1.0000
[INFO  11:17:29] 70%:	E: 0.00	dE -1.59	batch_acc 1.0000
[INFO  11:17:31] 80%:	E: 0.00	dE -1.87	batch_acc 0.9850
[INFO  11:17:33] 90%:	E: 0.00	dE -1.95	batch_acc 0.9900
[INFO  11:17:36] epoch: 85 	 test_acc: 0.8937 	 mean_E: 0.0000
[INFO  11:17:36] 0%:	E: 0.00	dE -1.29	batch_acc 0.9950
[INFO  11:17:37] 10%:	E: 0.00	dE -1.37	batch_acc 1.0000
[INFO  11:17:39] 20%:	E: 0.00	dE -1.74	batch_acc 1.0000
[INFO  11:17:40] 30%:	E: 0.00	dE -1.29	batch_acc 1.0000
[INFO  11:17:42] 40%:	E: 0.00	dE -1.39	batch_acc 0.9950
[INFO  11:17:43] 50%:	E: 0.00	dE -2.02	batch_acc 1.0000
[INFO  11:17:45] 60%:	E: 0.00	dE -1.67	batch_acc 0.9850
[INFO  11:17:46] 70%:	E: 0.00	dE -1.66	batch_acc 0.9950
[INFO  11:17:48] 80%:	E: 0.00	dE -1.47	batch_acc 1.0000
[INFO  11:17:49] 90%:	E: 0.00	dE -2.24	batch_acc 0.9900
[INFO  11:17:53] epoch: 86 	 test_acc: 0.8933 	 mean_E: 0.0000
[INFO  11:17:53] 0%:	E: 0.00	dE -1.66	batch_acc 0.9900
[INFO  11:17:54] 10%:	E: 0.00	dE -1.34	batch_acc 1.0000
[INFO  11:17:56] 20%:	E: 0.00	dE -1.22	batch_acc 1.0000
[INFO  11:17:57] 30%:	E: 0.00	dE -1.32	batch_acc 0.9950
[INFO  11:17:59] 40%:	E: 0.00	dE -1.36	batch_acc 0.9900
[INFO  11:18:00] 50%:	E: 0.00	dE -1.92	batch_acc 0.9950
[INFO  11:18:02] 60%:	E: 0.00	dE -1.79	batch_acc 0.9950
[INFO  11:18:03] 70%:	E: 0.00	dE -1.45	batch_acc 1.0000
[INFO  11:18:05] 80%:	E: 0.00	dE -1.70	batch_acc 1.0000
[INFO  11:18:06] 90%:	E: 0.00	dE -1.75	batch_acc 1.0000
[INFO  11:18:09] epoch: 87 	 test_acc: 0.8924 	 mean_E: 0.0000
[INFO  11:18:09] 0%:	E: 0.00	dE -1.36	batch_acc 0.9950
[INFO  11:18:11] 10%:	E: 0.00	dE -1.05	batch_acc 1.0000
[INFO  11:18:12] 20%:	E: 0.00	dE -1.22	batch_acc 1.0000
[INFO  11:18:14] 30%:	E: 0.00	dE -1.42	batch_acc 1.0000
[INFO  11:18:15] 40%:	E: 0.00	dE -1.27	batch_acc 1.0000
[INFO  11:18:17] 50%:	E: 0.00	dE -1.19	batch_acc 1.0000
[INFO  11:18:19] 60%:	E: 0.00	dE -1.56	batch_acc 1.0000
[INFO  11:18:20] 70%:	E: 0.00	dE -1.77	batch_acc 1.0000
[INFO  11:18:22] 80%:	E: 0.00	dE -1.09	batch_acc 1.0000
[INFO  11:18:23] 90%:	E: 0.00	dE -1.44	batch_acc 0.9950
[INFO  11:18:26] epoch: 88 	 test_acc: 0.8911 	 mean_E: 0.0000
[INFO  11:18:26] 0%:	E: 0.00	dE -1.65	batch_acc 1.0000
[INFO  11:18:28] 10%:	E: 0.00	dE -1.46	batch_acc 1.0000
[INFO  11:18:30] 20%:	E: 0.00	dE -1.21	batch_acc 0.9950
[INFO  11:18:31] 30%:	E: 0.00	dE -1.39	batch_acc 0.9950
[INFO  11:18:33] 40%:	E: 0.00	dE -1.40	batch_acc 1.0000
[INFO  11:18:34] 50%:	E: 0.00	dE -1.64	batch_acc 1.0000
[INFO  11:18:36] 60%:	E: 0.00	dE -1.28	batch_acc 1.0000
[INFO  11:18:37] 70%:	E: 0.00	dE -2.28	batch_acc 0.9800
[INFO  11:18:39] 80%:	E: 0.00	dE -1.68	batch_acc 1.0000
[INFO  11:18:41] 90%:	E: 0.00	dE -1.89	batch_acc 0.9900
[INFO  11:18:44] epoch: 89 	 test_acc: 0.8937 	 mean_E: 0.0000
[INFO  11:18:44] 0%:	E: 0.00	dE -1.86	batch_acc 1.0000
[INFO  11:18:45] 10%:	E: 0.00	dE -1.62	batch_acc 0.9950
[INFO  11:18:47] 20%:	E: 0.00	dE -1.32	batch_acc 1.0000
[INFO  11:18:49] 30%:	E: 0.00	dE -1.12	batch_acc 1.0000
[INFO  11:18:50] 40%:	E: 0.00	dE -1.63	batch_acc 0.9950
[INFO  11:18:52] 50%:	E: 0.00	dE -1.61	batch_acc 1.0000
[INFO  11:18:53] 60%:	E: 0.00	dE -1.67	batch_acc 1.0000
[INFO  11:18:55] 70%:	E: 0.00	dE -1.56	batch_acc 0.9950
[INFO  11:18:56] 80%:	E: 0.00	dE -2.30	batch_acc 0.9850
[INFO  11:18:58] 90%:	E: 0.00	dE -1.45	batch_acc 1.0000
[INFO  11:19:01] epoch: 90 	 test_acc: 0.8916 	 mean_E: 0.0000
[INFO  11:19:01] 0%:	E: 0.00	dE -1.95	batch_acc 0.9900
[INFO  11:19:02] 10%:	E: 0.00	dE -1.55	batch_acc 1.0000
[INFO  11:19:04] 20%:	E: 0.00	dE -1.29	batch_acc 1.0000
[INFO  11:19:06] 30%:	E: 0.00	dE -1.10	batch_acc 0.9950
[INFO  11:19:07] 40%:	E: 0.00	dE -1.47	batch_acc 0.9950
[INFO  11:19:09] 50%:	E: 0.00	dE -1.50	batch_acc 0.9950
[INFO  11:19:10] 60%:	E: 0.00	dE -2.00	batch_acc 0.9950
[INFO  11:19:12] 70%:	E: 0.00	dE -1.59	batch_acc 0.9950
[INFO  11:19:14] 80%:	E: 0.00	dE -2.10	batch_acc 0.9850
[INFO  11:19:15] 90%:	E: 0.00	dE -1.43	batch_acc 0.9950
[INFO  11:19:18] epoch: 91 	 test_acc: 0.8941 	 mean_E: 0.0000
[INFO  11:19:18] 0%:	E: 0.00	dE -1.32	batch_acc 0.9950
[INFO  11:19:19] 10%:	E: 0.00	dE -1.43	batch_acc 0.9900
[INFO  11:19:21] 20%:	E: 0.00	dE -1.51	batch_acc 1.0000
[INFO  11:19:22] 30%:	E: 0.00	dE -2.00	batch_acc 0.9850
[INFO  11:19:24] 40%:	E: 0.00	dE -1.44	batch_acc 0.9950
[INFO  11:19:25] 50%:	E: 0.00	dE -1.22	batch_acc 0.9950
[INFO  11:19:27] 60%:	E: 0.00	dE -1.81	batch_acc 1.0000
[INFO  11:19:28] 70%:	E: 0.00	dE -1.65	batch_acc 1.0000
[INFO  11:19:30] 80%:	E: 0.00	dE -1.67	batch_acc 0.9950
[INFO  11:19:32] 90%:	E: 0.00	dE -1.85	batch_acc 0.9950
[INFO  11:19:35] epoch: 92 	 test_acc: 0.8912 	 mean_E: 0.0000
[INFO  11:19:35] 0%:	E: 0.00	dE -1.63	batch_acc 0.9950
[INFO  11:19:36] 10%:	E: 0.00	dE -1.20	batch_acc 1.0000
[INFO  11:19:38] 20%:	E: 0.00	dE -1.47	batch_acc 0.9900
[INFO  11:19:39] 30%:	E: 0.00	dE -1.10	batch_acc 0.9900
[INFO  11:19:41] 40%:	E: 0.00	dE -1.52	batch_acc 1.0000
[INFO  11:19:42] 50%:	E: 0.00	dE -1.57	batch_acc 1.0000
[INFO  11:19:44] 60%:	E: 0.00	dE -1.38	batch_acc 1.0000
[INFO  11:19:45] 70%:	E: 0.00	dE -1.49	batch_acc 1.0000
[INFO  11:19:47] 80%:	E: 0.00	dE -1.55	batch_acc 1.0000
[INFO  11:19:49] 90%:	E: 0.00	dE -1.79	batch_acc 0.9950
[INFO  11:19:52] epoch: 93 	 test_acc: 0.8909 	 mean_E: 0.0000
[INFO  11:19:52] 0%:	E: 0.00	dE -2.15	batch_acc 0.9900
[INFO  11:19:53] 10%:	E: 0.00	dE -1.34	batch_acc 1.0000
[INFO  11:19:55] 20%:	E: 0.00	dE -1.61	batch_acc 1.0000
[INFO  11:19:56] 30%:	E: 0.00	dE -1.54	batch_acc 0.9950
[INFO  11:19:58] 40%:	E: 0.00	dE -1.32	batch_acc 1.0000
[INFO  11:20:00] 50%:	E: 0.00	dE -1.39	batch_acc 0.9900
[INFO  11:20:01] 60%:	E: 0.00	dE -1.35	batch_acc 0.9950
[INFO  11:20:02] 70%:	E: 0.00	dE -1.48	batch_acc 0.9950
[INFO  11:20:04] 80%:	E: 0.00	dE -1.91	batch_acc 0.9950
[INFO  11:20:06] 90%:	E: 0.00	dE -2.36	batch_acc 0.9850
[INFO  11:20:09] epoch: 94 	 test_acc: 0.8905 	 mean_E: 0.0000
[INFO  11:20:09] 0%:	E: 0.00	dE -1.85	batch_acc 1.0000
[INFO  11:20:10] 10%:	E: 0.00	dE -1.64	batch_acc 0.9900
[INFO  11:20:12] 20%:	E: 0.00	dE -1.43	batch_acc 1.0000
[INFO  11:20:13] 30%:	E: 0.00	dE -1.83	batch_acc 0.9950
[INFO  11:20:15] 40%:	E: 0.00	dE -1.20	batch_acc 1.0000
[INFO  11:20:16] 50%:	E: 0.00	dE -1.46	batch_acc 0.9950
[INFO  11:20:18] 60%:	E: 0.00	dE -1.62	batch_acc 0.9850
[INFO  11:20:20] 70%:	E: 0.00	dE -1.36	batch_acc 1.0000
[INFO  11:20:21] 80%:	E: 0.00	dE -1.65	batch_acc 0.9850
[INFO  11:20:22] 90%:	E: 0.00	dE -1.26	batch_acc 0.9950
[INFO  11:20:25] epoch: 95 	 test_acc: 0.8919 	 mean_E: 0.0000
[INFO  11:20:26] 0%:	E: 0.00	dE -1.62	batch_acc 0.9900
[INFO  11:20:27] 10%:	E: 0.00	dE -1.07	batch_acc 0.9950
[INFO  11:20:29] 20%:	E: 0.00	dE -1.35	batch_acc 0.9950
[INFO  11:20:30] 30%:	E: 0.00	dE -1.21	batch_acc 1.0000
[INFO  11:20:32] 40%:	E: 0.00	dE -1.26	batch_acc 1.0000
[INFO  11:20:33] 50%:	E: 0.00	dE -1.84	batch_acc 1.0000
[INFO  11:20:35] 60%:	E: 0.00	dE -1.50	batch_acc 0.9950
[INFO  11:20:36] 70%:	E: 0.00	dE -1.56	batch_acc 0.9950
[INFO  11:20:38] 80%:	E: 0.00	dE -1.68	batch_acc 0.9950
[INFO  11:20:40] 90%:	E: 0.00	dE -1.74	batch_acc 0.9950
[INFO  11:20:43] epoch: 96 	 test_acc: 0.8924 	 mean_E: 0.0000
[INFO  11:20:43] 0%:	E: 0.00	dE -1.61	batch_acc 1.0000
[INFO  11:20:44] 10%:	E: 0.00	dE -1.91	batch_acc 1.0000
[INFO  11:20:46] 20%:	E: 0.00	dE -1.17	batch_acc 1.0000
[INFO  11:20:48] 30%:	E: 0.00	dE -1.80	batch_acc 0.9950
[INFO  11:20:49] 40%:	E: 0.00	dE -1.24	batch_acc 1.0000
[INFO  11:20:51] 50%:	E: 0.00	dE -1.41	batch_acc 0.9900
[INFO  11:20:52] 60%:	E: 0.00	dE -1.54	batch_acc 0.9950
[INFO  11:20:54] 70%:	E: 0.00	dE -1.45	batch_acc 0.9900
[INFO  11:20:56] 80%:	E: 0.00	dE -1.12	batch_acc 1.0000
[INFO  11:20:57] 90%:	E: 0.00	dE -1.72	batch_acc 0.9950
[INFO  11:21:00] epoch: 97 	 test_acc: 0.8929 	 mean_E: 0.0000
[INFO  11:21:00] 0%:	E: 0.00	dE -1.44	batch_acc 0.9950
[INFO  11:21:02] 10%:	E: 0.00	dE -1.09	batch_acc 0.9950
[INFO  11:21:03] 20%:	E: 0.00	dE -1.29	batch_acc 0.9950
[INFO  11:21:05] 30%:	E: 0.00	dE -1.67	batch_acc 0.9950
[INFO  11:21:06] 40%:	E: 0.00	dE -1.17	batch_acc 0.9950
[INFO  11:21:08] 50%:	E: 0.00	dE -1.21	batch_acc 1.0000
[INFO  11:21:09] 60%:	E: 0.00	dE -1.52	batch_acc 1.0000
[INFO  11:21:11] 70%:	E: 0.00	dE -1.43	batch_acc 1.0000
[INFO  11:21:13] 80%:	E: 0.00	dE -1.34	batch_acc 1.0000
[INFO  11:21:14] 90%:	E: 0.00	dE -1.41	batch_acc 1.0000
[INFO  11:21:17] epoch: 98 	 test_acc: 0.8900 	 mean_E: 0.0000
[INFO  11:21:17] 0%:	E: 0.00	dE -1.21	batch_acc 0.9950
[INFO  11:21:19] 10%:	E: 0.00	dE -1.34	batch_acc 0.9950
[INFO  11:21:20] 20%:	E: 0.00	dE -1.09	batch_acc 1.0000
[INFO  11:21:22] 30%:	E: 0.00	dE -1.50	batch_acc 0.9950
[INFO  11:21:23] 40%:	E: 0.00	dE -1.64	batch_acc 0.9950
[INFO  11:21:25] 50%:	E: 0.00	dE -1.22	batch_acc 1.0000
[INFO  11:21:27] 60%:	E: 0.00	dE -1.54	batch_acc 0.9950
[INFO  11:21:28] 70%:	E: 0.00	dE -1.86	batch_acc 0.9900
[INFO  11:21:30] 80%:	E: 0.00	dE -1.37	batch_acc 1.0000
[INFO  11:21:31] 90%:	E: 0.00	dE -1.36	batch_acc 0.9950
[INFO  11:21:34] epoch: 99 	 test_acc: 0.8922 	 mean_E: 0.0000
[INFO  11:21:34] 0%:	E: 0.00	dE -1.03	batch_acc 1.0000
[INFO  11:21:36] 10%:	E: 0.00	dE -1.08	batch_acc 1.0000
[INFO  11:21:37] 20%:	E: 0.00	dE -1.35	batch_acc 0.9950
[INFO  11:21:39] 30%:	E: 0.00	dE -1.08	batch_acc 1.0000
[INFO  11:21:41] 40%:	E: 0.00	dE -1.46	batch_acc 0.9950
[INFO  11:21:42] 50%:	E: 0.00	dE -1.30	batch_acc 1.0000
[INFO  11:21:44] 60%:	E: 0.00	dE -1.40	batch_acc 0.9950
[INFO  11:21:45] 70%:	E: 0.00	dE -1.38	batch_acc 1.0000
[INFO  11:21:47] 80%:	E: 0.00	dE -1.22	batch_acc 0.9950
[INFO  11:21:48] 90%:	E: 0.00	dE -1.67	batch_acc 0.9950
[INFO  11:21:51] epoch: 100 	 test_acc: 0.8926 	 mean_E: 0.0000
