[INFO  16:26:07] Start training with parametrization:
{
    "batch_size": 1000,
    "beta": 1,
    "c_energy": "squared_error",
    "dataset": "mnist",
    "dimensions": [
        784,
        1000,
        10
    ],
    "dynamics": {
        "dt": 0.1,
        "n_relax": 20,
        "tau": 1,
        "tol": 0
    },
    "energy": "cond_gaussian",
    "epochs": 100,
    "fast_ff_init": true,
    "learning_rate": 0.001,
    "log_dir": "",
    "nonlinearity": "leaky_relu",
    "optimizer": "adam",
    "seed": 2022
}
[INFO  16:26:08] 0%:	E: 0.00	dE -358.08	batch_acc 0.1440
[INFO  16:26:10] 10%:	E: 0.00	dE -373.47	batch_acc 0.3910
[INFO  16:26:12] 20%:	E: 0.00	dE -132.61	batch_acc 0.4590
[INFO  16:26:14] 30%:	E: 0.00	dE -98.81	batch_acc 0.7030
[INFO  16:26:17] 40%:	E: 0.00	dE -75.27	batch_acc 0.7840
[INFO  16:26:19] 50%:	E: 0.00	dE -70.14	batch_acc 0.7580
[INFO  16:26:21] 60%:	E: 0.00	dE -66.01	batch_acc 0.7840
[INFO  16:26:24] 70%:	E: 0.00	dE -57.15	batch_acc 0.8150
[INFO  16:26:26] 80%:	E: 0.00	dE -59.98	batch_acc 0.7880
[INFO  16:26:28] 90%:	E: 0.00	dE -53.97	batch_acc 0.8250
[INFO  16:26:32] epoch: 1 	 test_acc: 0.8119 	 mean_E: 0.0000
[INFO  16:26:32] 0%:	E: 0.00	dE -52.86	batch_acc 0.8300
[INFO  16:26:34] 10%:	E: 0.00	dE -46.53	batch_acc 0.8410
[INFO  16:26:36] 20%:	E: 0.00	dE -48.44	batch_acc 0.8420
[INFO  16:26:39] 30%:	E: 0.00	dE -50.24	batch_acc 0.8290
[INFO  16:26:41] 40%:	E: 0.00	dE -45.28	batch_acc 0.8510
[INFO  16:26:43] 50%:	E: 0.00	dE -46.19	batch_acc 0.8440
[INFO  16:26:45] 60%:	E: 0.00	dE -43.78	batch_acc 0.8530
[INFO  16:26:48] 70%:	E: 0.00	dE -43.57	batch_acc 0.8600
[INFO  16:26:50] 80%:	E: 0.00	dE -45.32	batch_acc 0.8480
[INFO  16:26:52] 90%:	E: 0.00	dE -42.56	batch_acc 0.8510
[INFO  16:26:56] epoch: 2 	 test_acc: 0.8453 	 mean_E: 0.0000
[INFO  16:26:56] 0%:	E: 0.00	dE -41.87	batch_acc 0.8640
[INFO  16:26:59] 10%:	E: 0.00	dE -40.85	batch_acc 0.8690
[INFO  16:27:01] 20%:	E: 0.00	dE -44.02	batch_acc 0.8480
[INFO  16:27:03] 30%:	E: 0.00	dE -40.76	batch_acc 0.8580
[INFO  16:27:05] 40%:	E: 0.00	dE -42.73	batch_acc 0.8680
[INFO  16:27:07] 50%:	E: 0.00	dE -40.15	batch_acc 0.8730
[INFO  16:27:09] 60%:	E: 0.00	dE -41.25	batch_acc 0.8650
[INFO  16:27:12] 70%:	E: 0.00	dE -40.66	batch_acc 0.8810
[INFO  16:27:14] 80%:	E: 0.00	dE -39.40	batch_acc 0.8700
[INFO  16:27:16] 90%:	E: 0.00	dE -38.79	batch_acc 0.8820
[INFO  16:27:19] epoch: 3 	 test_acc: 0.8557 	 mean_E: 0.0000
[INFO  16:27:20] 0%:	E: 0.00	dE -40.33	batch_acc 0.8790
[INFO  16:27:22] 10%:	E: 0.00	dE -36.96	batch_acc 0.8810
[INFO  16:27:25] 20%:	E: 0.00	dE -36.34	batch_acc 0.8770
[INFO  16:27:27] 30%:	E: 0.00	dE -35.78	batch_acc 0.8890
[INFO  16:27:29] 40%:	E: 0.00	dE -37.17	batch_acc 0.8730
[INFO  16:27:31] 50%:	E: 0.00	dE -36.60	batch_acc 0.8880
[INFO  16:27:34] 60%:	E: 0.00	dE -38.28	batch_acc 0.8740
[INFO  16:27:36] 70%:	E: 0.00	dE -39.68	batch_acc 0.8800
[INFO  16:27:38] 80%:	E: 0.00	dE -37.39	batch_acc 0.8890
[INFO  16:27:40] 90%:	E: 0.00	dE -38.38	batch_acc 0.8760
[INFO  16:27:44] epoch: 4 	 test_acc: 0.8644 	 mean_E: 0.0000
[INFO  16:27:44] 0%:	E: 0.00	dE -33.19	batch_acc 0.8970
[INFO  16:27:47] 10%:	E: 0.00	dE -35.11	batch_acc 0.8930
[INFO  16:27:49] 20%:	E: 0.00	dE -36.33	batch_acc 0.8820
[INFO  16:27:51] 30%:	E: 0.00	dE -37.27	batch_acc 0.8770
[INFO  16:27:53] 40%:	E: 0.00	dE -38.05	batch_acc 0.8800
[INFO  16:27:56] 50%:	E: 0.00	dE -34.40	batch_acc 0.8940
[INFO  16:27:58] 60%:	E: 0.00	dE -35.11	batch_acc 0.8910
[INFO  16:28:00] 70%:	E: 0.00	dE -35.88	batch_acc 0.8870
[INFO  16:28:02] 80%:	E: 0.00	dE -35.68	batch_acc 0.8860
[INFO  16:28:05] 90%:	E: 0.00	dE -36.87	batch_acc 0.8840
[INFO  16:28:08] epoch: 5 	 test_acc: 0.8656 	 mean_E: 0.0000
[INFO  16:28:08] 0%:	E: 0.00	dE -33.97	batch_acc 0.8910
[INFO  16:28:11] 10%:	E: 0.00	dE -35.62	batch_acc 0.8760
[INFO  16:28:13] 20%:	E: 0.00	dE -32.09	batch_acc 0.9010
[INFO  16:28:15] 30%:	E: 0.00	dE -33.01	batch_acc 0.8920
[INFO  16:28:18] 40%:	E: 0.00	dE -34.97	batch_acc 0.8870
[INFO  16:28:20] 50%:	E: 0.00	dE -33.98	batch_acc 0.9060
[INFO  16:28:22] 60%:	E: 0.00	dE -34.79	batch_acc 0.8860
[INFO  16:28:25] 70%:	E: 0.00	dE -31.33	batch_acc 0.9050
[INFO  16:28:27] 80%:	E: 0.00	dE -35.29	batch_acc 0.8920
[INFO  16:28:29] 90%:	E: 0.00	dE -34.34	batch_acc 0.8910
[INFO  16:28:33] epoch: 6 	 test_acc: 0.8757 	 mean_E: 0.0000
[INFO  16:28:33] 0%:	E: 0.00	dE -33.37	batch_acc 0.8940
[INFO  16:28:36] 10%:	E: 0.00	dE -33.13	batch_acc 0.9040
[INFO  16:28:38] 20%:	E: 0.00	dE -33.81	batch_acc 0.8930
[INFO  16:28:40] 30%:	E: 0.00	dE -33.95	batch_acc 0.8880
[INFO  16:28:43] 40%:	E: 0.00	dE -32.84	batch_acc 0.8980
[INFO  16:28:45] 50%:	E: 0.00	dE -31.93	batch_acc 0.9020
[INFO  16:28:47] 60%:	E: 0.00	dE -33.00	batch_acc 0.8940
[INFO  16:28:50] 70%:	E: 0.00	dE -34.89	batch_acc 0.8920
[INFO  16:28:52] 80%:	E: 0.00	dE -33.33	batch_acc 0.9000
[INFO  16:28:54] 90%:	E: 0.00	dE -32.20	batch_acc 0.9040
[INFO  16:28:57] epoch: 7 	 test_acc: 0.8757 	 mean_E: 0.0000
[INFO  16:28:58] 0%:	E: 0.00	dE -32.29	batch_acc 0.8960
[INFO  16:28:59] 10%:	E: 0.00	dE -29.84	batch_acc 0.9070
[INFO  16:29:02] 20%:	E: 0.00	dE -29.56	batch_acc 0.9080
[INFO  16:29:04] 30%:	E: 0.00	dE -29.77	batch_acc 0.9070
[INFO  16:29:07] 40%:	E: 0.00	dE -30.74	batch_acc 0.9020
[INFO  16:29:09] 50%:	E: 0.00	dE -30.91	batch_acc 0.9100
[INFO  16:29:11] 60%:	E: 0.00	dE -28.47	batch_acc 0.9230
[INFO  16:29:14] 70%:	E: 0.00	dE -31.72	batch_acc 0.9070
[INFO  16:29:16] 80%:	E: 0.00	dE -31.99	batch_acc 0.9080
[INFO  16:29:18] 90%:	E: 0.00	dE -32.77	batch_acc 0.8970
[INFO  16:29:22] epoch: 8 	 test_acc: 0.8773 	 mean_E: 0.0000
[INFO  16:29:22] 0%:	E: 0.00	dE -29.54	batch_acc 0.9110
[INFO  16:29:24] 10%:	E: 0.00	dE -30.44	batch_acc 0.9080
[INFO  16:29:26] 20%:	E: 0.00	dE -30.29	batch_acc 0.8960
[INFO  16:29:28] 30%:	E: 0.00	dE -26.71	batch_acc 0.9220
[INFO  16:29:31] 40%:	E: 0.00	dE -32.04	batch_acc 0.8950
[INFO  16:29:33] 50%:	E: 0.00	dE -30.42	batch_acc 0.9080
[INFO  16:29:35] 60%:	E: 0.00	dE -36.10	batch_acc 0.8820
[INFO  16:29:38] 70%:	E: 0.00	dE -34.00	batch_acc 0.8970
[INFO  16:29:40] 80%:	E: 0.00	dE -31.80	batch_acc 0.9040
[INFO  16:29:43] 90%:	E: 0.00	dE -31.19	batch_acc 0.9020
[INFO  16:29:46] epoch: 9 	 test_acc: 0.8787 	 mean_E: 0.0000
[INFO  16:29:47] 0%:	E: 0.00	dE -31.09	batch_acc 0.9020
[INFO  16:29:49] 10%:	E: 0.00	dE -31.43	batch_acc 0.9110
[INFO  16:29:52] 20%:	E: 0.00	dE -30.71	batch_acc 0.9070
[INFO  16:29:54] 30%:	E: 0.00	dE -29.32	batch_acc 0.9130
[INFO  16:29:56] 40%:	E: 0.00	dE -28.68	batch_acc 0.9130
[INFO  16:29:59] 50%:	E: 0.00	dE -25.56	batch_acc 0.9290
[INFO  16:30:01] 60%:	E: 0.00	dE -32.65	batch_acc 0.9070
[INFO  16:30:04] 70%:	E: 0.00	dE -30.18	batch_acc 0.9110
[INFO  16:30:06] 80%:	E: 0.00	dE -29.04	batch_acc 0.9170
[INFO  16:30:08] 90%:	E: 0.00	dE -32.16	batch_acc 0.8980
[INFO  16:30:12] epoch: 10 	 test_acc: 0.8792 	 mean_E: 0.0000
[INFO  16:30:13] 0%:	E: 0.00	dE -32.43	batch_acc 0.8960
[INFO  16:30:15] 10%:	E: 0.00	dE -28.07	batch_acc 0.9200
[INFO  16:30:17] 20%:	E: 0.00	dE -27.51	batch_acc 0.9210
[INFO  16:30:20] 30%:	E: 0.00	dE -31.51	batch_acc 0.9030
[INFO  16:30:22] 40%:	E: 0.00	dE -31.29	batch_acc 0.9030
[INFO  16:30:24] 50%:	E: 0.00	dE -29.97	batch_acc 0.9140
[INFO  16:30:27] 60%:	E: 0.00	dE -27.89	batch_acc 0.9200
[INFO  16:30:29] 70%:	E: 0.00	dE -29.61	batch_acc 0.9050
[INFO  16:30:31] 80%:	E: 0.00	dE -26.87	batch_acc 0.9210
[INFO  16:30:34] 90%:	E: 0.00	dE -29.39	batch_acc 0.9060
[INFO  16:30:37] epoch: 11 	 test_acc: 0.8836 	 mean_E: 0.0000
[INFO  16:30:38] 0%:	E: 0.00	dE -27.55	batch_acc 0.9280
[INFO  16:30:40] 10%:	E: 0.00	dE -31.33	batch_acc 0.8980
[INFO  16:30:42] 20%:	E: 0.00	dE -27.97	batch_acc 0.9170
[INFO  16:30:45] 30%:	E: 0.00	dE -29.91	batch_acc 0.9070
[INFO  16:30:47] 40%:	E: 0.00	dE -29.33	batch_acc 0.9130
[INFO  16:30:49] 50%:	E: 0.00	dE -30.28	batch_acc 0.9010
[INFO  16:30:51] 60%:	E: 0.00	dE -29.08	batch_acc 0.9200
[INFO  16:30:53] 70%:	E: 0.00	dE -29.88	batch_acc 0.9120
[INFO  16:30:55] 80%:	E: 0.00	dE -28.55	batch_acc 0.9230
[INFO  16:30:57] 90%:	E: 0.00	dE -28.19	batch_acc 0.9180
[INFO  16:31:01] epoch: 12 	 test_acc: 0.8865 	 mean_E: 0.0000
[INFO  16:31:01] 0%:	E: 0.00	dE -28.16	batch_acc 0.9250
[INFO  16:31:04] 10%:	E: 0.00	dE -26.39	batch_acc 0.9290
[INFO  16:31:06] 20%:	E: 0.00	dE -27.39	batch_acc 0.9210
[INFO  16:31:08] 30%:	E: 0.00	dE -27.47	batch_acc 0.9150
[INFO  16:31:11] 40%:	E: 0.00	dE -29.62	batch_acc 0.9210
[INFO  16:31:13] 50%:	E: 0.00	dE -28.50	batch_acc 0.9030
[INFO  16:31:15] 60%:	E: 0.00	dE -29.78	batch_acc 0.9090
[INFO  16:31:18] 70%:	E: 0.00	dE -25.71	batch_acc 0.9270
[INFO  16:31:20] 80%:	E: 0.00	dE -26.98	batch_acc 0.9160
[INFO  16:31:22] 90%:	E: 0.00	dE -26.72	batch_acc 0.9160
[INFO  16:31:26] epoch: 13 	 test_acc: 0.8814 	 mean_E: 0.0000
[INFO  16:31:26] 0%:	E: 0.00	dE -25.73	batch_acc 0.9360
[INFO  16:31:29] 10%:	E: 0.00	dE -26.26	batch_acc 0.9400
[INFO  16:31:31] 20%:	E: 0.00	dE -26.83	batch_acc 0.9270
[INFO  16:31:33] 30%:	E: 0.00	dE -28.30	batch_acc 0.9170
[INFO  16:31:35] 40%:	E: 0.00	dE -28.13	batch_acc 0.9130
[INFO  16:31:38] 50%:	E: 0.00	dE -27.56	batch_acc 0.9180
[INFO  16:31:40] 60%:	E: 0.00	dE -28.68	batch_acc 0.9160
[INFO  16:31:42] 70%:	E: 0.00	dE -26.39	batch_acc 0.9240
[INFO  16:31:45] 80%:	E: 0.00	dE -29.82	batch_acc 0.9180
[INFO  16:31:47] 90%:	E: 0.00	dE -27.10	batch_acc 0.9250
[INFO  16:31:50] epoch: 14 	 test_acc: 0.8846 	 mean_E: 0.0000
[INFO  16:31:51] 0%:	E: 0.00	dE -28.99	batch_acc 0.9120
[INFO  16:31:53] 10%:	E: 0.00	dE -25.50	batch_acc 0.9370
[INFO  16:31:55] 20%:	E: 0.00	dE -29.75	batch_acc 0.9150
[INFO  16:31:58] 30%:	E: 0.00	dE -25.51	batch_acc 0.9220
[INFO  16:32:00] 40%:	E: 0.00	dE -26.06	batch_acc 0.9330
[INFO  16:32:02] 50%:	E: 0.00	dE -26.25	batch_acc 0.9400
[INFO  16:32:05] 60%:	E: 0.00	dE -25.49	batch_acc 0.9290
[INFO  16:32:07] 70%:	E: 0.00	dE -26.30	batch_acc 0.9300
[INFO  16:32:09] 80%:	E: 0.00	dE -28.30	batch_acc 0.9170
[INFO  16:32:12] 90%:	E: 0.00	dE -28.80	batch_acc 0.9110
[INFO  16:32:15] epoch: 15 	 test_acc: 0.8873 	 mean_E: 0.0000
[INFO  16:32:16] 0%:	E: 0.00	dE -26.35	batch_acc 0.9270
[INFO  16:32:18] 10%:	E: 0.00	dE -23.10	batch_acc 0.9420
[INFO  16:32:20] 20%:	E: 0.00	dE -27.78	batch_acc 0.9210
[INFO  16:32:23] 30%:	E: 0.00	dE -26.20	batch_acc 0.9310
[INFO  16:32:25] 40%:	E: 0.00	dE -25.02	batch_acc 0.9290
[INFO  16:32:27] 50%:	E: 0.00	dE -25.81	batch_acc 0.9330
[INFO  16:32:29] 60%:	E: 0.00	dE -27.90	batch_acc 0.9180
[INFO  16:32:32] 70%:	E: 0.00	dE -27.28	batch_acc 0.9180
[INFO  16:32:34] 80%:	E: 0.00	dE -27.33	batch_acc 0.9200
[INFO  16:32:36] 90%:	E: 0.00	dE -27.29	batch_acc 0.9260
[INFO  16:32:40] epoch: 16 	 test_acc: 0.8891 	 mean_E: 0.0000
[INFO  16:32:40] 0%:	E: 0.00	dE -28.97	batch_acc 0.9150
[INFO  16:32:43] 10%:	E: 0.00	dE -25.84	batch_acc 0.9220
[INFO  16:32:45] 20%:	E: 0.00	dE -30.25	batch_acc 0.9140
[INFO  16:32:47] 30%:	E: 0.00	dE -25.70	batch_acc 0.9300
[INFO  16:32:50] 40%:	E: 0.00	dE -24.68	batch_acc 0.9320
[INFO  16:32:52] 50%:	E: 0.00	dE -25.69	batch_acc 0.9230
[INFO  16:32:54] 60%:	E: 0.00	dE -25.57	batch_acc 0.9370
[INFO  16:32:57] 70%:	E: 0.00	dE -27.25	batch_acc 0.9240
[INFO  16:32:59] 80%:	E: 0.00	dE -26.92	batch_acc 0.9340
[INFO  16:33:01] 90%:	E: 0.00	dE -26.41	batch_acc 0.9170
[INFO  16:33:04] epoch: 17 	 test_acc: 0.8905 	 mean_E: 0.0000
[INFO  16:33:05] 0%:	E: 0.00	dE -25.08	batch_acc 0.9360
[INFO  16:33:07] 10%:	E: 0.00	dE -25.19	batch_acc 0.9350
[INFO  16:33:10] 20%:	E: 0.00	dE -24.46	batch_acc 0.9280
[INFO  16:33:12] 30%:	E: 0.00	dE -28.15	batch_acc 0.9130
[INFO  16:33:15] 40%:	E: 0.00	dE -26.21	batch_acc 0.9280
[INFO  16:33:17] 50%:	E: 0.00	dE -26.38	batch_acc 0.9280
[INFO  16:33:19] 60%:	E: 0.00	dE -25.64	batch_acc 0.9250
[INFO  16:33:22] 70%:	E: 0.00	dE -26.56	batch_acc 0.9200
[INFO  16:33:24] 80%:	E: 0.00	dE -28.63	batch_acc 0.9130
[INFO  16:33:27] 90%:	E: 0.00	dE -25.80	batch_acc 0.9240
[INFO  16:33:30] epoch: 18 	 test_acc: 0.8859 	 mean_E: 0.0000
[INFO  16:33:31] 0%:	E: 0.00	dE -26.82	batch_acc 0.9330
[INFO  16:33:33] 10%:	E: 0.00	dE -25.10	batch_acc 0.9330
[INFO  16:33:35] 20%:	E: 0.00	dE -25.14	batch_acc 0.9350
[INFO  16:33:38] 30%:	E: 0.00	dE -25.96	batch_acc 0.9330
[INFO  16:33:40] 40%:	E: 0.00	dE -27.56	batch_acc 0.9170
[INFO  16:33:42] 50%:	E: 0.00	dE -24.59	batch_acc 0.9350
[INFO  16:33:44] 60%:	E: 0.00	dE -27.05	batch_acc 0.9240
[INFO  16:33:47] 70%:	E: 0.00	dE -23.78	batch_acc 0.9340
[INFO  16:33:49] 80%:	E: 0.00	dE -24.74	batch_acc 0.9450
[INFO  16:33:51] 90%:	E: 0.00	dE -25.65	batch_acc 0.9220
[INFO  16:33:55] epoch: 19 	 test_acc: 0.8883 	 mean_E: 0.0000
[INFO  16:33:55] 0%:	E: 0.00	dE -25.46	batch_acc 0.9290
[INFO  16:33:58] 10%:	E: 0.00	dE -26.78	batch_acc 0.9260
[INFO  16:34:00] 20%:	E: 0.00	dE -25.83	batch_acc 0.9360
[INFO  16:34:02] 30%:	E: 0.00	dE -25.80	batch_acc 0.9240
[INFO  16:34:05] 40%:	E: 0.00	dE -24.38	batch_acc 0.9460
[INFO  16:34:07] 50%:	E: 0.00	dE -26.96	batch_acc 0.9210
[INFO  16:34:09] 60%:	E: 0.00	dE -26.90	batch_acc 0.9360
[INFO  16:34:12] 70%:	E: 0.00	dE -23.56	batch_acc 0.9320
[INFO  16:34:14] 80%:	E: 0.00	dE -23.29	batch_acc 0.9400
[INFO  16:34:16] 90%:	E: 0.00	dE -27.16	batch_acc 0.9210
[INFO  16:34:19] epoch: 20 	 test_acc: 0.8903 	 mean_E: 0.0000
[INFO  16:34:20] 0%:	E: 0.00	dE -24.66	batch_acc 0.9400
[INFO  16:34:22] 10%:	E: 0.00	dE -25.52	batch_acc 0.9300
[INFO  16:34:24] 20%:	E: 0.00	dE -25.43	batch_acc 0.9270
[INFO  16:34:27] 30%:	E: 0.00	dE -23.48	batch_acc 0.9420
[INFO  16:34:29] 40%:	E: 0.00	dE -24.19	batch_acc 0.9390
[INFO  16:34:31] 50%:	E: 0.00	dE -24.94	batch_acc 0.9260
[INFO  16:34:34] 60%:	E: 0.00	dE -26.03	batch_acc 0.9370
[INFO  16:34:36] 70%:	E: 0.00	dE -24.91	batch_acc 0.9310
[INFO  16:34:38] 80%:	E: 0.00	dE -22.01	batch_acc 0.9460
[INFO  16:34:41] 90%:	E: 0.00	dE -23.32	batch_acc 0.9390
[INFO  16:34:44] epoch: 21 	 test_acc: 0.8914 	 mean_E: 0.0000
[INFO  16:34:45] 0%:	E: 0.00	dE -24.99	batch_acc 0.9300
[INFO  16:34:47] 10%:	E: 0.00	dE -24.02	batch_acc 0.9370
[INFO  16:34:49] 20%:	E: 0.00	dE -23.51	batch_acc 0.9340
[INFO  16:34:51] 30%:	E: 0.00	dE -24.98	batch_acc 0.9270
[INFO  16:34:54] 40%:	E: 0.00	dE -23.54	batch_acc 0.9370
[INFO  16:34:56] 50%:	E: 0.00	dE -25.34	batch_acc 0.9330
[INFO  16:34:58] 60%:	E: 0.00	dE -24.50	batch_acc 0.9410
[INFO  16:35:01] 70%:	E: 0.00	dE -23.85	batch_acc 0.9280
[INFO  16:35:03] 80%:	E: 0.00	dE -23.01	batch_acc 0.9400
[INFO  16:35:05] 90%:	E: 0.00	dE -26.82	batch_acc 0.9280
[INFO  16:35:09] epoch: 22 	 test_acc: 0.8882 	 mean_E: 0.0000
[INFO  16:35:09] 0%:	E: 0.00	dE -24.32	batch_acc 0.9290
[INFO  16:35:12] 10%:	E: 0.00	dE -25.98	batch_acc 0.9440
[INFO  16:35:14] 20%:	E: 0.00	dE -23.15	batch_acc 0.9410
[INFO  16:35:16] 30%:	E: 0.00	dE -25.21	batch_acc 0.9290
[INFO  16:35:19] 40%:	E: 0.00	dE -23.59	batch_acc 0.9360
[INFO  16:35:21] 50%:	E: 0.00	dE -23.98	batch_acc 0.9380
[INFO  16:35:23] 60%:	E: 0.00	dE -23.88	batch_acc 0.9460
[INFO  16:35:25] 70%:	E: 0.00	dE -24.04	batch_acc 0.9350
[INFO  16:35:28] 80%:	E: 0.00	dE -22.24	batch_acc 0.9380
[INFO  16:35:30] 90%:	E: 0.00	dE -23.54	batch_acc 0.9310
[INFO  16:35:33] epoch: 23 	 test_acc: 0.8920 	 mean_E: 0.0000
[INFO  16:35:34] 0%:	E: 0.00	dE -22.32	batch_acc 0.9440
[INFO  16:35:36] 10%:	E: 0.00	dE -21.69	batch_acc 0.9550
[INFO  16:35:39] 20%:	E: 0.00	dE -22.77	batch_acc 0.9530
[INFO  16:35:41] 30%:	E: 0.00	dE -23.36	batch_acc 0.9450
[INFO  16:35:43] 40%:	E: 0.00	dE -23.28	batch_acc 0.9400
[INFO  16:35:46] 50%:	E: 0.00	dE -21.19	batch_acc 0.9520
[INFO  16:35:48] 60%:	E: 0.00	dE -25.80	batch_acc 0.9330
[INFO  16:35:50] 70%:	E: 0.00	dE -24.99	batch_acc 0.9330
[INFO  16:35:53] 80%:	E: 0.00	dE -23.42	batch_acc 0.9350
[INFO  16:35:55] 90%:	E: 0.00	dE -25.36	batch_acc 0.9380
[INFO  16:35:59] epoch: 24 	 test_acc: 0.8921 	 mean_E: 0.0000
[INFO  16:35:59] 0%:	E: 0.00	dE -25.27	batch_acc 0.9330
[INFO  16:36:01] 10%:	E: 0.00	dE -20.51	batch_acc 0.9540
[INFO  16:36:04] 20%:	E: 0.00	dE -24.47	batch_acc 0.9360
[INFO  16:36:06] 30%:	E: 0.00	dE -23.41	batch_acc 0.9380
[INFO  16:36:08] 40%:	E: 0.00	dE -22.68	batch_acc 0.9410
[INFO  16:36:11] 50%:	E: 0.00	dE -23.29	batch_acc 0.9360
[INFO  16:36:13] 60%:	E: 0.00	dE -23.30	batch_acc 0.9400
[INFO  16:36:15] 70%:	E: 0.00	dE -22.86	batch_acc 0.9400
[INFO  16:36:17] 80%:	E: 0.00	dE -23.61	batch_acc 0.9330
[INFO  16:36:20] 90%:	E: 0.00	dE -24.32	batch_acc 0.9400
[INFO  16:36:23] epoch: 25 	 test_acc: 0.8930 	 mean_E: 0.0000
[INFO  16:36:24] 0%:	E: 0.00	dE -24.98	batch_acc 0.9300
[INFO  16:36:26] 10%:	E: 0.00	dE -24.17	batch_acc 0.9330
[INFO  16:36:29] 20%:	E: 0.00	dE -22.39	batch_acc 0.9440
[INFO  16:36:31] 30%:	E: 0.00	dE -22.79	batch_acc 0.9470
[INFO  16:36:33] 40%:	E: 0.00	dE -23.61	batch_acc 0.9360
[INFO  16:36:36] 50%:	E: 0.00	dE -23.05	batch_acc 0.9450
[INFO  16:36:38] 60%:	E: 0.00	dE -22.30	batch_acc 0.9360
[INFO  16:36:41] 70%:	E: 0.00	dE -21.86	batch_acc 0.9470
[INFO  16:36:43] 80%:	E: 0.00	dE -24.01	batch_acc 0.9440
[INFO  16:36:45] 90%:	E: 0.00	dE -23.29	batch_acc 0.9390
[INFO  16:36:49] epoch: 26 	 test_acc: 0.8935 	 mean_E: 0.0000
[INFO  16:36:49] 0%:	E: 0.00	dE -21.60	batch_acc 0.9490
[INFO  16:36:52] 10%:	E: 0.00	dE -25.30	batch_acc 0.9360
[INFO  16:36:54] 20%:	E: 0.00	dE -23.87	batch_acc 0.9400
[INFO  16:36:57] 30%:	E: 0.00	dE -21.53	batch_acc 0.9460
[INFO  16:36:59] 40%:	E: 0.00	dE -25.64	batch_acc 0.9340
[INFO  16:37:01] 50%:	E: 0.00	dE -22.56	batch_acc 0.9420
[INFO  16:37:04] 60%:	E: 0.00	dE -21.48	batch_acc 0.9470
[INFO  16:37:06] 70%:	E: 0.00	dE -26.04	batch_acc 0.9280
[INFO  16:37:09] 80%:	E: 0.00	dE -20.01	batch_acc 0.9560
[INFO  16:37:11] 90%:	E: 0.00	dE -23.62	batch_acc 0.9380
[INFO  16:37:15] epoch: 27 	 test_acc: 0.8896 	 mean_E: 0.0000
[INFO  16:37:15] 0%:	E: 0.00	dE -20.87	batch_acc 0.9490
[INFO  16:37:18] 10%:	E: 0.00	dE -21.39	batch_acc 0.9520
[INFO  16:37:20] 20%:	E: 0.00	dE -20.43	batch_acc 0.9450
[INFO  16:37:22] 30%:	E: 0.00	dE -20.59	batch_acc 0.9560
[INFO  16:37:25] 40%:	E: 0.00	dE -22.27	batch_acc 0.9470
[INFO  16:37:27] 50%:	E: 0.00	dE -22.49	batch_acc 0.9520
[INFO  16:37:30] 60%:	E: 0.00	dE -21.69	batch_acc 0.9380
[INFO  16:37:32] 70%:	E: 0.00	dE -25.77	batch_acc 0.9210
[INFO  16:37:35] 80%:	E: 0.00	dE -22.89	batch_acc 0.9420
[INFO  16:37:37] 90%:	E: 0.00	dE -23.42	batch_acc 0.9450
[INFO  16:37:41] epoch: 28 	 test_acc: 0.8925 	 mean_E: 0.0000
[INFO  16:37:41] 0%:	E: 0.00	dE -22.71	batch_acc 0.9430
[INFO  16:37:44] 10%:	E: 0.00	dE -20.06	batch_acc 0.9470
[INFO  16:37:46] 20%:	E: 0.00	dE -22.76	batch_acc 0.9450
[INFO  16:37:48] 30%:	E: 0.00	dE -20.18	batch_acc 0.9580
[INFO  16:37:51] 40%:	E: 0.00	dE -23.68	batch_acc 0.9430
[INFO  16:37:53] 50%:	E: 0.00	dE -21.34	batch_acc 0.9480
[INFO  16:37:56] 60%:	E: 0.00	dE -20.90	batch_acc 0.9530
[INFO  16:37:58] 70%:	E: 0.00	dE -24.41	batch_acc 0.9380
[INFO  16:38:01] 80%:	E: 0.00	dE -22.55	batch_acc 0.9440
[INFO  16:38:03] 90%:	E: 0.00	dE -24.24	batch_acc 0.9490
[INFO  16:38:07] epoch: 29 	 test_acc: 0.8933 	 mean_E: 0.0000
[INFO  16:38:07] 0%:	E: 0.00	dE -21.66	batch_acc 0.9530
[INFO  16:38:10] 10%:	E: 0.00	dE -21.74	batch_acc 0.9410
[INFO  16:38:12] 20%:	E: 0.00	dE -20.59	batch_acc 0.9490
[INFO  16:38:15] 30%:	E: 0.00	dE -21.37	batch_acc 0.9540
[INFO  16:38:17] 40%:	E: 0.00	dE -20.01	batch_acc 0.9520
[INFO  16:38:20] 50%:	E: 0.00	dE -21.83	batch_acc 0.9510
[INFO  16:38:22] 60%:	E: 0.00	dE -22.69	batch_acc 0.9490
[INFO  16:38:24] 70%:	E: 0.00	dE -23.88	batch_acc 0.9390
[INFO  16:38:26] 80%:	E: 0.00	dE -22.40	batch_acc 0.9400
[INFO  16:38:29] 90%:	E: 0.00	dE -22.83	batch_acc 0.9440
[INFO  16:38:33] epoch: 30 	 test_acc: 0.8938 	 mean_E: 0.0000
[INFO  16:38:33] 0%:	E: 0.00	dE -21.99	batch_acc 0.9470
[INFO  16:38:36] 10%:	E: 0.00	dE -22.30	batch_acc 0.9460
[INFO  16:38:38] 20%:	E: 0.00	dE -23.91	batch_acc 0.9420
[INFO  16:38:41] 30%:	E: 0.00	dE -21.82	batch_acc 0.9520
[INFO  16:38:43] 40%:	E: 0.00	dE -19.68	batch_acc 0.9510
[INFO  16:38:45] 50%:	E: 0.00	dE -20.47	batch_acc 0.9600
[INFO  16:38:47] 60%:	E: 0.00	dE -20.16	batch_acc 0.9560
[INFO  16:38:49] 70%:	E: 0.00	dE -23.97	batch_acc 0.9420
[INFO  16:38:51] 80%:	E: 0.00	dE -23.32	batch_acc 0.9510
[INFO  16:38:54] 90%:	E: 0.00	dE -22.37	batch_acc 0.9500
[INFO  16:38:57] epoch: 31 	 test_acc: 0.8939 	 mean_E: 0.0000
[INFO  16:38:58] 0%:	E: 0.00	dE -20.73	batch_acc 0.9510
[INFO  16:39:00] 10%:	E: 0.00	dE -23.48	batch_acc 0.9490
[INFO  16:39:02] 20%:	E: 0.00	dE -21.76	batch_acc 0.9500
[INFO  16:39:05] 30%:	E: 0.00	dE -22.32	batch_acc 0.9430
[INFO  16:39:07] 40%:	E: 0.00	dE -22.13	batch_acc 0.9490
[INFO  16:39:10] 50%:	E: 0.00	dE -23.40	batch_acc 0.9410
[INFO  16:39:12] 60%:	E: 0.00	dE -21.58	batch_acc 0.9500
[INFO  16:39:14] 70%:	E: 0.00	dE -21.51	batch_acc 0.9530
[INFO  16:39:17] 80%:	E: 0.00	dE -22.80	batch_acc 0.9450
[INFO  16:39:19] 90%:	E: 0.00	dE -22.41	batch_acc 0.9460
[INFO  16:39:22] epoch: 32 	 test_acc: 0.8881 	 mean_E: 0.0000
[INFO  16:39:23] 0%:	E: 0.00	dE -20.88	batch_acc 0.9520
[INFO  16:39:25] 10%:	E: 0.00	dE -20.36	batch_acc 0.9480
[INFO  16:39:28] 20%:	E: 0.00	dE -22.14	batch_acc 0.9570
[INFO  16:39:30] 30%:	E: 0.00	dE -21.37	batch_acc 0.9520
[INFO  16:39:32] 40%:	E: 0.00	dE -21.94	batch_acc 0.9530
[INFO  16:39:35] 50%:	E: 0.00	dE -21.92	batch_acc 0.9510
[INFO  16:39:37] 60%:	E: 0.00	dE -21.18	batch_acc 0.9540
[INFO  16:39:39] 70%:	E: 0.00	dE -19.75	batch_acc 0.9550
[INFO  16:39:41] 80%:	E: 0.00	dE -21.45	batch_acc 0.9470
[INFO  16:39:44] 90%:	E: 0.00	dE -20.57	batch_acc 0.9590
[INFO  16:39:47] epoch: 33 	 test_acc: 0.8917 	 mean_E: 0.0000
[INFO  16:39:48] 0%:	E: 0.00	dE -19.23	batch_acc 0.9630
[INFO  16:39:50] 10%:	E: 0.00	dE -17.28	batch_acc 0.9660
[INFO  16:39:52] 20%:	E: 0.00	dE -21.16	batch_acc 0.9520
[INFO  16:39:55] 30%:	E: 0.00	dE -18.92	batch_acc 0.9580
[INFO  16:39:57] 40%:	E: 0.00	dE -21.04	batch_acc 0.9450
[INFO  16:39:59] 50%:	E: 0.00	dE -21.06	batch_acc 0.9530
[INFO  16:40:01] 60%:	E: 0.00	dE -21.32	batch_acc 0.9400
[INFO  16:40:04] 70%:	E: 0.00	dE -24.44	batch_acc 0.9330
[INFO  16:40:06] 80%:	E: 0.00	dE -19.87	batch_acc 0.9590
[INFO  16:40:08] 90%:	E: 0.00	dE -23.26	batch_acc 0.9500
[INFO  16:40:12] epoch: 34 	 test_acc: 0.8915 	 mean_E: 0.0000
[INFO  16:40:12] 0%:	E: 0.00	dE -21.19	batch_acc 0.9420
[INFO  16:40:15] 10%:	E: 0.00	dE -19.58	batch_acc 0.9560
[INFO  16:40:17] 20%:	E: 0.00	dE -19.39	batch_acc 0.9550
[INFO  16:40:19] 30%:	E: 0.00	dE -19.91	batch_acc 0.9570
[INFO  16:40:22] 40%:	E: 0.00	dE -21.30	batch_acc 0.9550
[INFO  16:40:24] 50%:	E: 0.00	dE -18.78	batch_acc 0.9620
[INFO  16:40:27] 60%:	E: 0.00	dE -18.11	batch_acc 0.9610
[INFO  16:40:29] 70%:	E: 0.00	dE -19.14	batch_acc 0.9560
[INFO  16:40:31] 80%:	E: 0.00	dE -20.75	batch_acc 0.9530
[INFO  16:40:33] 90%:	E: 0.00	dE -21.59	batch_acc 0.9450
[INFO  16:40:37] epoch: 35 	 test_acc: 0.8926 	 mean_E: 0.0000
[INFO  16:40:37] 0%:	E: 0.00	dE -19.01	batch_acc 0.9570
[INFO  16:40:40] 10%:	E: 0.00	dE -20.00	batch_acc 0.9560
[INFO  16:40:42] 20%:	E: 0.00	dE -16.68	batch_acc 0.9720
[INFO  16:40:44] 30%:	E: 0.00	dE -18.30	batch_acc 0.9700
[INFO  16:40:47] 40%:	E: 0.00	dE -19.66	batch_acc 0.9480
[INFO  16:40:49] 50%:	E: 0.00	dE -20.91	batch_acc 0.9530
[INFO  16:40:51] 60%:	E: 0.00	dE -19.93	batch_acc 0.9560
[INFO  16:40:53] 70%:	E: 0.00	dE -19.66	batch_acc 0.9510
[INFO  16:40:55] 80%:	E: 0.00	dE -21.79	batch_acc 0.9530
[INFO  16:40:58] 90%:	E: 0.00	dE -21.79	batch_acc 0.9450
[INFO  16:41:01] epoch: 36 	 test_acc: 0.8928 	 mean_E: 0.0000
[INFO  16:41:01] 0%:	E: 0.00	dE -19.73	batch_acc 0.9590
[INFO  16:41:04] 10%:	E: 0.00	dE -19.36	batch_acc 0.9490
[INFO  16:41:06] 20%:	E: 0.00	dE -18.63	batch_acc 0.9570
[INFO  16:41:08] 30%:	E: 0.00	dE -20.57	batch_acc 0.9530
[INFO  16:41:11] 40%:	E: 0.00	dE -20.38	batch_acc 0.9590
[INFO  16:41:13] 50%:	E: 0.00	dE -21.53	batch_acc 0.9480
[INFO  16:41:15] 60%:	E: 0.00	dE -18.06	batch_acc 0.9640
[INFO  16:41:18] 70%:	E: 0.00	dE -19.44	batch_acc 0.9630
[INFO  16:41:20] 80%:	E: 0.00	dE -21.35	batch_acc 0.9590
[INFO  16:41:22] 90%:	E: 0.00	dE -21.63	batch_acc 0.9510
[INFO  16:41:26] epoch: 37 	 test_acc: 0.8922 	 mean_E: 0.0000
[INFO  16:41:26] 0%:	E: 0.00	dE -18.55	batch_acc 0.9630
[INFO  16:41:29] 10%:	E: 0.00	dE -20.96	batch_acc 0.9560
[INFO  16:41:31] 20%:	E: 0.00	dE -21.64	batch_acc 0.9520
[INFO  16:41:34] 30%:	E: 0.00	dE -19.67	batch_acc 0.9520
[INFO  16:41:36] 40%:	E: 0.00	dE -19.13	batch_acc 0.9600
[INFO  16:41:38] 50%:	E: 0.00	dE -19.15	batch_acc 0.9620
[INFO  16:41:40] 60%:	E: 0.00	dE -19.69	batch_acc 0.9540
[INFO  16:41:43] 70%:	E: 0.00	dE -19.57	batch_acc 0.9560
[INFO  16:41:45] 80%:	E: 0.00	dE -19.26	batch_acc 0.9630
[INFO  16:41:47] 90%:	E: 0.00	dE -20.44	batch_acc 0.9500
[INFO  16:41:51] epoch: 38 	 test_acc: 0.8925 	 mean_E: 0.0000
[INFO  16:41:51] 0%:	E: 0.00	dE -17.99	batch_acc 0.9620
[INFO  16:41:54] 10%:	E: 0.00	dE -20.35	batch_acc 0.9580
[INFO  16:41:56] 20%:	E: 0.00	dE -21.59	batch_acc 0.9520
[INFO  16:41:58] 30%:	E: 0.00	dE -21.52	batch_acc 0.9410
[INFO  16:42:01] 40%:	E: 0.00	dE -20.30	batch_acc 0.9590
[INFO  16:42:03] 50%:	E: 0.00	dE -20.40	batch_acc 0.9530
[INFO  16:42:05] 60%:	E: 0.00	dE -19.15	batch_acc 0.9630
[INFO  16:42:08] 70%:	E: 0.00	dE -21.73	batch_acc 0.9490
[INFO  16:42:10] 80%:	E: 0.00	dE -19.42	batch_acc 0.9560
[INFO  16:42:12] 90%:	E: 0.00	dE -18.72	batch_acc 0.9670
[INFO  16:42:15] epoch: 39 	 test_acc: 0.8909 	 mean_E: 0.0000
[INFO  16:42:16] 0%:	E: 0.00	dE -19.29	batch_acc 0.9540
[INFO  16:42:18] 10%:	E: 0.00	dE -19.88	batch_acc 0.9560
[INFO  16:42:20] 20%:	E: 0.00	dE -18.18	batch_acc 0.9630
[INFO  16:42:22] 30%:	E: 0.00	dE -19.68	batch_acc 0.9580
[INFO  16:42:24] 40%:	E: 0.00	dE -21.55	batch_acc 0.9440
[INFO  16:42:27] 50%:	E: 0.00	dE -19.37	batch_acc 0.9640
[INFO  16:42:29] 60%:	E: 0.00	dE -19.70	batch_acc 0.9600
[INFO  16:42:31] 70%:	E: 0.00	dE -21.70	batch_acc 0.9560
[INFO  16:42:34] 80%:	E: 0.00	dE -21.15	batch_acc 0.9630
[INFO  16:42:36] 90%:	E: 0.00	dE -20.00	batch_acc 0.9550
[INFO  16:42:40] epoch: 40 	 test_acc: 0.8938 	 mean_E: 0.0000
[INFO  16:42:40] 0%:	E: 0.00	dE -18.60	batch_acc 0.9620
[INFO  16:42:43] 10%:	E: 0.00	dE -19.66	batch_acc 0.9590
[INFO  16:42:45] 20%:	E: 0.00	dE -17.35	batch_acc 0.9670
[INFO  16:42:47] 30%:	E: 0.00	dE -19.10	batch_acc 0.9580
[INFO  16:42:49] 40%:	E: 0.00	dE -19.24	batch_acc 0.9580
[INFO  16:42:52] 50%:	E: 0.00	dE -21.15	batch_acc 0.9460
[INFO  16:42:54] 60%:	E: 0.00	dE -20.80	batch_acc 0.9530
[INFO  16:42:56] 70%:	E: 0.00	dE -17.22	batch_acc 0.9600
[INFO  16:42:59] 80%:	E: 0.00	dE -19.10	batch_acc 0.9600
[INFO  16:43:01] 90%:	E: 0.00	dE -19.23	batch_acc 0.9620
[INFO  16:43:04] epoch: 41 	 test_acc: 0.8911 	 mean_E: 0.0000
[INFO  16:43:05] 0%:	E: 0.00	dE -17.70	batch_acc 0.9660
[INFO  16:43:07] 10%:	E: 0.00	dE -17.02	batch_acc 0.9680
[INFO  16:43:09] 20%:	E: 0.00	dE -15.93	batch_acc 0.9700
[INFO  16:43:11] 30%:	E: 0.00	dE -18.59	batch_acc 0.9600
[INFO  16:43:14] 40%:	E: 0.00	dE -18.88	batch_acc 0.9640
[INFO  16:43:16] 50%:	E: 0.00	dE -19.23	batch_acc 0.9540
[INFO  16:43:18] 60%:	E: 0.00	dE -18.17	batch_acc 0.9690
[INFO  16:43:20] 70%:	E: 0.00	dE -20.04	batch_acc 0.9610
[INFO  16:43:23] 80%:	E: 0.00	dE -19.15	batch_acc 0.9600
[INFO  16:43:25] 90%:	E: 0.00	dE -21.31	batch_acc 0.9530
[INFO  16:43:28] epoch: 42 	 test_acc: 0.8928 	 mean_E: 0.0000
[INFO  16:43:29] 0%:	E: 0.00	dE -18.38	batch_acc 0.9590
[INFO  16:43:31] 10%:	E: 0.00	dE -20.55	batch_acc 0.9590
[INFO  16:43:33] 20%:	E: 0.00	dE -19.35	batch_acc 0.9540
[INFO  16:43:35] 30%:	E: 0.00	dE -19.27	batch_acc 0.9560
[INFO  16:43:38] 40%:	E: 0.00	dE -16.44	batch_acc 0.9720
[INFO  16:43:40] 50%:	E: 0.00	dE -19.17	batch_acc 0.9580
[INFO  16:43:42] 60%:	E: 0.00	dE -18.03	batch_acc 0.9640
[INFO  16:43:45] 70%:	E: 0.00	dE -19.01	batch_acc 0.9630
[INFO  16:43:47] 80%:	E: 0.00	dE -17.66	batch_acc 0.9650
[INFO  16:43:49] 90%:	E: 0.00	dE -18.21	batch_acc 0.9680
[INFO  16:43:53] epoch: 43 	 test_acc: 0.8922 	 mean_E: 0.0000
[INFO  16:43:53] 0%:	E: 0.00	dE -16.96	batch_acc 0.9650
[INFO  16:43:56] 10%:	E: 0.00	dE -16.92	batch_acc 0.9690
[INFO  16:43:58] 20%:	E: 0.00	dE -17.05	batch_acc 0.9650
[INFO  16:44:00] 30%:	E: 0.00	dE -16.90	batch_acc 0.9700
[INFO  16:44:03] 40%:	E: 0.00	dE -18.59	batch_acc 0.9650
[INFO  16:44:05] 50%:	E: 0.00	dE -18.45	batch_acc 0.9620
[INFO  16:44:08] 60%:	E: 0.00	dE -20.89	batch_acc 0.9500
[INFO  16:44:10] 70%:	E: 0.00	dE -21.24	batch_acc 0.9550
[INFO  16:44:12] 80%:	E: 0.00	dE -17.92	batch_acc 0.9640
[INFO  16:44:14] 90%:	E: 0.00	dE -20.24	batch_acc 0.9640
[INFO  16:44:17] epoch: 44 	 test_acc: 0.8924 	 mean_E: 0.0000
[INFO  16:44:18] 0%:	E: 0.00	dE -16.12	batch_acc 0.9690
[INFO  16:44:20] 10%:	E: 0.00	dE -18.77	batch_acc 0.9610
[INFO  16:44:22] 20%:	E: 0.00	dE -19.13	batch_acc 0.9720
[INFO  16:44:24] 30%:	E: 0.00	dE -20.87	batch_acc 0.9520
[INFO  16:44:27] 40%:	E: 0.00	dE -18.57	batch_acc 0.9650
[INFO  16:44:29] 50%:	E: 0.00	dE -17.61	batch_acc 0.9630
[INFO  16:44:31] 60%:	E: 0.00	dE -20.95	batch_acc 0.9580
[INFO  16:44:34] 70%:	E: 0.00	dE -18.38	batch_acc 0.9650
[INFO  16:44:36] 80%:	E: 0.00	dE -17.73	batch_acc 0.9630
[INFO  16:44:38] 90%:	E: 0.00	dE -17.46	batch_acc 0.9550
[INFO  16:44:42] epoch: 45 	 test_acc: 0.8939 	 mean_E: 0.0000
[INFO  16:44:42] 0%:	E: 0.00	dE -18.62	batch_acc 0.9600
[INFO  16:44:45] 10%:	E: 0.00	dE -18.44	batch_acc 0.9570
[INFO  16:44:47] 20%:	E: 0.00	dE -18.16	batch_acc 0.9610
[INFO  16:44:50] 30%:	E: 0.00	dE -19.29	batch_acc 0.9540
[INFO  16:44:52] 40%:	E: 0.00	dE -17.09	batch_acc 0.9680
[INFO  16:44:54] 50%:	E: 0.00	dE -18.97	batch_acc 0.9610
[INFO  16:44:56] 60%:	E: 0.00	dE -19.50	batch_acc 0.9570
[INFO  16:44:58] 70%:	E: 0.00	dE -17.35	batch_acc 0.9650
[INFO  16:45:00] 80%:	E: 0.00	dE -20.80	batch_acc 0.9490
[INFO  16:45:03] 90%:	E: 0.00	dE -19.40	batch_acc 0.9600
[INFO  16:45:06] epoch: 46 	 test_acc: 0.8925 	 mean_E: 0.0000
[INFO  16:45:06] 0%:	E: 0.00	dE -16.68	batch_acc 0.9640
[INFO  16:45:09] 10%:	E: 0.00	dE -15.93	batch_acc 0.9710
[INFO  16:45:11] 20%:	E: 0.00	dE -17.75	batch_acc 0.9660
[INFO  16:45:13] 30%:	E: 0.00	dE -16.74	batch_acc 0.9680
[INFO  16:45:16] 40%:	E: 0.00	dE -19.12	batch_acc 0.9510
[INFO  16:45:18] 50%:	E: 0.00	dE -19.24	batch_acc 0.9580
[INFO  16:45:20] 60%:	E: 0.00	dE -16.17	batch_acc 0.9680
[INFO  16:45:23] 70%:	E: 0.00	dE -19.31	batch_acc 0.9660
[INFO  16:45:25] 80%:	E: 0.00	dE -17.01	batch_acc 0.9690
[INFO  16:45:27] 90%:	E: 0.00	dE -19.26	batch_acc 0.9590
[INFO  16:45:31] epoch: 47 	 test_acc: 0.8944 	 mean_E: 0.0000
[INFO  16:45:31] 0%:	E: 0.00	dE -16.77	batch_acc 0.9680
[INFO  16:45:34] 10%:	E: 0.00	dE -16.30	batch_acc 0.9700
[INFO  16:45:36] 20%:	E: 0.00	dE -18.62	batch_acc 0.9590
[INFO  16:45:38] 30%:	E: 0.00	dE -18.67	batch_acc 0.9560
[INFO  16:45:40] 40%:	E: 0.00	dE -16.32	batch_acc 0.9640
[INFO  16:45:42] 50%:	E: 0.00	dE -18.57	batch_acc 0.9610
[INFO  16:45:44] 60%:	E: 0.00	dE -18.16	batch_acc 0.9690
[INFO  16:45:46] 70%:	E: 0.00	dE -16.66	batch_acc 0.9710
[INFO  16:45:48] 80%:	E: 0.00	dE -18.95	batch_acc 0.9610
[INFO  16:45:50] 90%:	E: 0.00	dE -20.90	batch_acc 0.9500
[INFO  16:45:54] epoch: 48 	 test_acc: 0.8934 	 mean_E: 0.0000
[INFO  16:45:54] 0%:	E: 0.00	dE -16.03	batch_acc 0.9720
[INFO  16:45:56] 10%:	E: 0.00	dE -17.75	batch_acc 0.9660
[INFO  16:45:59] 20%:	E: 0.00	dE -16.51	batch_acc 0.9600
[INFO  16:46:01] 30%:	E: 0.00	dE -18.96	batch_acc 0.9580
[INFO  16:46:03] 40%:	E: 0.00	dE -17.28	batch_acc 0.9610
[INFO  16:46:05] 50%:	E: 0.00	dE -19.16	batch_acc 0.9650
[INFO  16:46:08] 60%:	E: 0.00	dE -19.92	batch_acc 0.9550
[INFO  16:46:10] 70%:	E: 0.00	dE -18.16	batch_acc 0.9620
[INFO  16:46:12] 80%:	E: 0.00	dE -17.70	batch_acc 0.9620
[INFO  16:46:15] 90%:	E: 0.00	dE -17.04	batch_acc 0.9680
[INFO  16:46:18] epoch: 49 	 test_acc: 0.8890 	 mean_E: 0.0000
[INFO  16:46:18] 0%:	E: 0.00	dE -18.54	batch_acc 0.9630
[INFO  16:46:21] 10%:	E: 0.00	dE -17.41	batch_acc 0.9670
[INFO  16:46:23] 20%:	E: 0.00	dE -17.40	batch_acc 0.9590
[INFO  16:46:25] 30%:	E: 0.00	dE -17.00	batch_acc 0.9690
[INFO  16:46:27] 40%:	E: 0.00	dE -17.52	batch_acc 0.9670
[INFO  16:46:30] 50%:	E: 0.00	dE -16.46	batch_acc 0.9680
[INFO  16:46:32] 60%:	E: 0.00	dE -18.42	batch_acc 0.9640
[INFO  16:46:34] 70%:	E: 0.00	dE -18.19	batch_acc 0.9620
[INFO  16:46:36] 80%:	E: 0.00	dE -14.64	batch_acc 0.9790
[INFO  16:46:39] 90%:	E: 0.00	dE -18.08	batch_acc 0.9620
[INFO  16:46:42] epoch: 50 	 test_acc: 0.8976 	 mean_E: 0.0000
[INFO  16:46:43] 0%:	E: 0.00	dE -16.83	batch_acc 0.9650
[INFO  16:46:45] 10%:	E: 0.00	dE -17.18	batch_acc 0.9650
[INFO  16:46:47] 20%:	E: 0.00	dE -16.16	batch_acc 0.9710
[INFO  16:46:49] 30%:	E: 0.00	dE -15.38	batch_acc 0.9760
[INFO  16:46:52] 40%:	E: 0.00	dE -16.14	batch_acc 0.9730
[INFO  16:46:54] 50%:	E: 0.00	dE -16.14	batch_acc 0.9690
[INFO  16:46:56] 60%:	E: 0.00	dE -19.17	batch_acc 0.9570
[INFO  16:46:58] 70%:	E: 0.00	dE -15.77	batch_acc 0.9760
[INFO  16:47:01] 80%:	E: 0.00	dE -19.02	batch_acc 0.9530
[INFO  16:47:03] 90%:	E: 0.00	dE -18.49	batch_acc 0.9650
[INFO  16:47:06] epoch: 51 	 test_acc: 0.8905 	 mean_E: 0.0000
[INFO  16:47:07] 0%:	E: 0.00	dE -19.32	batch_acc 0.9610
[INFO  16:47:09] 10%:	E: 0.00	dE -17.90	batch_acc 0.9630
[INFO  16:47:11] 20%:	E: 0.00	dE -16.44	batch_acc 0.9650
[INFO  16:47:14] 30%:	E: 0.00	dE -18.52	batch_acc 0.9630
[INFO  16:47:16] 40%:	E: 0.00	dE -18.44	batch_acc 0.9590
[INFO  16:47:18] 50%:	E: 0.00	dE -19.01	batch_acc 0.9560
[INFO  16:47:20] 60%:	E: 0.00	dE -15.90	batch_acc 0.9720
[INFO  16:47:23] 70%:	E: 0.00	dE -18.20	batch_acc 0.9650
[INFO  16:47:25] 80%:	E: 0.00	dE -16.52	batch_acc 0.9620
[INFO  16:47:27] 90%:	E: 0.00	dE -17.44	batch_acc 0.9570
[INFO  16:47:31] epoch: 52 	 test_acc: 0.8887 	 mean_E: 0.0000
[INFO  16:47:31] 0%:	E: 0.00	dE -20.48	batch_acc 0.9650
[INFO  16:47:33] 10%:	E: 0.00	dE -16.27	batch_acc 0.9690
[INFO  16:47:36] 20%:	E: 0.00	dE -17.89	batch_acc 0.9670
[INFO  16:47:38] 30%:	E: 0.00	dE -17.02	batch_acc 0.9710
[INFO  16:47:40] 40%:	E: 0.00	dE -15.07	batch_acc 0.9730
[INFO  16:47:42] 50%:	E: 0.00	dE -16.35	batch_acc 0.9720
[INFO  16:47:45] 60%:	E: 0.00	dE -16.30	batch_acc 0.9610
[INFO  16:47:47] 70%:	E: 0.00	dE -16.80	batch_acc 0.9720
[INFO  16:47:49] 80%:	E: 0.00	dE -15.74	batch_acc 0.9730
[INFO  16:47:52] 90%:	E: 0.00	dE -18.23	batch_acc 0.9720
[INFO  16:47:55] epoch: 53 	 test_acc: 0.8922 	 mean_E: 0.0000
[INFO  16:47:55] 0%:	E: 0.00	dE -15.91	batch_acc 0.9720
[INFO  16:47:58] 10%:	E: 0.00	dE -16.62	batch_acc 0.9720
[INFO  16:48:00] 20%:	E: 0.00	dE -15.14	batch_acc 0.9750
[INFO  16:48:02] 30%:	E: 0.00	dE -15.70	batch_acc 0.9740
[INFO  16:48:04] 40%:	E: 0.00	dE -16.82	batch_acc 0.9710
[INFO  16:48:07] 50%:	E: 0.00	dE -16.91	batch_acc 0.9620
[INFO  16:48:09] 60%:	E: 0.00	dE -16.98	batch_acc 0.9660
[INFO  16:48:11] 70%:	E: 0.00	dE -18.97	batch_acc 0.9650
[INFO  16:48:14] 80%:	E: 0.00	dE -16.37	batch_acc 0.9690
[INFO  16:48:16] 90%:	E: 0.00	dE -19.42	batch_acc 0.9610
[INFO  16:48:19] epoch: 54 	 test_acc: 0.8940 	 mean_E: 0.0000
[INFO  16:48:20] 0%:	E: 0.00	dE -16.18	batch_acc 0.9710
[INFO  16:48:22] 10%:	E: 0.00	dE -17.74	batch_acc 0.9630
[INFO  16:48:24] 20%:	E: 0.00	dE -17.37	batch_acc 0.9630
[INFO  16:48:27] 30%:	E: 0.00	dE -16.37	batch_acc 0.9690
[INFO  16:48:29] 40%:	E: 0.00	dE -17.35	batch_acc 0.9670
[INFO  16:48:31] 50%:	E: 0.00	dE -19.28	batch_acc 0.9640
[INFO  16:48:33] 60%:	E: 0.00	dE -17.34	batch_acc 0.9630
[INFO  16:48:36] 70%:	E: 0.00	dE -17.34	batch_acc 0.9720
[INFO  16:48:38] 80%:	E: 0.00	dE -16.57	batch_acc 0.9700
[INFO  16:48:40] 90%:	E: 0.00	dE -17.53	batch_acc 0.9650
[INFO  16:48:44] epoch: 55 	 test_acc: 0.8929 	 mean_E: 0.0000
[INFO  16:48:44] 0%:	E: 0.00	dE -15.91	batch_acc 0.9690
[INFO  16:48:47] 10%:	E: 0.00	dE -16.07	batch_acc 0.9730
[INFO  16:48:49] 20%:	E: 0.00	dE -16.04	batch_acc 0.9750
[INFO  16:48:52] 30%:	E: 0.00	dE -17.24	batch_acc 0.9740
[INFO  16:48:54] 40%:	E: 0.00	dE -18.76	batch_acc 0.9680
[INFO  16:48:56] 50%:	E: 0.00	dE -15.27	batch_acc 0.9780
[INFO  16:48:59] 60%:	E: 0.00	dE -17.62	batch_acc 0.9700
[INFO  16:49:01] 70%:	E: 0.00	dE -17.54	batch_acc 0.9590
[INFO  16:49:03] 80%:	E: 0.00	dE -18.29	batch_acc 0.9600
[INFO  16:49:06] 90%:	E: 0.00	dE -16.41	batch_acc 0.9770
[INFO  16:49:09] epoch: 56 	 test_acc: 0.8903 	 mean_E: 0.0000
[INFO  16:49:10] 0%:	E: 0.00	dE -16.52	batch_acc 0.9730
[INFO  16:49:12] 10%:	E: 0.00	dE -14.45	batch_acc 0.9790
[INFO  16:49:14] 20%:	E: 0.00	dE -16.18	batch_acc 0.9650
[INFO  16:49:17] 30%:	E: 0.00	dE -15.54	batch_acc 0.9730
[INFO  16:49:19] 40%:	E: 0.00	dE -17.05	batch_acc 0.9620
[INFO  16:49:21] 50%:	E: 0.00	dE -16.53	batch_acc 0.9710
[INFO  16:49:24] 60%:	E: 0.00	dE -17.11	batch_acc 0.9710
[INFO  16:49:26] 70%:	E: 0.00	dE -16.92	batch_acc 0.9660
[INFO  16:49:28] 80%:	E: 0.00	dE -16.70	batch_acc 0.9680
[INFO  16:49:30] 90%:	E: 0.00	dE -15.74	batch_acc 0.9700
[INFO  16:49:33] epoch: 57 	 test_acc: 0.8944 	 mean_E: 0.0000
[INFO  16:49:34] 0%:	E: 0.00	dE -13.72	batch_acc 0.9770
[INFO  16:49:36] 10%:	E: 0.00	dE -14.87	batch_acc 0.9790
[INFO  16:49:38] 20%:	E: 0.00	dE -14.68	batch_acc 0.9740
[INFO  16:49:40] 30%:	E: 0.00	dE -16.93	batch_acc 0.9700
[INFO  16:49:42] 40%:	E: 0.00	dE -14.15	batch_acc 0.9820
[INFO  16:49:44] 50%:	E: 0.00	dE -16.57	batch_acc 0.9670
[INFO  16:49:46] 60%:	E: 0.00	dE -16.02	batch_acc 0.9600
[INFO  16:49:49] 70%:	E: 0.00	dE -17.10	batch_acc 0.9650
[INFO  16:49:51] 80%:	E: 0.00	dE -15.19	batch_acc 0.9710
[INFO  16:49:53] 90%:	E: 0.00	dE -17.08	batch_acc 0.9680
[INFO  16:49:57] epoch: 58 	 test_acc: 0.8940 	 mean_E: 0.0000
[INFO  16:49:58] 0%:	E: 0.00	dE -15.47	batch_acc 0.9700
[INFO  16:50:00] 10%:	E: 0.00	dE -17.12	batch_acc 0.9670
[INFO  16:50:02] 20%:	E: 0.00	dE -17.43	batch_acc 0.9680
[INFO  16:50:05] 30%:	E: 0.00	dE -16.15	batch_acc 0.9700
[INFO  16:50:07] 40%:	E: 0.00	dE -15.71	batch_acc 0.9730
[INFO  16:50:09] 50%:	E: 0.00	dE -17.75	batch_acc 0.9650
[INFO  16:50:12] 60%:	E: 0.00	dE -16.13	batch_acc 0.9720
[INFO  16:50:14] 70%:	E: 0.00	dE -15.86	batch_acc 0.9760
[INFO  16:50:17] 80%:	E: 0.00	dE -16.37	batch_acc 0.9750
[INFO  16:50:19] 90%:	E: 0.00	dE -18.42	batch_acc 0.9720
[INFO  16:50:22] epoch: 59 	 test_acc: 0.8921 	 mean_E: 0.0000
[INFO  16:50:23] 0%:	E: 0.00	dE -14.71	batch_acc 0.9790
[INFO  16:50:25] 10%:	E: 0.00	dE -14.89	batch_acc 0.9710
[INFO  16:50:27] 20%:	E: 0.00	dE -15.59	batch_acc 0.9670
[INFO  16:50:30] 30%:	E: 0.00	dE -14.37	batch_acc 0.9740
[INFO  16:50:32] 40%:	E: 0.00	dE -17.22	batch_acc 0.9600
[INFO  16:50:35] 50%:	E: 0.00	dE -13.24	batch_acc 0.9740
[INFO  16:50:37] 60%:	E: 0.00	dE -16.53	batch_acc 0.9710
[INFO  16:50:39] 70%:	E: 0.00	dE -16.23	batch_acc 0.9740
[INFO  16:50:42] 80%:	E: 0.00	dE -15.60	batch_acc 0.9780
[INFO  16:50:44] 90%:	E: 0.00	dE -16.13	batch_acc 0.9690
[INFO  16:50:48] epoch: 60 	 test_acc: 0.8914 	 mean_E: 0.0000
[INFO  16:50:48] 0%:	E: 0.00	dE -15.50	batch_acc 0.9770
[INFO  16:50:51] 10%:	E: 0.00	dE -15.86	batch_acc 0.9710
[INFO  16:50:53] 20%:	E: 0.00	dE -15.13	batch_acc 0.9780
[INFO  16:50:55] 30%:	E: 0.00	dE -16.00	batch_acc 0.9760
[INFO  16:50:57] 40%:	E: 0.00	dE -17.22	batch_acc 0.9690
[INFO  16:50:59] 50%:	E: 0.00	dE -16.06	batch_acc 0.9690
[INFO  16:51:02] 60%:	E: 0.00	dE -14.81	batch_acc 0.9770
[INFO  16:51:04] 70%:	E: 0.00	dE -14.54	batch_acc 0.9780
[INFO  16:51:06] 80%:	E: 0.00	dE -14.01	batch_acc 0.9790
[INFO  16:51:09] 90%:	E: 0.00	dE -16.38	batch_acc 0.9750
[INFO  16:51:12] epoch: 61 	 test_acc: 0.8904 	 mean_E: 0.0000
[INFO  16:51:13] 0%:	E: 0.00	dE -16.45	batch_acc 0.9790
[INFO  16:51:15] 10%:	E: 0.00	dE -17.49	batch_acc 0.9720
[INFO  16:51:18] 20%:	E: 0.00	dE -14.49	batch_acc 0.9790
[INFO  16:51:20] 30%:	E: 0.00	dE -16.20	batch_acc 0.9690
[INFO  16:51:22] 40%:	E: 0.00	dE -14.06	batch_acc 0.9790
[INFO  16:51:25] 50%:	E: 0.00	dE -16.16	batch_acc 0.9690
[INFO  16:51:27] 60%:	E: 0.00	dE -15.79	batch_acc 0.9740
[INFO  16:51:29] 70%:	E: 0.00	dE -16.00	batch_acc 0.9680
[INFO  16:51:32] 80%:	E: 0.00	dE -17.01	batch_acc 0.9700
[INFO  16:51:34] 90%:	E: 0.00	dE -15.62	batch_acc 0.9710
[INFO  16:51:37] epoch: 62 	 test_acc: 0.8920 	 mean_E: 0.0000
[INFO  16:51:38] 0%:	E: 0.00	dE -16.71	batch_acc 0.9720
[INFO  16:51:40] 10%:	E: 0.00	dE -14.31	batch_acc 0.9740
[INFO  16:51:42] 20%:	E: 0.00	dE -15.84	batch_acc 0.9720
[INFO  16:51:44] 30%:	E: 0.00	dE -15.94	batch_acc 0.9740
[INFO  16:51:47] 40%:	E: 0.00	dE -15.32	batch_acc 0.9700
[INFO  16:51:49] 50%:	E: 0.00	dE -17.78	batch_acc 0.9730
[INFO  16:51:51] 60%:	E: 0.00	dE -15.05	batch_acc 0.9730
[INFO  16:51:54] 70%:	E: 0.00	dE -14.85	batch_acc 0.9830
[INFO  16:51:56] 80%:	E: 0.00	dE -15.41	batch_acc 0.9760
[INFO  16:51:58] 90%:	E: 0.00	dE -13.94	batch_acc 0.9780
[INFO  16:52:02] epoch: 63 	 test_acc: 0.8919 	 mean_E: 0.0000
[INFO  16:52:02] 0%:	E: 0.00	dE -13.96	batch_acc 0.9820
[INFO  16:52:05] 10%:	E: 0.00	dE -14.63	batch_acc 0.9770
[INFO  16:52:07] 20%:	E: 0.00	dE -13.70	batch_acc 0.9800
[INFO  16:52:09] 30%:	E: 0.00	dE -15.73	batch_acc 0.9690
[INFO  16:52:12] 40%:	E: 0.00	dE -14.92	batch_acc 0.9770
[INFO  16:52:14] 50%:	E: 0.00	dE -15.02	batch_acc 0.9710
[INFO  16:52:16] 60%:	E: 0.00	dE -14.14	batch_acc 0.9780
[INFO  16:52:18] 70%:	E: 0.00	dE -16.88	batch_acc 0.9710
[INFO  16:52:21] 80%:	E: 0.00	dE -15.26	batch_acc 0.9720
[INFO  16:52:23] 90%:	E: 0.00	dE -16.90	batch_acc 0.9610
[INFO  16:52:27] epoch: 64 	 test_acc: 0.8937 	 mean_E: 0.0000
[INFO  16:52:27] 0%:	E: 0.00	dE -16.10	batch_acc 0.9700
[INFO  16:52:29] 10%:	E: 0.00	dE -14.94	batch_acc 0.9720
[INFO  16:52:32] 20%:	E: 0.00	dE -16.39	batch_acc 0.9730
[INFO  16:52:34] 30%:	E: 0.00	dE -15.48	batch_acc 0.9730
[INFO  16:52:36] 40%:	E: 0.00	dE -14.63	batch_acc 0.9780
[INFO  16:52:39] 50%:	E: 0.00	dE -15.22	batch_acc 0.9750
[INFO  16:52:41] 60%:	E: 0.00	dE -15.06	batch_acc 0.9780
[INFO  16:52:43] 70%:	E: 0.00	dE -13.75	batch_acc 0.9810
[INFO  16:52:46] 80%:	E: 0.00	dE -15.21	batch_acc 0.9710
[INFO  16:52:48] 90%:	E: 0.00	dE -14.54	batch_acc 0.9810
[INFO  16:52:51] epoch: 65 	 test_acc: 0.8909 	 mean_E: 0.0000
[INFO  16:52:52] 0%:	E: 0.00	dE -17.00	batch_acc 0.9740
[INFO  16:52:54] 10%:	E: 0.00	dE -14.04	batch_acc 0.9810
[INFO  16:52:57] 20%:	E: 0.00	dE -15.04	batch_acc 0.9730
[INFO  16:52:59] 30%:	E: 0.00	dE -14.69	batch_acc 0.9730
[INFO  16:53:01] 40%:	E: 0.00	dE -15.31	batch_acc 0.9720
[INFO  16:53:03] 50%:	E: 0.00	dE -14.39	batch_acc 0.9800
[INFO  16:53:06] 60%:	E: 0.00	dE -14.32	batch_acc 0.9800
[INFO  16:53:08] 70%:	E: 0.00	dE -16.17	batch_acc 0.9720
[INFO  16:53:10] 80%:	E: 0.00	dE -17.98	batch_acc 0.9650
[INFO  16:53:13] 90%:	E: 0.00	dE -15.21	batch_acc 0.9790
[INFO  16:53:16] epoch: 66 	 test_acc: 0.8938 	 mean_E: 0.0000
[INFO  16:53:17] 0%:	E: 0.00	dE -12.92	batch_acc 0.9770
[INFO  16:53:19] 10%:	E: 0.00	dE -15.47	batch_acc 0.9720
[INFO  16:53:21] 20%:	E: 0.00	dE -13.33	batch_acc 0.9760
[INFO  16:53:23] 30%:	E: 0.00	dE -16.69	batch_acc 0.9680
[INFO  16:53:26] 40%:	E: 0.00	dE -13.41	batch_acc 0.9780
[INFO  16:53:28] 50%:	E: 0.00	dE -16.70	batch_acc 0.9690
[INFO  16:53:31] 60%:	E: 0.00	dE -13.05	batch_acc 0.9840
[INFO  16:53:33] 70%:	E: 0.00	dE -15.03	batch_acc 0.9810
[INFO  16:53:35] 80%:	E: 0.00	dE -14.34	batch_acc 0.9740
[INFO  16:53:38] 90%:	E: 0.00	dE -14.56	batch_acc 0.9730
[INFO  16:53:41] epoch: 67 	 test_acc: 0.8926 	 mean_E: 0.0000
[INFO  16:53:42] 0%:	E: 0.00	dE -13.40	batch_acc 0.9770
[INFO  16:53:44] 10%:	E: 0.00	dE -15.41	batch_acc 0.9680
[INFO  16:53:47] 20%:	E: 0.00	dE -15.63	batch_acc 0.9760
[INFO  16:53:49] 30%:	E: 0.00	dE -14.26	batch_acc 0.9780
[INFO  16:53:51] 40%:	E: 0.00	dE -14.32	batch_acc 0.9760
[INFO  16:53:54] 50%:	E: 0.00	dE -13.98	batch_acc 0.9750
[INFO  16:53:56] 60%:	E: 0.00	dE -14.80	batch_acc 0.9840
[INFO  16:53:58] 70%:	E: 0.00	dE -15.60	batch_acc 0.9780
[INFO  16:54:01] 80%:	E: 0.00	dE -14.23	batch_acc 0.9780
[INFO  16:54:03] 90%:	E: 0.00	dE -16.19	batch_acc 0.9750
[INFO  16:54:07] epoch: 68 	 test_acc: 0.8920 	 mean_E: 0.0000
[INFO  16:54:07] 0%:	E: 0.00	dE -14.37	batch_acc 0.9830
[INFO  16:54:10] 10%:	E: 0.00	dE -14.35	batch_acc 0.9780
[INFO  16:54:12] 20%:	E: 0.00	dE -15.79	batch_acc 0.9740
[INFO  16:54:14] 30%:	E: 0.00	dE -15.05	batch_acc 0.9820
[INFO  16:54:17] 40%:	E: 0.00	dE -16.38	batch_acc 0.9710
[INFO  16:54:19] 50%:	E: 0.00	dE -13.17	batch_acc 0.9830
[INFO  16:54:22] 60%:	E: 0.00	dE -15.09	batch_acc 0.9770
[INFO  16:54:24] 70%:	E: 0.00	dE -14.85	batch_acc 0.9750
[INFO  16:54:26] 80%:	E: 0.00	dE -16.84	batch_acc 0.9790
[INFO  16:54:29] 90%:	E: 0.00	dE -15.92	batch_acc 0.9730
[INFO  16:54:32] epoch: 69 	 test_acc: 0.8899 	 mean_E: 0.0000
[INFO  16:54:33] 0%:	E: 0.00	dE -14.96	batch_acc 0.9760
[INFO  16:54:35] 10%:	E: 0.00	dE -13.73	batch_acc 0.9780
[INFO  16:54:38] 20%:	E: 0.00	dE -13.25	batch_acc 0.9810
[INFO  16:54:40] 30%:	E: 0.00	dE -11.84	batch_acc 0.9810
[INFO  16:54:42] 40%:	E: 0.00	dE -13.73	batch_acc 0.9810
[INFO  16:54:45] 50%:	E: 0.00	dE -13.93	batch_acc 0.9720
[INFO  16:54:47] 60%:	E: 0.00	dE -14.15	batch_acc 0.9780
[INFO  16:54:50] 70%:	E: 0.00	dE -15.36	batch_acc 0.9750
[INFO  16:54:52] 80%:	E: 0.00	dE -14.47	batch_acc 0.9770
[INFO  16:54:54] 90%:	E: 0.00	dE -14.22	batch_acc 0.9800
[INFO  16:54:57] epoch: 70 	 test_acc: 0.8874 	 mean_E: 0.0000
[INFO  16:54:58] 0%:	E: 0.00	dE -15.15	batch_acc 0.9790
[INFO  16:55:00] 10%:	E: 0.00	dE -14.80	batch_acc 0.9780
[INFO  16:55:02] 20%:	E: 0.00	dE -15.92	batch_acc 0.9740
[INFO  16:55:04] 30%:	E: 0.00	dE -13.74	batch_acc 0.9780
[INFO  16:55:06] 40%:	E: 0.00	dE -13.41	batch_acc 0.9780
[INFO  16:55:08] 50%:	E: 0.00	dE -13.53	batch_acc 0.9830
[INFO  16:55:11] 60%:	E: 0.00	dE -13.47	batch_acc 0.9810
[INFO  16:55:13] 70%:	E: 0.00	dE -13.80	batch_acc 0.9790
[INFO  16:55:15] 80%:	E: 0.00	dE -14.87	batch_acc 0.9710
[INFO  16:55:17] 90%:	E: 0.00	dE -15.56	batch_acc 0.9740
[INFO  16:55:21] epoch: 71 	 test_acc: 0.8949 	 mean_E: 0.0000
[INFO  16:55:22] 0%:	E: 0.00	dE -14.45	batch_acc 0.9770
[INFO  16:55:24] 10%:	E: 0.00	dE -13.63	batch_acc 0.9790
[INFO  16:55:26] 20%:	E: 0.00	dE -13.56	batch_acc 0.9780
[INFO  16:55:28] 30%:	E: 0.00	dE -15.42	batch_acc 0.9760
[INFO  16:55:31] 40%:	E: 0.00	dE -12.98	batch_acc 0.9860
[INFO  16:55:33] 50%:	E: 0.00	dE -15.89	batch_acc 0.9690
[INFO  16:55:35] 60%:	E: 0.00	dE -13.87	batch_acc 0.9890
[INFO  16:55:38] 70%:	E: 0.00	dE -16.23	batch_acc 0.9710
[INFO  16:55:40] 80%:	E: 0.00	dE -14.06	batch_acc 0.9770
[INFO  16:55:42] 90%:	E: 0.00	dE -12.92	batch_acc 0.9820
[INFO  16:55:46] epoch: 72 	 test_acc: 0.8908 	 mean_E: 0.0000
[INFO  16:55:46] 0%:	E: 0.00	dE -12.69	batch_acc 0.9820
[INFO  16:55:49] 10%:	E: 0.00	dE -16.84	batch_acc 0.9750
[INFO  16:55:51] 20%:	E: 0.00	dE -14.73	batch_acc 0.9800
[INFO  16:55:53] 30%:	E: 0.00	dE -15.06	batch_acc 0.9700
[INFO  16:55:56] 40%:	E: 0.00	dE -13.54	batch_acc 0.9800
[INFO  16:55:58] 50%:	E: 0.00	dE -12.42	batch_acc 0.9810
[INFO  16:56:00] 60%:	E: 0.00	dE -15.29	batch_acc 0.9760
[INFO  16:56:02] 70%:	E: 0.00	dE -14.14	batch_acc 0.9830
[INFO  16:56:05] 80%:	E: 0.00	dE -14.12	batch_acc 0.9770
[INFO  16:56:07] 90%:	E: 0.00	dE -15.66	batch_acc 0.9720
[INFO  16:56:11] epoch: 73 	 test_acc: 0.8917 	 mean_E: 0.0000
[INFO  16:56:11] 0%:	E: 0.00	dE -15.18	batch_acc 0.9800
[INFO  16:56:14] 10%:	E: 0.00	dE -14.56	batch_acc 0.9840
[INFO  16:56:16] 20%:	E: 0.00	dE -13.90	batch_acc 0.9740
[INFO  16:56:18] 30%:	E: 0.00	dE -15.88	batch_acc 0.9760
[INFO  16:56:21] 40%:	E: 0.00	dE -13.48	batch_acc 0.9810
[INFO  16:56:23] 50%:	E: 0.00	dE -14.27	batch_acc 0.9700
[INFO  16:56:25] 60%:	E: 0.00	dE -13.75	batch_acc 0.9800
[INFO  16:56:28] 70%:	E: 0.00	dE -13.43	batch_acc 0.9880
[INFO  16:56:30] 80%:	E: 0.00	dE -15.57	batch_acc 0.9660
[INFO  16:56:32] 90%:	E: 0.00	dE -13.29	batch_acc 0.9760
[INFO  16:56:36] epoch: 74 	 test_acc: 0.8929 	 mean_E: 0.0000
[INFO  16:56:36] 0%:	E: 0.00	dE -14.00	batch_acc 0.9800
[INFO  16:56:39] 10%:	E: 0.00	dE -12.75	batch_acc 0.9830
[INFO  16:56:41] 20%:	E: 0.00	dE -14.10	batch_acc 0.9780
[INFO  16:56:44] 30%:	E: 0.00	dE -13.28	batch_acc 0.9770
[INFO  16:56:46] 40%:	E: 0.00	dE -14.96	batch_acc 0.9850
[INFO  16:56:48] 50%:	E: 0.00	dE -13.83	batch_acc 0.9740
[INFO  16:56:51] 60%:	E: 0.00	dE -15.39	batch_acc 0.9790
[INFO  16:56:53] 70%:	E: 0.00	dE -13.94	batch_acc 0.9830
[INFO  16:56:56] 80%:	E: 0.00	dE -14.07	batch_acc 0.9770
[INFO  16:56:58] 90%:	E: 0.00	dE -13.72	batch_acc 0.9780
[INFO  16:57:01] epoch: 75 	 test_acc: 0.8935 	 mean_E: 0.0000
[INFO  16:57:02] 0%:	E: 0.00	dE -13.44	batch_acc 0.9830
[INFO  16:57:04] 10%:	E: 0.00	dE -12.48	batch_acc 0.9790
[INFO  16:57:07] 20%:	E: 0.00	dE -13.07	batch_acc 0.9840
[INFO  16:57:09] 30%:	E: 0.00	dE -13.73	batch_acc 0.9750
[INFO  16:57:11] 40%:	E: 0.00	dE -13.58	batch_acc 0.9810
[INFO  16:57:13] 50%:	E: 0.00	dE -12.74	batch_acc 0.9820
[INFO  16:57:15] 60%:	E: 0.00	dE -13.08	batch_acc 0.9820
[INFO  16:57:18] 70%:	E: 0.00	dE -12.52	batch_acc 0.9800
[INFO  16:57:20] 80%:	E: 0.00	dE -14.19	batch_acc 0.9820
[INFO  16:57:22] 90%:	E: 0.00	dE -13.82	batch_acc 0.9820
[INFO  16:57:26] epoch: 76 	 test_acc: 0.8939 	 mean_E: 0.0000
[INFO  16:57:26] 0%:	E: 0.00	dE -14.13	batch_acc 0.9770
[INFO  16:57:29] 10%:	E: 0.00	dE -12.09	batch_acc 0.9830
[INFO  16:57:31] 20%:	E: 0.00	dE -12.45	batch_acc 0.9850
[INFO  16:57:33] 30%:	E: 0.00	dE -15.96	batch_acc 0.9770
[INFO  16:57:36] 40%:	E: 0.00	dE -14.88	batch_acc 0.9810
[INFO  16:57:38] 50%:	E: 0.00	dE -14.34	batch_acc 0.9850
[INFO  16:57:40] 60%:	E: 0.00	dE -13.99	batch_acc 0.9770
[INFO  16:57:43] 70%:	E: 0.00	dE -14.54	batch_acc 0.9800
[INFO  16:57:45] 80%:	E: 0.00	dE -14.17	batch_acc 0.9770
[INFO  16:57:48] 90%:	E: 0.00	dE -12.90	batch_acc 0.9810
[INFO  16:57:51] epoch: 77 	 test_acc: 0.8922 	 mean_E: 0.0000
[INFO  16:57:51] 0%:	E: 0.00	dE -10.47	batch_acc 0.9900
[INFO  16:57:53] 10%:	E: 0.00	dE -12.95	batch_acc 0.9810
[INFO  16:57:56] 20%:	E: 0.00	dE -12.47	batch_acc 0.9820
[INFO  16:57:58] 30%:	E: 0.00	dE -12.42	batch_acc 0.9880
[INFO  16:58:00] 40%:	E: 0.00	dE -12.94	batch_acc 0.9860
[INFO  16:58:03] 50%:	E: 0.00	dE -14.50	batch_acc 0.9800
[INFO  16:58:05] 60%:	E: 0.00	dE -13.98	batch_acc 0.9790
[INFO  16:58:07] 70%:	E: 0.00	dE -14.46	batch_acc 0.9760
[INFO  16:58:09] 80%:	E: 0.00	dE -14.06	batch_acc 0.9790
[INFO  16:58:12] 90%:	E: 0.00	dE -13.70	batch_acc 0.9870
[INFO  16:58:15] epoch: 78 	 test_acc: 0.8910 	 mean_E: 0.0000
[INFO  16:58:16] 0%:	E: 0.00	dE -12.01	batch_acc 0.9870
[INFO  16:58:18] 10%:	E: 0.00	dE -12.24	batch_acc 0.9850
[INFO  16:58:20] 20%:	E: 0.00	dE -12.41	batch_acc 0.9830
[INFO  16:58:23] 30%:	E: 0.00	dE -12.42	batch_acc 0.9800
[INFO  16:58:25] 40%:	E: 0.00	dE -13.61	batch_acc 0.9780
[INFO  16:58:27] 50%:	E: 0.00	dE -13.79	batch_acc 0.9780
[INFO  16:58:30] 60%:	E: 0.00	dE -13.54	batch_acc 0.9740
[INFO  16:58:32] 70%:	E: 0.00	dE -10.75	batch_acc 0.9870
[INFO  16:58:34] 80%:	E: 0.00	dE -12.25	batch_acc 0.9880
[INFO  16:58:37] 90%:	E: 0.00	dE -13.83	batch_acc 0.9790
[INFO  16:58:40] epoch: 79 	 test_acc: 0.8921 	 mean_E: 0.0000
[INFO  16:58:41] 0%:	E: 0.00	dE -11.83	batch_acc 0.9870
[INFO  16:58:43] 10%:	E: 0.00	dE -14.63	batch_acc 0.9810
[INFO  16:58:45] 20%:	E: 0.00	dE -15.39	batch_acc 0.9770
[INFO  16:58:48] 30%:	E: 0.00	dE -12.99	batch_acc 0.9830
[INFO  16:58:50] 40%:	E: 0.00	dE -13.99	batch_acc 0.9790
[INFO  16:58:53] 50%:	E: 0.00	dE -14.52	batch_acc 0.9740
[INFO  16:58:55] 60%:	E: 0.00	dE -14.51	batch_acc 0.9840
[INFO  16:58:58] 70%:	E: 0.00	dE -14.11	batch_acc 0.9800
[INFO  16:59:00] 80%:	E: 0.00	dE -14.81	batch_acc 0.9710
[INFO  16:59:02] 90%:	E: 0.00	dE -14.85	batch_acc 0.9720
[INFO  16:59:06] epoch: 80 	 test_acc: 0.8941 	 mean_E: 0.0000
[INFO  16:59:06] 0%:	E: 0.00	dE -13.71	batch_acc 0.9780
[INFO  16:59:08] 10%:	E: 0.00	dE -12.17	batch_acc 0.9820
[INFO  16:59:10] 20%:	E: 0.00	dE -12.37	batch_acc 0.9870
[INFO  16:59:12] 30%:	E: 0.00	dE -13.20	batch_acc 0.9820
[INFO  16:59:14] 40%:	E: 0.00	dE -12.67	batch_acc 0.9830
[INFO  16:59:16] 50%:	E: 0.00	dE -14.87	batch_acc 0.9760
[INFO  16:59:18] 60%:	E: 0.00	dE -14.55	batch_acc 0.9800
[INFO  16:59:20] 70%:	E: 0.00	dE -13.92	batch_acc 0.9740
[INFO  16:59:22] 80%:	E: 0.00	dE -14.57	batch_acc 0.9770
[INFO  16:59:24] 90%:	E: 0.00	dE -12.92	batch_acc 0.9790
[INFO  16:59:28] epoch: 81 	 test_acc: 0.8922 	 mean_E: 0.0000
[INFO  16:59:28] 0%:	E: 0.00	dE -10.83	batch_acc 0.9890
[INFO  16:59:31] 10%:	E: 0.00	dE -14.81	batch_acc 0.9810
[INFO  16:59:33] 20%:	E: 0.00	dE -12.73	batch_acc 0.9850
[INFO  16:59:35] 30%:	E: 0.00	dE -12.37	batch_acc 0.9850
[INFO  16:59:37] 40%:	E: 0.00	dE -12.70	batch_acc 0.9790
[INFO  16:59:40] 50%:	E: 0.00	dE -14.98	batch_acc 0.9770
[INFO  16:59:42] 60%:	E: 0.00	dE -11.93	batch_acc 0.9860
[INFO  16:59:44] 70%:	E: 0.00	dE -12.27	batch_acc 0.9880
[INFO  16:59:47] 80%:	E: 0.00	dE -14.45	batch_acc 0.9730
[INFO  16:59:49] 90%:	E: 0.00	dE -12.44	batch_acc 0.9860
[INFO  16:59:52] epoch: 82 	 test_acc: 0.8923 	 mean_E: 0.0000
[INFO  16:59:53] 0%:	E: 0.00	dE -11.04	batch_acc 0.9900
[INFO  16:59:55] 10%:	E: 0.00	dE -12.73	batch_acc 0.9800
[INFO  16:59:57] 20%:	E: 0.00	dE -11.87	batch_acc 0.9860
[INFO  17:00:00] 30%:	E: 0.00	dE -12.48	batch_acc 0.9790
[INFO  17:00:02] 40%:	E: 0.00	dE -13.62	batch_acc 0.9840
[INFO  17:00:04] 50%:	E: 0.00	dE -13.07	batch_acc 0.9740
[INFO  17:00:07] 60%:	E: 0.00	dE -13.13	batch_acc 0.9820
[INFO  17:00:09] 70%:	E: 0.00	dE -12.13	batch_acc 0.9830
[INFO  17:00:12] 80%:	E: 0.00	dE -13.34	batch_acc 0.9840
[INFO  17:00:14] 90%:	E: 0.00	dE -13.23	batch_acc 0.9810
[INFO  17:00:17] epoch: 83 	 test_acc: 0.8909 	 mean_E: 0.0000
[INFO  17:00:18] 0%:	E: 0.00	dE -12.05	batch_acc 0.9800
[INFO  17:00:20] 10%:	E: 0.00	dE -14.07	batch_acc 0.9810
[INFO  17:00:23] 20%:	E: 0.00	dE -11.30	batch_acc 0.9890
[INFO  17:00:25] 30%:	E: 0.00	dE -12.99	batch_acc 0.9830
[INFO  17:00:27] 40%:	E: 0.00	dE -13.12	batch_acc 0.9770
[INFO  17:00:30] 50%:	E: 0.00	dE -14.74	batch_acc 0.9810
[INFO  17:00:32] 60%:	E: 0.00	dE -13.35	batch_acc 0.9780
[INFO  17:00:34] 70%:	E: 0.00	dE -13.41	batch_acc 0.9850
[INFO  17:00:37] 80%:	E: 0.00	dE -14.47	batch_acc 0.9850
[INFO  17:00:39] 90%:	E: 0.00	dE -13.39	batch_acc 0.9770
[INFO  17:00:42] epoch: 84 	 test_acc: 0.8881 	 mean_E: 0.0000
[INFO  17:00:43] 0%:	E: 0.00	dE -12.22	batch_acc 0.9850
[INFO  17:00:45] 10%:	E: 0.00	dE -12.52	batch_acc 0.9830
[INFO  17:00:47] 20%:	E: 0.00	dE -11.47	batch_acc 0.9920
[INFO  17:00:50] 30%:	E: 0.00	dE -13.23	batch_acc 0.9840
[INFO  17:00:52] 40%:	E: 0.00	dE -11.02	batch_acc 0.9900
[INFO  17:00:53] 50%:	E: 0.00	dE -12.08	batch_acc 0.9870
[INFO  17:00:55] 60%:	E: 0.00	dE -11.08	batch_acc 0.9910
[INFO  17:00:58] 70%:	E: 0.00	dE -11.18	batch_acc 0.9880
[INFO  17:01:00] 80%:	E: 0.00	dE -14.98	batch_acc 0.9780
[INFO  17:01:02] 90%:	E: 0.00	dE -14.51	batch_acc 0.9810
[INFO  17:01:05] epoch: 85 	 test_acc: 0.8912 	 mean_E: 0.0000
[INFO  17:01:05] 0%:	E: 0.00	dE -11.07	batch_acc 0.9890
[INFO  17:01:07] 10%:	E: 0.00	dE -13.05	batch_acc 0.9800
[INFO  17:01:10] 20%:	E: 0.00	dE -11.47	batch_acc 0.9910
[INFO  17:01:12] 30%:	E: 0.00	dE -12.34	batch_acc 0.9840
[INFO  17:01:14] 40%:	E: 0.00	dE -10.60	batch_acc 0.9880
[INFO  17:01:16] 50%:	E: 0.00	dE -12.39	batch_acc 0.9850
[INFO  17:01:18] 60%:	E: 0.00	dE -13.64	batch_acc 0.9760
[INFO  17:01:21] 70%:	E: 0.00	dE -11.11	batch_acc 0.9910
[INFO  17:01:23] 80%:	E: 0.00	dE -13.10	batch_acc 0.9840
[INFO  17:01:25] 90%:	E: 0.00	dE -11.86	batch_acc 0.9890
[INFO  17:01:29] epoch: 86 	 test_acc: 0.8900 	 mean_E: 0.0000
[INFO  17:01:29] 0%:	E: 0.00	dE -11.28	batch_acc 0.9860
[INFO  17:01:31] 10%:	E: 0.00	dE -12.04	batch_acc 0.9880
[INFO  17:01:34] 20%:	E: 0.00	dE -12.70	batch_acc 0.9860
[INFO  17:01:36] 30%:	E: 0.00	dE -10.32	batch_acc 0.9900
[INFO  17:01:38] 40%:	E: 0.00	dE -11.68	batch_acc 0.9880
[INFO  17:01:40] 50%:	E: 0.00	dE -13.11	batch_acc 0.9800
[INFO  17:01:43] 60%:	E: 0.00	dE -11.78	batch_acc 0.9830
[INFO  17:01:45] 70%:	E: 0.00	dE -11.57	batch_acc 0.9840
[INFO  17:01:47] 80%:	E: 0.00	dE -12.27	batch_acc 0.9840
[INFO  17:01:50] 90%:	E: 0.00	dE -11.81	batch_acc 0.9850
[INFO  17:01:53] epoch: 87 	 test_acc: 0.8926 	 mean_E: 0.0000
[INFO  17:01:53] 0%:	E: 0.00	dE -11.24	batch_acc 0.9860
[INFO  17:01:56] 10%:	E: 0.00	dE -12.88	batch_acc 0.9870
[INFO  17:01:58] 20%:	E: 0.00	dE -11.96	batch_acc 0.9870
[INFO  17:02:00] 30%:	E: 0.00	dE -14.89	batch_acc 0.9660
[INFO  17:02:02] 40%:	E: 0.00	dE -10.44	batch_acc 0.9880
[INFO  17:02:05] 50%:	E: 0.00	dE -12.06	batch_acc 0.9920
[INFO  17:02:07] 60%:	E: 0.00	dE -12.16	batch_acc 0.9880
[INFO  17:02:09] 70%:	E: 0.00	dE -14.17	batch_acc 0.9820
[INFO  17:02:12] 80%:	E: 0.00	dE -13.87	batch_acc 0.9830
[INFO  17:02:14] 90%:	E: 0.00	dE -13.28	batch_acc 0.9760
[INFO  17:02:17] epoch: 88 	 test_acc: 0.8906 	 mean_E: 0.0000
[INFO  17:02:18] 0%:	E: 0.00	dE -12.97	batch_acc 0.9820
[INFO  17:02:20] 10%:	E: 0.00	dE -13.22	batch_acc 0.9870
[INFO  17:02:22] 20%:	E: 0.00	dE -11.68	batch_acc 0.9850
[INFO  17:02:24] 30%:	E: 0.00	dE -13.46	batch_acc 0.9790
[INFO  17:02:27] 40%:	E: 0.00	dE -12.25	batch_acc 0.9880
[INFO  17:02:29] 50%:	E: 0.00	dE -13.90	batch_acc 0.9770
[INFO  17:02:31] 60%:	E: 0.00	dE -13.06	batch_acc 0.9860
[INFO  17:02:33] 70%:	E: 0.00	dE -13.51	batch_acc 0.9730
[INFO  17:02:36] 80%:	E: 0.00	dE -11.49	batch_acc 0.9880
[INFO  17:02:38] 90%:	E: 0.00	dE -11.99	batch_acc 0.9860
[INFO  17:02:41] epoch: 89 	 test_acc: 0.8914 	 mean_E: 0.0000
[INFO  17:02:42] 0%:	E: 0.00	dE -12.25	batch_acc 0.9880
[INFO  17:02:44] 10%:	E: 0.00	dE -12.79	batch_acc 0.9830
[INFO  17:02:47] 20%:	E: 0.00	dE -13.02	batch_acc 0.9870
[INFO  17:02:49] 30%:	E: 0.00	dE -13.60	batch_acc 0.9840
[INFO  17:02:51] 40%:	E: 0.00	dE -12.22	batch_acc 0.9850
[INFO  17:02:53] 50%:	E: 0.00	dE -12.76	batch_acc 0.9840
[INFO  17:02:55] 60%:	E: 0.00	dE -10.51	batch_acc 0.9870
[INFO  17:02:58] 70%:	E: 0.00	dE -12.69	batch_acc 0.9830
[INFO  17:03:00] 80%:	E: 0.00	dE -13.72	batch_acc 0.9730
[INFO  17:03:02] 90%:	E: 0.00	dE -10.49	batch_acc 0.9910
[INFO  17:03:06] epoch: 90 	 test_acc: 0.8914 	 mean_E: 0.0000
[INFO  17:03:06] 0%:	E: 0.00	dE -10.84	batch_acc 0.9870
[INFO  17:03:08] 10%:	E: 0.00	dE -10.90	batch_acc 0.9860
[INFO  17:03:11] 20%:	E: 0.00	dE -11.77	batch_acc 0.9840
[INFO  17:03:13] 30%:	E: 0.00	dE -10.00	batch_acc 0.9890
[INFO  17:03:15] 40%:	E: 0.00	dE -10.83	batch_acc 0.9880
[INFO  17:03:17] 50%:	E: 0.00	dE -11.43	batch_acc 0.9880
[INFO  17:03:20] 60%:	E: 0.00	dE -14.39	batch_acc 0.9820
[INFO  17:03:22] 70%:	E: 0.00	dE -11.76	batch_acc 0.9800
[INFO  17:03:24] 80%:	E: 0.00	dE -14.45	batch_acc 0.9750
[INFO  17:03:27] 90%:	E: 0.00	dE -13.52	batch_acc 0.9850
[INFO  17:03:30] epoch: 91 	 test_acc: 0.8906 	 mean_E: 0.0000
[INFO  17:03:31] 0%:	E: 0.00	dE -11.35	batch_acc 0.9830
[INFO  17:03:33] 10%:	E: 0.00	dE -14.16	batch_acc 0.9780
[INFO  17:03:35] 20%:	E: 0.00	dE -11.90	batch_acc 0.9830
[INFO  17:03:38] 30%:	E: 0.00	dE -14.01	batch_acc 0.9820
[INFO  17:03:40] 40%:	E: 0.00	dE -12.15	batch_acc 0.9840
[INFO  17:03:42] 50%:	E: 0.00	dE -13.26	batch_acc 0.9800
[INFO  17:03:45] 60%:	E: 0.00	dE -11.35	batch_acc 0.9870
[INFO  17:03:47] 70%:	E: 0.00	dE -12.40	batch_acc 0.9880
[INFO  17:03:49] 80%:	E: 0.00	dE -13.53	batch_acc 0.9820
[INFO  17:03:51] 90%:	E: 0.00	dE -12.90	batch_acc 0.9790
[INFO  17:03:54] epoch: 92 	 test_acc: 0.8887 	 mean_E: 0.0000
[INFO  17:03:55] 0%:	E: 0.00	dE -13.95	batch_acc 0.9820
[INFO  17:03:57] 10%:	E: 0.00	dE -11.73	batch_acc 0.9910
[INFO  17:03:59] 20%:	E: 0.00	dE -11.50	batch_acc 0.9830
[INFO  17:04:02] 30%:	E: 0.00	dE -10.85	batch_acc 0.9890
[INFO  17:04:04] 40%:	E: 0.00	dE -13.15	batch_acc 0.9860
[INFO  17:04:06] 50%:	E: 0.00	dE -11.39	batch_acc 0.9930
[INFO  17:04:09] 60%:	E: 0.00	dE -12.70	batch_acc 0.9880
[INFO  17:04:11] 70%:	E: 0.00	dE -13.57	batch_acc 0.9850
[INFO  17:04:13] 80%:	E: 0.00	dE -10.93	batch_acc 0.9870
[INFO  17:04:15] 90%:	E: 0.00	dE -11.46	batch_acc 0.9820
[INFO  17:04:19] epoch: 93 	 test_acc: 0.8936 	 mean_E: 0.0000
[INFO  17:04:19] 0%:	E: 0.00	dE -11.18	batch_acc 0.9900
[INFO  17:04:22] 10%:	E: 0.00	dE -12.08	batch_acc 0.9870
[INFO  17:04:24] 20%:	E: 0.00	dE -10.94	batch_acc 0.9860
[INFO  17:04:26] 30%:	E: 0.00	dE -10.92	batch_acc 0.9850
[INFO  17:04:28] 40%:	E: 0.00	dE -12.79	batch_acc 0.9880
[INFO  17:04:31] 50%:	E: 0.00	dE -13.14	batch_acc 0.9880
[INFO  17:04:33] 60%:	E: 0.00	dE -12.00	batch_acc 0.9770
[INFO  17:04:35] 70%:	E: 0.00	dE -11.52	batch_acc 0.9850
[INFO  17:04:38] 80%:	E: 0.00	dE -13.05	batch_acc 0.9810
[INFO  17:04:40] 90%:	E: 0.00	dE -11.72	batch_acc 0.9840
[INFO  17:04:43] epoch: 94 	 test_acc: 0.8922 	 mean_E: 0.0000
[INFO  17:04:44] 0%:	E: 0.00	dE -11.37	batch_acc 0.9890
[INFO  17:04:46] 10%:	E: 0.00	dE -11.98	batch_acc 0.9830
[INFO  17:04:48] 20%:	E: 0.00	dE -11.35	batch_acc 0.9910
[INFO  17:04:51] 30%:	E: 0.00	dE -11.13	batch_acc 0.9900
[INFO  17:04:53] 40%:	E: 0.00	dE -10.29	batch_acc 0.9900
[INFO  17:04:55] 50%:	E: 0.00	dE -10.90	batch_acc 0.9900
[INFO  17:04:58] 60%:	E: 0.00	dE -11.35	batch_acc 0.9840
[INFO  17:05:00] 70%:	E: 0.00	dE -12.18	batch_acc 0.9830
[INFO  17:05:02] 80%:	E: 0.00	dE -12.98	batch_acc 0.9790
[INFO  17:05:04] 90%:	E: 0.00	dE -10.80	batch_acc 0.9890
[INFO  17:05:08] epoch: 95 	 test_acc: 0.8887 	 mean_E: 0.0000
[INFO  17:05:08] 0%:	E: 0.00	dE -12.81	batch_acc 0.9860
[INFO  17:05:11] 10%:	E: 0.00	dE -12.10	batch_acc 0.9850
[INFO  17:05:13] 20%:	E: 0.00	dE -11.30	batch_acc 0.9920
[INFO  17:05:15] 30%:	E: 0.00	dE -12.69	batch_acc 0.9850
[INFO  17:05:18] 40%:	E: 0.00	dE -12.30	batch_acc 0.9840
[INFO  17:05:20] 50%:	E: 0.00	dE -12.55	batch_acc 0.9830
[INFO  17:05:22] 60%:	E: 0.00	dE -12.87	batch_acc 0.9800
[INFO  17:05:24] 70%:	E: 0.00	dE -13.06	batch_acc 0.9800
[INFO  17:05:26] 80%:	E: 0.00	dE -13.44	batch_acc 0.9800
[INFO  17:05:28] 90%:	E: 0.00	dE -13.58	batch_acc 0.9800
[INFO  17:05:32] epoch: 96 	 test_acc: 0.8915 	 mean_E: 0.0000
[INFO  17:05:32] 0%:	E: 0.00	dE -12.68	batch_acc 0.9770
[INFO  17:05:35] 10%:	E: 0.00	dE -10.77	batch_acc 0.9900
[INFO  17:05:37] 20%:	E: 0.00	dE -10.85	batch_acc 0.9890
[INFO  17:05:39] 30%:	E: 0.00	dE -12.99	batch_acc 0.9820
[INFO  17:05:41] 40%:	E: 0.00	dE -10.79	batch_acc 0.9860
[INFO  17:05:44] 50%:	E: 0.00	dE -12.08	batch_acc 0.9930
[INFO  17:05:46] 60%:	E: 0.00	dE -11.69	batch_acc 0.9860
[INFO  17:05:48] 70%:	E: 0.00	dE -12.09	batch_acc 0.9810
[INFO  17:05:51] 80%:	E: 0.00	dE -13.25	batch_acc 0.9860
[INFO  17:05:53] 90%:	E: 0.00	dE -14.42	batch_acc 0.9750
[INFO  17:05:56] epoch: 97 	 test_acc: 0.8904 	 mean_E: 0.0000
[INFO  17:05:56] 0%:	E: 0.00	dE -11.09	batch_acc 0.9830
[INFO  17:05:59] 10%:	E: 0.00	dE -9.23	batch_acc 0.9920
[INFO  17:06:01] 20%:	E: 0.00	dE -12.46	batch_acc 0.9850
[INFO  17:06:03] 30%:	E: 0.00	dE -11.57	batch_acc 0.9850
[INFO  17:06:06] 40%:	E: 0.00	dE -11.61	batch_acc 0.9850
[INFO  17:06:08] 50%:	E: 0.00	dE -11.98	batch_acc 0.9850
[INFO  17:06:10] 60%:	E: 0.00	dE -13.66	batch_acc 0.9870
[INFO  17:06:13] 70%:	E: 0.00	dE -12.73	batch_acc 0.9900
[INFO  17:06:15] 80%:	E: 0.00	dE -12.90	batch_acc 0.9840
[INFO  17:06:18] 90%:	E: 0.00	dE -12.50	batch_acc 0.9830
[INFO  17:06:21] epoch: 98 	 test_acc: 0.8880 	 mean_E: 0.0000
[INFO  17:06:22] 0%:	E: 0.00	dE -11.16	batch_acc 0.9940
[INFO  17:06:24] 10%:	E: 0.00	dE -11.89	batch_acc 0.9840
[INFO  17:06:26] 20%:	E: 0.00	dE -10.40	batch_acc 0.9900
[INFO  17:06:29] 30%:	E: 0.00	dE -11.86	batch_acc 0.9830
[INFO  17:06:31] 40%:	E: 0.00	dE -11.17	batch_acc 0.9850
[INFO  17:06:33] 50%:	E: 0.00	dE -10.89	batch_acc 0.9890
[INFO  17:06:36] 60%:	E: 0.00	dE -11.92	batch_acc 0.9840
[INFO  17:06:38] 70%:	E: 0.00	dE -11.72	batch_acc 0.9860
[INFO  17:06:40] 80%:	E: 0.00	dE -13.09	batch_acc 0.9850
[INFO  17:06:42] 90%:	E: 0.00	dE -11.86	batch_acc 0.9820
[INFO  17:06:46] epoch: 99 	 test_acc: 0.8910 	 mean_E: 0.0000
[INFO  17:06:46] 0%:	E: 0.00	dE -10.75	batch_acc 0.9900
[INFO  17:06:49] 10%:	E: 0.00	dE -10.53	batch_acc 0.9850
[INFO  17:06:51] 20%:	E: 0.00	dE -10.97	batch_acc 0.9850
[INFO  17:06:53] 30%:	E: 0.00	dE -11.23	batch_acc 0.9850
[INFO  17:06:56] 40%:	E: 0.00	dE -10.77	batch_acc 0.9920
[INFO  17:06:58] 50%:	E: 0.00	dE -11.36	batch_acc 0.9930
[INFO  17:07:00] 60%:	E: 0.00	dE -13.00	batch_acc 0.9880
[INFO  17:07:03] 70%:	E: 0.00	dE -13.28	batch_acc 0.9860
[INFO  17:07:05] 80%:	E: 0.00	dE -13.00	batch_acc 0.9800
[INFO  17:07:07] 90%:	E: 0.00	dE -11.66	batch_acc 0.9870
[INFO  17:07:11] epoch: 100 	 test_acc: 0.8922 	 mean_E: 0.0000
